<?xml version="1.0" encoding="UTF-8"?>
<testsuite xmlns:xsi="http://www.w3.org/2001/XMLSchema-instance" xsi:noNamespaceSchemaLocation="https://maven.apache.org/surefire/maven-surefire-plugin/xsd/surefire-test-report-3.0.xsd" version="3.0" name="TestSuite" time="54.305" tests="2" errors="0" skipped="0" failures="2">
  <properties>
    <property name="java.specification.version" value="15"/>
    <property name="webdriver.chrome.driver" value="C:\Users\DELL\.cache\selenium\chromedriver\win32\114.0.5735.90\chromedriver.exe"/>
    <property name="sun.cpu.isalist" value="amd64"/>
    <property name="sun.jnu.encoding" value="Cp1252"/>
    <property name="java.class.path" value="C:\Users\DELL\eclipse-workspace\com.web-automation-framework\target\test-classes;C:\Users\DELL\eclipse-workspace\com.web-automation-framework\target\classes;C:\Users\DELL\.m2\repository\org\seleniumhq\selenium\selenium-java\4.9.0\selenium-java-4.9.0.jar;C:\Users\DELL\.m2\repository\org\seleniumhq\selenium\selenium-api\4.9.0\selenium-api-4.9.0.jar;C:\Users\DELL\.m2\repository\org\seleniumhq\selenium\selenium-chrome-driver\4.9.0\selenium-chrome-driver-4.9.0.jar;C:\Users\DELL\.m2\repository\com\google\auto\service\auto-service-annotations\1.0.1\auto-service-annotations-1.0.1.jar;C:\Users\DELL\.m2\repository\com\google\auto\service\auto-service\1.0.1\auto-service-1.0.1.jar;C:\Users\DELL\.m2\repository\com\google\auto\auto-common\1.2\auto-common-1.2.jar;C:\Users\DELL\.m2\repository\com\google\guava\guava\31.1-jre\guava-31.1-jre.jar;C:\Users\DELL\.m2\repository\com\google\guava\failureaccess\1.0.1\failureaccess-1.0.1.jar;C:\Users\DELL\.m2\repository\com\google\guava\listenablefuture\9999.0-empty-to-avoid-conflict-with-guava\listenablefuture-9999.0-empty-to-avoid-conflict-with-guava.jar;C:\Users\DELL\.m2\repository\com\google\code\findbugs\jsr305\3.0.2\jsr305-3.0.2.jar;C:\Users\DELL\.m2\repository\org\checkerframework\checker-qual\3.12.0\checker-qual-3.12.0.jar;C:\Users\DELL\.m2\repository\com\google\errorprone\error_prone_annotations\2.11.0\error_prone_annotations-2.11.0.jar;C:\Users\DELL\.m2\repository\com\google\j2objc\j2objc-annotations\1.3\j2objc-annotations-1.3.jar;C:\Users\DELL\.m2\repository\org\seleniumhq\selenium\selenium-chromium-driver\4.9.0\selenium-chromium-driver-4.9.0.jar;C:\Users\DELL\.m2\repository\org\seleniumhq\selenium\selenium-json\4.9.0\selenium-json-4.9.0.jar;C:\Users\DELL\.m2\repository\org\seleniumhq\selenium\selenium-manager\4.9.0\selenium-manager-4.9.0.jar;C:\Users\DELL\.m2\repository\org\seleniumhq\selenium\selenium-devtools-v110\4.9.0\selenium-devtools-v110-4.9.0.jar;C:\Users\DELL\.m2\repository\org\seleniumhq\selenium\selenium-devtools-v111\4.9.0\selenium-devtools-v111-4.9.0.jar;C:\Users\DELL\.m2\repository\org\seleniumhq\selenium\selenium-devtools-v112\4.9.0\selenium-devtools-v112-4.9.0.jar;C:\Users\DELL\.m2\repository\org\seleniumhq\selenium\selenium-devtools-v85\4.9.0\selenium-devtools-v85-4.9.0.jar;C:\Users\DELL\.m2\repository\org\seleniumhq\selenium\selenium-edge-driver\4.9.0\selenium-edge-driver-4.9.0.jar;C:\Users\DELL\.m2\repository\org\seleniumhq\selenium\selenium-firefox-driver\4.9.0\selenium-firefox-driver-4.9.0.jar;C:\Users\DELL\.m2\repository\org\seleniumhq\selenium\selenium-http\4.9.0\selenium-http-4.9.0.jar;C:\Users\DELL\.m2\repository\dev\failsafe\failsafe\3.3.1\failsafe-3.3.1.jar;C:\Users\DELL\.m2\repository\org\seleniumhq\selenium\selenium-ie-driver\4.9.0\selenium-ie-driver-4.9.0.jar;C:\Users\DELL\.m2\repository\org\seleniumhq\selenium\selenium-remote-driver\4.9.0\selenium-remote-driver-4.9.0.jar;C:\Users\DELL\.m2\repository\io\netty\netty-buffer\4.1.91.Final\netty-buffer-4.1.91.Final.jar;C:\Users\DELL\.m2\repository\io\netty\netty-codec-http\4.1.91.Final\netty-codec-http-4.1.91.Final.jar;C:\Users\DELL\.m2\repository\io\netty\netty-codec\4.1.91.Final\netty-codec-4.1.91.Final.jar;C:\Users\DELL\.m2\repository\io\netty\netty-handler\4.1.91.Final\netty-handler-4.1.91.Final.jar;C:\Users\DELL\.m2\repository\io\netty\netty-common\4.1.91.Final\netty-common-4.1.91.Final.jar;C:\Users\DELL\.m2\repository\io\netty\netty-transport-classes-epoll\4.1.91.Final\netty-transport-classes-epoll-4.1.91.Final.jar;C:\Users\DELL\.m2\repository\io\netty\netty-transport-classes-kqueue\4.1.91.Final\netty-transport-classes-kqueue-4.1.91.Final.jar;C:\Users\DELL\.m2\repository\io\netty\netty-transport-native-epoll\4.1.91.Final\netty-transport-native-epoll-4.1.91.Final.jar;C:\Users\DELL\.m2\repository\io\netty\netty-transport-native-kqueue\4.1.91.Final\netty-transport-native-kqueue-4.1.91.Final.jar;C:\Users\DELL\.m2\repository\io\netty\netty-transport-native-unix-common\4.1.91.Final\netty-transport-native-unix-common-4.1.91.Final.jar;C:\Users\DELL\.m2\repository\io\netty\netty-transport\4.1.91.Final\netty-transport-4.1.91.Final.jar;C:\Users\DELL\.m2\repository\io\netty\netty-resolver\4.1.91.Final\netty-resolver-4.1.91.Final.jar;C:\Users\DELL\.m2\repository\io\opentelemetry\opentelemetry-api\1.25.0\opentelemetry-api-1.25.0.jar;C:\Users\DELL\.m2\repository\io\opentelemetry\opentelemetry-context\1.25.0\opentelemetry-context-1.25.0.jar;C:\Users\DELL\.m2\repository\io\opentelemetry\opentelemetry-exporter-logging\1.25.0\opentelemetry-exporter-logging-1.25.0.jar;C:\Users\DELL\.m2\repository\io\opentelemetry\opentelemetry-sdk-metrics\1.25.0\opentelemetry-sdk-metrics-1.25.0.jar;C:\Users\DELL\.m2\repository\io\opentelemetry\opentelemetry-sdk-logs\1.25.0-alpha\opentelemetry-sdk-logs-1.25.0-alpha.jar;C:\Users\DELL\.m2\repository\io\opentelemetry\opentelemetry-api-logs\1.25.0-alpha\opentelemetry-api-logs-1.25.0-alpha.jar;C:\Users\DELL\.m2\repository\io\opentelemetry\opentelemetry-api-events\1.25.0-alpha\opentelemetry-api-events-1.25.0-alpha.jar;C:\Users\DELL\.m2\repository\io\opentelemetry\opentelemetry-sdk-common\1.25.0\opentelemetry-sdk-common-1.25.0.jar;C:\Users\DELL\.m2\repository\io\opentelemetry\opentelemetry-sdk-extension-autoconfigure-spi\1.25.0\opentelemetry-sdk-extension-autoconfigure-spi-1.25.0.jar;C:\Users\DELL\.m2\repository\io\opentelemetry\opentelemetry-sdk-extension-autoconfigure\1.25.0-alpha\opentelemetry-sdk-extension-autoconfigure-1.25.0-alpha.jar;C:\Users\DELL\.m2\repository\io\opentelemetry\opentelemetry-sdk-trace\1.25.0\opentelemetry-sdk-trace-1.25.0.jar;C:\Users\DELL\.m2\repository\io\opentelemetry\opentelemetry-sdk\1.25.0\opentelemetry-sdk-1.25.0.jar;C:\Users\DELL\.m2\repository\io\opentelemetry\opentelemetry-semconv\1.25.0-alpha\opentelemetry-semconv-1.25.0-alpha.jar;C:\Users\DELL\.m2\repository\io\ous\jtoml\2.0.0\jtoml-2.0.0.jar;C:\Users\DELL\.m2\repository\net\bytebuddy\byte-buddy\1.14.4\byte-buddy-1.14.4.jar;C:\Users\DELL\.m2\repository\org\apache\commons\commons-exec\1.3\commons-exec-1.3.jar;C:\Users\DELL\.m2\repository\org\asynchttpclient\async-http-client\2.12.3\async-http-client-2.12.3.jar;C:\Users\DELL\.m2\repository\org\asynchttpclient\async-http-client-netty-utils\2.12.3\async-http-client-netty-utils-2.12.3.jar;C:\Users\DELL\.m2\repository\io\netty\netty-codec-socks\4.1.60.Final\netty-codec-socks-4.1.60.Final.jar;C:\Users\DELL\.m2\repository\io\netty\netty-handler-proxy\4.1.60.Final\netty-handler-proxy-4.1.60.Final.jar;C:\Users\DELL\.m2\repository\io\netty\netty-transport-native-epoll\4.1.60.Final\netty-transport-native-epoll-4.1.60.Final-linux-x86_64.jar;C:\Users\DELL\.m2\repository\io\netty\netty-transport-native-kqueue\4.1.60.Final\netty-transport-native-kqueue-4.1.60.Final-osx-x86_64.jar;C:\Users\DELL\.m2\repository\com\typesafe\netty\netty-reactive-streams\2.0.4\netty-reactive-streams-2.0.4.jar;C:\Users\DELL\.m2\repository\com\sun\activation\jakarta.activation\1.2.2\jakarta.activation-1.2.2.jar;C:\Users\DELL\.m2\repository\org\seleniumhq\selenium\selenium-safari-driver\4.9.0\selenium-safari-driver-4.9.0.jar;C:\Users\DELL\.m2\repository\org\seleniumhq\selenium\selenium-support\4.9.0\selenium-support-4.9.0.jar;C:\Users\DELL\.m2\repository\org\testng\testng\7.7.0\testng-7.7.0.jar;C:\Users\DELL\.m2\repository\org\slf4j\slf4j-api\1.7.36\slf4j-api-1.7.36.jar;C:\Users\DELL\.m2\repository\com\beust\jcommander\1.82\jcommander-1.82.jar;C:\Users\DELL\.m2\repository\org\webjars\jquery\3.6.1\jquery-3.6.1.jar;C:\Users\DELL\.m2\repository\io\github\bonigarcia\webdrivermanager\5.3.2\webdrivermanager-5.3.2.jar;C:\Users\DELL\.m2\repository\com\google\code\gson\gson\2.10.1\gson-2.10.1.jar;C:\Users\DELL\.m2\repository\com\github\docker-java\docker-java\3.2.14\docker-java-3.2.14.jar;C:\Users\DELL\.m2\repository\com\github\docker-java\docker-java-core\3.2.14\docker-java-core-3.2.14.jar;C:\Users\DELL\.m2\repository\com\github\docker-java\docker-java-api\3.2.14\docker-java-api-3.2.14.jar;C:\Users\DELL\.m2\repository\com\fasterxml\jackson\core\jackson-annotations\2.10.3\jackson-annotations-2.10.3.jar;C:\Users\DELL\.m2\repository\commons-io\commons-io\2.6\commons-io-2.6.jar;C:\Users\DELL\.m2\repository\org\apache\commons\commons-compress\1.21\commons-compress-1.21.jar;C:\Users\DELL\.m2\repository\com\fasterxml\jackson\core\jackson-databind\2.10.3\jackson-databind-2.10.3.jar;C:\Users\DELL\.m2\repository\com\fasterxml\jackson\core\jackson-core\2.10.3\jackson-core-2.10.3.jar;C:\Users\DELL\.m2\repository\org\bouncycastle\bcpkix-jdk15on\1.64\bcpkix-jdk15on-1.64.jar;C:\Users\DELL\.m2\repository\org\bouncycastle\bcprov-jdk15on\1.64\bcprov-jdk15on-1.64.jar;C:\Users\DELL\.m2\repository\org\slf4j\jcl-over-slf4j\1.7.30\jcl-over-slf4j-1.7.30.jar;C:\Users\DELL\.m2\repository\com\github\docker-java\docker-java-transport-httpclient5\3.2.14\docker-java-transport-httpclient5-3.2.14.jar;C:\Users\DELL\.m2\repository\com\github\docker-java\docker-java-transport\3.2.14\docker-java-transport-3.2.14.jar;C:\Users\DELL\.m2\repository\net\java\dev\jna\jna\5.12.1\jna-5.12.1.jar;C:\Users\DELL\.m2\repository\org\brotli\dec\0.1.2\dec-0.1.2.jar;C:\Users\DELL\.m2\repository\org\apache\commons\commons-lang3\3.12.0\commons-lang3-3.12.0.jar;C:\Users\DELL\.m2\repository\org\apache\httpcomponents\client5\httpclient5\5.2.1\httpclient5-5.2.1.jar;C:\Users\DELL\.m2\repository\org\apache\httpcomponents\core5\httpcore5\5.2\httpcore5-5.2.jar;C:\Users\DELL\.m2\repository\org\apache\httpcomponents\core5\httpcore5-h2\5.2\httpcore5-h2-5.2.jar;C:\Users\DELL\.m2\repository\com\aventstack\extentreports\5.1.1\extentreports-5.1.1.jar;C:\Users\DELL\.m2\repository\io\reactivex\rxjava3\rxjava\3.1.6\rxjava-3.1.6.jar;C:\Users\DELL\.m2\repository\org\reactivestreams\reactive-streams\1.0.4\reactive-streams-1.0.4.jar;C:\Users\DELL\.m2\repository\org\freemarker\freemarker\2.3.32\freemarker-2.3.32.jar;C:\Users\DELL\.m2\repository\org\projectlombok\lombok\1.18.26\lombok-1.18.26.jar;C:\Users\DELL\.m2\repository\org\apache\logging\log4j\log4j-core\2.17.1\log4j-core-2.17.1.jar;C:\Users\DELL\.m2\repository\org\apache\logging\log4j\log4j-api\2.17.1\log4j-api-2.17.1.jar;"/>
    <property name="java.vm.vendor" value="Oracle Corporation"/>
    <property name="sun.arch.data.model" value="64"/>
    <property name="user.variant" value=""/>
    <property name="java.vendor.url" value="https://java.oracle.com/"/>
    <property name="user.timezone" value="Asia/Karachi"/>
    <property name="user.country.format" value="PK"/>
    <property name="os.name" value="Windows 10"/>
    <property name="java.vm.specification.version" value="15"/>
    <property name="sun.java.launcher" value="SUN_STANDARD"/>
    <property name="user.country" value="GB"/>
    <property name="sun.boot.library.path" value="C:\Users\DELL\.p2\pool\plugins\org.eclipse.justj.openjdk.hotspot.jre.full.win32.x86_64_15.0.2.v20210201-0955\jre\bin"/>
    <property name="sun.java.command" value="C:\Users\DELL\AppData\Local\Temp\surefire8061622272566653357\surefirebooter-20250307163631633_3.jar C:\Users\DELL\AppData\Local\Temp\surefire8061622272566653357 2025-03-07T16-36-31_495-jvmRun1 surefire-20250307163631633_1tmp surefire_0-20250307163631633_2tmp"/>
    <property name="jdk.debug" value="release"/>
    <property name="surefire.test.class.path" value="C:\Users\DELL\eclipse-workspace\com.web-automation-framework\target\test-classes;C:\Users\DELL\eclipse-workspace\com.web-automation-framework\target\classes;C:\Users\DELL\.m2\repository\org\seleniumhq\selenium\selenium-java\4.9.0\selenium-java-4.9.0.jar;C:\Users\DELL\.m2\repository\org\seleniumhq\selenium\selenium-api\4.9.0\selenium-api-4.9.0.jar;C:\Users\DELL\.m2\repository\org\seleniumhq\selenium\selenium-chrome-driver\4.9.0\selenium-chrome-driver-4.9.0.jar;C:\Users\DELL\.m2\repository\com\google\auto\service\auto-service-annotations\1.0.1\auto-service-annotations-1.0.1.jar;C:\Users\DELL\.m2\repository\com\google\auto\service\auto-service\1.0.1\auto-service-1.0.1.jar;C:\Users\DELL\.m2\repository\com\google\auto\auto-common\1.2\auto-common-1.2.jar;C:\Users\DELL\.m2\repository\com\google\guava\guava\31.1-jre\guava-31.1-jre.jar;C:\Users\DELL\.m2\repository\com\google\guava\failureaccess\1.0.1\failureaccess-1.0.1.jar;C:\Users\DELL\.m2\repository\com\google\guava\listenablefuture\9999.0-empty-to-avoid-conflict-with-guava\listenablefuture-9999.0-empty-to-avoid-conflict-with-guava.jar;C:\Users\DELL\.m2\repository\com\google\code\findbugs\jsr305\3.0.2\jsr305-3.0.2.jar;C:\Users\DELL\.m2\repository\org\checkerframework\checker-qual\3.12.0\checker-qual-3.12.0.jar;C:\Users\DELL\.m2\repository\com\google\errorprone\error_prone_annotations\2.11.0\error_prone_annotations-2.11.0.jar;C:\Users\DELL\.m2\repository\com\google\j2objc\j2objc-annotations\1.3\j2objc-annotations-1.3.jar;C:\Users\DELL\.m2\repository\org\seleniumhq\selenium\selenium-chromium-driver\4.9.0\selenium-chromium-driver-4.9.0.jar;C:\Users\DELL\.m2\repository\org\seleniumhq\selenium\selenium-json\4.9.0\selenium-json-4.9.0.jar;C:\Users\DELL\.m2\repository\org\seleniumhq\selenium\selenium-manager\4.9.0\selenium-manager-4.9.0.jar;C:\Users\DELL\.m2\repository\org\seleniumhq\selenium\selenium-devtools-v110\4.9.0\selenium-devtools-v110-4.9.0.jar;C:\Users\DELL\.m2\repository\org\seleniumhq\selenium\selenium-devtools-v111\4.9.0\selenium-devtools-v111-4.9.0.jar;C:\Users\DELL\.m2\repository\org\seleniumhq\selenium\selenium-devtools-v112\4.9.0\selenium-devtools-v112-4.9.0.jar;C:\Users\DELL\.m2\repository\org\seleniumhq\selenium\selenium-devtools-v85\4.9.0\selenium-devtools-v85-4.9.0.jar;C:\Users\DELL\.m2\repository\org\seleniumhq\selenium\selenium-edge-driver\4.9.0\selenium-edge-driver-4.9.0.jar;C:\Users\DELL\.m2\repository\org\seleniumhq\selenium\selenium-firefox-driver\4.9.0\selenium-firefox-driver-4.9.0.jar;C:\Users\DELL\.m2\repository\org\seleniumhq\selenium\selenium-http\4.9.0\selenium-http-4.9.0.jar;C:\Users\DELL\.m2\repository\dev\failsafe\failsafe\3.3.1\failsafe-3.3.1.jar;C:\Users\DELL\.m2\repository\org\seleniumhq\selenium\selenium-ie-driver\4.9.0\selenium-ie-driver-4.9.0.jar;C:\Users\DELL\.m2\repository\org\seleniumhq\selenium\selenium-remote-driver\4.9.0\selenium-remote-driver-4.9.0.jar;C:\Users\DELL\.m2\repository\io\netty\netty-buffer\4.1.91.Final\netty-buffer-4.1.91.Final.jar;C:\Users\DELL\.m2\repository\io\netty\netty-codec-http\4.1.91.Final\netty-codec-http-4.1.91.Final.jar;C:\Users\DELL\.m2\repository\io\netty\netty-codec\4.1.91.Final\netty-codec-4.1.91.Final.jar;C:\Users\DELL\.m2\repository\io\netty\netty-handler\4.1.91.Final\netty-handler-4.1.91.Final.jar;C:\Users\DELL\.m2\repository\io\netty\netty-common\4.1.91.Final\netty-common-4.1.91.Final.jar;C:\Users\DELL\.m2\repository\io\netty\netty-transport-classes-epoll\4.1.91.Final\netty-transport-classes-epoll-4.1.91.Final.jar;C:\Users\DELL\.m2\repository\io\netty\netty-transport-classes-kqueue\4.1.91.Final\netty-transport-classes-kqueue-4.1.91.Final.jar;C:\Users\DELL\.m2\repository\io\netty\netty-transport-native-epoll\4.1.91.Final\netty-transport-native-epoll-4.1.91.Final.jar;C:\Users\DELL\.m2\repository\io\netty\netty-transport-native-kqueue\4.1.91.Final\netty-transport-native-kqueue-4.1.91.Final.jar;C:\Users\DELL\.m2\repository\io\netty\netty-transport-native-unix-common\4.1.91.Final\netty-transport-native-unix-common-4.1.91.Final.jar;C:\Users\DELL\.m2\repository\io\netty\netty-transport\4.1.91.Final\netty-transport-4.1.91.Final.jar;C:\Users\DELL\.m2\repository\io\netty\netty-resolver\4.1.91.Final\netty-resolver-4.1.91.Final.jar;C:\Users\DELL\.m2\repository\io\opentelemetry\opentelemetry-api\1.25.0\opentelemetry-api-1.25.0.jar;C:\Users\DELL\.m2\repository\io\opentelemetry\opentelemetry-context\1.25.0\opentelemetry-context-1.25.0.jar;C:\Users\DELL\.m2\repository\io\opentelemetry\opentelemetry-exporter-logging\1.25.0\opentelemetry-exporter-logging-1.25.0.jar;C:\Users\DELL\.m2\repository\io\opentelemetry\opentelemetry-sdk-metrics\1.25.0\opentelemetry-sdk-metrics-1.25.0.jar;C:\Users\DELL\.m2\repository\io\opentelemetry\opentelemetry-sdk-logs\1.25.0-alpha\opentelemetry-sdk-logs-1.25.0-alpha.jar;C:\Users\DELL\.m2\repository\io\opentelemetry\opentelemetry-api-logs\1.25.0-alpha\opentelemetry-api-logs-1.25.0-alpha.jar;C:\Users\DELL\.m2\repository\io\opentelemetry\opentelemetry-api-events\1.25.0-alpha\opentelemetry-api-events-1.25.0-alpha.jar;C:\Users\DELL\.m2\repository\io\opentelemetry\opentelemetry-sdk-common\1.25.0\opentelemetry-sdk-common-1.25.0.jar;C:\Users\DELL\.m2\repository\io\opentelemetry\opentelemetry-sdk-extension-autoconfigure-spi\1.25.0\opentelemetry-sdk-extension-autoconfigure-spi-1.25.0.jar;C:\Users\DELL\.m2\repository\io\opentelemetry\opentelemetry-sdk-extension-autoconfigure\1.25.0-alpha\opentelemetry-sdk-extension-autoconfigure-1.25.0-alpha.jar;C:\Users\DELL\.m2\repository\io\opentelemetry\opentelemetry-sdk-trace\1.25.0\opentelemetry-sdk-trace-1.25.0.jar;C:\Users\DELL\.m2\repository\io\opentelemetry\opentelemetry-sdk\1.25.0\opentelemetry-sdk-1.25.0.jar;C:\Users\DELL\.m2\repository\io\opentelemetry\opentelemetry-semconv\1.25.0-alpha\opentelemetry-semconv-1.25.0-alpha.jar;C:\Users\DELL\.m2\repository\io\ous\jtoml\2.0.0\jtoml-2.0.0.jar;C:\Users\DELL\.m2\repository\net\bytebuddy\byte-buddy\1.14.4\byte-buddy-1.14.4.jar;C:\Users\DELL\.m2\repository\org\apache\commons\commons-exec\1.3\commons-exec-1.3.jar;C:\Users\DELL\.m2\repository\org\asynchttpclient\async-http-client\2.12.3\async-http-client-2.12.3.jar;C:\Users\DELL\.m2\repository\org\asynchttpclient\async-http-client-netty-utils\2.12.3\async-http-client-netty-utils-2.12.3.jar;C:\Users\DELL\.m2\repository\io\netty\netty-codec-socks\4.1.60.Final\netty-codec-socks-4.1.60.Final.jar;C:\Users\DELL\.m2\repository\io\netty\netty-handler-proxy\4.1.60.Final\netty-handler-proxy-4.1.60.Final.jar;C:\Users\DELL\.m2\repository\io\netty\netty-transport-native-epoll\4.1.60.Final\netty-transport-native-epoll-4.1.60.Final-linux-x86_64.jar;C:\Users\DELL\.m2\repository\io\netty\netty-transport-native-kqueue\4.1.60.Final\netty-transport-native-kqueue-4.1.60.Final-osx-x86_64.jar;C:\Users\DELL\.m2\repository\com\typesafe\netty\netty-reactive-streams\2.0.4\netty-reactive-streams-2.0.4.jar;C:\Users\DELL\.m2\repository\com\sun\activation\jakarta.activation\1.2.2\jakarta.activation-1.2.2.jar;C:\Users\DELL\.m2\repository\org\seleniumhq\selenium\selenium-safari-driver\4.9.0\selenium-safari-driver-4.9.0.jar;C:\Users\DELL\.m2\repository\org\seleniumhq\selenium\selenium-support\4.9.0\selenium-support-4.9.0.jar;C:\Users\DELL\.m2\repository\org\testng\testng\7.7.0\testng-7.7.0.jar;C:\Users\DELL\.m2\repository\org\slf4j\slf4j-api\1.7.36\slf4j-api-1.7.36.jar;C:\Users\DELL\.m2\repository\com\beust\jcommander\1.82\jcommander-1.82.jar;C:\Users\DELL\.m2\repository\org\webjars\jquery\3.6.1\jquery-3.6.1.jar;C:\Users\DELL\.m2\repository\io\github\bonigarcia\webdrivermanager\5.3.2\webdrivermanager-5.3.2.jar;C:\Users\DELL\.m2\repository\com\google\code\gson\gson\2.10.1\gson-2.10.1.jar;C:\Users\DELL\.m2\repository\com\github\docker-java\docker-java\3.2.14\docker-java-3.2.14.jar;C:\Users\DELL\.m2\repository\com\github\docker-java\docker-java-core\3.2.14\docker-java-core-3.2.14.jar;C:\Users\DELL\.m2\repository\com\github\docker-java\docker-java-api\3.2.14\docker-java-api-3.2.14.jar;C:\Users\DELL\.m2\repository\com\fasterxml\jackson\core\jackson-annotations\2.10.3\jackson-annotations-2.10.3.jar;C:\Users\DELL\.m2\repository\commons-io\commons-io\2.6\commons-io-2.6.jar;C:\Users\DELL\.m2\repository\org\apache\commons\commons-compress\1.21\commons-compress-1.21.jar;C:\Users\DELL\.m2\repository\com\fasterxml\jackson\core\jackson-databind\2.10.3\jackson-databind-2.10.3.jar;C:\Users\DELL\.m2\repository\com\fasterxml\jackson\core\jackson-core\2.10.3\jackson-core-2.10.3.jar;C:\Users\DELL\.m2\repository\org\bouncycastle\bcpkix-jdk15on\1.64\bcpkix-jdk15on-1.64.jar;C:\Users\DELL\.m2\repository\org\bouncycastle\bcprov-jdk15on\1.64\bcprov-jdk15on-1.64.jar;C:\Users\DELL\.m2\repository\org\slf4j\jcl-over-slf4j\1.7.30\jcl-over-slf4j-1.7.30.jar;C:\Users\DELL\.m2\repository\com\github\docker-java\docker-java-transport-httpclient5\3.2.14\docker-java-transport-httpclient5-3.2.14.jar;C:\Users\DELL\.m2\repository\com\github\docker-java\docker-java-transport\3.2.14\docker-java-transport-3.2.14.jar;C:\Users\DELL\.m2\repository\net\java\dev\jna\jna\5.12.1\jna-5.12.1.jar;C:\Users\DELL\.m2\repository\org\brotli\dec\0.1.2\dec-0.1.2.jar;C:\Users\DELL\.m2\repository\org\apache\commons\commons-lang3\3.12.0\commons-lang3-3.12.0.jar;C:\Users\DELL\.m2\repository\org\apache\httpcomponents\client5\httpclient5\5.2.1\httpclient5-5.2.1.jar;C:\Users\DELL\.m2\repository\org\apache\httpcomponents\core5\httpcore5\5.2\httpcore5-5.2.jar;C:\Users\DELL\.m2\repository\org\apache\httpcomponents\core5\httpcore5-h2\5.2\httpcore5-h2-5.2.jar;C:\Users\DELL\.m2\repository\com\aventstack\extentreports\5.1.1\extentreports-5.1.1.jar;C:\Users\DELL\.m2\repository\io\reactivex\rxjava3\rxjava\3.1.6\rxjava-3.1.6.jar;C:\Users\DELL\.m2\repository\org\reactivestreams\reactive-streams\1.0.4\reactive-streams-1.0.4.jar;C:\Users\DELL\.m2\repository\org\freemarker\freemarker\2.3.32\freemarker-2.3.32.jar;C:\Users\DELL\.m2\repository\org\projectlombok\lombok\1.18.26\lombok-1.18.26.jar;C:\Users\DELL\.m2\repository\org\apache\logging\log4j\log4j-core\2.17.1\log4j-core-2.17.1.jar;C:\Users\DELL\.m2\repository\org\apache\logging\log4j\log4j-api\2.17.1\log4j-api-2.17.1.jar;"/>
    <property name="sun.cpu.endian" value="little"/>
    <property name="user.home" value="C:\Users\DELL"/>
    <property name="user.language" value="en"/>
    <property name="java.specification.vendor" value="Oracle Corporation"/>
    <property name="java.version.date" value="2021-01-19"/>
    <property name="java.home" value="C:\Users\DELL\.p2\pool\plugins\org.eclipse.justj.openjdk.hotspot.jre.full.win32.x86_64_15.0.2.v20210201-0955\jre"/>
    <property name="file.separator" value="\"/>
    <property name="style.color" value="always"/>
    <property name="basedir" value="C:\Users\DELL\eclipse-workspace\com.web-automation-framework"/>
    <property name="java.vm.compressedOopsMode" value="Zero based"/>
    <property name="line.separator" value="&#10;"/>
    <property name="java.vm.specification.vendor" value="Oracle Corporation"/>
    <property name="java.specification.name" value="Java Platform API Specification"/>
    <property name="surefire.real.class.path" value="C:\Users\DELL\AppData\Local\Temp\surefire8061622272566653357\surefirebooter-20250307163631633_3.jar"/>
    <property name="webdriver.chrome.verboseLogging" value="true"/>
    <property name="user.script" value=""/>
    <property name="sun.management.compiler" value="HotSpot 64-Bit Tiered Compilers"/>
    <property name="java.runtime.version" value="15.0.2+7-27"/>
    <property name="user.name" value="DELL"/>
    <property name="path.separator" value=";"/>
    <property name="os.version" value="10.0"/>
    <property name="java.runtime.name" value="OpenJDK Runtime Environment"/>
    <property name="file.encoding" value="Cp1252"/>
    <property name="java.vm.name" value="OpenJDK 64-Bit Server VM"/>
    <property name="localRepository" value="C:\Users\DELL\.m2\repository"/>
    <property name="java.vendor.url.bug" value="https://bugreport.java.com/bugreport/"/>
    <property name="java.io.tmpdir" value="C:\Users\DELL\AppData\Local\Temp\"/>
    <property name="java.version" value="15.0.2"/>
    <property name="user.dir" value="C:\Users\DELL\eclipse-workspace\com.web-automation-framework"/>
    <property name="os.arch" value="amd64"/>
    <property name="java.vm.specification.name" value="Java Virtual Machine Specification"/>
    <property name="sun.os.patch.level" value=""/>
    <property name="java.library.path" value="C:\Users\DELL\.p2\pool\plugins\org.eclipse.justj.openjdk.hotspot.jre.full.win32.x86_64_15.0.2.v20210201-0955\jre\bin;C:\WINDOWS\Sun\Java\bin;C:\WINDOWS\system32;C:\WINDOWS;C:/Users/DELL/.p2/pool/plugins/org.eclipse.justj.openjdk.hotspot.jre.full.win32.x86_64_23.0.2.v20250131-0604/jre/bin/server;C:/Users/DELL/.p2/pool/plugins/org.eclipse.justj.openjdk.hotspot.jre.full.win32.x86_64_23.0.2.v20250131-0604/jre/bin;C:\Program Files\Common Files\Oracle\Java\javapath;C:\Program Files (x86)\Common Files\Oracle\Java\java8path;C:\Program Files (x86)\Common Files\Oracle\Java\javapath;C:\Windows\system32;C:\Windows;C:\Windows\System32\Wbem;C:\Windows\System32\WindowsPowerShell\v1.0\;C:\Windows\System32\OpenSSH\;C:\Program Files (x86)\Intel\Intel(R) Management Engine Components\DAL;C:\Program Files\Intel\Intel(R) Management Engine Components\DAL;C:\WINDOWS\system32;C:\WINDOWS;C:\WINDOWS\System32\Wbem;C:\WINDOWS\System32\WindowsPowerShell\v1.0\;C:\WINDOWS\System32\OpenSSH\;C:\Program Files\dotnet\;C:\Program Files\Apache\maven-3.9.9\bin;C:\Program Files\Java\jdk-17\bin;C:\Users\DELL\AppData\Local\Microsoft\WindowsApps;C:\Users\DELL\.dotnet\tools;;C:\Users\DELL\OneDrive\Desktop;;."/>
    <property name="java.vm.info" value="mixed mode"/>
    <property name="java.vendor" value="Oracle Corporation"/>
    <property name="java.vm.version" value="15.0.2+7-27"/>
    <property name="sun.io.unicode.encoding" value="UnicodeLittle"/>
    <property name="java.class.version" value="59.0"/>
  </properties>
  <testcase name="testUserRegistration" classname="tests.RegistrationTest" time="25.927">
    <failure message="Registration failed! expected [true] but found [false]" type="java.lang.AssertionError"><![CDATA[java.lang.AssertionError: Registration failed! expected [true] but found [false]
	at org.testng.Assert.fail(Assert.java:110)
	at org.testng.Assert.failNotEquals(Assert.java:1413)
	at org.testng.Assert.assertTrue(Assert.java:56)
	at tests.RegistrationTest.testUserRegistration(RegistrationTest.java:36)
	at java.base/jdk.internal.reflect.NativeMethodAccessorImpl.invoke0(Native Method)
	at java.base/jdk.internal.reflect.NativeMethodAccessorImpl.invoke(NativeMethodAccessorImpl.java:64)
	at java.base/jdk.internal.reflect.DelegatingMethodAccessorImpl.invoke(DelegatingMethodAccessorImpl.java:43)
	at java.base/java.lang.reflect.Method.invoke(Method.java:564)
	at org.testng.internal.invokers.MethodInvocationHelper.invokeMethod(MethodInvocationHelper.java:139)
	at org.testng.internal.invokers.TestInvoker.invokeMethod(TestInvoker.java:677)
	at org.testng.internal.invokers.TestInvoker.invokeTestMethod(TestInvoker.java:221)
	at org.testng.internal.invokers.MethodRunner.runInSequence(MethodRunner.java:50)
	at org.testng.internal.invokers.TestInvoker$MethodInvocationAgent.invoke(TestInvoker.java:969)
	at org.testng.internal.invokers.TestInvoker.invokeTestMethods(TestInvoker.java:194)
	at org.testng.internal.invokers.TestMethodWorker.invokeTestMethods(TestMethodWorker.java:148)
	at org.testng.internal.invokers.TestMethodWorker.run(TestMethodWorker.java:128)
	at java.base/java.util.ArrayList.forEach(ArrayList.java:1511)
	at org.testng.TestRunner.privateRun(TestRunner.java:829)
	at org.testng.TestRunner.run(TestRunner.java:602)
	at org.testng.SuiteRunner.runTest(SuiteRunner.java:437)
	at org.testng.SuiteRunner.runSequentially(SuiteRunner.java:431)
	at org.testng.SuiteRunner.privateRun(SuiteRunner.java:391)
	at org.testng.SuiteRunner.run(SuiteRunner.java:330)
	at org.testng.SuiteRunnerWorker.runSuite(SuiteRunnerWorker.java:52)
	at org.testng.SuiteRunnerWorker.run(SuiteRunnerWorker.java:95)
	at org.testng.TestNG.runSuitesSequentially(TestNG.java:1256)
	at org.testng.TestNG.runSuitesLocally(TestNG.java:1176)
	at org.testng.TestNG.runSuites(TestNG.java:1099)
	at org.testng.TestNG.run(TestNG.java:1067)
	at org.apache.maven.surefire.testng.TestNGExecutor.run(TestNGExecutor.java:155)
	at org.apache.maven.surefire.testng.TestNGDirectoryTestSuite.executeMulti(TestNGDirectoryTestSuite.java:169)
	at org.apache.maven.surefire.testng.TestNGDirectoryTestSuite.execute(TestNGDirectoryTestSuite.java:88)
	at org.apache.maven.surefire.testng.TestNGProvider.invoke(TestNGProvider.java:137)
	at org.apache.maven.surefire.booter.ForkedBooter.runSuitesInProcess(ForkedBooter.java:385)
	at org.apache.maven.surefire.booter.ForkedBooter.execute(ForkedBooter.java:162)
	at org.apache.maven.surefire.booter.ForkedBooter.run(ForkedBooter.java:507)
	at org.apache.maven.surefire.booter.ForkedBooter.main(ForkedBooter.java:495)
]]></failure>
    <system-err><![CDATA[SLF4J: Failed to load class "org.slf4j.impl.StaticLoggerBinder".
SLF4J: Defaulting to no-operation (NOP) logger implementation
SLF4J: See http://www.slf4j.org/codes.html#StaticLoggerBinder for further details.
Starting ChromeDriver 114.0.5735.90 (386bc09e8f4f2e025eddae123f36f6263096ae49-refs/branch-heads/5735@{#1052}) on port 13655
Only local connections are allowed.
Please see https://chromedriver.chromium.org/security-considerations for suggestions on keeping ChromeDriver safe.
ChromeDriver was started successfully.
Mar 07, 2025 4:36:36 PM org.openqa.selenium.devtools.CdpVersionFinder findNearestMatch
WARNING: Unable to find an exact match for CDP version 114, so returning the closest version found: 112
]]></system-err>
  </testcase>
  <testcase name="testLoginWithOTP" classname="tests.LoginTest" time="20.269">
    <failure message="OTP extraction failed." type="java.lang.AssertionError"><![CDATA[java.lang.AssertionError: OTP extraction failed.
	at org.testng.Assert.fail(Assert.java:110)
	at tests.LoginTest.testLoginWithOTP(LoginTest.java:37)
	at java.base/jdk.internal.reflect.NativeMethodAccessorImpl.invoke0(Native Method)
	at java.base/jdk.internal.reflect.NativeMethodAccessorImpl.invoke(NativeMethodAccessorImpl.java:64)
	at java.base/jdk.internal.reflect.DelegatingMethodAccessorImpl.invoke(DelegatingMethodAccessorImpl.java:43)
	at java.base/java.lang.reflect.Method.invoke(Method.java:564)
	at org.testng.internal.invokers.MethodInvocationHelper.invokeMethod(MethodInvocationHelper.java:139)
	at org.testng.internal.invokers.TestInvoker.invokeMethod(TestInvoker.java:677)
	at org.testng.internal.invokers.TestInvoker.invokeTestMethod(TestInvoker.java:221)
	at org.testng.internal.invokers.MethodRunner.runInSequence(MethodRunner.java:50)
	at org.testng.internal.invokers.TestInvoker$MethodInvocationAgent.invoke(TestInvoker.java:969)
	at org.testng.internal.invokers.TestInvoker.invokeTestMethods(TestInvoker.java:194)
	at org.testng.internal.invokers.TestMethodWorker.invokeTestMethods(TestMethodWorker.java:148)
	at org.testng.internal.invokers.TestMethodWorker.run(TestMethodWorker.java:128)
	at java.base/java.util.ArrayList.forEach(ArrayList.java:1511)
	at org.testng.TestRunner.privateRun(TestRunner.java:829)
	at org.testng.TestRunner.run(TestRunner.java:602)
	at org.testng.SuiteRunner.runTest(SuiteRunner.java:437)
	at org.testng.SuiteRunner.runSequentially(SuiteRunner.java:431)
	at org.testng.SuiteRunner.privateRun(SuiteRunner.java:391)
	at org.testng.SuiteRunner.run(SuiteRunner.java:330)
	at org.testng.SuiteRunnerWorker.runSuite(SuiteRunnerWorker.java:52)
	at org.testng.SuiteRunnerWorker.run(SuiteRunnerWorker.java:95)
	at org.testng.TestNG.runSuitesSequentially(TestNG.java:1256)
	at org.testng.TestNG.runSuitesLocally(TestNG.java:1176)
	at org.testng.TestNG.runSuites(TestNG.java:1099)
	at org.testng.TestNG.run(TestNG.java:1067)
	at org.apache.maven.surefire.testng.TestNGExecutor.run(TestNGExecutor.java:155)
	at org.apache.maven.surefire.testng.TestNGDirectoryTestSuite.executeMulti(TestNGDirectoryTestSuite.java:169)
	at org.apache.maven.surefire.testng.TestNGDirectoryTestSuite.execute(TestNGDirectoryTestSuite.java:88)
	at org.apache.maven.surefire.testng.TestNGProvider.invoke(TestNGProvider.java:137)
	at org.apache.maven.surefire.booter.ForkedBooter.runSuitesInProcess(ForkedBooter.java:385)
	at org.apache.maven.surefire.booter.ForkedBooter.execute(ForkedBooter.java:162)
	at org.apache.maven.surefire.booter.ForkedBooter.run(ForkedBooter.java:507)
	at org.apache.maven.surefire.booter.ForkedBooter.main(ForkedBooter.java:495)
]]></failure>
    <system-out><![CDATA[2025-03-07 16:37:10 [main] INFO  utils.OTPExtractor - Initializing DevTools session for OTP extraction.
2025-03-07 16:37:11 [main] INFO  utils.OTPExtractor - â?³ Waiting for OTP...
2025-03-07 16:37:12 [main] INFO  utils.OTPExtractor - â?³ Waiting for OTP...
2025-03-07 16:37:13 [main] INFO  utils.OTPExtractor - â?³ Waiting for OTP...
2025-03-07 16:37:14 [main] INFO  utils.OTPExtractor - â?³ Waiting for OTP...
2025-03-07 16:37:15 [main] INFO  utils.OTPExtractor - â?³ Waiting for OTP...
2025-03-07 16:37:16 [main] INFO  utils.OTPExtractor - â?³ Waiting for OTP...
2025-03-07 16:37:17 [main] INFO  utils.OTPExtractor - â?³ Waiting for OTP...
2025-03-07 16:37:18 [main] INFO  utils.OTPExtractor - â?³ Waiting for OTP...
2025-03-07 16:37:19 [main] INFO  utils.OTPExtractor - â?³ Waiting for OTP...
2025-03-07 16:37:20 [main] INFO  utils.OTPExtractor - â?³ Waiting for OTP...
2025-03-07 16:37:21 [main] INFO  utils.OTPExtractor - â?³ Waiting for OTP...
2025-03-07 16:37:22 [main] INFO  utils.OTPExtractor - â?³ Waiting for OTP...
2025-03-07 16:37:23 [main] INFO  utils.OTPExtractor - â?³ Waiting for OTP...
2025-03-07 16:37:24 [main] INFO  utils.OTPExtractor - â?³ Waiting for OTP...
2025-03-07 16:37:25 [main] INFO  utils.OTPExtractor - â?³ Waiting for OTP...
2025-03-07 16:37:25 [main] WARN  utils.OTPExtractor - âš  OTP extraction failed. Returning empty OTP.
]]></system-out>
    <system-err><![CDATA[Starting ChromeDriver 114.0.5735.90 (386bc09e8f4f2e025eddae123f36f6263096ae49-refs/branch-heads/5735@{#1052}) on port 20897
Only local connections are allowed.
Please see https://chromedriver.chromium.org/security-considerations for suggestions on keeping ChromeDriver safe.
ChromeDriver was started successfully.
[1741347424.178][INFO]: [c370eba2140c99957d9312d8f3895bcc] COMMAND InitSession {
   "capabilities": {
      "firstMatch": [ {
         "browserName": "chrome",
         "goog:chromeOptions": {
            "args": [ "--remote-allow-origins=*" ],
            "extensions": [  ]
         }
      } ]
   }
}
[1741347424.184][INFO]: Populating Preferences file: {
   "alternate_error_pages": {
      "enabled": false
   },
   "autofill": {
      "enabled": false
   },
   "browser": {
      "check_default_browser": false
   },
   "distribution": {
      "import_bookmarks": false,
      "import_history": false,
      "import_search_engine": false,
      "make_chrome_default_for_user": false,
      "skip_first_run_ui": true
   },
   "dns_prefetching": {
      "enabled": false
   },
   "profile": {
      "content_settings": {
         "pattern_pairs": {
            "https://*,*": {
               "media-stream": {
                  "audio": "Default",
                  "video": "Default"
               }
            }
         }
      },
      "default_content_setting_values": {
         "geolocation": 1
      },
      "default_content_settings": {
         "geolocation": 1,
         "mouselock": 1,
         "notifications": 1,
         "popups": 1,
         "ppapi-broker": 1
      },
      "password_manager_enabled": false
   },
   "safebrowsing": {
      "enabled": false
   },
   "search": {
      "suggest_enabled": false
   },
   "translate": {
      "enabled": false
   }
}
[1741347424.185][INFO]: Populating Local State file: {
   "background_mode": {
      "enabled": false
   },
   "ssl": {
      "rev_checking": {
         "enabled": false
      }
   }
}
[1741347424.189][INFO]: Launching chrome: "C:\Program Files\Google\Chrome\Application\chrome.exe" --allow-pre-commit-input --disable-background-networking --disable-backgrounding-occluded-windows --disable-client-side-phishing-detection --disable-default-apps --disable-hang-monitor --disable-popup-blocking --disable-prompt-on-repost --disable-sync --enable-automation --enable-logging --log-level=0 --no-first-run --no-service-autorun --password-store=basic --remote-allow-origins=* --remote-debugging-port=0 --test-type=webdriver --use-mock-keychain --user-data-dir="C:\Users\DELL\AppData\Local\Temp\scoped_dir24300_1900118415" data:,
[1741347424.540][DEBUG]: DevTools HTTP Request: http://localhost:60149/json/version
[1741347424.852][DEBUG]: DevTools HTTP Response: {
   "Browser": "Chrome/114.0.5735.199",
   "Protocol-Version": "1.3",
   "User-Agent": "Mozilla/5.0 (Windows NT 10.0; Win64; x64) AppleWebKit/537.36 (KHTML, like Gecko) Chrome/114.0.0.0 Safari/537.36",
   "V8-Version": "11.4.183.25",
   "WebKit-Version": "537.36 (@c3029382d11c5f499e4fc317353a43d411a5ce1c)",
   "webSocketDebuggerUrl": "ws://localhost:60149/devtools/browser/7f3370f1-e23c-4d58-879d-8b498f36bea7"
}

[1741347424.852][DEBUG]: DevTools HTTP Request: http://localhost:60149/json/list
[1741347424.853][DEBUG]: DevTools HTTP Response: [ {
   "description": "",
   "devtoolsFrontendUrl": "/devtools/inspector.html?ws=localhost:60149/devtools/page/F2976C62E4DCE76891DD6D12CE8213FE",
   "id": "F2976C62E4DCE76891DD6D12CE8213FE",
   "title": "",
   "type": "page",
   "url": "data:,",
   "webSocketDebuggerUrl": "ws://localhost:60149/devtools/page/F2976C62E4DCE76891DD6D12CE8213FE"
} ]

[1741347424.860][INFO]: resolved localhost to ["::1","127.0.0.1"]
[1741347424.863][DEBUG]: DevTools WebSocket Command: Target.getTargets (id=1) (session_id=) browser {
}
[1741347424.864][DEBUG]: DevTools WebSocket Response: Target.getTargets (id=1) (session_id=) browser {
   "targetInfos": [ {
      "attached": false,
      "browserContextId": "536FAD72576695AD3FC43F08F5220E63",
      "canAccessOpener": false,
      "targetId": "F2976C62E4DCE76891DD6D12CE8213FE",
      "title": "",
      "type": "page",
      "url": "data:,"
   } ]
}
[1741347424.864][DEBUG]: DevTools WebSocket Command: Target.attachToTarget (id=2) (session_id=) browser {
   "flatten": true,
   "targetId": "F2976C62E4DCE76891DD6D12CE8213FE"
}
[1741347424.870][DEBUG]: DevTools WebSocket Event: Target.attachedToTarget (session_id=) browser {
   "sessionId": "43A1723E6C1E73374116C0A93953C6AC",
   "targetInfo": {
      "attached": true,
      "browserContextId": "536FAD72576695AD3FC43F08F5220E63",
      "canAccessOpener": false,
      "targetId": "F2976C62E4DCE76891DD6D12CE8213FE",
      "title": "",
      "type": "page",
      "url": "data:,"
   },
   "waitingForDebugger": false
}
[1741347424.870][DEBUG]: DevTools WebSocket Response: Target.attachToTarget (id=2) (session_id=) browser {
   "sessionId": "43A1723E6C1E73374116C0A93953C6AC"
}
[1741347424.870][DEBUG]: DevTools WebSocket Command: Page.addScriptToEvaluateOnNewDocument (id=3) (session_id=43A1723E6C1E73374116C0A93953C6AC) F2976C62E4DCE76891DD6D12CE8213FE {
   "source": "(function () {window.cdc_adoQpoasnfa76pfcZLmcfl_Array = window.Array;window.cdc_adoQpoasnfa76pfcZLmcfl_Object = window.Object;window.cdc_adoQpoasnfa76pfcZLmcfl_Promise = window.Promise;window.cdc_a..."
}
[1741347424.870][DEBUG]: DevTools WebSocket Command: Runtime.evaluate (id=4) (session_id=43A1723E6C1E73374116C0A93953C6AC) F2976C62E4DCE76891DD6D12CE8213FE {
   "expression": "(function () {window.cdc_adoQpoasnfa76pfcZLmcfl_Array = window.Array;window.cdc_adoQpoasnfa76pfcZLmcfl_Object = window.Object;window.cdc_adoQpoasnfa76pfcZLmcfl_Promise = window.Promise;window.cdc_a..."
}
[1741347424.871][DEBUG]: DevTools WebSocket Command: Log.enable (id=5) (session_id=43A1723E6C1E73374116C0A93953C6AC) F2976C62E4DCE76891DD6D12CE8213FE {
}
[1741347424.871][DEBUG]: DevTools WebSocket Command: Target.setAutoAttach (id=6) (session_id=43A1723E6C1E73374116C0A93953C6AC) F2976C62E4DCE76891DD6D12CE8213FE {
   "autoAttach": true,
   "flatten": true,
   "waitForDebuggerOnStart": false
}
[1741347424.872][DEBUG]: DevTools WebSocket Command: Page.enable (id=7) (session_id=43A1723E6C1E73374116C0A93953C6AC) F2976C62E4DCE76891DD6D12CE8213FE {
}
[1741347424.872][DEBUG]: DevTools WebSocket Command: Page.enable (id=8) (session_id=43A1723E6C1E73374116C0A93953C6AC) F2976C62E4DCE76891DD6D12CE8213FE {
}
[1741347424.986][DEBUG]: DevTools WebSocket Response: Page.addScriptToEvaluateOnNewDocument (id=3) (session_id=43A1723E6C1E73374116C0A93953C6AC) F2976C62E4DCE76891DD6D12CE8213FE {
   "identifier": "1"
}
[1741347424.986][DEBUG]: DevTools WebSocket Response: Runtime.evaluate (id=4) (session_id=43A1723E6C1E73374116C0A93953C6AC) F2976C62E4DCE76891DD6D12CE8213FE {
   "result": {
      "type": "undefined"
   }
}
[1741347424.986][DEBUG]: DevTools WebSocket Response: Log.enable (id=5) (session_id=43A1723E6C1E73374116C0A93953C6AC) F2976C62E4DCE76891DD6D12CE8213FE {
}
[1741347424.986][DEBUG]: DevTools WebSocket Response: Target.setAutoAttach (id=6) (session_id=43A1723E6C1E73374116C0A93953C6AC) F2976C62E4DCE76891DD6D12CE8213FE {
}
[1741347424.986][DEBUG]: DevTools WebSocket Response: Page.enable (id=7) (session_id=43A1723E6C1E73374116C0A93953C6AC) F2976C62E4DCE76891DD6D12CE8213FE {
}
[1741347424.986][DEBUG]: DevTools WebSocket Response: Page.enable (id=8) (session_id=43A1723E6C1E73374116C0A93953C6AC) F2976C62E4DCE76891DD6D12CE8213FE {
}
[1741347424.986][DEBUG]: DevTools WebSocket Command: Runtime.enable (id=9) (session_id=43A1723E6C1E73374116C0A93953C6AC) F2976C62E4DCE76891DD6D12CE8213FE {
}
[1741347425.004][DEBUG]: DevTools WebSocket Event: Page.loadEventFired (session_id=43A1723E6C1E73374116C0A93953C6AC) F2976C62E4DCE76891DD6D12CE8213FE {
   "timestamp": 49837.696133
}
[1741347425.005][DEBUG]: DevTools WebSocket Event: Page.frameStoppedLoading (session_id=43A1723E6C1E73374116C0A93953C6AC) F2976C62E4DCE76891DD6D12CE8213FE {
   "frameId": "F2976C62E4DCE76891DD6D12CE8213FE"
}
[1741347425.005][DEBUG]: DevTools WebSocket Event: Page.domContentEventFired (session_id=43A1723E6C1E73374116C0A93953C6AC) F2976C62E4DCE76891DD6D12CE8213FE {
   "timestamp": 49837.696619
}
[1741347425.005][DEBUG]: DevTools WebSocket Event: Page.frameResized (session_id=43A1723E6C1E73374116C0A93953C6AC) F2976C62E4DCE76891DD6D12CE8213FE {
}
[1741347425.006][DEBUG]: DevTools WebSocket Event: Runtime.executionContextCreated (session_id=43A1723E6C1E73374116C0A93953C6AC) F2976C62E4DCE76891DD6D12CE8213FE {
   "context": {
      "auxData": {
         "frameId": "F2976C62E4DCE76891DD6D12CE8213FE",
         "isDefault": true,
         "type": "default"
      },
      "id": 1,
      "name": "",
      "origin": "://",
      "uniqueId": "-2097796777589496174.-1261129256584293333"
   }
}
[1741347425.006][DEBUG]: DevTools WebSocket Response: Runtime.enable (id=9) (session_id=43A1723E6C1E73374116C0A93953C6AC) F2976C62E4DCE76891DD6D12CE8213FE {
}
[1741347425.006][DEBUG]: DevTools WebSocket Command: Page.enable (id=10) (session_id=43A1723E6C1E73374116C0A93953C6AC) F2976C62E4DCE76891DD6D12CE8213FE {
}
[1741347425.011][DEBUG]: DevTools WebSocket Response: Page.enable (id=10) (session_id=43A1723E6C1E73374116C0A93953C6AC) F2976C62E4DCE76891DD6D12CE8213FE {
}
[1741347425.011][DEBUG]: DevTools WebSocket Command: Runtime.enable (id=11) (session_id=43A1723E6C1E73374116C0A93953C6AC) F2976C62E4DCE76891DD6D12CE8213FE {
}
[1741347425.016][DEBUG]: DevTools WebSocket Response: Runtime.enable (id=11) (session_id=43A1723E6C1E73374116C0A93953C6AC) F2976C62E4DCE76891DD6D12CE8213FE {
}
[1741347425.016][DEBUG]: DevTools WebSocket Command: Page.getFrameTree (id=12) (session_id=43A1723E6C1E73374116C0A93953C6AC) F2976C62E4DCE76891DD6D12CE8213FE {
}
[1741347425.019][DEBUG]: DevTools WebSocket Response: Page.getFrameTree (id=12) (session_id=43A1723E6C1E73374116C0A93953C6AC) F2976C62E4DCE76891DD6D12CE8213FE {
   "frameTree": {
      "frame": {
         "adFrameStatus": {
            "adFrameType": "none"
         },
         "crossOriginIsolatedContextType": "NotIsolated",
         "domainAndRegistry": "",
         "gatedAPIFeatures": [  ],
         "id": "F2976C62E4DCE76891DD6D12CE8213FE",
         "loaderId": "9CCF6AA75FC55150CA926F6287698875",
         "mimeType": "text/plain",
         "secureContextType": "InsecureScheme",
         "securityOrigin": "://",
         "url": "data:,"
      }
   }
}
[1741347425.019][DEBUG]: DevTools WebSocket Command: Page.getFrameTree (id=13) (session_id=43A1723E6C1E73374116C0A93953C6AC) F2976C62E4DCE76891DD6D12CE8213FE {
}
[1741347425.021][DEBUG]: DevTools WebSocket Response: Page.getFrameTree (id=13) (session_id=43A1723E6C1E73374116C0A93953C6AC) F2976C62E4DCE76891DD6D12CE8213FE {
   "frameTree": {
      "frame": {
         "adFrameStatus": {
            "adFrameType": "none"
         },
         "crossOriginIsolatedContextType": "NotIsolated",
         "domainAndRegistry": "",
         "gatedAPIFeatures": [  ],
         "id": "F2976C62E4DCE76891DD6D12CE8213FE",
         "loaderId": "9CCF6AA75FC55150CA926F6287698875",
         "mimeType": "text/plain",
         "secureContextType": "InsecureScheme",
         "securityOrigin": "://",
         "url": "data:,"
      }
   }
}
[1741347425.022][DEBUG]: DevTools WebSocket Command: Runtime.callFunctionOn (id=14) (session_id=43A1723E6C1E73374116C0A93953C6AC) F2976C62E4DCE76891DD6D12CE8213FE {
   "arguments": [  ],
   "awaitPromise": true,
   "functionDeclaration": "function(){ return (function() { // Copyright 2012 The Chromium Authors\n// Use of this source code is governed by a BSD-style license that can be\n// found in the LICENSE file.\n\n/**\n * Enum for WebD...",
   "generateWebDriverValue": true,
   "objectGroup": "562ded41-67b2-4b65-beee-69e27c89028c",
   "uniqueContextId": "-2097796777589496174.-1261129256584293333"
}
[1741347425.070][DEBUG]: DevTools WebSocket Response: Runtime.callFunctionOn (id=14) (session_id=43A1723E6C1E73374116C0A93953C6AC) F2976C62E4DCE76891DD6D12CE8213FE {
   "result": {
      "className": "Array",
      "description": "Array(1)",
      "objectId": "-5163148285601575589.1.1",
      "subtype": "array",
      "type": "object",
      "webDriverValue": {
         "type": "array",
         "value": [ {
            "type": "string",
            "value": "{\"status\":0,\"value\":1}"
         } ]
      }
   }
}
[1741347425.070][DEBUG]: DevTools WebSocket Command: Runtime.releaseObjectGroup (id=15) (session_id=43A1723E6C1E73374116C0A93953C6AC) F2976C62E4DCE76891DD6D12CE8213FE {
   "objectGroup": "562ded41-67b2-4b65-beee-69e27c89028c"
}
[1741347425.070][INFO]: [c370eba2140c99957d9312d8f3895bcc] RESPONSE InitSession {
   "capabilities": {
      "acceptInsecureCerts": false,
      "browserName": "chrome",
      "browserVersion": "114.0.5735.199",
      "chrome": {
         "chromedriverVersion": "114.0.5735.90 (386bc09e8f4f2e025eddae123f36f6263096ae49-refs/branch-heads/5735@{#1052})",
         "userDataDir": "C:\\Users\\DELL\\AppData\\Local\\Temp\\scoped_dir24300_1900118415"
      },
      "goog:chromeOptions": {
         "debuggerAddress": "localhost:60149"
      },
      "networkConnectionEnabled": false,
      "pageLoadStrategy": "normal",
      "platformName": "windows",
      "proxy": {
      },
      "setWindowRect": true,
      "strictFileInteractability": false,
      "timeouts": {
         "implicit": 0,
         "pageLoad": 300000,
         "script": 30000
      },
      "unhandledPromptBehavior": "dismiss and notify",
      "webauthn:extension:credBlob": true,
      "webauthn:extension:largeBlob": true,
      "webauthn:extension:minPinLength": true,
      "webauthn:extension:prf": true,
      "webauthn:virtualAuthenticators": true
   },
   "sessionId": "c370eba2140c99957d9312d8f3895bcc"
}
[1741347425.126][DEBUG]: DevTools WebSocket Response: Runtime.releaseObjectGroup (id=15) (session_id=43A1723E6C1E73374116C0A93953C6AC) F2976C62E4DCE76891DD6D12CE8213FE {
}
Mar 07, 2025 4:37:05 PM org.openqa.selenium.devtools.CdpVersionFinder findNearestMatch
WARNING: Unable to find an exact match for CDP version 114, so returning the closest version found: 112
[1741347425.204][INFO]: [c370eba2140c99957d9312d8f3895bcc] COMMAND SetTimeouts {
   "implicit": 10000
}
[1741347425.204][INFO]: [c370eba2140c99957d9312d8f3895bcc] RESPONSE SetTimeouts
[1741347425.208][INFO]: [c370eba2140c99957d9312d8f3895bcc] COMMAND MaximizeWindow {
}
[1741347425.208][INFO]: Waiting for pending navigations...
[1741347425.208][DEBUG]: DevTools WebSocket Command: Runtime.evaluate (id=16) (session_id=43A1723E6C1E73374116C0A93953C6AC) F2976C62E4DCE76891DD6D12CE8213FE {
   "expression": "1"
}
[1741347425.209][DEBUG]: DevTools WebSocket Response: Runtime.evaluate (id=16) (session_id=43A1723E6C1E73374116C0A93953C6AC) F2976C62E4DCE76891DD6D12CE8213FE {
   "result": {
      "description": "1",
      "type": "number",
      "value": 1
   }
}
[1741347425.209][INFO]: Done waiting for pending navigations. Status: ok
[1741347425.209][DEBUG]: DevTools WebSocket Command: Browser.getWindowForTarget (id=17) (session_id=) browser {
   "targetId": "F2976C62E4DCE76891DD6D12CE8213FE"
}
[1741347425.210][DEBUG]: DevTools WebSocket Response: Browser.getWindowForTarget (id=17) (session_id=) browser {
   "bounds": {
      "height": 798,
      "left": 9,
      "top": 9,
      "width": 1051,
      "windowState": "normal"
   },
   "windowId": 525945530
}
[1741347425.210][DEBUG]: DevTools WebSocket Command: Browser.setWindowBounds (id=18) (session_id=) browser {
   "bounds": {
      "windowState": "maximized"
   },
   "windowId": 525945530
}
[1741347425.222][DEBUG]: DevTools WebSocket Response: Browser.setWindowBounds (id=18) (session_id=) browser {
}
[1741347425.325][DEBUG]: DevTools WebSocket Command: Browser.getWindowBounds (id=19) (session_id=) browser {
   "windowId": 525945530
}
[1741347425.325][DEBUG]: DevTools WebSocket Event: Page.frameResized (session_id=43A1723E6C1E73374116C0A93953C6AC) F2976C62E4DCE76891DD6D12CE8213FE {
}
[1741347425.326][DEBUG]: DevTools WebSocket Event: Page.frameResized (session_id=43A1723E6C1E73374116C0A93953C6AC) F2976C62E4DCE76891DD6D12CE8213FE {
}
[1741347425.326][DEBUG]: DevTools WebSocket Response: Browser.getWindowBounds (id=19) (session_id=) browser {
   "bounds": {
      "height": 832,
      "left": -8,
      "top": -8,
      "width": 1552,
      "windowState": "maximized"
   }
}
[1741347425.326][DEBUG]: DevTools WebSocket Command: Browser.getWindowForTarget (id=20) (session_id=) browser {
   "targetId": "F2976C62E4DCE76891DD6D12CE8213FE"
}
[1741347425.326][DEBUG]: DevTools WebSocket Response: Browser.getWindowForTarget (id=20) (session_id=) browser {
   "bounds": {
      "height": 832,
      "left": -8,
      "top": -8,
      "width": 1552,
      "windowState": "maximized"
   },
   "windowId": 525945530
}
[1741347425.326][INFO]: Waiting for pending navigations...
[1741347425.326][DEBUG]: DevTools WebSocket Command: Runtime.evaluate (id=21) (session_id=43A1723E6C1E73374116C0A93953C6AC) F2976C62E4DCE76891DD6D12CE8213FE {
   "expression": "1"
}
[1741347425.327][DEBUG]: DevTools WebSocket Response: Runtime.evaluate (id=21) (session_id=43A1723E6C1E73374116C0A93953C6AC) F2976C62E4DCE76891DD6D12CE8213FE {
   "result": {
      "description": "1",
      "type": "number",
      "value": 1
   }
}
[1741347425.327][INFO]: Done waiting for pending navigations. Status: ok
[1741347425.327][INFO]: [c370eba2140c99957d9312d8f3895bcc] RESPONSE MaximizeWindow {
   "height": 832,
   "width": 1552,
   "x": -8,
   "y": -8
}
[1741347425.345][INFO]: [c370eba2140c99957d9312d8f3895bcc] COMMAND Navigate {
   "url": "https://maas-uat.futurework.com.sa/login"
}
[1741347425.345][INFO]: Waiting for pending navigations...
[1741347425.345][DEBUG]: DevTools WebSocket Command: Runtime.evaluate (id=22) (session_id=43A1723E6C1E73374116C0A93953C6AC) F2976C62E4DCE76891DD6D12CE8213FE {
   "expression": "1"
}
[1741347425.346][DEBUG]: DevTools WebSocket Response: Runtime.evaluate (id=22) (session_id=43A1723E6C1E73374116C0A93953C6AC) F2976C62E4DCE76891DD6D12CE8213FE {
   "result": {
      "description": "1",
      "type": "number",
      "value": 1
   }
}
[1741347425.346][INFO]: Done waiting for pending navigations. Status: ok
[1741347425.347][DEBUG]: DevTools WebSocket Command: Page.navigate (id=23) (session_id=43A1723E6C1E73374116C0A93953C6AC) F2976C62E4DCE76891DD6D12CE8213FE {
   "url": "https://maas-uat.futurework.com.sa/login"
}
[1741347425.709][DEBUG]: DevTools WebSocket Response: Page.navigate (id=23) (session_id=43A1723E6C1E73374116C0A93953C6AC) F2976C62E4DCE76891DD6D12CE8213FE {
   "frameId": "F2976C62E4DCE76891DD6D12CE8213FE",
   "loaderId": "DC1A08DD8B41A591E3882FCE01EACE13"
}
[1741347425.709][DEBUG]: DevTools WebSocket Command: Runtime.evaluate (id=24) (session_id=43A1723E6C1E73374116C0A93953C6AC) F2976C62E4DCE76891DD6D12CE8213FE {
   "expression": "document.URL"
}
[1741347425.710][DEBUG]: DevTools WebSocket Event: Runtime.executionContextsCleared (session_id=43A1723E6C1E73374116C0A93953C6AC) F2976C62E4DCE76891DD6D12CE8213FE {
}
[1741347425.711][DEBUG]: DevTools WebSocket Event: Page.frameStartedLoading (session_id=43A1723E6C1E73374116C0A93953C6AC) F2976C62E4DCE76891DD6D12CE8213FE {
   "frameId": "F2976C62E4DCE76891DD6D12CE8213FE"
}
[1741347425.728][DEBUG]: DevTools WebSocket Event: Runtime.executionContextsCleared (session_id=43A1723E6C1E73374116C0A93953C6AC) F2976C62E4DCE76891DD6D12CE8213FE {
}
[1741347425.728][DEBUG]: DevTools WebSocket Event: Page.frameNavigated (session_id=43A1723E6C1E73374116C0A93953C6AC) F2976C62E4DCE76891DD6D12CE8213FE {
   "frame": {
      "adFrameStatus": {
         "adFrameType": "none"
      },
      "crossOriginIsolatedContextType": "NotIsolated",
      "domainAndRegistry": "futurework.com.sa",
      "gatedAPIFeatures": [  ],
      "id": "F2976C62E4DCE76891DD6D12CE8213FE",
      "loaderId": "DC1A08DD8B41A591E3882FCE01EACE13",
      "mimeType": "text/html",
      "secureContextType": "Secure",
      "securityOrigin": "https://maas-uat.futurework.com.sa",
      "url": "https://maas-uat.futurework.com.sa/login"
   },
   "type": "Navigation"
}
[1741347425.728][DEBUG]: DevTools WebSocket Event: Runtime.executionContextCreated (session_id=43A1723E6C1E73374116C0A93953C6AC) F2976C62E4DCE76891DD6D12CE8213FE {
   "context": {
      "auxData": {
         "frameId": "F2976C62E4DCE76891DD6D12CE8213FE",
         "isDefault": true,
         "type": "default"
      },
      "id": 1,
      "name": "",
      "origin": "https://maas-uat.futurework.com.sa",
      "uniqueId": "-6942648794307042400.-7805452207504835363"
   }
}
[1741347425.739][DEBUG]: DevTools WebSocket Response: Runtime.evaluate (id=24) (session_id=43A1723E6C1E73374116C0A93953C6AC) F2976C62E4DCE76891DD6D12CE8213FE {
   "result": {
      "type": "string",
      "value": "https://maas-uat.futurework.com.sa/login"
   }
}
[1741347425.739][INFO]: Waiting for pending navigations...
[1741347425.739][DEBUG]: DevTools WebSocket Event: Page.frameResized (session_id=43A1723E6C1E73374116C0A93953C6AC) F2976C62E4DCE76891DD6D12CE8213FE {
}
[1741347425.739][DEBUG]: DevTools WebSocket Command: Runtime.evaluate (id=25) (session_id=43A1723E6C1E73374116C0A93953C6AC) F2976C62E4DCE76891DD6D12CE8213FE {
   "expression": "1"
}
[1741347425.741][DEBUG]: DevTools WebSocket Response: Runtime.evaluate (id=25) (session_id=43A1723E6C1E73374116C0A93953C6AC) F2976C62E4DCE76891DD6D12CE8213FE {
   "result": {
      "description": "1",
      "type": "number",
      "value": 1
   }
}
[1741347426.254][DEBUG]: DevTools WebSocket Command: Runtime.evaluate (id=26) (session_id=43A1723E6C1E73374116C0A93953C6AC) F2976C62E4DCE76891DD6D12CE8213FE {
   "expression": "1"
}
[1741347426.256][DEBUG]: DevTools WebSocket Response: Runtime.evaluate (id=26) (session_id=43A1723E6C1E73374116C0A93953C6AC) F2976C62E4DCE76891DD6D12CE8213FE {
   "result": {
      "description": "1",
      "type": "number",
      "value": 1
   }
}
[1741347426.331][DEBUG]: DevTools WebSocket Event: Page.frameResized (session_id=43A1723E6C1E73374116C0A93953C6AC) F2976C62E4DCE76891DD6D12CE8213FE {
}
[1741347426.331][DEBUG]: DevTools WebSocket Command: Runtime.evaluate (id=27) (session_id=43A1723E6C1E73374116C0A93953C6AC) F2976C62E4DCE76891DD6D12CE8213FE {
   "expression": "1"
}
[1741347426.333][DEBUG]: DevTools WebSocket Response: Runtime.evaluate (id=27) (session_id=43A1723E6C1E73374116C0A93953C6AC) F2976C62E4DCE76891DD6D12CE8213FE {
   "result": {
      "description": "1",
      "type": "number",
      "value": 1
   }
}
[1741347426.512][DEBUG]: DevTools WebSocket Event: Page.frameAttached (session_id=43A1723E6C1E73374116C0A93953C6AC) F2976C62E4DCE76891DD6D12CE8213FE {
   "frameId": "3890F6AD04D35CF5BE95C773ED57B9C5",
   "parentFrameId": "F2976C62E4DCE76891DD6D12CE8213FE",
   "stack": {
      "callFrames": [ {
         "columnNumber": 441,
         "functionName": "vc",
         "lineNumber": 109,
         "scriptId": "17",
         "url": "https://www.googletagmanager.com/gtm.js?id=GTM-W957B3K7"
      }, {
         "columnNumber": 483,
         "functionName": "h.Wm",
         "lineNumber": 467,
         "scriptId": "17",
         "url": "https://www.googletagmanager.com/gtm.js?id=GTM-W957B3K7"
      }, {
         "columnNumber": 143,
         "functionName": "",
         "lineNumber": 467,
         "scriptId": "17",
         "url": "https://www.googletagmanager.com/gtm.js?id=GTM-W957B3K7"
      }, {
         "columnNumber": 21492,
         "functionName": "P.\u003Ccomputed>",
         "lineNumber": 0,
         "scriptId": "21",
         "url": "https://maas-uat.futurework.com.sa/polyfills-FFHMD2TL.js"
      }, {
         "columnNumber": 7067,
         "functionName": "invokeTask",
         "lineNumber": 0,
         "scriptId": "21",
         "url": "https://maas-uat.futurework.com.sa/polyfills-FFHMD2TL.js"
      }, {
         "columnNumber": 2374,
         "functionName": "runTask",
         "lineNumber": 0,
         "scriptId": "21",
         "url": "https://maas-uat.futurework.com.sa/polyfills-FFHMD2TL.js"
      }, {
         "columnNumber": 8143,
         "functionName": "invokeTask",
         "lineNumber": 0,
         "scriptId": "21",
         "url": "https://maas-uat.futurework.com.sa/polyfills-FFHMD2TL.js"
      }, {
         "columnNumber": 8044,
         "functionName": "E.g.useG.invoke",
         "lineNumber": 0,
         "scriptId": "21",
         "url": "https://maas-uat.futurework.com.sa/polyfills-FFHMD2TL.js"
      }, {
         "columnNumber": 21122,
         "functionName": "T._.args.\u003Ccomputed>",
         "lineNumber": 0,
         "scriptId": "21",
         "url": "https://maas-uat.futurework.com.sa/polyfills-FFHMD2TL.js"
      } ]
   }
}
[1741347426.512][DEBUG]: DevTools WebSocket Command: Runtime.evaluate (id=28) (session_id=43A1723E6C1E73374116C0A93953C6AC) F2976C62E4DCE76891DD6D12CE8213FE {
   "expression": "1"
}
[1741347426.512][DEBUG]: DevTools WebSocket Event: Page.frameStartedLoading (session_id=43A1723E6C1E73374116C0A93953C6AC) F2976C62E4DCE76891DD6D12CE8213FE {
   "frameId": "3890F6AD04D35CF5BE95C773ED57B9C5"
}
[1741347426.517][DEBUG]: DevTools WebSocket Event: Page.frameNavigated (session_id=43A1723E6C1E73374116C0A93953C6AC) F2976C62E4DCE76891DD6D12CE8213FE {
   "frame": {
      "adFrameStatus": {
         "adFrameType": "none",
         "explanations": [  ]
      },
      "crossOriginIsolatedContextType": "NotIsolated",
      "domainAndRegistry": "",
      "gatedAPIFeatures": [  ],
      "id": "3890F6AD04D35CF5BE95C773ED57B9C5",
      "loaderId": "C25B6F66CDE8EE90110464A4620C0521",
      "mimeType": "text/html",
      "name": "",
      "parentId": "F2976C62E4DCE76891DD6D12CE8213FE",
      "secureContextType": "Secure",
      "securityOrigin": "://",
      "url": "about:blank"
   },
   "type": "Navigation"
}
[1741347426.517][DEBUG]: DevTools WebSocket Event: Runtime.executionContextCreated (session_id=43A1723E6C1E73374116C0A93953C6AC) F2976C62E4DCE76891DD6D12CE8213FE {
   "context": {
      "auxData": {
         "frameId": "3890F6AD04D35CF5BE95C773ED57B9C5",
         "isDefault": true,
         "type": "default"
      },
      "id": 2,
      "name": "",
      "origin": "https://maas-uat.futurework.com.sa",
      "uniqueId": "2091879929775780282.-86576287034674723"
   }
}
[1741347426.517][DEBUG]: DevTools WebSocket Event: Page.frameStoppedLoading (session_id=43A1723E6C1E73374116C0A93953C6AC) F2976C62E4DCE76891DD6D12CE8213FE {
   "frameId": "3890F6AD04D35CF5BE95C773ED57B9C5"
}
[1741347426.519][DEBUG]: DevTools WebSocket Event: Page.frameAttached (session_id=43A1723E6C1E73374116C0A93953C6AC) F2976C62E4DCE76891DD6D12CE8213FE {
   "frameId": "83A3512841C5E8AA2EFE174BC82DC43A",
   "parentFrameId": "3890F6AD04D35CF5BE95C773ED57B9C5",
   "stack": {
      "callFrames": [ {
         "columnNumber": 263,
         "functionName": "q",
         "lineNumber": 468,
         "scriptId": "17",
         "url": "https://www.googletagmanager.com/gtm.js?id=GTM-W957B3K7"
      }, {
         "columnNumber": 489,
         "functionName": "h.Wm",
         "lineNumber": 468,
         "scriptId": "17",
         "url": "https://www.googletagmanager.com/gtm.js?id=GTM-W957B3K7"
      }, {
         "columnNumber": 143,
         "functionName": "",
         "lineNumber": 467,
         "scriptId": "17",
         "url": "https://www.googletagmanager.com/gtm.js?id=GTM-W957B3K7"
      }, {
         "columnNumber": 21492,
         "functionName": "P.\u003Ccomputed>",
         "lineNumber": 0,
         "scriptId": "21",
         "url": "https://maas-uat.futurework.com.sa/polyfills-FFHMD2TL.js"
      }, {
         "columnNumber": 7067,
         "functionName": "invokeTask",
         "lineNumber": 0,
         "scriptId": "21",
         "url": "https://maas-uat.futurework.com.sa/polyfills-FFHMD2TL.js"
      }, {
         "columnNumber": 2374,
         "functionName": "runTask",
         "lineNumber": 0,
         "scriptId": "21",
         "url": "https://maas-uat.futurework.com.sa/polyfills-FFHMD2TL.js"
      }, {
         "columnNumber": 8143,
         "functionName": "invokeTask",
         "lineNumber": 0,
         "scriptId": "21",
         "url": "https://maas-uat.futurework.com.sa/polyfills-FFHMD2TL.js"
      }, {
         "columnNumber": 8044,
         "functionName": "E.g.useG.invoke",
         "lineNumber": 0,
         "scriptId": "21",
         "url": "https://maas-uat.futurework.com.sa/polyfills-FFHMD2TL.js"
      }, {
         "columnNumber": 21122,
         "functionName": "T._.args.\u003Ccomputed>",
         "lineNumber": 0,
         "scriptId": "21",
         "url": "https://maas-uat.futurework.com.sa/polyfills-FFHMD2TL.js"
      } ]
   }
}
[1741347426.520][DEBUG]: DevTools WebSocket Event: Page.frameStartedLoading (session_id=43A1723E6C1E73374116C0A93953C6AC) F2976C62E4DCE76891DD6D12CE8213FE {
   "frameId": "83A3512841C5E8AA2EFE174BC82DC43A"
}
[1741347426.524][DEBUG]: DevTools WebSocket Response: Runtime.evaluate (id=28) (session_id=43A1723E6C1E73374116C0A93953C6AC) F2976C62E4DCE76891DD6D12CE8213FE {
   "result": {
      "description": "1",
      "type": "number",
      "value": 1
   }
}
[1741347426.784][DEBUG]: DevTools WebSocket Event: Target.attachedToTarget (session_id=43A1723E6C1E73374116C0A93953C6AC) F2976C62E4DCE76891DD6D12CE8213FE {
   "sessionId": "4E64800FFE3760B84294C32040C77BE1",
   "targetInfo": {
      "attached": true,
      "browserContextId": "536FAD72576695AD3FC43F08F5220E63",
      "canAccessOpener": false,
      "targetId": "83A3512841C5E8AA2EFE174BC82DC43A",
      "title": "",
      "type": "iframe",
      "url": ""
   },
   "waitingForDebugger": false
}
[1741347426.784][DEBUG]: DevTools WebSocket Command: Page.addScriptToEvaluateOnNewDocument (id=29) (session_id=4E64800FFE3760B84294C32040C77BE1) 4E64800FFE3760B84294C32040C77BE1 {
   "source": "(function () {window.cdc_adoQpoasnfa76pfcZLmcfl_Array = window.Array;window.cdc_adoQpoasnfa76pfcZLmcfl_Object = window.Object;window.cdc_adoQpoasnfa76pfcZLmcfl_Promise = window.Promise;window.cdc_a..."
}
[1741347426.785][DEBUG]: DevTools WebSocket Command: Runtime.evaluate (id=30) (session_id=4E64800FFE3760B84294C32040C77BE1) 4E64800FFE3760B84294C32040C77BE1 {
   "expression": "(function () {window.cdc_adoQpoasnfa76pfcZLmcfl_Array = window.Array;window.cdc_adoQpoasnfa76pfcZLmcfl_Object = window.Object;window.cdc_adoQpoasnfa76pfcZLmcfl_Promise = window.Promise;window.cdc_a..."
}
[1741347426.785][DEBUG]: DevTools WebSocket Command: Target.setAutoAttach (id=31) (session_id=4E64800FFE3760B84294C32040C77BE1) 4E64800FFE3760B84294C32040C77BE1 {
   "autoAttach": true,
   "flatten": true,
   "waitForDebuggerOnStart": false
}
[1741347426.785][DEBUG]: DevTools WebSocket Command: Page.enable (id=32) (session_id=4E64800FFE3760B84294C32040C77BE1) 4E64800FFE3760B84294C32040C77BE1 {
}
[1741347426.785][DEBUG]: DevTools WebSocket Command: Page.enable (id=33) (session_id=43A1723E6C1E73374116C0A93953C6AC) F2976C62E4DCE76891DD6D12CE8213FE {
}
[1741347426.792][DEBUG]: DevTools WebSocket Event: Target.targetInfoChanged (session_id=43A1723E6C1E73374116C0A93953C6AC) F2976C62E4DCE76891DD6D12CE8213FE {
   "targetInfo": {
      "attached": true,
      "browserContextId": "536FAD72576695AD3FC43F08F5220E63",
      "canAccessOpener": false,
      "targetId": "83A3512841C5E8AA2EFE174BC82DC43A",
      "title": "https://www.googletagmanager.com/static/service_worker/5230/sw_iframe.html?origin=https%3A%2F%2Fmaas-uat.futurework.com.sa",
      "type": "iframe",
      "url": "https://www.googletagmanager.com/static/service_worker/5230/sw_iframe.html?origin=https%3A%2F%2Fmaas-uat.futurework.com.sa"
   }
}
[1741347426.800][DEBUG]: DevTools WebSocket Response: Page.addScriptToEvaluateOnNewDocument (id=29) (session_id=4E64800FFE3760B84294C32040C77BE1) 4E64800FFE3760B84294C32040C77BE1 {
   "identifier": "1"
}
[1741347426.801][DEBUG]: DevTools WebSocket Response: Runtime.evaluate (id=30) (session_id=4E64800FFE3760B84294C32040C77BE1) 4E64800FFE3760B84294C32040C77BE1 {
   "result": {
      "type": "undefined"
   }
}
[1741347426.801][DEBUG]: DevTools WebSocket Response: Target.setAutoAttach (id=31) (session_id=4E64800FFE3760B84294C32040C77BE1) 4E64800FFE3760B84294C32040C77BE1 {
}
[1741347426.801][DEBUG]: DevTools WebSocket Response: Page.enable (id=32) (session_id=4E64800FFE3760B84294C32040C77BE1) 4E64800FFE3760B84294C32040C77BE1 {
}
[1741347426.813][DEBUG]: DevTools WebSocket Event: Page.loadEventFired (session_id=4E64800FFE3760B84294C32040C77BE1) 4E64800FFE3760B84294C32040C77BE1 {
   "timestamp": 49839.518569
}
[1741347426.813][DEBUG]: DevTools WebSocket Event: Page.frameStoppedLoading (session_id=4E64800FFE3760B84294C32040C77BE1) 4E64800FFE3760B84294C32040C77BE1 {
   "frameId": "83A3512841C5E8AA2EFE174BC82DC43A"
}
[1741347426.814][DEBUG]: DevTools WebSocket Event: Page.domContentEventFired (session_id=4E64800FFE3760B84294C32040C77BE1) 4E64800FFE3760B84294C32040C77BE1 {
   "timestamp": 49839.52093
}
[1741347426.832][DEBUG]: DevTools WebSocket Event: Log.entryAdded (session_id=43A1723E6C1E73374116C0A93953C6AC) F2976C62E4DCE76891DD6D12CE8213FE {
   "entry": {
      "level": "warning",
      "lineNumber": 291,
      "source": "other",
      "stackTrace": {
         "callFrames": [ {
            "columnNumber": 619,
            "functionName": "",
            "lineNumber": 291,
            "scriptId": "37",
            "url": "https://connect.facebook.net/en_US/fbevents.js"
         }, {
            "columnNumber": 1052,
            "functionName": "value",
            "lineNumber": 169,
            "scriptId": "37",
            "url": "https://connect.facebook.net/en_US/fbevents.js"
         }, {
            "columnNumber": 1310,
            "functionName": "value",
            "lineNumber": 169,
            "scriptId": "37",
            "url": "https://connect.facebook.net/en_US/fbevents.js"
         }, {
            "columnNumber": 12836,
            "functionName": "Fa.a.loadPlugin",
            "lineNumber": 314,
            "scriptId": "37",
            "url": "https://connect.facebook.net/en_US/fbevents.js"
         }, {
            "columnNumber": 4,
            "functionName": "plugin",
            "lineNumber": 319,
            "scriptId": "37",
            "url": "https://connect.facebook.net/en_US/fbevents.js"
         }, {
            "columnNumber": 1052,
            "functionName": "value",
            "lineNumber": 169,
            "scriptId": "37",
            "url": "https://connect.facebook.net/en_US/fbevents.js"
         }, {
            "columnNumber": 12884,
            "functionName": "Fa.a.registerPlugin",
            "lineNumber": 314,
            "scriptId": "37",
            "url": "https://connect.facebook.net/en_US/fbevents.js"
         }, {
            "columnNumber": 4,
            "functionName": "",
            "lineNumber": 317,
            "scriptId": "37",
            "url": "https://connect.facebook.net/en_US/fbevents.js"
         } ]
      },
      "text": "Unrecognized feature: 'attribution-reporting'.",
      "timestamp": 1.741347426835241e+12,
      "url": "https://connect.facebook.net/en_US/fbevents.js"
   }
}
[1741347426.841][DEBUG]: DevTools WebSocket Event: Target.attachedToTarget (session_id=43A1723E6C1E73374116C0A93953C6AC) F2976C62E4DCE76891DD6D12CE8213FE {
   "sessionId": "B2705DCE06CB20B3030F06318EC35982",
   "targetInfo": {
      "attached": true,
      "browserContextId": "536FAD72576695AD3FC43F08F5220E63",
      "canAccessOpener": false,
      "targetId": "04812C6A6C17524D7514E50A12E7D68B",
      "title": "Service Worker https://www.googletagmanager.com/static/service_worker/5230/sw.js?origin=https%3A%2F%2Fmaas-uat.futurework.com.sa",
      "type": "service_worker",
      "url": "https://www.googletagmanager.com/static/service_worker/5230/sw.js?origin=https%3A%2F%2Fmaas-uat.futurework.com.sa"
   },
   "waitingForDebugger": false
}
[1741347426.842][DEBUG]: DevTools WebSocket Response: Page.enable (id=33) (session_id=43A1723E6C1E73374116C0A93953C6AC) F2976C62E4DCE76891DD6D12CE8213FE {
}
[1741347426.842][DEBUG]: DevTools WebSocket Command: Runtime.enable (id=34) (session_id=4E64800FFE3760B84294C32040C77BE1) 4E64800FFE3760B84294C32040C77BE1 {
}
[1741347426.844][DEBUG]: DevTools WebSocket Event: Page.frameStoppedLoading (session_id=43A1723E6C1E73374116C0A93953C6AC) F2976C62E4DCE76891DD6D12CE8213FE {
   "frameId": "83A3512841C5E8AA2EFE174BC82DC43A"
}
[1741347426.846][DEBUG]: DevTools WebSocket Event: Runtime.executionContextCreated (session_id=4E64800FFE3760B84294C32040C77BE1) 4E64800FFE3760B84294C32040C77BE1 {
   "context": {
      "auxData": {
         "frameId": "83A3512841C5E8AA2EFE174BC82DC43A",
         "isDefault": true,
         "type": "default"
      },
      "id": 1,
      "name": "",
      "origin": "https://www.googletagmanager.com",
      "uniqueId": "-7062833567386013230.-5472231146535787106"
   }
}
[1741347426.846][DEBUG]: DevTools WebSocket Response: Runtime.enable (id=34) (session_id=4E64800FFE3760B84294C32040C77BE1) 4E64800FFE3760B84294C32040C77BE1 {
}
[1741347426.846][DEBUG]: DevTools WebSocket Command: Page.enable (id=35) (session_id=4E64800FFE3760B84294C32040C77BE1) 4E64800FFE3760B84294C32040C77BE1 {
}
[1741347426.846][DEBUG]: DevTools WebSocket Event: Page.frameDetached (session_id=43A1723E6C1E73374116C0A93953C6AC) F2976C62E4DCE76891DD6D12CE8213FE {
   "frameId": "83A3512841C5E8AA2EFE174BC82DC43A",
   "reason": "swap"
}
[1741347426.851][DEBUG]: DevTools WebSocket Response: Page.enable (id=35) (session_id=4E64800FFE3760B84294C32040C77BE1) 4E64800FFE3760B84294C32040C77BE1 {
}
[1741347426.851][DEBUG]: DevTools WebSocket Command: Runtime.evaluate (id=36) (session_id=43A1723E6C1E73374116C0A93953C6AC) F2976C62E4DCE76891DD6D12CE8213FE {
   "expression": "1"
}
[1741347426.853][DEBUG]: DevTools WebSocket Response: Runtime.evaluate (id=36) (session_id=43A1723E6C1E73374116C0A93953C6AC) F2976C62E4DCE76891DD6D12CE8213FE {
   "result": {
      "description": "1",
      "type": "number",
      "value": 1
   }
}
[1741347426.853][DEBUG]: DevTools WebSocket Command: Runtime.evaluate (id=37) (session_id=43A1723E6C1E73374116C0A93953C6AC) F2976C62E4DCE76891DD6D12CE8213FE {
   "expression": "document",
   "objectGroup": "0a546e2a-edf9-41fc-a1f3-45d2a98b6c76"
}
[1741347426.855][DEBUG]: DevTools WebSocket Response: Runtime.evaluate (id=37) (session_id=43A1723E6C1E73374116C0A93953C6AC) F2976C62E4DCE76891DD6D12CE8213FE {
   "result": {
      "className": "HTMLDocument",
      "description": "#document",
      "objectId": "5920981833020314707.1.1",
      "subtype": "node",
      "type": "object"
   }
}
[1741347426.855][DEBUG]: DevTools WebSocket Command: DOM.describeNode (id=38) (session_id=43A1723E6C1E73374116C0A93953C6AC) F2976C62E4DCE76891DD6D12CE8213FE {
   "objectId": "5920981833020314707.1.1"
}
[1741347426.857][DEBUG]: DevTools WebSocket Response: DOM.describeNode (id=38) (session_id=43A1723E6C1E73374116C0A93953C6AC) F2976C62E4DCE76891DD6D12CE8213FE {
   "node": {
      "backendNodeId": 1,
      "baseURL": "https://maas-uat.futurework.com.sa/",
      "childNodeCount": 2,
      "compatibilityMode": "NoQuirksMode",
      "documentURL": "https://maas-uat.futurework.com.sa/login",
      "localName": "",
      "nodeId": 0,
      "nodeName": "#document",
      "nodeType": 9,
      "nodeValue": "",
      "xmlVersion": ""
   }
}
[1741347426.857][DEBUG]: DevTools WebSocket Command: Runtime.releaseObjectGroup (id=39) (session_id=43A1723E6C1E73374116C0A93953C6AC) F2976C62E4DCE76891DD6D12CE8213FE {
   "objectGroup": "0a546e2a-edf9-41fc-a1f3-45d2a98b6c76"
}
[1741347426.857][DEBUG]: DevTools WebSocket Command: Runtime.evaluate (id=40) (session_id=43A1723E6C1E73374116C0A93953C6AC) F2976C62E4DCE76891DD6D12CE8213FE {
   "awaitPromise": false,
   "expression": "document.readyState",
   "returnByValue": true,
   "uniqueContextId": "-6942648794307042400.-7805452207504835363"
}
[1741347426.858][DEBUG]: DevTools WebSocket Response: Runtime.releaseObjectGroup (id=39) (session_id=43A1723E6C1E73374116C0A93953C6AC) F2976C62E4DCE76891DD6D12CE8213FE {
}
[1741347426.858][DEBUG]: DevTools WebSocket Response: Runtime.evaluate (id=40) (session_id=43A1723E6C1E73374116C0A93953C6AC) F2976C62E4DCE76891DD6D12CE8213FE {
   "result": {
      "type": "string",
      "value": "interactive"
   }
}
[1741347427.207][DEBUG]: DevTools WebSocket Event: Page.domContentEventFired (session_id=43A1723E6C1E73374116C0A93953C6AC) F2976C62E4DCE76891DD6D12CE8213FE {
   "timestamp": 49839.913923
}
[1741347427.207][DEBUG]: DevTools WebSocket Command: Runtime.evaluate (id=41) (session_id=43A1723E6C1E73374116C0A93953C6AC) F2976C62E4DCE76891DD6D12CE8213FE {
   "expression": "1"
}
[1741347427.218][DEBUG]: DevTools WebSocket Response: Runtime.evaluate (id=41) (session_id=43A1723E6C1E73374116C0A93953C6AC) F2976C62E4DCE76891DD6D12CE8213FE {
   "result": {
      "description": "1",
      "type": "number",
      "value": 1
   }
}
[1741347427.727][DEBUG]: DevTools WebSocket Command: Runtime.evaluate (id=42) (session_id=43A1723E6C1E73374116C0A93953C6AC) F2976C62E4DCE76891DD6D12CE8213FE {
   "expression": "1"
}
[1741347427.729][DEBUG]: DevTools WebSocket Response: Runtime.evaluate (id=42) (session_id=43A1723E6C1E73374116C0A93953C6AC) F2976C62E4DCE76891DD6D12CE8213FE {
   "result": {
      "description": "1",
      "type": "number",
      "value": 1
   }
}
[1741347427.864][DEBUG]: DevTools WebSocket Event: Page.navigatedWithinDocument (session_id=43A1723E6C1E73374116C0A93953C6AC) F2976C62E4DCE76891DD6D12CE8213FE {
   "frameId": "F2976C62E4DCE76891DD6D12CE8213FE",
   "url": "https://maas-uat.futurework.com.sa/login"
}
[1741347427.864][DEBUG]: DevTools WebSocket Command: Runtime.evaluate (id=43) (session_id=43A1723E6C1E73374116C0A93953C6AC) F2976C62E4DCE76891DD6D12CE8213FE {
   "expression": "1"
}
[1741347427.888][DEBUG]: DevTools WebSocket Response: Runtime.evaluate (id=43) (session_id=43A1723E6C1E73374116C0A93953C6AC) F2976C62E4DCE76891DD6D12CE8213FE {
   "result": {
      "description": "1",
      "type": "number",
      "value": 1
   }
}
[1741347427.894][DEBUG]: DevTools WebSocket Event: Log.entryAdded (session_id=43A1723E6C1E73374116C0A93953C6AC) F2976C62E4DCE76891DD6D12CE8213FE {
   "entry": {
      "args": [ {
         "className": "HTMLInputElement",
         "description": "input.form-control.border-0.ng-untouched.ng-pristine.ng-invalid",
         "objectId": "5920981833020314707.1.2",
         "subtype": "node",
         "type": "object"
      } ],
      "level": "verbose",
      "source": "recommendation",
      "text": "[DOM] Input elements should have autocomplete attributes (suggested: \"current-password\"): (More info: https://goo.gl/9p2vKq) %o",
      "timestamp": 1.741347427895577e+12,
      "url": "https://maas-uat.futurework.com.sa/login"
   }
}
[1741347427.894][DEBUG]: DevTools WebSocket Command: Runtime.evaluate (id=44) (session_id=43A1723E6C1E73374116C0A93953C6AC) F2976C62E4DCE76891DD6D12CE8213FE {
   "expression": "1"
}
[1741347427.895][DEBUG]: DevTools WebSocket Response: Runtime.evaluate (id=44) (session_id=43A1723E6C1E73374116C0A93953C6AC) F2976C62E4DCE76891DD6D12CE8213FE {
   "result": {
      "description": "1",
      "type": "number",
      "value": 1
   }
}
[1741347427.922][DEBUG]: DevTools WebSocket Event: Page.frameAttached (session_id=43A1723E6C1E73374116C0A93953C6AC) F2976C62E4DCE76891DD6D12CE8213FE {
   "frameId": "A4B93062EDE213F4A156D9C1B2BE2FF0",
   "parentFrameId": "F2976C62E4DCE76891DD6D12CE8213FE",
   "stack": {
      "callFrames": [ {
         "columnNumber": 147083,
         "functionName": "",
         "lineNumber": 3,
         "scriptId": "53",
         "url": "https://script.hotjar.com/modules.ef5986d046c68a8c77c1.js"
      }, {
         "columnNumber": 147101,
         "functionName": "s",
         "lineNumber": 3,
         "scriptId": "53",
         "url": "https://script.hotjar.com/modules.ef5986d046c68a8c77c1.js"
      }, {
         "columnNumber": 146165,
         "functionName": "7698",
         "lineNumber": 3,
         "scriptId": "53",
         "url": "https://script.hotjar.com/modules.ef5986d046c68a8c77c1.js"
      }, {
         "columnNumber": 227093,
         "functionName": "n",
         "lineNumber": 3,
         "scriptId": "53",
         "url": "https://script.hotjar.com/modules.ef5986d046c68a8c77c1.js"
      }, {
         "columnNumber": 144721,
         "functionName": "1469",
         "lineNumber": 3,
         "scriptId": "53",
         "url": "https://script.hotjar.com/modules.ef5986d046c68a8c77c1.js"
      }, {
         "columnNumber": 227093,
         "functionName": "n",
         "lineNumber": 3,
         "scriptId": "53",
         "url": "https://script.hotjar.com/modules.ef5986d046c68a8c77c1.js"
      }, {
         "columnNumber": 75901,
         "functionName": "4931",
         "lineNumber": 3,
         "scriptId": "53",
         "url": "https://script.hotjar.com/modules.ef5986d046c68a8c77c1.js"
      }, {
         "columnNumber": 227093,
         "functionName": "n",
         "lineNumber": 3,
         "scriptId": "53",
         "url": "https://script.hotjar.com/modules.ef5986d046c68a8c77c1.js"
      }, {
         "columnNumber": 228294,
         "functionName": "",
         "lineNumber": 3,
         "scriptId": "53",
         "url": "https://script.hotjar.com/modules.ef5986d046c68a8c77c1.js"
      }, {
         "columnNumber": 228487,
         "functionName": "",
         "lineNumber": 3,
         "scriptId": "53",
         "url": "https://script.hotjar.com/modules.ef5986d046c68a8c77c1.js"
      }, {
         "columnNumber": 228490,
         "functionName": "",
         "lineNumber": 3,
         "scriptId": "53",
         "url": "https://script.hotjar.com/modules.ef5986d046c68a8c77c1.js"
      } ]
   }
}
[1741347427.922][DEBUG]: DevTools WebSocket Command: Runtime.evaluate (id=45) (session_id=43A1723E6C1E73374116C0A93953C6AC) F2976C62E4DCE76891DD6D12CE8213FE {
   "expression": "1"
}
[1741347427.922][DEBUG]: DevTools WebSocket Event: Page.frameStartedLoading (session_id=43A1723E6C1E73374116C0A93953C6AC) F2976C62E4DCE76891DD6D12CE8213FE {
   "frameId": "A4B93062EDE213F4A156D9C1B2BE2FF0"
}
[1741347427.926][DEBUG]: DevTools WebSocket Event: Page.frameNavigated (session_id=43A1723E6C1E73374116C0A93953C6AC) F2976C62E4DCE76891DD6D12CE8213FE {
   "frame": {
      "adFrameStatus": {
         "adFrameType": "none",
         "explanations": [  ]
      },
      "crossOriginIsolatedContextType": "NotIsolated",
      "domainAndRegistry": "",
      "gatedAPIFeatures": [  ],
      "id": "A4B93062EDE213F4A156D9C1B2BE2FF0",
      "loaderId": "247B497CF9EF70A43751A730016B6DF5",
      "mimeType": "text/html",
      "name": "_hjSafeContext_76188799",
      "parentId": "F2976C62E4DCE76891DD6D12CE8213FE",
      "secureContextType": "Secure",
      "securityOrigin": "://",
      "url": "about:blank"
   },
   "type": "Navigation"
}
[1741347427.926][DEBUG]: DevTools WebSocket Event: Runtime.executionContextCreated (session_id=43A1723E6C1E73374116C0A93953C6AC) F2976C62E4DCE76891DD6D12CE8213FE {
   "context": {
      "auxData": {
         "frameId": "A4B93062EDE213F4A156D9C1B2BE2FF0",
         "isDefault": true,
         "type": "default"
      },
      "id": 3,
      "name": "",
      "origin": "https://maas-uat.futurework.com.sa",
      "uniqueId": "7008314599211071489.-3233207629561669083"
   }
}
[1741347427.926][DEBUG]: DevTools WebSocket Event: Page.frameStoppedLoading (session_id=43A1723E6C1E73374116C0A93953C6AC) F2976C62E4DCE76891DD6D12CE8213FE {
   "frameId": "A4B93062EDE213F4A156D9C1B2BE2FF0"
}
[1741347427.979][DEBUG]: DevTools WebSocket Response: Runtime.evaluate (id=45) (session_id=43A1723E6C1E73374116C0A93953C6AC) F2976C62E4DCE76891DD6D12CE8213FE {
   "result": {
      "description": "1",
      "type": "number",
      "value": 1
   }
}
[1741347428.394][DEBUG]: DevTools WebSocket Event: Page.loadEventFired (session_id=43A1723E6C1E73374116C0A93953C6AC) F2976C62E4DCE76891DD6D12CE8213FE {
   "timestamp": 49841.096881
}
[1741347428.395][DEBUG]: DevTools WebSocket Command: Runtime.evaluate (id=46) (session_id=43A1723E6C1E73374116C0A93953C6AC) F2976C62E4DCE76891DD6D12CE8213FE {
   "awaitPromise": false,
   "expression": "document.readyState",
   "returnByValue": true,
   "uniqueContextId": "-6942648794307042400.-7805452207504835363"
}
[1741347428.395][DEBUG]: DevTools WebSocket Event: Page.frameStoppedLoading (session_id=43A1723E6C1E73374116C0A93953C6AC) F2976C62E4DCE76891DD6D12CE8213FE {
   "frameId": "F2976C62E4DCE76891DD6D12CE8213FE"
}
[1741347428.400][DEBUG]: DevTools WebSocket Response: Runtime.evaluate (id=46) (session_id=43A1723E6C1E73374116C0A93953C6AC) F2976C62E4DCE76891DD6D12CE8213FE {
   "result": {
      "type": "string",
      "value": "complete"
   }
}
[1741347428.401][DEBUG]: DevTools WebSocket Command: Runtime.evaluate (id=47) (session_id=43A1723E6C1E73374116C0A93953C6AC) F2976C62E4DCE76891DD6D12CE8213FE {
   "expression": "1"
}
[1741347428.403][DEBUG]: DevTools WebSocket Response: Runtime.evaluate (id=47) (session_id=43A1723E6C1E73374116C0A93953C6AC) F2976C62E4DCE76891DD6D12CE8213FE {
   "result": {
      "description": "1",
      "type": "number",
      "value": 1
   }
}
[1741347428.403][INFO]: Done waiting for pending navigations. Status: ok
[1741347428.403][INFO]: [c370eba2140c99957d9312d8f3895bcc] RESPONSE Navigate
[1741347428.471][INFO]: [c370eba2140c99957d9312d8f3895bcc] COMMAND FindElement {
   "using": "xpath",
   "value": "//*[@id='navbarSupportedContent']//button[contains(@class, 'mx-2') and contains(@class, 'btn') and contains(@class, 'lang-btn')]"
}
[1741347428.471][INFO]: Waiting for pending navigations...
[1741347428.472][DEBUG]: DevTools WebSocket Command: Runtime.evaluate (id=48) (session_id=43A1723E6C1E73374116C0A93953C6AC) F2976C62E4DCE76891DD6D12CE8213FE {
   "expression": "1"
}
[1741347428.474][DEBUG]: DevTools WebSocket Response: Runtime.evaluate (id=48) (session_id=43A1723E6C1E73374116C0A93953C6AC) F2976C62E4DCE76891DD6D12CE8213FE {
   "result": {
      "description": "1",
      "type": "number",
      "value": 1
   }
}
[1741347428.474][INFO]: Done waiting for pending navigations. Status: ok
[1741347428.476][DEBUG]: DevTools WebSocket Command: Page.getFrameTree (id=49) (session_id=43A1723E6C1E73374116C0A93953C6AC) F2976C62E4DCE76891DD6D12CE8213FE {
}
[1741347428.479][DEBUG]: DevTools WebSocket Response: Page.getFrameTree (id=49) (session_id=43A1723E6C1E73374116C0A93953C6AC) F2976C62E4DCE76891DD6D12CE8213FE {
   "frameTree": {
      "childFrames": [ {
         "frame": {
            "adFrameStatus": {
               "adFrameType": "none",
               "explanations": [  ]
            },
            "crossOriginIsolatedContextType": "NotIsolated",
            "domainAndRegistry": "",
            "gatedAPIFeatures": [  ],
            "id": "3890F6AD04D35CF5BE95C773ED57B9C5",
            "loaderId": "C25B6F66CDE8EE90110464A4620C0521",
            "mimeType": "text/html",
            "name": "",
            "parentId": "F2976C62E4DCE76891DD6D12CE8213FE",
            "secureContextType": "Secure",
            "securityOrigin": "://",
            "url": "about:blank"
         }
      }, {
         "frame": {
            "adFrameStatus": {
               "adFrameType": "none",
               "explanations": [  ]
            },
            "crossOriginIsolatedContextType": "NotIsolated",
            "domainAndRegistry": "",
            "gatedAPIFeatures": [  ],
            "id": "A4B93062EDE213F4A156D9C1B2BE2FF0",
            "loaderId": "247B497CF9EF70A43751A730016B6DF5",
            "mimeType": "text/html",
            "name": "_hjSafeContext_76188799",
            "parentId": "F2976C62E4DCE76891DD6D12CE8213FE",
            "secureContextType": "Secure",
            "securityOrigin": "://",
            "url": "about:blank"
         }
      } ],
      "frame": {
         "adFrameStatus": {
            "adFrameType": "none"
         },
         "crossOriginIsolatedContextType": "NotIsolated",
         "domainAndRegistry": "futurework.com.sa",
         "gatedAPIFeatures": [  ],
         "id": "F2976C62E4DCE76891DD6D12CE8213FE",
         "loaderId": "DC1A08DD8B41A591E3882FCE01EACE13",
         "mimeType": "text/html",
         "secureContextType": "Secure",
         "securityOrigin": "https://maas-uat.futurework.com.sa",
         "url": "https://maas-uat.futurework.com.sa/login"
      }
   }
}
[1741347428.479][DEBUG]: DevTools WebSocket Command: Page.getFrameTree (id=50) (session_id=43A1723E6C1E73374116C0A93953C6AC) F2976C62E4DCE76891DD6D12CE8213FE {
}
[1741347428.483][DEBUG]: DevTools WebSocket Response: Page.getFrameTree (id=50) (session_id=43A1723E6C1E73374116C0A93953C6AC) F2976C62E4DCE76891DD6D12CE8213FE {
   "frameTree": {
      "childFrames": [ {
         "frame": {
            "adFrameStatus": {
               "adFrameType": "none",
               "explanations": [  ]
            },
            "crossOriginIsolatedContextType": "NotIsolated",
            "domainAndRegistry": "",
            "gatedAPIFeatures": [  ],
            "id": "3890F6AD04D35CF5BE95C773ED57B9C5",
            "loaderId": "C25B6F66CDE8EE90110464A4620C0521",
            "mimeType": "text/html",
            "name": "",
            "parentId": "F2976C62E4DCE76891DD6D12CE8213FE",
            "secureContextType": "Secure",
            "securityOrigin": "://",
            "url": "about:blank"
         }
      }, {
         "frame": {
            "adFrameStatus": {
               "adFrameType": "none",
               "explanations": [  ]
            },
            "crossOriginIsolatedContextType": "NotIsolated",
            "domainAndRegistry": "",
            "gatedAPIFeatures": [  ],
            "id": "A4B93062EDE213F4A156D9C1B2BE2FF0",
            "loaderId": "247B497CF9EF70A43751A730016B6DF5",
            "mimeType": "text/html",
            "name": "_hjSafeContext_76188799",
            "parentId": "F2976C62E4DCE76891DD6D12CE8213FE",
            "secureContextType": "Secure",
            "securityOrigin": "://",
            "url": "about:blank"
         }
      } ],
      "frame": {
         "adFrameStatus": {
            "adFrameType": "none"
         },
         "crossOriginIsolatedContextType": "NotIsolated",
         "domainAndRegistry": "futurework.com.sa",
         "gatedAPIFeatures": [  ],
         "id": "F2976C62E4DCE76891DD6D12CE8213FE",
         "loaderId": "DC1A08DD8B41A591E3882FCE01EACE13",
         "mimeType": "text/html",
         "secureContextType": "Secure",
         "securityOrigin": "https://maas-uat.futurework.com.sa",
         "url": "https://maas-uat.futurework.com.sa/login"
      }
   }
}
[1741347428.491][DEBUG]: DevTools WebSocket Command: Runtime.callFunctionOn (id=51) (session_id=43A1723E6C1E73374116C0A93953C6AC) F2976C62E4DCE76891DD6D12CE8213FE {
   "arguments": [  ],
   "awaitPromise": true,
   "functionDeclaration": "function(){ return (function() { // Copyright 2012 The Chromium Authors\n// Use of this source code is governed by a BSD-style license that can be\n// found in the LICENSE file.\n\n/**\n * Enum for WebD...",
   "generateWebDriverValue": true,
   "objectGroup": "e772ffe7-5fcb-43b5-84c6-a7f81f7822f5",
   "uniqueContextId": "-6942648794307042400.-7805452207504835363"
}
[1741347428.591][DEBUG]: DevTools WebSocket Response: Runtime.callFunctionOn (id=51) (session_id=43A1723E6C1E73374116C0A93953C6AC) F2976C62E4DCE76891DD6D12CE8213FE {
   "result": {
      "className": "Array",
      "description": "Array(2)",
      "objectId": "5920981833020314707.1.3",
      "subtype": "array",
      "type": "object",
      "webDriverValue": {
         "type": "array",
         "value": [ {
            "type": "string",
            "value": "{\"status\":0,\"value\":{\"element-6066-11e4-a52e-4f735466cecf\":0}}"
         }, {
            "type": "node",
            "value": {
               "attributes": {
                  "_ngcontent-ng-c1132783514": "",
                  "class": "mx-2 btn lang-btn"
               },
               "backendNodeId": 16,
               "childNodeCount": 1,
               "localName": "button",
               "namespaceURI": "http://www.w3.org/1999/xhtml",
               "nodeType": 1
            }
         } ]
      }
   }
}
[1741347428.591][DEBUG]: DevTools WebSocket Command: Runtime.releaseObjectGroup (id=52) (session_id=43A1723E6C1E73374116C0A93953C6AC) F2976C62E4DCE76891DD6D12CE8213FE {
   "objectGroup": "e772ffe7-5fcb-43b5-84c6-a7f81f7822f5"
}
[1741347428.591][INFO]: Waiting for pending navigations...
[1741347428.591][DEBUG]: DevTools WebSocket Command: Runtime.evaluate (id=53) (session_id=43A1723E6C1E73374116C0A93953C6AC) F2976C62E4DCE76891DD6D12CE8213FE {
   "expression": "1"
}
[1741347428.592][DEBUG]: DevTools WebSocket Response: Runtime.releaseObjectGroup (id=52) (session_id=43A1723E6C1E73374116C0A93953C6AC) F2976C62E4DCE76891DD6D12CE8213FE {
}
[1741347428.593][DEBUG]: DevTools WebSocket Response: Runtime.evaluate (id=53) (session_id=43A1723E6C1E73374116C0A93953C6AC) F2976C62E4DCE76891DD6D12CE8213FE {
   "result": {
      "description": "1",
      "type": "number",
      "value": 1
   }
}
[1741347428.593][INFO]: Done waiting for pending navigations. Status: ok
[1741347428.593][INFO]: [c370eba2140c99957d9312d8f3895bcc] RESPONSE FindElement {
   "element-6066-11e4-a52e-4f735466cecf": "DC1A08DD8B41A591E3882FCE01EACE13_element_16"
}
[1741347428.598][INFO]: [c370eba2140c99957d9312d8f3895bcc] COMMAND ClickElement {
   "id": "DC1A08DD8B41A591E3882FCE01EACE13_element_16"
}
[1741347428.598][INFO]: Waiting for pending navigations...
[1741347428.598][DEBUG]: DevTools WebSocket Command: Runtime.evaluate (id=54) (session_id=43A1723E6C1E73374116C0A93953C6AC) F2976C62E4DCE76891DD6D12CE8213FE {
   "expression": "1"
}
[1741347428.642][DEBUG]: DevTools WebSocket Response: Runtime.evaluate (id=54) (session_id=43A1723E6C1E73374116C0A93953C6AC) F2976C62E4DCE76891DD6D12CE8213FE {
   "result": {
      "description": "1",
      "type": "number",
      "value": 1
   }
}
[1741347428.642][INFO]: Done waiting for pending navigations. Status: ok
[1741347428.642][DEBUG]: DevTools WebSocket Command: Page.getFrameTree (id=55) (session_id=43A1723E6C1E73374116C0A93953C6AC) F2976C62E4DCE76891DD6D12CE8213FE {
}
[1741347428.644][DEBUG]: DevTools WebSocket Response: Page.getFrameTree (id=55) (session_id=43A1723E6C1E73374116C0A93953C6AC) F2976C62E4DCE76891DD6D12CE8213FE {
   "frameTree": {
      "childFrames": [ {
         "frame": {
            "adFrameStatus": {
               "adFrameType": "none",
               "explanations": [  ]
            },
            "crossOriginIsolatedContextType": "NotIsolated",
            "domainAndRegistry": "",
            "gatedAPIFeatures": [  ],
            "id": "3890F6AD04D35CF5BE95C773ED57B9C5",
            "loaderId": "C25B6F66CDE8EE90110464A4620C0521",
            "mimeType": "text/html",
            "name": "",
            "parentId": "F2976C62E4DCE76891DD6D12CE8213FE",
            "secureContextType": "Secure",
            "securityOrigin": "://",
            "url": "about:blank"
         }
      }, {
         "frame": {
            "adFrameStatus": {
               "adFrameType": "none",
               "explanations": [  ]
            },
            "crossOriginIsolatedContextType": "NotIsolated",
            "domainAndRegistry": "",
            "gatedAPIFeatures": [  ],
            "id": "A4B93062EDE213F4A156D9C1B2BE2FF0",
            "loaderId": "247B497CF9EF70A43751A730016B6DF5",
            "mimeType": "text/html",
            "name": "_hjSafeContext_76188799",
            "parentId": "F2976C62E4DCE76891DD6D12CE8213FE",
            "secureContextType": "Secure",
            "securityOrigin": "://",
            "url": "about:blank"
         }
      } ],
      "frame": {
         "adFrameStatus": {
            "adFrameType": "none"
         },
         "crossOriginIsolatedContextType": "NotIsolated",
         "domainAndRegistry": "futurework.com.sa",
         "gatedAPIFeatures": [  ],
         "id": "F2976C62E4DCE76891DD6D12CE8213FE",
         "loaderId": "DC1A08DD8B41A591E3882FCE01EACE13",
         "mimeType": "text/html",
         "secureContextType": "Secure",
         "securityOrigin": "https://maas-uat.futurework.com.sa",
         "url": "https://maas-uat.futurework.com.sa/login"
      }
   }
}
[1741347428.644][DEBUG]: DevTools WebSocket Command: DOM.resolveNode (id=56) (session_id=43A1723E6C1E73374116C0A93953C6AC) F2976C62E4DCE76891DD6D12CE8213FE {
   "backendNodeId": 16,
   "objectGroup": "26d219f0-8571-43f3-8861-4f571d86a6a8"
}
[1741347428.695][DEBUG]: DevTools WebSocket Response: DOM.resolveNode (id=56) (session_id=43A1723E6C1E73374116C0A93953C6AC) F2976C62E4DCE76891DD6D12CE8213FE {
   "object": {
      "className": "HTMLButtonElement",
      "description": "button.mx-2.btn.lang-btn",
      "objectId": "5920981833020314707.1.4",
      "subtype": "node",
      "type": "object"
   }
}
[1741347428.695][DEBUG]: DevTools WebSocket Command: Page.getFrameTree (id=57) (session_id=43A1723E6C1E73374116C0A93953C6AC) F2976C62E4DCE76891DD6D12CE8213FE {
}
[1741347428.696][DEBUG]: DevTools WebSocket Response: Page.getFrameTree (id=57) (session_id=43A1723E6C1E73374116C0A93953C6AC) F2976C62E4DCE76891DD6D12CE8213FE {
   "frameTree": {
      "childFrames": [ {
         "frame": {
            "adFrameStatus": {
               "adFrameType": "none",
               "explanations": [  ]
            },
            "crossOriginIsolatedContextType": "NotIsolated",
            "domainAndRegistry": "",
            "gatedAPIFeatures": [  ],
            "id": "3890F6AD04D35CF5BE95C773ED57B9C5",
            "loaderId": "C25B6F66CDE8EE90110464A4620C0521",
            "mimeType": "text/html",
            "name": "",
            "parentId": "F2976C62E4DCE76891DD6D12CE8213FE",
            "secureContextType": "Secure",
            "securityOrigin": "://",
            "url": "about:blank"
         }
      }, {
         "frame": {
            "adFrameStatus": {
               "adFrameType": "none",
               "explanations": [  ]
            },
            "crossOriginIsolatedContextType": "NotIsolated",
            "domainAndRegistry": "",
            "gatedAPIFeatures": [  ],
            "id": "A4B93062EDE213F4A156D9C1B2BE2FF0",
            "loaderId": "247B497CF9EF70A43751A730016B6DF5",
            "mimeType": "text/html",
            "name": "_hjSafeContext_76188799",
            "parentId": "F2976C62E4DCE76891DD6D12CE8213FE",
            "secureContextType": "Secure",
            "securityOrigin": "://",
            "url": "about:blank"
         }
      } ],
      "frame": {
         "adFrameStatus": {
            "adFrameType": "none"
         },
         "crossOriginIsolatedContextType": "NotIsolated",
         "domainAndRegistry": "futurework.com.sa",
         "gatedAPIFeatures": [  ],
         "id": "F2976C62E4DCE76891DD6D12CE8213FE",
         "loaderId": "DC1A08DD8B41A591E3882FCE01EACE13",
         "mimeType": "text/html",
         "secureContextType": "Secure",
         "securityOrigin": "https://maas-uat.futurework.com.sa",
         "url": "https://maas-uat.futurework.com.sa/login"
      }
   }
}
[1741347428.696][DEBUG]: DevTools WebSocket Command: Runtime.callFunctionOn (id=58) (session_id=43A1723E6C1E73374116C0A93953C6AC) F2976C62E4DCE76891DD6D12CE8213FE {
   "arguments": [ {
      "objectId": "5920981833020314707.1.4"
   } ],
   "awaitPromise": true,
   "functionDeclaration": "function(){ return (function() { // Copyright 2012 The Chromium Authors\n// Use of this source code is governed by a BSD-style license that can be\n// found in the LICENSE file.\n\n/**\n * Enum for WebD...",
   "generateWebDriverValue": true,
   "objectGroup": "26d219f0-8571-43f3-8861-4f571d86a6a8",
   "uniqueContextId": "-6942648794307042400.-7805452207504835363"
}
[1741347428.699][DEBUG]: DevTools WebSocket Response: Runtime.callFunctionOn (id=58) (session_id=43A1723E6C1E73374116C0A93953C6AC) F2976C62E4DCE76891DD6D12CE8213FE {
   "result": {
      "className": "Array",
      "description": "Array(1)",
      "objectId": "5920981833020314707.1.5",
      "subtype": "array",
      "type": "object",
      "webDriverValue": {
         "type": "array",
         "value": [ {
            "type": "string",
            "value": "{\"status\":0,\"value\":\"button\"}"
         } ]
      }
   }
}
[1741347428.699][DEBUG]: DevTools WebSocket Command: Runtime.releaseObjectGroup (id=59) (session_id=43A1723E6C1E73374116C0A93953C6AC) F2976C62E4DCE76891DD6D12CE8213FE {
   "objectGroup": "26d219f0-8571-43f3-8861-4f571d86a6a8"
}
[1741347428.699][DEBUG]: DevTools WebSocket Command: Page.getFrameTree (id=60) (session_id=43A1723E6C1E73374116C0A93953C6AC) F2976C62E4DCE76891DD6D12CE8213FE {
}
[1741347428.700][DEBUG]: DevTools WebSocket Response: Runtime.releaseObjectGroup (id=59) (session_id=43A1723E6C1E73374116C0A93953C6AC) F2976C62E4DCE76891DD6D12CE8213FE {
}
[1741347428.700][DEBUG]: DevTools WebSocket Response: Page.getFrameTree (id=60) (session_id=43A1723E6C1E73374116C0A93953C6AC) F2976C62E4DCE76891DD6D12CE8213FE {
   "frameTree": {
      "childFrames": [ {
         "frame": {
            "adFrameStatus": {
               "adFrameType": "none",
               "explanations": [  ]
            },
            "crossOriginIsolatedContextType": "NotIsolated",
            "domainAndRegistry": "",
            "gatedAPIFeatures": [  ],
            "id": "3890F6AD04D35CF5BE95C773ED57B9C5",
            "loaderId": "C25B6F66CDE8EE90110464A4620C0521",
            "mimeType": "text/html",
            "name": "",
            "parentId": "F2976C62E4DCE76891DD6D12CE8213FE",
            "secureContextType": "Secure",
            "securityOrigin": "://",
            "url": "about:blank"
         }
      }, {
         "frame": {
            "adFrameStatus": {
               "adFrameType": "none",
               "explanations": [  ]
            },
            "crossOriginIsolatedContextType": "NotIsolated",
            "domainAndRegistry": "",
            "gatedAPIFeatures": [  ],
            "id": "A4B93062EDE213F4A156D9C1B2BE2FF0",
            "loaderId": "247B497CF9EF70A43751A730016B6DF5",
            "mimeType": "text/html",
            "name": "_hjSafeContext_76188799",
            "parentId": "F2976C62E4DCE76891DD6D12CE8213FE",
            "secureContextType": "Secure",
            "securityOrigin": "://",
            "url": "about:blank"
         }
      } ],
      "frame": {
         "adFrameStatus": {
            "adFrameType": "none"
         },
         "crossOriginIsolatedContextType": "NotIsolated",
         "domainAndRegistry": "futurework.com.sa",
         "gatedAPIFeatures": [  ],
         "id": "F2976C62E4DCE76891DD6D12CE8213FE",
         "loaderId": "DC1A08DD8B41A591E3882FCE01EACE13",
         "mimeType": "text/html",
         "secureContextType": "Secure",
         "securityOrigin": "https://maas-uat.futurework.com.sa",
         "url": "https://maas-uat.futurework.com.sa/login"
      }
   }
}
[1741347428.709][DEBUG]: DevTools WebSocket Command: DOM.resolveNode (id=61) (session_id=43A1723E6C1E73374116C0A93953C6AC) F2976C62E4DCE76891DD6D12CE8213FE {
   "backendNodeId": 16,
   "objectGroup": "e6b1a327-29da-49fa-af8e-501c9f850ab7"
}
[1741347428.711][DEBUG]: DevTools WebSocket Response: DOM.resolveNode (id=61) (session_id=43A1723E6C1E73374116C0A93953C6AC) F2976C62E4DCE76891DD6D12CE8213FE {
   "object": {
      "className": "HTMLButtonElement",
      "description": "button.mx-2.btn.lang-btn",
      "objectId": "5920981833020314707.1.6",
      "subtype": "node",
      "type": "object"
   }
}
[1741347428.711][DEBUG]: DevTools WebSocket Command: Page.getFrameTree (id=62) (session_id=43A1723E6C1E73374116C0A93953C6AC) F2976C62E4DCE76891DD6D12CE8213FE {
}
[1741347428.714][DEBUG]: DevTools WebSocket Response: Page.getFrameTree (id=62) (session_id=43A1723E6C1E73374116C0A93953C6AC) F2976C62E4DCE76891DD6D12CE8213FE {
   "frameTree": {
      "childFrames": [ {
         "frame": {
            "adFrameStatus": {
               "adFrameType": "none",
               "explanations": [  ]
            },
            "crossOriginIsolatedContextType": "NotIsolated",
            "domainAndRegistry": "",
            "gatedAPIFeatures": [  ],
            "id": "3890F6AD04D35CF5BE95C773ED57B9C5",
            "loaderId": "C25B6F66CDE8EE90110464A4620C0521",
            "mimeType": "text/html",
            "name": "",
            "parentId": "F2976C62E4DCE76891DD6D12CE8213FE",
            "secureContextType": "Secure",
            "securityOrigin": "://",
            "url": "about:blank"
         }
      }, {
         "frame": {
            "adFrameStatus": {
               "adFrameType": "none",
               "explanations": [  ]
            },
            "crossOriginIsolatedContextType": "NotIsolated",
            "domainAndRegistry": "",
            "gatedAPIFeatures": [  ],
            "id": "A4B93062EDE213F4A156D9C1B2BE2FF0",
            "loaderId": "247B497CF9EF70A43751A730016B6DF5",
            "mimeType": "text/html",
            "name": "_hjSafeContext_76188799",
            "parentId": "F2976C62E4DCE76891DD6D12CE8213FE",
            "secureContextType": "Secure",
            "securityOrigin": "://",
            "url": "about:blank"
         }
      } ],
      "frame": {
         "adFrameStatus": {
            "adFrameType": "none"
         },
         "crossOriginIsolatedContextType": "NotIsolated",
         "domainAndRegistry": "futurework.com.sa",
         "gatedAPIFeatures": [  ],
         "id": "F2976C62E4DCE76891DD6D12CE8213FE",
         "loaderId": "DC1A08DD8B41A591E3882FCE01EACE13",
         "mimeType": "text/html",
         "secureContextType": "Secure",
         "securityOrigin": "https://maas-uat.futurework.com.sa",
         "url": "https://maas-uat.futurework.com.sa/login"
      }
   }
}
[1741347428.715][DEBUG]: DevTools WebSocket Command: Runtime.callFunctionOn (id=63) (session_id=43A1723E6C1E73374116C0A93953C6AC) F2976C62E4DCE76891DD6D12CE8213FE {
   "arguments": [ {
      "objectId": "5920981833020314707.1.6"
   } ],
   "awaitPromise": true,
   "functionDeclaration": "function(){ return (function() { // Copyright 2012 The Chromium Authors\n// Use of this source code is governed by a BSD-style license that can be\n// found in the LICENSE file.\n\n/**\n * Enum for WebD...",
   "generateWebDriverValue": true,
   "objectGroup": "e6b1a327-29da-49fa-af8e-501c9f850ab7",
   "uniqueContextId": "-6942648794307042400.-7805452207504835363"
}
[1741347428.717][DEBUG]: DevTools WebSocket Response: Runtime.callFunctionOn (id=63) (session_id=43A1723E6C1E73374116C0A93953C6AC) F2976C62E4DCE76891DD6D12CE8213FE {
   "result": {
      "className": "Array",
      "description": "Array(1)",
      "objectId": "5920981833020314707.1.7",
      "subtype": "array",
      "type": "object",
      "webDriverValue": {
         "type": "array",
         "value": [ {
            "type": "string",
            "value": "{\"status\":0,\"value\":\"button\"}"
         } ]
      }
   }
}
[1741347428.717][DEBUG]: DevTools WebSocket Command: Runtime.releaseObjectGroup (id=64) (session_id=43A1723E6C1E73374116C0A93953C6AC) F2976C62E4DCE76891DD6D12CE8213FE {
   "objectGroup": "e6b1a327-29da-49fa-af8e-501c9f850ab7"
}
[1741347428.717][DEBUG]: DevTools WebSocket Command: Page.getFrameTree (id=65) (session_id=43A1723E6C1E73374116C0A93953C6AC) F2976C62E4DCE76891DD6D12CE8213FE {
}
[1741347428.717][DEBUG]: DevTools WebSocket Response: Runtime.releaseObjectGroup (id=64) (session_id=43A1723E6C1E73374116C0A93953C6AC) F2976C62E4DCE76891DD6D12CE8213FE {
}
[1741347428.718][DEBUG]: DevTools WebSocket Response: Page.getFrameTree (id=65) (session_id=43A1723E6C1E73374116C0A93953C6AC) F2976C62E4DCE76891DD6D12CE8213FE {
   "frameTree": {
      "childFrames": [ {
         "frame": {
            "adFrameStatus": {
               "adFrameType": "none",
               "explanations": [  ]
            },
            "crossOriginIsolatedContextType": "NotIsolated",
            "domainAndRegistry": "",
            "gatedAPIFeatures": [  ],
            "id": "3890F6AD04D35CF5BE95C773ED57B9C5",
            "loaderId": "C25B6F66CDE8EE90110464A4620C0521",
            "mimeType": "text/html",
            "name": "",
            "parentId": "F2976C62E4DCE76891DD6D12CE8213FE",
            "secureContextType": "Secure",
            "securityOrigin": "://",
            "url": "about:blank"
         }
      }, {
         "frame": {
            "adFrameStatus": {
               "adFrameType": "none",
               "explanations": [  ]
            },
            "crossOriginIsolatedContextType": "NotIsolated",
            "domainAndRegistry": "",
            "gatedAPIFeatures": [  ],
            "id": "A4B93062EDE213F4A156D9C1B2BE2FF0",
            "loaderId": "247B497CF9EF70A43751A730016B6DF5",
            "mimeType": "text/html",
            "name": "_hjSafeContext_76188799",
            "parentId": "F2976C62E4DCE76891DD6D12CE8213FE",
            "secureContextType": "Secure",
            "securityOrigin": "://",
            "url": "about:blank"
         }
      } ],
      "frame": {
         "adFrameStatus": {
            "adFrameType": "none"
         },
         "crossOriginIsolatedContextType": "NotIsolated",
         "domainAndRegistry": "futurework.com.sa",
         "gatedAPIFeatures": [  ],
         "id": "F2976C62E4DCE76891DD6D12CE8213FE",
         "loaderId": "DC1A08DD8B41A591E3882FCE01EACE13",
         "mimeType": "text/html",
         "secureContextType": "Secure",
         "securityOrigin": "https://maas-uat.futurework.com.sa",
         "url": "https://maas-uat.futurework.com.sa/login"
      }
   }
}
[1741347428.719][DEBUG]: DevTools WebSocket Command: DOM.resolveNode (id=66) (session_id=43A1723E6C1E73374116C0A93953C6AC) F2976C62E4DCE76891DD6D12CE8213FE {
   "backendNodeId": 16,
   "objectGroup": "b4216948-5a4a-4ab4-952e-30d72fed3c69"
}
[1741347428.720][DEBUG]: DevTools WebSocket Response: DOM.resolveNode (id=66) (session_id=43A1723E6C1E73374116C0A93953C6AC) F2976C62E4DCE76891DD6D12CE8213FE {
   "object": {
      "className": "HTMLButtonElement",
      "description": "button.mx-2.btn.lang-btn",
      "objectId": "5920981833020314707.1.8",
      "subtype": "node",
      "type": "object"
   }
}
[1741347428.720][DEBUG]: DevTools WebSocket Command: Page.getFrameTree (id=67) (session_id=43A1723E6C1E73374116C0A93953C6AC) F2976C62E4DCE76891DD6D12CE8213FE {
}
[1741347428.725][DEBUG]: DevTools WebSocket Response: Page.getFrameTree (id=67) (session_id=43A1723E6C1E73374116C0A93953C6AC) F2976C62E4DCE76891DD6D12CE8213FE {
   "frameTree": {
      "childFrames": [ {
         "frame": {
            "adFrameStatus": {
               "adFrameType": "none",
               "explanations": [  ]
            },
            "crossOriginIsolatedContextType": "NotIsolated",
            "domainAndRegistry": "",
            "gatedAPIFeatures": [  ],
            "id": "3890F6AD04D35CF5BE95C773ED57B9C5",
            "loaderId": "C25B6F66CDE8EE90110464A4620C0521",
            "mimeType": "text/html",
            "name": "",
            "parentId": "F2976C62E4DCE76891DD6D12CE8213FE",
            "secureContextType": "Secure",
            "securityOrigin": "://",
            "url": "about:blank"
         }
      }, {
         "frame": {
            "adFrameStatus": {
               "adFrameType": "none",
               "explanations": [  ]
            },
            "crossOriginIsolatedContextType": "NotIsolated",
            "domainAndRegistry": "",
            "gatedAPIFeatures": [  ],
            "id": "A4B93062EDE213F4A156D9C1B2BE2FF0",
            "loaderId": "247B497CF9EF70A43751A730016B6DF5",
            "mimeType": "text/html",
            "name": "_hjSafeContext_76188799",
            "parentId": "F2976C62E4DCE76891DD6D12CE8213FE",
            "secureContextType": "Secure",
            "securityOrigin": "://",
            "url": "about:blank"
         }
      } ],
      "frame": {
         "adFrameStatus": {
            "adFrameType": "none"
         },
         "crossOriginIsolatedContextType": "NotIsolated",
         "domainAndRegistry": "futurework.com.sa",
         "gatedAPIFeatures": [  ],
         "id": "F2976C62E4DCE76891DD6D12CE8213FE",
         "loaderId": "DC1A08DD8B41A591E3882FCE01EACE13",
         "mimeType": "text/html",
         "secureContextType": "Secure",
         "securityOrigin": "https://maas-uat.futurework.com.sa",
         "url": "https://maas-uat.futurework.com.sa/login"
      }
   }
}
[1741347428.727][DEBUG]: DevTools WebSocket Command: Runtime.callFunctionOn (id=68) (session_id=43A1723E6C1E73374116C0A93953C6AC) F2976C62E4DCE76891DD6D12CE8213FE {
   "arguments": [ {
      "objectId": "5920981833020314707.1.8"
   } ],
   "awaitPromise": true,
   "functionDeclaration": "function(){ return (function() { // Copyright 2012 The Chromium Authors\n// Use of this source code is governed by a BSD-style license that can be\n// found in the LICENSE file.\n\n/**\n * Enum for WebD...",
   "generateWebDriverValue": true,
   "objectGroup": "b4216948-5a4a-4ab4-952e-30d72fed3c69",
   "uniqueContextId": "-6942648794307042400.-7805452207504835363"
}
[1741347428.760][DEBUG]: DevTools WebSocket Response: Runtime.callFunctionOn (id=68) (session_id=43A1723E6C1E73374116C0A93953C6AC) F2976C62E4DCE76891DD6D12CE8213FE {
   "result": {
      "className": "Array",
      "description": "Array(1)",
      "objectId": "5920981833020314707.1.9",
      "subtype": "array",
      "type": "object",
      "webDriverValue": {
         "type": "array",
         "value": [ {
            "type": "string",
            "value": "{\"status\":0,\"value\":true}"
         } ]
      }
   }
}
[1741347428.760][DEBUG]: DevTools WebSocket Command: Runtime.releaseObjectGroup (id=69) (session_id=43A1723E6C1E73374116C0A93953C6AC) F2976C62E4DCE76891DD6D12CE8213FE {
   "objectGroup": "b4216948-5a4a-4ab4-952e-30d72fed3c69"
}
[1741347428.760][DEBUG]: DevTools WebSocket Command: Page.getFrameTree (id=70) (session_id=43A1723E6C1E73374116C0A93953C6AC) F2976C62E4DCE76891DD6D12CE8213FE {
}
[1741347428.761][DEBUG]: DevTools WebSocket Response: Runtime.releaseObjectGroup (id=69) (session_id=43A1723E6C1E73374116C0A93953C6AC) F2976C62E4DCE76891DD6D12CE8213FE {
}
[1741347428.761][DEBUG]: DevTools WebSocket Response: Page.getFrameTree (id=70) (session_id=43A1723E6C1E73374116C0A93953C6AC) F2976C62E4DCE76891DD6D12CE8213FE {
   "frameTree": {
      "childFrames": [ {
         "frame": {
            "adFrameStatus": {
               "adFrameType": "none",
               "explanations": [  ]
            },
            "crossOriginIsolatedContextType": "NotIsolated",
            "domainAndRegistry": "",
            "gatedAPIFeatures": [  ],
            "id": "3890F6AD04D35CF5BE95C773ED57B9C5",
            "loaderId": "C25B6F66CDE8EE90110464A4620C0521",
            "mimeType": "text/html",
            "name": "",
            "parentId": "F2976C62E4DCE76891DD6D12CE8213FE",
            "secureContextType": "Secure",
            "securityOrigin": "://",
            "url": "about:blank"
         }
      }, {
         "frame": {
            "adFrameStatus": {
               "adFrameType": "none",
               "explanations": [  ]
            },
            "crossOriginIsolatedContextType": "NotIsolated",
            "domainAndRegistry": "",
            "gatedAPIFeatures": [  ],
            "id": "A4B93062EDE213F4A156D9C1B2BE2FF0",
            "loaderId": "247B497CF9EF70A43751A730016B6DF5",
            "mimeType": "text/html",
            "name": "_hjSafeContext_76188799",
            "parentId": "F2976C62E4DCE76891DD6D12CE8213FE",
            "secureContextType": "Secure",
            "securityOrigin": "://",
            "url": "about:blank"
         }
      } ],
      "frame": {
         "adFrameStatus": {
            "adFrameType": "none"
         },
         "crossOriginIsolatedContextType": "NotIsolated",
         "domainAndRegistry": "futurework.com.sa",
         "gatedAPIFeatures": [  ],
         "id": "F2976C62E4DCE76891DD6D12CE8213FE",
         "loaderId": "DC1A08DD8B41A591E3882FCE01EACE13",
         "mimeType": "text/html",
         "secureContextType": "Secure",
         "securityOrigin": "https://maas-uat.futurework.com.sa",
         "url": "https://maas-uat.futurework.com.sa/login"
      }
   }
}
[1741347428.761][DEBUG]: DevTools WebSocket Command: DOM.resolveNode (id=71) (session_id=43A1723E6C1E73374116C0A93953C6AC) F2976C62E4DCE76891DD6D12CE8213FE {
   "backendNodeId": 16,
   "objectGroup": "6af66177-cc0d-420b-901f-c605d97086b0"
}
[1741347428.762][DEBUG]: DevTools WebSocket Response: DOM.resolveNode (id=71) (session_id=43A1723E6C1E73374116C0A93953C6AC) F2976C62E4DCE76891DD6D12CE8213FE {
   "object": {
      "className": "HTMLButtonElement",
      "description": "button.mx-2.btn.lang-btn",
      "objectId": "5920981833020314707.1.10",
      "subtype": "node",
      "type": "object"
   }
}
[1741347428.762][DEBUG]: DevTools WebSocket Command: Page.getFrameTree (id=72) (session_id=43A1723E6C1E73374116C0A93953C6AC) F2976C62E4DCE76891DD6D12CE8213FE {
}
[1741347428.776][DEBUG]: DevTools WebSocket Response: Page.getFrameTree (id=72) (session_id=43A1723E6C1E73374116C0A93953C6AC) F2976C62E4DCE76891DD6D12CE8213FE {
   "frameTree": {
      "childFrames": [ {
         "frame": {
            "adFrameStatus": {
               "adFrameType": "none",
               "explanations": [  ]
            },
            "crossOriginIsolatedContextType": "NotIsolated",
            "domainAndRegistry": "",
            "gatedAPIFeatures": [  ],
            "id": "3890F6AD04D35CF5BE95C773ED57B9C5",
            "loaderId": "C25B6F66CDE8EE90110464A4620C0521",
            "mimeType": "text/html",
            "name": "",
            "parentId": "F2976C62E4DCE76891DD6D12CE8213FE",
            "secureContextType": "Secure",
            "securityOrigin": "://",
            "url": "about:blank"
         }
      }, {
         "frame": {
            "adFrameStatus": {
               "adFrameType": "none",
               "explanations": [  ]
            },
            "crossOriginIsolatedContextType": "NotIsolated",
            "domainAndRegistry": "",
            "gatedAPIFeatures": [  ],
            "id": "A4B93062EDE213F4A156D9C1B2BE2FF0",
            "loaderId": "247B497CF9EF70A43751A730016B6DF5",
            "mimeType": "text/html",
            "name": "_hjSafeContext_76188799",
            "parentId": "F2976C62E4DCE76891DD6D12CE8213FE",
            "secureContextType": "Secure",
            "securityOrigin": "://",
            "url": "about:blank"
         }
      } ],
      "frame": {
         "adFrameStatus": {
            "adFrameType": "none"
         },
         "crossOriginIsolatedContextType": "NotIsolated",
         "domainAndRegistry": "futurework.com.sa",
         "gatedAPIFeatures": [  ],
         "id": "F2976C62E4DCE76891DD6D12CE8213FE",
         "loaderId": "DC1A08DD8B41A591E3882FCE01EACE13",
         "mimeType": "text/html",
         "secureContextType": "Secure",
         "securityOrigin": "https://maas-uat.futurework.com.sa",
         "url": "https://maas-uat.futurework.com.sa/login"
      }
   }
}
[1741347428.777][DEBUG]: DevTools WebSocket Command: Runtime.callFunctionOn (id=73) (session_id=43A1723E6C1E73374116C0A93953C6AC) F2976C62E4DCE76891DD6D12CE8213FE {
   "arguments": [ {
      "objectId": "5920981833020314707.1.10"
   } ],
   "awaitPromise": true,
   "functionDeclaration": "function(){ return (function() { // Copyright 2012 The Chromium Authors\n// Use of this source code is governed by a BSD-style license that can be\n// found in the LICENSE file.\n\n/**\n * Enum for WebD...",
   "generateWebDriverValue": true,
   "objectGroup": "6af66177-cc0d-420b-901f-c605d97086b0",
   "uniqueContextId": "-6942648794307042400.-7805452207504835363"
}
[1741347428.786][DEBUG]: DevTools WebSocket Response: Runtime.callFunctionOn (id=73) (session_id=43A1723E6C1E73374116C0A93953C6AC) F2976C62E4DCE76891DD6D12CE8213FE {
   "result": {
      "className": "Array",
      "description": "Array(1)",
      "objectId": "5920981833020314707.1.11",
      "subtype": "array",
      "type": "object",
      "webDriverValue": {
         "type": "array",
         "value": [ {
            "type": "string",
            "value": "{\"status\":0,\"value\":{\"left\":0,\"top\":0,\"height\":48,\"width\":46.36250305175781}}"
         } ]
      }
   }
}
[1741347428.786][DEBUG]: DevTools WebSocket Command: Runtime.releaseObjectGroup (id=74) (session_id=43A1723E6C1E73374116C0A93953C6AC) F2976C62E4DCE76891DD6D12CE8213FE {
   "objectGroup": "6af66177-cc0d-420b-901f-c605d97086b0"
}
[1741347428.786][DEBUG]: DevTools WebSocket Command: Page.getFrameTree (id=75) (session_id=43A1723E6C1E73374116C0A93953C6AC) F2976C62E4DCE76891DD6D12CE8213FE {
}
[1741347428.787][DEBUG]: DevTools WebSocket Response: Runtime.releaseObjectGroup (id=74) (session_id=43A1723E6C1E73374116C0A93953C6AC) F2976C62E4DCE76891DD6D12CE8213FE {
}
[1741347428.788][DEBUG]: DevTools WebSocket Response: Page.getFrameTree (id=75) (session_id=43A1723E6C1E73374116C0A93953C6AC) F2976C62E4DCE76891DD6D12CE8213FE {
   "frameTree": {
      "childFrames": [ {
         "frame": {
            "adFrameStatus": {
               "adFrameType": "none",
               "explanations": [  ]
            },
            "crossOriginIsolatedContextType": "NotIsolated",
            "domainAndRegistry": "",
            "gatedAPIFeatures": [  ],
            "id": "3890F6AD04D35CF5BE95C773ED57B9C5",
            "loaderId": "C25B6F66CDE8EE90110464A4620C0521",
            "mimeType": "text/html",
            "name": "",
            "parentId": "F2976C62E4DCE76891DD6D12CE8213FE",
            "secureContextType": "Secure",
            "securityOrigin": "://",
            "url": "about:blank"
         }
      }, {
         "frame": {
            "adFrameStatus": {
               "adFrameType": "none",
               "explanations": [  ]
            },
            "crossOriginIsolatedContextType": "NotIsolated",
            "domainAndRegistry": "",
            "gatedAPIFeatures": [  ],
            "id": "A4B93062EDE213F4A156D9C1B2BE2FF0",
            "loaderId": "247B497CF9EF70A43751A730016B6DF5",
            "mimeType": "text/html",
            "name": "_hjSafeContext_76188799",
            "parentId": "F2976C62E4DCE76891DD6D12CE8213FE",
            "secureContextType": "Secure",
            "securityOrigin": "://",
            "url": "about:blank"
         }
      } ],
      "frame": {
         "adFrameStatus": {
            "adFrameType": "none"
         },
         "crossOriginIsolatedContextType": "NotIsolated",
         "domainAndRegistry": "futurework.com.sa",
         "gatedAPIFeatures": [  ],
         "id": "F2976C62E4DCE76891DD6D12CE8213FE",
         "loaderId": "DC1A08DD8B41A591E3882FCE01EACE13",
         "mimeType": "text/html",
         "secureContextType": "Secure",
         "securityOrigin": "https://maas-uat.futurework.com.sa",
         "url": "https://maas-uat.futurework.com.sa/login"
      }
   }
}
[1741347428.788][DEBUG]: DevTools WebSocket Command: DOM.resolveNode (id=76) (session_id=43A1723E6C1E73374116C0A93953C6AC) F2976C62E4DCE76891DD6D12CE8213FE {
   "backendNodeId": 16,
   "objectGroup": "c883ac1d-46d3-4d61-b866-843c644df408"
}
[1741347428.789][DEBUG]: DevTools WebSocket Response: DOM.resolveNode (id=76) (session_id=43A1723E6C1E73374116C0A93953C6AC) F2976C62E4DCE76891DD6D12CE8213FE {
   "object": {
      "className": "HTMLButtonElement",
      "description": "button.mx-2.btn.lang-btn",
      "objectId": "5920981833020314707.1.12",
      "subtype": "node",
      "type": "object"
   }
}
[1741347428.789][DEBUG]: DevTools WebSocket Command: Page.getFrameTree (id=77) (session_id=43A1723E6C1E73374116C0A93953C6AC) F2976C62E4DCE76891DD6D12CE8213FE {
}
[1741347428.790][DEBUG]: DevTools WebSocket Response: Page.getFrameTree (id=77) (session_id=43A1723E6C1E73374116C0A93953C6AC) F2976C62E4DCE76891DD6D12CE8213FE {
   "frameTree": {
      "childFrames": [ {
         "frame": {
            "adFrameStatus": {
               "adFrameType": "none",
               "explanations": [  ]
            },
            "crossOriginIsolatedContextType": "NotIsolated",
            "domainAndRegistry": "",
            "gatedAPIFeatures": [  ],
            "id": "3890F6AD04D35CF5BE95C773ED57B9C5",
            "loaderId": "C25B6F66CDE8EE90110464A4620C0521",
            "mimeType": "text/html",
            "name": "",
            "parentId": "F2976C62E4DCE76891DD6D12CE8213FE",
            "secureContextType": "Secure",
            "securityOrigin": "://",
            "url": "about:blank"
         }
      }, {
         "frame": {
            "adFrameStatus": {
               "adFrameType": "none",
               "explanations": [  ]
            },
            "crossOriginIsolatedContextType": "NotIsolated",
            "domainAndRegistry": "",
            "gatedAPIFeatures": [  ],
            "id": "A4B93062EDE213F4A156D9C1B2BE2FF0",
            "loaderId": "247B497CF9EF70A43751A730016B6DF5",
            "mimeType": "text/html",
            "name": "_hjSafeContext_76188799",
            "parentId": "F2976C62E4DCE76891DD6D12CE8213FE",
            "secureContextType": "Secure",
            "securityOrigin": "://",
            "url": "about:blank"
         }
      } ],
      "frame": {
         "adFrameStatus": {
            "adFrameType": "none"
         },
         "crossOriginIsolatedContextType": "NotIsolated",
         "domainAndRegistry": "futurework.com.sa",
         "gatedAPIFeatures": [  ],
         "id": "F2976C62E4DCE76891DD6D12CE8213FE",
         "loaderId": "DC1A08DD8B41A591E3882FCE01EACE13",
         "mimeType": "text/html",
         "secureContextType": "Secure",
         "securityOrigin": "https://maas-uat.futurework.com.sa",
         "url": "https://maas-uat.futurework.com.sa/login"
      }
   }
}
[1741347428.791][DEBUG]: DevTools WebSocket Command: Runtime.callFunctionOn (id=78) (session_id=43A1723E6C1E73374116C0A93953C6AC) F2976C62E4DCE76891DD6D12CE8213FE {
   "arguments": [ {
      "objectId": "5920981833020314707.1.12"
   } ],
   "awaitPromise": true,
   "functionDeclaration": "function(){ return (function() { // Copyright 2012 The Chromium Authors\n// Use of this source code is governed by a BSD-style license that can be\n// found in the LICENSE file.\n\n/**\n * Enum for WebD...",
   "generateWebDriverValue": true,
   "objectGroup": "c883ac1d-46d3-4d61-b866-843c644df408",
   "uniqueContextId": "-6942648794307042400.-7805452207504835363"
}
[1741347428.803][DEBUG]: DevTools WebSocket Response: Runtime.callFunctionOn (id=78) (session_id=43A1723E6C1E73374116C0A93953C6AC) F2976C62E4DCE76891DD6D12CE8213FE {
   "result": {
      "className": "Array",
      "description": "Array(1)",
      "objectId": "5920981833020314707.1.13",
      "subtype": "array",
      "type": "object",
      "webDriverValue": {
         "type": "array",
         "value": [ {
            "type": "string",
            "value": "{\"status\":0,\"value\":{\"x\":151.3874969482422,\"y\":16.5,\"clone\":{},\"ceil\":{},\"floor\":{},\"round\":{},\"translate\":{},\"scale\":{}}}"
         } ]
      }
   }
}
[1741347428.803][DEBUG]: DevTools WebSocket Command: Runtime.releaseObjectGroup (id=79) (session_id=43A1723E6C1E73374116C0A93953C6AC) F2976C62E4DCE76891DD6D12CE8213FE {
   "objectGroup": "c883ac1d-46d3-4d61-b866-843c644df408"
}
[1741347428.803][DEBUG]: DevTools WebSocket Command: Page.getFrameTree (id=80) (session_id=43A1723E6C1E73374116C0A93953C6AC) F2976C62E4DCE76891DD6D12CE8213FE {
}
[1741347428.803][DEBUG]: DevTools WebSocket Response: Runtime.releaseObjectGroup (id=79) (session_id=43A1723E6C1E73374116C0A93953C6AC) F2976C62E4DCE76891DD6D12CE8213FE {
}
[1741347428.804][DEBUG]: DevTools WebSocket Response: Page.getFrameTree (id=80) (session_id=43A1723E6C1E73374116C0A93953C6AC) F2976C62E4DCE76891DD6D12CE8213FE {
   "frameTree": {
      "childFrames": [ {
         "frame": {
            "adFrameStatus": {
               "adFrameType": "none",
               "explanations": [  ]
            },
            "crossOriginIsolatedContextType": "NotIsolated",
            "domainAndRegistry": "",
            "gatedAPIFeatures": [  ],
            "id": "3890F6AD04D35CF5BE95C773ED57B9C5",
            "loaderId": "C25B6F66CDE8EE90110464A4620C0521",
            "mimeType": "text/html",
            "name": "",
            "parentId": "F2976C62E4DCE76891DD6D12CE8213FE",
            "secureContextType": "Secure",
            "securityOrigin": "://",
            "url": "about:blank"
         }
      }, {
         "frame": {
            "adFrameStatus": {
               "adFrameType": "none",
               "explanations": [  ]
            },
            "crossOriginIsolatedContextType": "NotIsolated",
            "domainAndRegistry": "",
            "gatedAPIFeatures": [  ],
            "id": "A4B93062EDE213F4A156D9C1B2BE2FF0",
            "loaderId": "247B497CF9EF70A43751A730016B6DF5",
            "mimeType": "text/html",
            "name": "_hjSafeContext_76188799",
            "parentId": "F2976C62E4DCE76891DD6D12CE8213FE",
            "secureContextType": "Secure",
            "securityOrigin": "://",
            "url": "about:blank"
         }
      } ],
      "frame": {
         "adFrameStatus": {
            "adFrameType": "none"
         },
         "crossOriginIsolatedContextType": "NotIsolated",
         "domainAndRegistry": "futurework.com.sa",
         "gatedAPIFeatures": [  ],
         "id": "F2976C62E4DCE76891DD6D12CE8213FE",
         "loaderId": "DC1A08DD8B41A591E3882FCE01EACE13",
         "mimeType": "text/html",
         "secureContextType": "Secure",
         "securityOrigin": "https://maas-uat.futurework.com.sa",
         "url": "https://maas-uat.futurework.com.sa/login"
      }
   }
}
[1741347428.804][DEBUG]: DevTools WebSocket Command: DOM.resolveNode (id=81) (session_id=43A1723E6C1E73374116C0A93953C6AC) F2976C62E4DCE76891DD6D12CE8213FE {
   "backendNodeId": 16,
   "objectGroup": "3fa8155d-8701-4f05-8be4-8093a9eb3f81"
}
[1741347428.805][DEBUG]: DevTools WebSocket Response: DOM.resolveNode (id=81) (session_id=43A1723E6C1E73374116C0A93953C6AC) F2976C62E4DCE76891DD6D12CE8213FE {
   "object": {
      "className": "HTMLButtonElement",
      "description": "button.mx-2.btn.lang-btn",
      "objectId": "5920981833020314707.1.14",
      "subtype": "node",
      "type": "object"
   }
}
[1741347428.805][DEBUG]: DevTools WebSocket Command: Page.getFrameTree (id=82) (session_id=43A1723E6C1E73374116C0A93953C6AC) F2976C62E4DCE76891DD6D12CE8213FE {
}
[1741347428.827][DEBUG]: DevTools WebSocket Response: Page.getFrameTree (id=82) (session_id=43A1723E6C1E73374116C0A93953C6AC) F2976C62E4DCE76891DD6D12CE8213FE {
   "frameTree": {
      "childFrames": [ {
         "frame": {
            "adFrameStatus": {
               "adFrameType": "none",
               "explanations": [  ]
            },
            "crossOriginIsolatedContextType": "NotIsolated",
            "domainAndRegistry": "",
            "gatedAPIFeatures": [  ],
            "id": "3890F6AD04D35CF5BE95C773ED57B9C5",
            "loaderId": "C25B6F66CDE8EE90110464A4620C0521",
            "mimeType": "text/html",
            "name": "",
            "parentId": "F2976C62E4DCE76891DD6D12CE8213FE",
            "secureContextType": "Secure",
            "securityOrigin": "://",
            "url": "about:blank"
         }
      }, {
         "frame": {
            "adFrameStatus": {
               "adFrameType": "none",
               "explanations": [  ]
            },
            "crossOriginIsolatedContextType": "NotIsolated",
            "domainAndRegistry": "",
            "gatedAPIFeatures": [  ],
            "id": "A4B93062EDE213F4A156D9C1B2BE2FF0",
            "loaderId": "247B497CF9EF70A43751A730016B6DF5",
            "mimeType": "text/html",
            "name": "_hjSafeContext_76188799",
            "parentId": "F2976C62E4DCE76891DD6D12CE8213FE",
            "secureContextType": "Secure",
            "securityOrigin": "://",
            "url": "about:blank"
         }
      } ],
      "frame": {
         "adFrameStatus": {
            "adFrameType": "none"
         },
         "crossOriginIsolatedContextType": "NotIsolated",
         "domainAndRegistry": "futurework.com.sa",
         "gatedAPIFeatures": [  ],
         "id": "F2976C62E4DCE76891DD6D12CE8213FE",
         "loaderId": "DC1A08DD8B41A591E3882FCE01EACE13",
         "mimeType": "text/html",
         "secureContextType": "Secure",
         "securityOrigin": "https://maas-uat.futurework.com.sa",
         "url": "https://maas-uat.futurework.com.sa/login"
      }
   }
}
[1741347428.830][DEBUG]: DevTools WebSocket Command: Runtime.callFunctionOn (id=83) (session_id=43A1723E6C1E73374116C0A93953C6AC) F2976C62E4DCE76891DD6D12CE8213FE {
   "arguments": [ {
      "objectId": "5920981833020314707.1.14"
   } ],
   "awaitPromise": true,
   "functionDeclaration": "function(){ return (function() { // Copyright 2012 The Chromium Authors\n// Use of this source code is governed by a BSD-style license that can be\n// found in the LICENSE file.\n\n/**\n * Enum for WebD...",
   "generateWebDriverValue": true,
   "objectGroup": "3fa8155d-8701-4f05-8be4-8093a9eb3f81",
   "uniqueContextId": "-6942648794307042400.-7805452207504835363"
}
[1741347428.836][DEBUG]: DevTools WebSocket Response: Runtime.callFunctionOn (id=83) (session_id=43A1723E6C1E73374116C0A93953C6AC) F2976C62E4DCE76891DD6D12CE8213FE {
   "result": {
      "className": "Array",
      "description": "Array(1)",
      "objectId": "5920981833020314707.1.15",
      "subtype": "array",
      "type": "object",
      "webDriverValue": {
         "type": "array",
         "value": [ {
            "type": "string",
            "value": "{\"status\":0,\"value\":{\"clickable\":true}}"
         } ]
      }
   }
}
[1741347428.836][DEBUG]: DevTools WebSocket Command: Runtime.releaseObjectGroup (id=84) (session_id=43A1723E6C1E73374116C0A93953C6AC) F2976C62E4DCE76891DD6D12CE8213FE {
   "objectGroup": "3fa8155d-8701-4f05-8be4-8093a9eb3f81"
}
[1741347428.836][DEBUG]: DevTools WebSocket Command: Input.dispatchMouseEvent (id=85) (session_id=43A1723E6C1E73374116C0A93953C6AC) F2976C62E4DCE76891DD6D12CE8213FE {
   "button": "none",
   "buttons": 0,
   "clickCount": 0,
   "force": 0.0,
   "modifiers": 0,
   "pointerType": "mouse",
   "tangentialPressure": 0.0,
   "tiltX": 0,
   "tiltY": 0,
   "twist": 0,
   "type": "mouseMoved",
   "x": 174,
   "y": 40
}
[1741347428.836][DEBUG]: DevTools WebSocket Command: Input.dispatchMouseEvent (id=86) (session_id=43A1723E6C1E73374116C0A93953C6AC) F2976C62E4DCE76891DD6D12CE8213FE {
   "button": "left",
   "buttons": 0,
   "clickCount": 1,
   "force": 0.0,
   "modifiers": 0,
   "pointerType": "mouse",
   "tangentialPressure": 0.0,
   "tiltX": 0,
   "tiltY": 0,
   "twist": 0,
   "type": "mousePressed",
   "x": 174,
   "y": 40
}
[1741347428.836][DEBUG]: DevTools WebSocket Command: Input.dispatchMouseEvent (id=87) (session_id=43A1723E6C1E73374116C0A93953C6AC) F2976C62E4DCE76891DD6D12CE8213FE {
   "button": "left",
   "buttons": 1,
   "clickCount": 1,
   "force": 0.0,
   "modifiers": 0,
   "pointerType": "mouse",
   "tangentialPressure": 0.0,
   "tiltX": 0,
   "tiltY": 0,
   "twist": 0,
   "type": "mouseReleased",
   "x": 174,
   "y": 40
}
[1741347428.837][DEBUG]: DevTools WebSocket Response: Runtime.releaseObjectGroup (id=84) (session_id=43A1723E6C1E73374116C0A93953C6AC) F2976C62E4DCE76891DD6D12CE8213FE {
}
[1741347428.839][DEBUG]: DevTools WebSocket Response: Input.dispatchMouseEvent (id=85) (session_id=43A1723E6C1E73374116C0A93953C6AC) F2976C62E4DCE76891DD6D12CE8213FE {
}
[1741347428.844][DEBUG]: DevTools WebSocket Response: Input.dispatchMouseEvent (id=86) (session_id=43A1723E6C1E73374116C0A93953C6AC) F2976C62E4DCE76891DD6D12CE8213FE {
}
[1741347428.873][DEBUG]: DevTools WebSocket Response: Input.dispatchMouseEvent (id=87) (session_id=43A1723E6C1E73374116C0A93953C6AC) F2976C62E4DCE76891DD6D12CE8213FE {
}
[1741347428.873][INFO]: Waiting for pending navigations...
[1741347428.873][DEBUG]: DevTools WebSocket Command: Runtime.evaluate (id=88) (session_id=43A1723E6C1E73374116C0A93953C6AC) F2976C62E4DCE76891DD6D12CE8213FE {
   "expression": "1"
}
[1741347428.896][DEBUG]: DevTools WebSocket Response: Runtime.evaluate (id=88) (session_id=43A1723E6C1E73374116C0A93953C6AC) F2976C62E4DCE76891DD6D12CE8213FE {
   "result": {
      "description": "1",
      "type": "number",
      "value": 1
   }
}
[1741347428.896][INFO]: Done waiting for pending navigations. Status: ok
[1741347428.896][INFO]: [c370eba2140c99957d9312d8f3895bcc] RESPONSE ClickElement
[1741347428.901][INFO]: [c370eba2140c99957d9312d8f3895bcc] COMMAND FindElement {
   "using": "xpath",
   "value": "//input[@placeholder='Email *']"
}
[1741347428.901][INFO]: Waiting for pending navigations...
[1741347428.901][DEBUG]: DevTools WebSocket Command: Runtime.evaluate (id=89) (session_id=43A1723E6C1E73374116C0A93953C6AC) F2976C62E4DCE76891DD6D12CE8213FE {
   "expression": "1"
}
[1741347428.908][DEBUG]: DevTools WebSocket Response: Runtime.evaluate (id=89) (session_id=43A1723E6C1E73374116C0A93953C6AC) F2976C62E4DCE76891DD6D12CE8213FE {
   "result": {
      "description": "1",
      "type": "number",
      "value": 1
   }
}
[1741347428.908][INFO]: Done waiting for pending navigations. Status: ok
[1741347428.908][DEBUG]: DevTools WebSocket Command: Page.getFrameTree (id=90) (session_id=43A1723E6C1E73374116C0A93953C6AC) F2976C62E4DCE76891DD6D12CE8213FE {
}
[1741347428.910][DEBUG]: DevTools WebSocket Response: Page.getFrameTree (id=90) (session_id=43A1723E6C1E73374116C0A93953C6AC) F2976C62E4DCE76891DD6D12CE8213FE {
   "frameTree": {
      "childFrames": [ {
         "frame": {
            "adFrameStatus": {
               "adFrameType": "none",
               "explanations": [  ]
            },
            "crossOriginIsolatedContextType": "NotIsolated",
            "domainAndRegistry": "",
            "gatedAPIFeatures": [  ],
            "id": "3890F6AD04D35CF5BE95C773ED57B9C5",
            "loaderId": "C25B6F66CDE8EE90110464A4620C0521",
            "mimeType": "text/html",
            "name": "",
            "parentId": "F2976C62E4DCE76891DD6D12CE8213FE",
            "secureContextType": "Secure",
            "securityOrigin": "://",
            "url": "about:blank"
         }
      }, {
         "frame": {
            "adFrameStatus": {
               "adFrameType": "none",
               "explanations": [  ]
            },
            "crossOriginIsolatedContextType": "NotIsolated",
            "domainAndRegistry": "",
            "gatedAPIFeatures": [  ],
            "id": "A4B93062EDE213F4A156D9C1B2BE2FF0",
            "loaderId": "247B497CF9EF70A43751A730016B6DF5",
            "mimeType": "text/html",
            "name": "_hjSafeContext_76188799",
            "parentId": "F2976C62E4DCE76891DD6D12CE8213FE",
            "secureContextType": "Secure",
            "securityOrigin": "://",
            "url": "about:blank"
         }
      } ],
      "frame": {
         "adFrameStatus": {
            "adFrameType": "none"
         },
         "crossOriginIsolatedContextType": "NotIsolated",
         "domainAndRegistry": "futurework.com.sa",
         "gatedAPIFeatures": [  ],
         "id": "F2976C62E4DCE76891DD6D12CE8213FE",
         "loaderId": "DC1A08DD8B41A591E3882FCE01EACE13",
         "mimeType": "text/html",
         "secureContextType": "Secure",
         "securityOrigin": "https://maas-uat.futurework.com.sa",
         "url": "https://maas-uat.futurework.com.sa/login"
      }
   }
}
[1741347428.910][DEBUG]: DevTools WebSocket Command: Page.getFrameTree (id=91) (session_id=43A1723E6C1E73374116C0A93953C6AC) F2976C62E4DCE76891DD6D12CE8213FE {
}
[1741347428.911][DEBUG]: DevTools WebSocket Response: Page.getFrameTree (id=91) (session_id=43A1723E6C1E73374116C0A93953C6AC) F2976C62E4DCE76891DD6D12CE8213FE {
   "frameTree": {
      "childFrames": [ {
         "frame": {
            "adFrameStatus": {
               "adFrameType": "none",
               "explanations": [  ]
            },
            "crossOriginIsolatedContextType": "NotIsolated",
            "domainAndRegistry": "",
            "gatedAPIFeatures": [  ],
            "id": "3890F6AD04D35CF5BE95C773ED57B9C5",
            "loaderId": "C25B6F66CDE8EE90110464A4620C0521",
            "mimeType": "text/html",
            "name": "",
            "parentId": "F2976C62E4DCE76891DD6D12CE8213FE",
            "secureContextType": "Secure",
            "securityOrigin": "://",
            "url": "about:blank"
         }
      }, {
         "frame": {
            "adFrameStatus": {
               "adFrameType": "none",
               "explanations": [  ]
            },
            "crossOriginIsolatedContextType": "NotIsolated",
            "domainAndRegistry": "",
            "gatedAPIFeatures": [  ],
            "id": "A4B93062EDE213F4A156D9C1B2BE2FF0",
            "loaderId": "247B497CF9EF70A43751A730016B6DF5",
            "mimeType": "text/html",
            "name": "_hjSafeContext_76188799",
            "parentId": "F2976C62E4DCE76891DD6D12CE8213FE",
            "secureContextType": "Secure",
            "securityOrigin": "://",
            "url": "about:blank"
         }
      } ],
      "frame": {
         "adFrameStatus": {
            "adFrameType": "none"
         },
         "crossOriginIsolatedContextType": "NotIsolated",
         "domainAndRegistry": "futurework.com.sa",
         "gatedAPIFeatures": [  ],
         "id": "F2976C62E4DCE76891DD6D12CE8213FE",
         "loaderId": "DC1A08DD8B41A591E3882FCE01EACE13",
         "mimeType": "text/html",
         "secureContextType": "Secure",
         "securityOrigin": "https://maas-uat.futurework.com.sa",
         "url": "https://maas-uat.futurework.com.sa/login"
      }
   }
}
[1741347428.914][DEBUG]: DevTools WebSocket Command: Runtime.callFunctionOn (id=92) (session_id=43A1723E6C1E73374116C0A93953C6AC) F2976C62E4DCE76891DD6D12CE8213FE {
   "arguments": [  ],
   "awaitPromise": true,
   "functionDeclaration": "function(){ return (function() { // Copyright 2012 The Chromium Authors\n// Use of this source code is governed by a BSD-style license that can be\n// found in the LICENSE file.\n\n/**\n * Enum for WebD...",
   "generateWebDriverValue": true,
   "objectGroup": "e73674f5-05bf-407c-a6d1-e7954345e9ec",
   "uniqueContextId": "-6942648794307042400.-7805452207504835363"
}
[1741347428.949][DEBUG]: DevTools WebSocket Response: Runtime.callFunctionOn (id=92) (session_id=43A1723E6C1E73374116C0A93953C6AC) F2976C62E4DCE76891DD6D12CE8213FE {
   "result": {
      "className": "Array",
      "description": "Array(1)",
      "objectId": "5920981833020314707.1.16",
      "subtype": "array",
      "type": "object",
      "webDriverValue": {
         "type": "array",
         "value": [ {
            "type": "string",
            "value": "{\"status\":0,\"value\":null}"
         } ]
      }
   }
}
[1741347428.949][DEBUG]: DevTools WebSocket Command: Runtime.releaseObjectGroup (id=93) (session_id=43A1723E6C1E73374116C0A93953C6AC) F2976C62E4DCE76891DD6D12CE8213FE {
   "objectGroup": "e73674f5-05bf-407c-a6d1-e7954345e9ec"
}
[1741347429.014][DEBUG]: DevTools WebSocket Command: Page.getFrameTree (id=94) (session_id=43A1723E6C1E73374116C0A93953C6AC) F2976C62E4DCE76891DD6D12CE8213FE {
}
[1741347429.014][DEBUG]: DevTools WebSocket Response: Runtime.releaseObjectGroup (id=93) (session_id=43A1723E6C1E73374116C0A93953C6AC) F2976C62E4DCE76891DD6D12CE8213FE {
}
[1741347429.015][DEBUG]: DevTools WebSocket Response: Page.getFrameTree (id=94) (session_id=43A1723E6C1E73374116C0A93953C6AC) F2976C62E4DCE76891DD6D12CE8213FE {
   "frameTree": {
      "childFrames": [ {
         "frame": {
            "adFrameStatus": {
               "adFrameType": "none",
               "explanations": [  ]
            },
            "crossOriginIsolatedContextType": "NotIsolated",
            "domainAndRegistry": "",
            "gatedAPIFeatures": [  ],
            "id": "3890F6AD04D35CF5BE95C773ED57B9C5",
            "loaderId": "C25B6F66CDE8EE90110464A4620C0521",
            "mimeType": "text/html",
            "name": "",
            "parentId": "F2976C62E4DCE76891DD6D12CE8213FE",
            "secureContextType": "Secure",
            "securityOrigin": "://",
            "url": "about:blank"
         }
      }, {
         "frame": {
            "adFrameStatus": {
               "adFrameType": "none",
               "explanations": [  ]
            },
            "crossOriginIsolatedContextType": "NotIsolated",
            "domainAndRegistry": "",
            "gatedAPIFeatures": [  ],
            "id": "A4B93062EDE213F4A156D9C1B2BE2FF0",
            "loaderId": "247B497CF9EF70A43751A730016B6DF5",
            "mimeType": "text/html",
            "name": "_hjSafeContext_76188799",
            "parentId": "F2976C62E4DCE76891DD6D12CE8213FE",
            "secureContextType": "Secure",
            "securityOrigin": "://",
            "url": "about:blank"
         }
      } ],
      "frame": {
         "adFrameStatus": {
            "adFrameType": "none"
         },
         "crossOriginIsolatedContextType": "NotIsolated",
         "domainAndRegistry": "futurework.com.sa",
         "gatedAPIFeatures": [  ],
         "id": "F2976C62E4DCE76891DD6D12CE8213FE",
         "loaderId": "DC1A08DD8B41A591E3882FCE01EACE13",
         "mimeType": "text/html",
         "secureContextType": "Secure",
         "securityOrigin": "https://maas-uat.futurework.com.sa",
         "url": "https://maas-uat.futurework.com.sa/login"
      }
   }
}
[1741347429.015][DEBUG]: DevTools WebSocket Command: Page.getFrameTree (id=95) (session_id=43A1723E6C1E73374116C0A93953C6AC) F2976C62E4DCE76891DD6D12CE8213FE {
}
[1741347429.016][DEBUG]: DevTools WebSocket Response: Page.getFrameTree (id=95) (session_id=43A1723E6C1E73374116C0A93953C6AC) F2976C62E4DCE76891DD6D12CE8213FE {
   "frameTree": {
      "childFrames": [ {
         "frame": {
            "adFrameStatus": {
               "adFrameType": "none",
               "explanations": [  ]
            },
            "crossOriginIsolatedContextType": "NotIsolated",
            "domainAndRegistry": "",
            "gatedAPIFeatures": [  ],
            "id": "3890F6AD04D35CF5BE95C773ED57B9C5",
            "loaderId": "C25B6F66CDE8EE90110464A4620C0521",
            "mimeType": "text/html",
            "name": "",
            "parentId": "F2976C62E4DCE76891DD6D12CE8213FE",
            "secureContextType": "Secure",
            "securityOrigin": "://",
            "url": "about:blank"
         }
      }, {
         "frame": {
            "adFrameStatus": {
               "adFrameType": "none",
               "explanations": [  ]
            },
            "crossOriginIsolatedContextType": "NotIsolated",
            "domainAndRegistry": "",
            "gatedAPIFeatures": [  ],
            "id": "A4B93062EDE213F4A156D9C1B2BE2FF0",
            "loaderId": "247B497CF9EF70A43751A730016B6DF5",
            "mimeType": "text/html",
            "name": "_hjSafeContext_76188799",
            "parentId": "F2976C62E4DCE76891DD6D12CE8213FE",
            "secureContextType": "Secure",
            "securityOrigin": "://",
            "url": "about:blank"
         }
      } ],
      "frame": {
         "adFrameStatus": {
            "adFrameType": "none"
         },
         "crossOriginIsolatedContextType": "NotIsolated",
         "domainAndRegistry": "futurework.com.sa",
         "gatedAPIFeatures": [  ],
         "id": "F2976C62E4DCE76891DD6D12CE8213FE",
         "loaderId": "DC1A08DD8B41A591E3882FCE01EACE13",
         "mimeType": "text/html",
         "secureContextType": "Secure",
         "securityOrigin": "https://maas-uat.futurework.com.sa",
         "url": "https://maas-uat.futurework.com.sa/login"
      }
   }
}
[1741347429.019][DEBUG]: DevTools WebSocket Command: Runtime.callFunctionOn (id=96) (session_id=43A1723E6C1E73374116C0A93953C6AC) F2976C62E4DCE76891DD6D12CE8213FE {
   "arguments": [  ],
   "awaitPromise": true,
   "functionDeclaration": "function(){ return (function() { // Copyright 2012 The Chromium Authors\n// Use of this source code is governed by a BSD-style license that can be\n// found in the LICENSE file.\n\n/**\n * Enum for WebD...",
   "generateWebDriverValue": true,
   "objectGroup": "269b6369-e2b4-4c52-92ad-5e2b48035649",
   "uniqueContextId": "-6942648794307042400.-7805452207504835363"
}
[1741347429.025][DEBUG]: DevTools WebSocket Response: Runtime.callFunctionOn (id=96) (session_id=43A1723E6C1E73374116C0A93953C6AC) F2976C62E4DCE76891DD6D12CE8213FE {
   "result": {
      "className": "Array",
      "description": "Array(1)",
      "objectId": "5920981833020314707.1.17",
      "subtype": "array",
      "type": "object",
      "webDriverValue": {
         "type": "array",
         "value": [ {
            "type": "string",
            "value": "{\"status\":0,\"value\":null}"
         } ]
      }
   }
}
[1741347429.025][DEBUG]: DevTools WebSocket Command: Runtime.releaseObjectGroup (id=97) (session_id=43A1723E6C1E73374116C0A93953C6AC) F2976C62E4DCE76891DD6D12CE8213FE {
   "objectGroup": "269b6369-e2b4-4c52-92ad-5e2b48035649"
}
[1741347429.077][DEBUG]: DevTools WebSocket Command: Page.getFrameTree (id=98) (session_id=43A1723E6C1E73374116C0A93953C6AC) F2976C62E4DCE76891DD6D12CE8213FE {
}
[1741347429.077][DEBUG]: DevTools WebSocket Response: Runtime.releaseObjectGroup (id=97) (session_id=43A1723E6C1E73374116C0A93953C6AC) F2976C62E4DCE76891DD6D12CE8213FE {
}
[1741347429.078][DEBUG]: DevTools WebSocket Response: Page.getFrameTree (id=98) (session_id=43A1723E6C1E73374116C0A93953C6AC) F2976C62E4DCE76891DD6D12CE8213FE {
   "frameTree": {
      "childFrames": [ {
         "frame": {
            "adFrameStatus": {
               "adFrameType": "none",
               "explanations": [  ]
            },
            "crossOriginIsolatedContextType": "NotIsolated",
            "domainAndRegistry": "",
            "gatedAPIFeatures": [  ],
            "id": "3890F6AD04D35CF5BE95C773ED57B9C5",
            "loaderId": "C25B6F66CDE8EE90110464A4620C0521",
            "mimeType": "text/html",
            "name": "",
            "parentId": "F2976C62E4DCE76891DD6D12CE8213FE",
            "secureContextType": "Secure",
            "securityOrigin": "://",
            "url": "about:blank"
         }
      }, {
         "frame": {
            "adFrameStatus": {
               "adFrameType": "none",
               "explanations": [  ]
            },
            "crossOriginIsolatedContextType": "NotIsolated",
            "domainAndRegistry": "",
            "gatedAPIFeatures": [  ],
            "id": "A4B93062EDE213F4A156D9C1B2BE2FF0",
            "loaderId": "247B497CF9EF70A43751A730016B6DF5",
            "mimeType": "text/html",
            "name": "_hjSafeContext_76188799",
            "parentId": "F2976C62E4DCE76891DD6D12CE8213FE",
            "secureContextType": "Secure",
            "securityOrigin": "://",
            "url": "about:blank"
         }
      } ],
      "frame": {
         "adFrameStatus": {
            "adFrameType": "none"
         },
         "crossOriginIsolatedContextType": "NotIsolated",
         "domainAndRegistry": "futurework.com.sa",
         "gatedAPIFeatures": [  ],
         "id": "F2976C62E4DCE76891DD6D12CE8213FE",
         "loaderId": "DC1A08DD8B41A591E3882FCE01EACE13",
         "mimeType": "text/html",
         "secureContextType": "Secure",
         "securityOrigin": "https://maas-uat.futurework.com.sa",
         "url": "https://maas-uat.futurework.com.sa/login"
      }
   }
}
[1741347429.078][DEBUG]: DevTools WebSocket Command: Page.getFrameTree (id=99) (session_id=43A1723E6C1E73374116C0A93953C6AC) F2976C62E4DCE76891DD6D12CE8213FE {
}
[1741347429.079][DEBUG]: DevTools WebSocket Response: Page.getFrameTree (id=99) (session_id=43A1723E6C1E73374116C0A93953C6AC) F2976C62E4DCE76891DD6D12CE8213FE {
   "frameTree": {
      "childFrames": [ {
         "frame": {
            "adFrameStatus": {
               "adFrameType": "none",
               "explanations": [  ]
            },
            "crossOriginIsolatedContextType": "NotIsolated",
            "domainAndRegistry": "",
            "gatedAPIFeatures": [  ],
            "id": "3890F6AD04D35CF5BE95C773ED57B9C5",
            "loaderId": "C25B6F66CDE8EE90110464A4620C0521",
            "mimeType": "text/html",
            "name": "",
            "parentId": "F2976C62E4DCE76891DD6D12CE8213FE",
            "secureContextType": "Secure",
            "securityOrigin": "://",
            "url": "about:blank"
         }
      }, {
         "frame": {
            "adFrameStatus": {
               "adFrameType": "none",
               "explanations": [  ]
            },
            "crossOriginIsolatedContextType": "NotIsolated",
            "domainAndRegistry": "",
            "gatedAPIFeatures": [  ],
            "id": "A4B93062EDE213F4A156D9C1B2BE2FF0",
            "loaderId": "247B497CF9EF70A43751A730016B6DF5",
            "mimeType": "text/html",
            "name": "_hjSafeContext_76188799",
            "parentId": "F2976C62E4DCE76891DD6D12CE8213FE",
            "secureContextType": "Secure",
            "securityOrigin": "://",
            "url": "about:blank"
         }
      } ],
      "frame": {
         "adFrameStatus": {
            "adFrameType": "none"
         },
         "crossOriginIsolatedContextType": "NotIsolated",
         "domainAndRegistry": "futurework.com.sa",
         "gatedAPIFeatures": [  ],
         "id": "F2976C62E4DCE76891DD6D12CE8213FE",
         "loaderId": "DC1A08DD8B41A591E3882FCE01EACE13",
         "mimeType": "text/html",
         "secureContextType": "Secure",
         "securityOrigin": "https://maas-uat.futurework.com.sa",
         "url": "https://maas-uat.futurework.com.sa/login"
      }
   }
}
[1741347429.082][DEBUG]: DevTools WebSocket Command: Runtime.callFunctionOn (id=100) (session_id=43A1723E6C1E73374116C0A93953C6AC) F2976C62E4DCE76891DD6D12CE8213FE {
   "arguments": [  ],
   "awaitPromise": true,
   "functionDeclaration": "function(){ return (function() { // Copyright 2012 The Chromium Authors\n// Use of this source code is governed by a BSD-style license that can be\n// found in the LICENSE file.\n\n/**\n * Enum for WebD...",
   "generateWebDriverValue": true,
   "objectGroup": "554d39b7-2b87-4abd-b833-58c4613633c2",
   "uniqueContextId": "-6942648794307042400.-7805452207504835363"
}
[1741347429.087][DEBUG]: DevTools WebSocket Response: Runtime.callFunctionOn (id=100) (session_id=43A1723E6C1E73374116C0A93953C6AC) F2976C62E4DCE76891DD6D12CE8213FE {
   "result": {
      "className": "Array",
      "description": "Array(2)",
      "objectId": "5920981833020314707.1.18",
      "subtype": "array",
      "type": "object",
      "webDriverValue": {
         "type": "array",
         "value": [ {
            "type": "string",
            "value": "{\"status\":0,\"value\":{\"element-6066-11e4-a52e-4f735466cecf\":0}}"
         }, {
            "type": "node",
            "value": {
               "attributes": {
                  "_ngcontent-ng-c1308541415": "",
                  "class": "form-control ng-untouched ng-pristine ng-invalid",
                  "formcontrolname": "userName",
                  "placeholder": "Email *",
                  "type": "email"
               },
               "backendNodeId": 41,
               "childNodeCount": 0,
               "localName": "input",
               "namespaceURI": "http://www.w3.org/1999/xhtml",
               "nodeType": 1
            }
         } ]
      }
   }
}
[1741347429.087][DEBUG]: DevTools WebSocket Command: Runtime.releaseObjectGroup (id=101) (session_id=43A1723E6C1E73374116C0A93953C6AC) F2976C62E4DCE76891DD6D12CE8213FE {
   "objectGroup": "554d39b7-2b87-4abd-b833-58c4613633c2"
}
[1741347429.087][INFO]: Waiting for pending navigations...
[1741347429.087][DEBUG]: DevTools WebSocket Command: Runtime.evaluate (id=102) (session_id=43A1723E6C1E73374116C0A93953C6AC) F2976C62E4DCE76891DD6D12CE8213FE {
   "expression": "1"
}
[1741347429.088][DEBUG]: DevTools WebSocket Response: Runtime.releaseObjectGroup (id=101) (session_id=43A1723E6C1E73374116C0A93953C6AC) F2976C62E4DCE76891DD6D12CE8213FE {
}
[1741347429.088][DEBUG]: DevTools WebSocket Response: Runtime.evaluate (id=102) (session_id=43A1723E6C1E73374116C0A93953C6AC) F2976C62E4DCE76891DD6D12CE8213FE {
   "result": {
      "description": "1",
      "type": "number",
      "value": 1
   }
}
[1741347429.088][INFO]: Done waiting for pending navigations. Status: ok
[1741347429.088][INFO]: [c370eba2140c99957d9312d8f3895bcc] RESPONSE FindElement {
   "element-6066-11e4-a52e-4f735466cecf": "DC1A08DD8B41A591E3882FCE01EACE13_element_41"
}
[1741347429.095][INFO]: [c370eba2140c99957d9312d8f3895bcc] COMMAND TypeElement {
   "id": "DC1A08DD8B41A591E3882FCE01EACE13_element_41",
   "text": "umarkhandurrani@gmail.com",
   "value": [ "u", "m", "a", "r", "k", "h", "a", "n", "d", "u", "r", "r", "a", "n", "i", "@", "g", "m", "a", "i", "l", ".", "c", "o", "m" ]
}
[1741347429.095][INFO]: Waiting for pending navigations...
[1741347429.095][DEBUG]: DevTools WebSocket Command: Runtime.evaluate (id=103) (session_id=43A1723E6C1E73374116C0A93953C6AC) F2976C62E4DCE76891DD6D12CE8213FE {
   "expression": "1"
}
[1741347429.096][DEBUG]: DevTools WebSocket Response: Runtime.evaluate (id=103) (session_id=43A1723E6C1E73374116C0A93953C6AC) F2976C62E4DCE76891DD6D12CE8213FE {
   "result": {
      "description": "1",
      "type": "number",
      "value": 1
   }
}
[1741347429.096][INFO]: Done waiting for pending navigations. Status: ok
[1741347429.097][DEBUG]: DevTools WebSocket Command: Page.getFrameTree (id=104) (session_id=43A1723E6C1E73374116C0A93953C6AC) F2976C62E4DCE76891DD6D12CE8213FE {
}
[1741347429.097][DEBUG]: DevTools WebSocket Response: Page.getFrameTree (id=104) (session_id=43A1723E6C1E73374116C0A93953C6AC) F2976C62E4DCE76891DD6D12CE8213FE {
   "frameTree": {
      "childFrames": [ {
         "frame": {
            "adFrameStatus": {
               "adFrameType": "none",
               "explanations": [  ]
            },
            "crossOriginIsolatedContextType": "NotIsolated",
            "domainAndRegistry": "",
            "gatedAPIFeatures": [  ],
            "id": "3890F6AD04D35CF5BE95C773ED57B9C5",
            "loaderId": "C25B6F66CDE8EE90110464A4620C0521",
            "mimeType": "text/html",
            "name": "",
            "parentId": "F2976C62E4DCE76891DD6D12CE8213FE",
            "secureContextType": "Secure",
            "securityOrigin": "://",
            "url": "about:blank"
         }
      }, {
         "frame": {
            "adFrameStatus": {
               "adFrameType": "none",
               "explanations": [  ]
            },
            "crossOriginIsolatedContextType": "NotIsolated",
            "domainAndRegistry": "",
            "gatedAPIFeatures": [  ],
            "id": "A4B93062EDE213F4A156D9C1B2BE2FF0",
            "loaderId": "247B497CF9EF70A43751A730016B6DF5",
            "mimeType": "text/html",
            "name": "_hjSafeContext_76188799",
            "parentId": "F2976C62E4DCE76891DD6D12CE8213FE",
            "secureContextType": "Secure",
            "securityOrigin": "://",
            "url": "about:blank"
         }
      } ],
      "frame": {
         "adFrameStatus": {
            "adFrameType": "none"
         },
         "crossOriginIsolatedContextType": "NotIsolated",
         "domainAndRegistry": "futurework.com.sa",
         "gatedAPIFeatures": [  ],
         "id": "F2976C62E4DCE76891DD6D12CE8213FE",
         "loaderId": "DC1A08DD8B41A591E3882FCE01EACE13",
         "mimeType": "text/html",
         "secureContextType": "Secure",
         "securityOrigin": "https://maas-uat.futurework.com.sa",
         "url": "https://maas-uat.futurework.com.sa/login"
      }
   }
}
[1741347429.098][DEBUG]: DevTools WebSocket Command: DOM.resolveNode (id=105) (session_id=43A1723E6C1E73374116C0A93953C6AC) F2976C62E4DCE76891DD6D12CE8213FE {
   "backendNodeId": 41,
   "objectGroup": "aa3473d5-0325-433e-bf59-91a4630039a4"
}
[1741347429.098][DEBUG]: DevTools WebSocket Response: DOM.resolveNode (id=105) (session_id=43A1723E6C1E73374116C0A93953C6AC) F2976C62E4DCE76891DD6D12CE8213FE {
   "object": {
      "className": "HTMLInputElement",
      "description": "input.form-control.ng-untouched.ng-pristine.ng-invalid",
      "objectId": "5920981833020314707.1.19",
      "subtype": "node",
      "type": "object"
   }
}
[1741347429.098][DEBUG]: DevTools WebSocket Command: Page.getFrameTree (id=106) (session_id=43A1723E6C1E73374116C0A93953C6AC) F2976C62E4DCE76891DD6D12CE8213FE {
}
[1741347429.099][DEBUG]: DevTools WebSocket Response: Page.getFrameTree (id=106) (session_id=43A1723E6C1E73374116C0A93953C6AC) F2976C62E4DCE76891DD6D12CE8213FE {
   "frameTree": {
      "childFrames": [ {
         "frame": {
            "adFrameStatus": {
               "adFrameType": "none",
               "explanations": [  ]
            },
            "crossOriginIsolatedContextType": "NotIsolated",
            "domainAndRegistry": "",
            "gatedAPIFeatures": [  ],
            "id": "3890F6AD04D35CF5BE95C773ED57B9C5",
            "loaderId": "C25B6F66CDE8EE90110464A4620C0521",
            "mimeType": "text/html",
            "name": "",
            "parentId": "F2976C62E4DCE76891DD6D12CE8213FE",
            "secureContextType": "Secure",
            "securityOrigin": "://",
            "url": "about:blank"
         }
      }, {
         "frame": {
            "adFrameStatus": {
               "adFrameType": "none",
               "explanations": [  ]
            },
            "crossOriginIsolatedContextType": "NotIsolated",
            "domainAndRegistry": "",
            "gatedAPIFeatures": [  ],
            "id": "A4B93062EDE213F4A156D9C1B2BE2FF0",
            "loaderId": "247B497CF9EF70A43751A730016B6DF5",
            "mimeType": "text/html",
            "name": "_hjSafeContext_76188799",
            "parentId": "F2976C62E4DCE76891DD6D12CE8213FE",
            "secureContextType": "Secure",
            "securityOrigin": "://",
            "url": "about:blank"
         }
      } ],
      "frame": {
         "adFrameStatus": {
            "adFrameType": "none"
         },
         "crossOriginIsolatedContextType": "NotIsolated",
         "domainAndRegistry": "futurework.com.sa",
         "gatedAPIFeatures": [  ],
         "id": "F2976C62E4DCE76891DD6D12CE8213FE",
         "loaderId": "DC1A08DD8B41A591E3882FCE01EACE13",
         "mimeType": "text/html",
         "secureContextType": "Secure",
         "securityOrigin": "https://maas-uat.futurework.com.sa",
         "url": "https://maas-uat.futurework.com.sa/login"
      }
   }
}
[1741347429.101][DEBUG]: DevTools WebSocket Command: Runtime.callFunctionOn (id=107) (session_id=43A1723E6C1E73374116C0A93953C6AC) F2976C62E4DCE76891DD6D12CE8213FE {
   "arguments": [ {
      "objectId": "5920981833020314707.1.19"
   } ],
   "awaitPromise": true,
   "functionDeclaration": "function(){ return (function() { // Copyright 2012 The Chromium Authors\n// Use of this source code is governed by a BSD-style license that can be\n// found in the LICENSE file.\n\n/**\n * Enum for WebD...",
   "generateWebDriverValue": true,
   "objectGroup": "aa3473d5-0325-433e-bf59-91a4630039a4",
   "uniqueContextId": "-6942648794307042400.-7805452207504835363"
}
[1741347429.110][DEBUG]: DevTools WebSocket Response: Runtime.callFunctionOn (id=107) (session_id=43A1723E6C1E73374116C0A93953C6AC) F2976C62E4DCE76891DD6D12CE8213FE {
   "result": {
      "className": "Array",
      "description": "Array(1)",
      "objectId": "5920981833020314707.1.20",
      "subtype": "array",
      "type": "object",
      "webDriverValue": {
         "type": "array",
         "value": [ {
            "type": "string",
            "value": "{\"status\":0,\"value\":\"INPUT\"}"
         } ]
      }
   }
}
[1741347429.111][DEBUG]: DevTools WebSocket Command: Runtime.releaseObjectGroup (id=108) (session_id=43A1723E6C1E73374116C0A93953C6AC) F2976C62E4DCE76891DD6D12CE8213FE {
   "objectGroup": "aa3473d5-0325-433e-bf59-91a4630039a4"
}
[1741347429.111][DEBUG]: DevTools WebSocket Command: Page.getFrameTree (id=109) (session_id=43A1723E6C1E73374116C0A93953C6AC) F2976C62E4DCE76891DD6D12CE8213FE {
}
[1741347429.111][DEBUG]: DevTools WebSocket Response: Runtime.releaseObjectGroup (id=108) (session_id=43A1723E6C1E73374116C0A93953C6AC) F2976C62E4DCE76891DD6D12CE8213FE {
}
[1741347429.112][DEBUG]: DevTools WebSocket Response: Page.getFrameTree (id=109) (session_id=43A1723E6C1E73374116C0A93953C6AC) F2976C62E4DCE76891DD6D12CE8213FE {
   "frameTree": {
      "childFrames": [ {
         "frame": {
            "adFrameStatus": {
               "adFrameType": "none",
               "explanations": [  ]
            },
            "crossOriginIsolatedContextType": "NotIsolated",
            "domainAndRegistry": "",
            "gatedAPIFeatures": [  ],
            "id": "3890F6AD04D35CF5BE95C773ED57B9C5",
            "loaderId": "C25B6F66CDE8EE90110464A4620C0521",
            "mimeType": "text/html",
            "name": "",
            "parentId": "F2976C62E4DCE76891DD6D12CE8213FE",
            "secureContextType": "Secure",
            "securityOrigin": "://",
            "url": "about:blank"
         }
      }, {
         "frame": {
            "adFrameStatus": {
               "adFrameType": "none",
               "explanations": [  ]
            },
            "crossOriginIsolatedContextType": "NotIsolated",
            "domainAndRegistry": "",
            "gatedAPIFeatures": [  ],
            "id": "A4B93062EDE213F4A156D9C1B2BE2FF0",
            "loaderId": "247B497CF9EF70A43751A730016B6DF5",
            "mimeType": "text/html",
            "name": "_hjSafeContext_76188799",
            "parentId": "F2976C62E4DCE76891DD6D12CE8213FE",
            "secureContextType": "Secure",
            "securityOrigin": "://",
            "url": "about:blank"
         }
      } ],
      "frame": {
         "adFrameStatus": {
            "adFrameType": "none"
         },
         "crossOriginIsolatedContextType": "NotIsolated",
         "domainAndRegistry": "futurework.com.sa",
         "gatedAPIFeatures": [  ],
         "id": "F2976C62E4DCE76891DD6D12CE8213FE",
         "loaderId": "DC1A08DD8B41A591E3882FCE01EACE13",
         "mimeType": "text/html",
         "secureContextType": "Secure",
         "securityOrigin": "https://maas-uat.futurework.com.sa",
         "url": "https://maas-uat.futurework.com.sa/login"
      }
   }
}
[1741347429.112][DEBUG]: DevTools WebSocket Command: DOM.resolveNode (id=110) (session_id=43A1723E6C1E73374116C0A93953C6AC) F2976C62E4DCE76891DD6D12CE8213FE {
   "backendNodeId": 41,
   "objectGroup": "2e390615-07e7-4969-933d-8ad1cb567493"
}
[1741347429.113][DEBUG]: DevTools WebSocket Response: DOM.resolveNode (id=110) (session_id=43A1723E6C1E73374116C0A93953C6AC) F2976C62E4DCE76891DD6D12CE8213FE {
   "object": {
      "className": "HTMLInputElement",
      "description": "input.form-control.ng-untouched.ng-pristine.ng-invalid",
      "objectId": "5920981833020314707.1.21",
      "subtype": "node",
      "type": "object"
   }
}
[1741347429.113][DEBUG]: DevTools WebSocket Command: Page.getFrameTree (id=111) (session_id=43A1723E6C1E73374116C0A93953C6AC) F2976C62E4DCE76891DD6D12CE8213FE {
}
[1741347429.114][DEBUG]: DevTools WebSocket Response: Page.getFrameTree (id=111) (session_id=43A1723E6C1E73374116C0A93953C6AC) F2976C62E4DCE76891DD6D12CE8213FE {
   "frameTree": {
      "childFrames": [ {
         "frame": {
            "adFrameStatus": {
               "adFrameType": "none",
               "explanations": [  ]
            },
            "crossOriginIsolatedContextType": "NotIsolated",
            "domainAndRegistry": "",
            "gatedAPIFeatures": [  ],
            "id": "3890F6AD04D35CF5BE95C773ED57B9C5",
            "loaderId": "C25B6F66CDE8EE90110464A4620C0521",
            "mimeType": "text/html",
            "name": "",
            "parentId": "F2976C62E4DCE76891DD6D12CE8213FE",
            "secureContextType": "Secure",
            "securityOrigin": "://",
            "url": "about:blank"
         }
      }, {
         "frame": {
            "adFrameStatus": {
               "adFrameType": "none",
               "explanations": [  ]
            },
            "crossOriginIsolatedContextType": "NotIsolated",
            "domainAndRegistry": "",
            "gatedAPIFeatures": [  ],
            "id": "A4B93062EDE213F4A156D9C1B2BE2FF0",
            "loaderId": "247B497CF9EF70A43751A730016B6DF5",
            "mimeType": "text/html",
            "name": "_hjSafeContext_76188799",
            "parentId": "F2976C62E4DCE76891DD6D12CE8213FE",
            "secureContextType": "Secure",
            "securityOrigin": "://",
            "url": "about:blank"
         }
      } ],
      "frame": {
         "adFrameStatus": {
            "adFrameType": "none"
         },
         "crossOriginIsolatedContextType": "NotIsolated",
         "domainAndRegistry": "futurework.com.sa",
         "gatedAPIFeatures": [  ],
         "id": "F2976C62E4DCE76891DD6D12CE8213FE",
         "loaderId": "DC1A08DD8B41A591E3882FCE01EACE13",
         "mimeType": "text/html",
         "secureContextType": "Secure",
         "securityOrigin": "https://maas-uat.futurework.com.sa",
         "url": "https://maas-uat.futurework.com.sa/login"
      }
   }
}
[1741347429.116][DEBUG]: DevTools WebSocket Command: Runtime.callFunctionOn (id=112) (session_id=43A1723E6C1E73374116C0A93953C6AC) F2976C62E4DCE76891DD6D12CE8213FE {
   "arguments": [ {
      "objectId": "5920981833020314707.1.21"
   } ],
   "awaitPromise": true,
   "functionDeclaration": "function(){ return (function() { // Copyright 2012 The Chromium Authors\n// Use of this source code is governed by a BSD-style license that can be\n// found in the LICENSE file.\n\n/**\n * Enum for WebD...",
   "generateWebDriverValue": true,
   "objectGroup": "2e390615-07e7-4969-933d-8ad1cb567493",
   "uniqueContextId": "-6942648794307042400.-7805452207504835363"
}
[1741347429.123][DEBUG]: DevTools WebSocket Response: Runtime.callFunctionOn (id=112) (session_id=43A1723E6C1E73374116C0A93953C6AC) F2976C62E4DCE76891DD6D12CE8213FE {
   "result": {
      "className": "Array",
      "description": "Array(1)",
      "objectId": "5920981833020314707.1.22",
      "subtype": "array",
      "type": "object",
      "webDriverValue": {
         "type": "array",
         "value": [ {
            "type": "string",
            "value": "{\"status\":0,\"value\":\"email\"}"
         } ]
      }
   }
}
[1741347429.124][DEBUG]: DevTools WebSocket Command: Runtime.releaseObjectGroup (id=113) (session_id=43A1723E6C1E73374116C0A93953C6AC) F2976C62E4DCE76891DD6D12CE8213FE {
   "objectGroup": "2e390615-07e7-4969-933d-8ad1cb567493"
}
[1741347429.124][DEBUG]: DevTools WebSocket Command: Page.getFrameTree (id=114) (session_id=43A1723E6C1E73374116C0A93953C6AC) F2976C62E4DCE76891DD6D12CE8213FE {
}
[1741347429.126][DEBUG]: DevTools WebSocket Response: Runtime.releaseObjectGroup (id=113) (session_id=43A1723E6C1E73374116C0A93953C6AC) F2976C62E4DCE76891DD6D12CE8213FE {
}
[1741347429.126][DEBUG]: DevTools WebSocket Response: Page.getFrameTree (id=114) (session_id=43A1723E6C1E73374116C0A93953C6AC) F2976C62E4DCE76891DD6D12CE8213FE {
   "frameTree": {
      "childFrames": [ {
         "frame": {
            "adFrameStatus": {
               "adFrameType": "none",
               "explanations": [  ]
            },
            "crossOriginIsolatedContextType": "NotIsolated",
            "domainAndRegistry": "",
            "gatedAPIFeatures": [  ],
            "id": "3890F6AD04D35CF5BE95C773ED57B9C5",
            "loaderId": "C25B6F66CDE8EE90110464A4620C0521",
            "mimeType": "text/html",
            "name": "",
            "parentId": "F2976C62E4DCE76891DD6D12CE8213FE",
            "secureContextType": "Secure",
            "securityOrigin": "://",
            "url": "about:blank"
         }
      }, {
         "frame": {
            "adFrameStatus": {
               "adFrameType": "none",
               "explanations": [  ]
            },
            "crossOriginIsolatedContextType": "NotIsolated",
            "domainAndRegistry": "",
            "gatedAPIFeatures": [  ],
            "id": "A4B93062EDE213F4A156D9C1B2BE2FF0",
            "loaderId": "247B497CF9EF70A43751A730016B6DF5",
            "mimeType": "text/html",
            "name": "_hjSafeContext_76188799",
            "parentId": "F2976C62E4DCE76891DD6D12CE8213FE",
            "secureContextType": "Secure",
            "securityOrigin": "://",
            "url": "about:blank"
         }
      } ],
      "frame": {
         "adFrameStatus": {
            "adFrameType": "none"
         },
         "crossOriginIsolatedContextType": "NotIsolated",
         "domainAndRegistry": "futurework.com.sa",
         "gatedAPIFeatures": [  ],
         "id": "F2976C62E4DCE76891DD6D12CE8213FE",
         "loaderId": "DC1A08DD8B41A591E3882FCE01EACE13",
         "mimeType": "text/html",
         "secureContextType": "Secure",
         "securityOrigin": "https://maas-uat.futurework.com.sa",
         "url": "https://maas-uat.futurework.com.sa/login"
      }
   }
}
[1741347429.126][DEBUG]: DevTools WebSocket Command: DOM.resolveNode (id=115) (session_id=43A1723E6C1E73374116C0A93953C6AC) F2976C62E4DCE76891DD6D12CE8213FE {
   "backendNodeId": 41,
   "objectGroup": "51101728-655e-4216-8133-401a3a252781"
}
[1741347429.127][DEBUG]: DevTools WebSocket Response: DOM.resolveNode (id=115) (session_id=43A1723E6C1E73374116C0A93953C6AC) F2976C62E4DCE76891DD6D12CE8213FE {
   "object": {
      "className": "HTMLInputElement",
      "description": "input.form-control.ng-untouched.ng-pristine.ng-invalid",
      "objectId": "5920981833020314707.1.23",
      "subtype": "node",
      "type": "object"
   }
}
[1741347429.127][DEBUG]: DevTools WebSocket Command: Page.getFrameTree (id=116) (session_id=43A1723E6C1E73374116C0A93953C6AC) F2976C62E4DCE76891DD6D12CE8213FE {
}
[1741347429.128][DEBUG]: DevTools WebSocket Response: Page.getFrameTree (id=116) (session_id=43A1723E6C1E73374116C0A93953C6AC) F2976C62E4DCE76891DD6D12CE8213FE {
   "frameTree": {
      "childFrames": [ {
         "frame": {
            "adFrameStatus": {
               "adFrameType": "none",
               "explanations": [  ]
            },
            "crossOriginIsolatedContextType": "NotIsolated",
            "domainAndRegistry": "",
            "gatedAPIFeatures": [  ],
            "id": "3890F6AD04D35CF5BE95C773ED57B9C5",
            "loaderId": "C25B6F66CDE8EE90110464A4620C0521",
            "mimeType": "text/html",
            "name": "",
            "parentId": "F2976C62E4DCE76891DD6D12CE8213FE",
            "secureContextType": "Secure",
            "securityOrigin": "://",
            "url": "about:blank"
         }
      }, {
         "frame": {
            "adFrameStatus": {
               "adFrameType": "none",
               "explanations": [  ]
            },
            "crossOriginIsolatedContextType": "NotIsolated",
            "domainAndRegistry": "",
            "gatedAPIFeatures": [  ],
            "id": "A4B93062EDE213F4A156D9C1B2BE2FF0",
            "loaderId": "247B497CF9EF70A43751A730016B6DF5",
            "mimeType": "text/html",
            "name": "_hjSafeContext_76188799",
            "parentId": "F2976C62E4DCE76891DD6D12CE8213FE",
            "secureContextType": "Secure",
            "securityOrigin": "://",
            "url": "about:blank"
         }
      } ],
      "frame": {
         "adFrameStatus": {
            "adFrameType": "none"
         },
         "crossOriginIsolatedContextType": "NotIsolated",
         "domainAndRegistry": "futurework.com.sa",
         "gatedAPIFeatures": [  ],
         "id": "F2976C62E4DCE76891DD6D12CE8213FE",
         "loaderId": "DC1A08DD8B41A591E3882FCE01EACE13",
         "mimeType": "text/html",
         "secureContextType": "Secure",
         "securityOrigin": "https://maas-uat.futurework.com.sa",
         "url": "https://maas-uat.futurework.com.sa/login"
      }
   }
}
[1741347429.129][DEBUG]: DevTools WebSocket Command: Runtime.callFunctionOn (id=117) (session_id=43A1723E6C1E73374116C0A93953C6AC) F2976C62E4DCE76891DD6D12CE8213FE {
   "arguments": [ {
      "objectId": "5920981833020314707.1.23"
   } ],
   "awaitPromise": true,
   "functionDeclaration": "function(){ return (function() { // Copyright 2012 The Chromium Authors\n// Use of this source code is governed by a BSD-style license that can be\n// found in the LICENSE file.\n\n/**\n * Enum for WebD...",
   "generateWebDriverValue": true,
   "objectGroup": "51101728-655e-4216-8133-401a3a252781",
   "uniqueContextId": "-6942648794307042400.-7805452207504835363"
}
[1741347429.131][DEBUG]: DevTools WebSocket Response: Runtime.callFunctionOn (id=117) (session_id=43A1723E6C1E73374116C0A93953C6AC) F2976C62E4DCE76891DD6D12CE8213FE {
   "result": {
      "className": "Array",
      "description": "Array(1)",
      "objectId": "5920981833020314707.1.24",
      "subtype": "array",
      "type": "object",
      "webDriverValue": {
         "type": "array",
         "value": [ {
            "type": "string",
            "value": "{\"status\":0,\"value\":false}"
         } ]
      }
   }
}
[1741347429.131][DEBUG]: DevTools WebSocket Command: Runtime.releaseObjectGroup (id=118) (session_id=43A1723E6C1E73374116C0A93953C6AC) F2976C62E4DCE76891DD6D12CE8213FE {
   "objectGroup": "51101728-655e-4216-8133-401a3a252781"
}
[1741347429.131][DEBUG]: DevTools WebSocket Command: Page.getFrameTree (id=119) (session_id=43A1723E6C1E73374116C0A93953C6AC) F2976C62E4DCE76891DD6D12CE8213FE {
}
[1741347429.132][DEBUG]: DevTools WebSocket Response: Runtime.releaseObjectGroup (id=118) (session_id=43A1723E6C1E73374116C0A93953C6AC) F2976C62E4DCE76891DD6D12CE8213FE {
}
[1741347429.132][DEBUG]: DevTools WebSocket Response: Page.getFrameTree (id=119) (session_id=43A1723E6C1E73374116C0A93953C6AC) F2976C62E4DCE76891DD6D12CE8213FE {
   "frameTree": {
      "childFrames": [ {
         "frame": {
            "adFrameStatus": {
               "adFrameType": "none",
               "explanations": [  ]
            },
            "crossOriginIsolatedContextType": "NotIsolated",
            "domainAndRegistry": "",
            "gatedAPIFeatures": [  ],
            "id": "3890F6AD04D35CF5BE95C773ED57B9C5",
            "loaderId": "C25B6F66CDE8EE90110464A4620C0521",
            "mimeType": "text/html",
            "name": "",
            "parentId": "F2976C62E4DCE76891DD6D12CE8213FE",
            "secureContextType": "Secure",
            "securityOrigin": "://",
            "url": "about:blank"
         }
      }, {
         "frame": {
            "adFrameStatus": {
               "adFrameType": "none",
               "explanations": [  ]
            },
            "crossOriginIsolatedContextType": "NotIsolated",
            "domainAndRegistry": "",
            "gatedAPIFeatures": [  ],
            "id": "A4B93062EDE213F4A156D9C1B2BE2FF0",
            "loaderId": "247B497CF9EF70A43751A730016B6DF5",
            "mimeType": "text/html",
            "name": "_hjSafeContext_76188799",
            "parentId": "F2976C62E4DCE76891DD6D12CE8213FE",
            "secureContextType": "Secure",
            "securityOrigin": "://",
            "url": "about:blank"
         }
      } ],
      "frame": {
         "adFrameStatus": {
            "adFrameType": "none"
         },
         "crossOriginIsolatedContextType": "NotIsolated",
         "domainAndRegistry": "futurework.com.sa",
         "gatedAPIFeatures": [  ],
         "id": "F2976C62E4DCE76891DD6D12CE8213FE",
         "loaderId": "DC1A08DD8B41A591E3882FCE01EACE13",
         "mimeType": "text/html",
         "secureContextType": "Secure",
         "securityOrigin": "https://maas-uat.futurework.com.sa",
         "url": "https://maas-uat.futurework.com.sa/login"
      }
   }
}
[1741347429.162][DEBUG]: DevTools WebSocket Command: DOM.resolveNode (id=120) (session_id=43A1723E6C1E73374116C0A93953C6AC) F2976C62E4DCE76891DD6D12CE8213FE {
   "backendNodeId": 41,
   "objectGroup": "a4c1dacb-965f-4a5e-bb75-2dc2e00626e0"
}
[1741347429.163][DEBUG]: DevTools WebSocket Response: DOM.resolveNode (id=120) (session_id=43A1723E6C1E73374116C0A93953C6AC) F2976C62E4DCE76891DD6D12CE8213FE {
   "object": {
      "className": "HTMLInputElement",
      "description": "input.form-control.ng-untouched.ng-pristine.ng-invalid",
      "objectId": "5920981833020314707.1.25",
      "subtype": "node",
      "type": "object"
   }
}
[1741347429.164][DEBUG]: DevTools WebSocket Command: Page.getFrameTree (id=121) (session_id=43A1723E6C1E73374116C0A93953C6AC) F2976C62E4DCE76891DD6D12CE8213FE {
}
[1741347429.165][DEBUG]: DevTools WebSocket Response: Page.getFrameTree (id=121) (session_id=43A1723E6C1E73374116C0A93953C6AC) F2976C62E4DCE76891DD6D12CE8213FE {
   "frameTree": {
      "childFrames": [ {
         "frame": {
            "adFrameStatus": {
               "adFrameType": "none",
               "explanations": [  ]
            },
            "crossOriginIsolatedContextType": "NotIsolated",
            "domainAndRegistry": "",
            "gatedAPIFeatures": [  ],
            "id": "3890F6AD04D35CF5BE95C773ED57B9C5",
            "loaderId": "C25B6F66CDE8EE90110464A4620C0521",
            "mimeType": "text/html",
            "name": "",
            "parentId": "F2976C62E4DCE76891DD6D12CE8213FE",
            "secureContextType": "Secure",
            "securityOrigin": "://",
            "url": "about:blank"
         }
      }, {
         "frame": {
            "adFrameStatus": {
               "adFrameType": "none",
               "explanations": [  ]
            },
            "crossOriginIsolatedContextType": "NotIsolated",
            "domainAndRegistry": "",
            "gatedAPIFeatures": [  ],
            "id": "A4B93062EDE213F4A156D9C1B2BE2FF0",
            "loaderId": "247B497CF9EF70A43751A730016B6DF5",
            "mimeType": "text/html",
            "name": "_hjSafeContext_76188799",
            "parentId": "F2976C62E4DCE76891DD6D12CE8213FE",
            "secureContextType": "Secure",
            "securityOrigin": "://",
            "url": "about:blank"
         }
      } ],
      "frame": {
         "adFrameStatus": {
            "adFrameType": "none"
         },
         "crossOriginIsolatedContextType": "NotIsolated",
         "domainAndRegistry": "futurework.com.sa",
         "gatedAPIFeatures": [  ],
         "id": "F2976C62E4DCE76891DD6D12CE8213FE",
         "loaderId": "DC1A08DD8B41A591E3882FCE01EACE13",
         "mimeType": "text/html",
         "secureContextType": "Secure",
         "securityOrigin": "https://maas-uat.futurework.com.sa",
         "url": "https://maas-uat.futurework.com.sa/login"
      }
   }
}
[1741347429.170][DEBUG]: DevTools WebSocket Command: Runtime.callFunctionOn (id=122) (session_id=43A1723E6C1E73374116C0A93953C6AC) F2976C62E4DCE76891DD6D12CE8213FE {
   "arguments": [ {
      "objectId": "5920981833020314707.1.25"
   } ],
   "awaitPromise": true,
   "functionDeclaration": "function(){ return (function() { // Copyright 2012 The Chromium Authors\n// Use of this source code is governed by a BSD-style license that can be\n// found in the LICENSE file.\n\n/**\n * Enum for WebD...",
   "generateWebDriverValue": true,
   "objectGroup": "a4c1dacb-965f-4a5e-bb75-2dc2e00626e0",
   "uniqueContextId": "-6942648794307042400.-7805452207504835363"
}
[1741347429.174][DEBUG]: DevTools WebSocket Response: Runtime.callFunctionOn (id=122) (session_id=43A1723E6C1E73374116C0A93953C6AC) F2976C62E4DCE76891DD6D12CE8213FE {
   "result": {
      "className": "Array",
      "description": "Array(1)",
      "objectId": "5920981833020314707.1.26",
      "subtype": "array",
      "type": "object",
      "webDriverValue": {
         "type": "array",
         "value": [ {
            "type": "string",
            "value": "{\"status\":0,\"value\":\"INPUT\"}"
         } ]
      }
   }
}
[1741347429.174][DEBUG]: DevTools WebSocket Command: Runtime.releaseObjectGroup (id=123) (session_id=43A1723E6C1E73374116C0A93953C6AC) F2976C62E4DCE76891DD6D12CE8213FE {
   "objectGroup": "a4c1dacb-965f-4a5e-bb75-2dc2e00626e0"
}
[1741347429.174][DEBUG]: DevTools WebSocket Command: Runtime.evaluate (id=124) (session_id=43A1723E6C1E73374116C0A93953C6AC) F2976C62E4DCE76891DD6D12CE8213FE {
   "awaitPromise": false,
   "expression": "document.hasFocus()",
   "returnByValue": true
}
[1741347429.175][DEBUG]: DevTools WebSocket Response: Runtime.releaseObjectGroup (id=123) (session_id=43A1723E6C1E73374116C0A93953C6AC) F2976C62E4DCE76891DD6D12CE8213FE {
}
[1741347429.175][DEBUG]: DevTools WebSocket Response: Runtime.evaluate (id=124) (session_id=43A1723E6C1E73374116C0A93953C6AC) F2976C62E4DCE76891DD6D12CE8213FE {
   "result": {
      "type": "boolean",
      "value": true
   }
}
[1741347429.175][DEBUG]: DevTools WebSocket Command: Page.getFrameTree (id=125) (session_id=43A1723E6C1E73374116C0A93953C6AC) F2976C62E4DCE76891DD6D12CE8213FE {
}
[1741347429.176][DEBUG]: DevTools WebSocket Response: Page.getFrameTree (id=125) (session_id=43A1723E6C1E73374116C0A93953C6AC) F2976C62E4DCE76891DD6D12CE8213FE {
   "frameTree": {
      "childFrames": [ {
         "frame": {
            "adFrameStatus": {
               "adFrameType": "none",
               "explanations": [  ]
            },
            "crossOriginIsolatedContextType": "NotIsolated",
            "domainAndRegistry": "",
            "gatedAPIFeatures": [  ],
            "id": "3890F6AD04D35CF5BE95C773ED57B9C5",
            "loaderId": "C25B6F66CDE8EE90110464A4620C0521",
            "mimeType": "text/html",
            "name": "",
            "parentId": "F2976C62E4DCE76891DD6D12CE8213FE",
            "secureContextType": "Secure",
            "securityOrigin": "://",
            "url": "about:blank"
         }
      }, {
         "frame": {
            "adFrameStatus": {
               "adFrameType": "none",
               "explanations": [  ]
            },
            "crossOriginIsolatedContextType": "NotIsolated",
            "domainAndRegistry": "",
            "gatedAPIFeatures": [  ],
            "id": "A4B93062EDE213F4A156D9C1B2BE2FF0",
            "loaderId": "247B497CF9EF70A43751A730016B6DF5",
            "mimeType": "text/html",
            "name": "_hjSafeContext_76188799",
            "parentId": "F2976C62E4DCE76891DD6D12CE8213FE",
            "secureContextType": "Secure",
            "securityOrigin": "://",
            "url": "about:blank"
         }
      } ],
      "frame": {
         "adFrameStatus": {
            "adFrameType": "none"
         },
         "crossOriginIsolatedContextType": "NotIsolated",
         "domainAndRegistry": "futurework.com.sa",
         "gatedAPIFeatures": [  ],
         "id": "F2976C62E4DCE76891DD6D12CE8213FE",
         "loaderId": "DC1A08DD8B41A591E3882FCE01EACE13",
         "mimeType": "text/html",
         "secureContextType": "Secure",
         "securityOrigin": "https://maas-uat.futurework.com.sa",
         "url": "https://maas-uat.futurework.com.sa/login"
      }
   }
}
[1741347429.177][DEBUG]: DevTools WebSocket Command: Page.getFrameTree (id=126) (session_id=43A1723E6C1E73374116C0A93953C6AC) F2976C62E4DCE76891DD6D12CE8213FE {
}
[1741347429.177][DEBUG]: DevTools WebSocket Response: Page.getFrameTree (id=126) (session_id=43A1723E6C1E73374116C0A93953C6AC) F2976C62E4DCE76891DD6D12CE8213FE {
   "frameTree": {
      "childFrames": [ {
         "frame": {
            "adFrameStatus": {
               "adFrameType": "none",
               "explanations": [  ]
            },
            "crossOriginIsolatedContextType": "NotIsolated",
            "domainAndRegistry": "",
            "gatedAPIFeatures": [  ],
            "id": "3890F6AD04D35CF5BE95C773ED57B9C5",
            "loaderId": "C25B6F66CDE8EE90110464A4620C0521",
            "mimeType": "text/html",
            "name": "",
            "parentId": "F2976C62E4DCE76891DD6D12CE8213FE",
            "secureContextType": "Secure",
            "securityOrigin": "://",
            "url": "about:blank"
         }
      }, {
         "frame": {
            "adFrameStatus": {
               "adFrameType": "none",
               "explanations": [  ]
            },
            "crossOriginIsolatedContextType": "NotIsolated",
            "domainAndRegistry": "",
            "gatedAPIFeatures": [  ],
            "id": "A4B93062EDE213F4A156D9C1B2BE2FF0",
            "loaderId": "247B497CF9EF70A43751A730016B6DF5",
            "mimeType": "text/html",
            "name": "_hjSafeContext_76188799",
            "parentId": "F2976C62E4DCE76891DD6D12CE8213FE",
            "secureContextType": "Secure",
            "securityOrigin": "://",
            "url": "about:blank"
         }
      } ],
      "frame": {
         "adFrameStatus": {
            "adFrameType": "none"
         },
         "crossOriginIsolatedContextType": "NotIsolated",
         "domainAndRegistry": "futurework.com.sa",
         "gatedAPIFeatures": [  ],
         "id": "F2976C62E4DCE76891DD6D12CE8213FE",
         "loaderId": "DC1A08DD8B41A591E3882FCE01EACE13",
         "mimeType": "text/html",
         "secureContextType": "Secure",
         "securityOrigin": "https://maas-uat.futurework.com.sa",
         "url": "https://maas-uat.futurework.com.sa/login"
      }
   }
}
[1741347429.179][DEBUG]: DevTools WebSocket Command: Runtime.callFunctionOn (id=127) (session_id=43A1723E6C1E73374116C0A93953C6AC) F2976C62E4DCE76891DD6D12CE8213FE {
   "arguments": [  ],
   "awaitPromise": true,
   "functionDeclaration": "function(){ return (function() { // Copyright 2012 The Chromium Authors\n// Use of this source code is governed by a BSD-style license that can be\n// found in the LICENSE file.\n\n/**\n * Enum for WebD...",
   "generateWebDriverValue": true,
   "objectGroup": "09a6b9b1-32d4-41f8-bbe5-242804d43b2c",
   "uniqueContextId": "-6942648794307042400.-7805452207504835363"
}
[1741347429.182][DEBUG]: DevTools WebSocket Response: Runtime.callFunctionOn (id=127) (session_id=43A1723E6C1E73374116C0A93953C6AC) F2976C62E4DCE76891DD6D12CE8213FE {
   "result": {
      "className": "Array",
      "description": "Array(2)",
      "objectId": "5920981833020314707.1.27",
      "subtype": "array",
      "type": "object",
      "webDriverValue": {
         "type": "array",
         "value": [ {
            "type": "string",
            "value": "{\"status\":0,\"value\":{\"element-6066-11e4-a52e-4f735466cecf\":0}}"
         }, {
            "type": "node",
            "value": {
               "attributes": {
                  "_ngcontent-ng-c1132783514": "",
                  "class": "mx-2 btn lang-btn"
               },
               "backendNodeId": 16,
               "childNodeCount": 1,
               "localName": "button",
               "namespaceURI": "http://www.w3.org/1999/xhtml",
               "nodeType": 1
            }
         } ]
      }
   }
}
[1741347429.182][DEBUG]: DevTools WebSocket Command: Runtime.releaseObjectGroup (id=128) (session_id=43A1723E6C1E73374116C0A93953C6AC) F2976C62E4DCE76891DD6D12CE8213FE {
   "objectGroup": "09a6b9b1-32d4-41f8-bbe5-242804d43b2c"
}
[1741347429.183][DEBUG]: DevTools WebSocket Command: Page.getFrameTree (id=129) (session_id=43A1723E6C1E73374116C0A93953C6AC) F2976C62E4DCE76891DD6D12CE8213FE {
}
[1741347429.183][DEBUG]: DevTools WebSocket Response: Runtime.releaseObjectGroup (id=128) (session_id=43A1723E6C1E73374116C0A93953C6AC) F2976C62E4DCE76891DD6D12CE8213FE {
}
[1741347429.184][DEBUG]: DevTools WebSocket Response: Page.getFrameTree (id=129) (session_id=43A1723E6C1E73374116C0A93953C6AC) F2976C62E4DCE76891DD6D12CE8213FE {
   "frameTree": {
      "childFrames": [ {
         "frame": {
            "adFrameStatus": {
               "adFrameType": "none",
               "explanations": [  ]
            },
            "crossOriginIsolatedContextType": "NotIsolated",
            "domainAndRegistry": "",
            "gatedAPIFeatures": [  ],
            "id": "3890F6AD04D35CF5BE95C773ED57B9C5",
            "loaderId": "C25B6F66CDE8EE90110464A4620C0521",
            "mimeType": "text/html",
            "name": "",
            "parentId": "F2976C62E4DCE76891DD6D12CE8213FE",
            "secureContextType": "Secure",
            "securityOrigin": "://",
            "url": "about:blank"
         }
      }, {
         "frame": {
            "adFrameStatus": {
               "adFrameType": "none",
               "explanations": [  ]
            },
            "crossOriginIsolatedContextType": "NotIsolated",
            "domainAndRegistry": "",
            "gatedAPIFeatures": [  ],
            "id": "A4B93062EDE213F4A156D9C1B2BE2FF0",
            "loaderId": "247B497CF9EF70A43751A730016B6DF5",
            "mimeType": "text/html",
            "name": "_hjSafeContext_76188799",
            "parentId": "F2976C62E4DCE76891DD6D12CE8213FE",
            "secureContextType": "Secure",
            "securityOrigin": "://",
            "url": "about:blank"
         }
      } ],
      "frame": {
         "adFrameStatus": {
            "adFrameType": "none"
         },
         "crossOriginIsolatedContextType": "NotIsolated",
         "domainAndRegistry": "futurework.com.sa",
         "gatedAPIFeatures": [  ],
         "id": "F2976C62E4DCE76891DD6D12CE8213FE",
         "loaderId": "DC1A08DD8B41A591E3882FCE01EACE13",
         "mimeType": "text/html",
         "secureContextType": "Secure",
         "securityOrigin": "https://maas-uat.futurework.com.sa",
         "url": "https://maas-uat.futurework.com.sa/login"
      }
   }
}
[1741347429.184][DEBUG]: DevTools WebSocket Command: DOM.resolveNode (id=130) (session_id=43A1723E6C1E73374116C0A93953C6AC) F2976C62E4DCE76891DD6D12CE8213FE {
   "backendNodeId": 41,
   "objectGroup": "bfd56854-858b-4b5a-91c1-6141e735b4ed"
}
[1741347429.185][DEBUG]: DevTools WebSocket Response: DOM.resolveNode (id=130) (session_id=43A1723E6C1E73374116C0A93953C6AC) F2976C62E4DCE76891DD6D12CE8213FE {
   "object": {
      "className": "HTMLInputElement",
      "description": "input.form-control.ng-untouched.ng-pristine.ng-invalid",
      "objectId": "5920981833020314707.1.28",
      "subtype": "node",
      "type": "object"
   }
}
[1741347429.210][DEBUG]: DevTools WebSocket Command: Page.getFrameTree (id=131) (session_id=43A1723E6C1E73374116C0A93953C6AC) F2976C62E4DCE76891DD6D12CE8213FE {
}
[1741347429.211][DEBUG]: DevTools WebSocket Response: Page.getFrameTree (id=131) (session_id=43A1723E6C1E73374116C0A93953C6AC) F2976C62E4DCE76891DD6D12CE8213FE {
   "frameTree": {
      "childFrames": [ {
         "frame": {
            "adFrameStatus": {
               "adFrameType": "none",
               "explanations": [  ]
            },
            "crossOriginIsolatedContextType": "NotIsolated",
            "domainAndRegistry": "",
            "gatedAPIFeatures": [  ],
            "id": "3890F6AD04D35CF5BE95C773ED57B9C5",
            "loaderId": "C25B6F66CDE8EE90110464A4620C0521",
            "mimeType": "text/html",
            "name": "",
            "parentId": "F2976C62E4DCE76891DD6D12CE8213FE",
            "secureContextType": "Secure",
            "securityOrigin": "://",
            "url": "about:blank"
         }
      }, {
         "frame": {
            "adFrameStatus": {
               "adFrameType": "none",
               "explanations": [  ]
            },
            "crossOriginIsolatedContextType": "NotIsolated",
            "domainAndRegistry": "",
            "gatedAPIFeatures": [  ],
            "id": "A4B93062EDE213F4A156D9C1B2BE2FF0",
            "loaderId": "247B497CF9EF70A43751A730016B6DF5",
            "mimeType": "text/html",
            "name": "_hjSafeContext_76188799",
            "parentId": "F2976C62E4DCE76891DD6D12CE8213FE",
            "secureContextType": "Secure",
            "securityOrigin": "://",
            "url": "about:blank"
         }
      } ],
      "frame": {
         "adFrameStatus": {
            "adFrameType": "none"
         },
         "crossOriginIsolatedContextType": "NotIsolated",
         "domainAndRegistry": "futurework.com.sa",
         "gatedAPIFeatures": [  ],
         "id": "F2976C62E4DCE76891DD6D12CE8213FE",
         "loaderId": "DC1A08DD8B41A591E3882FCE01EACE13",
         "mimeType": "text/html",
         "secureContextType": "Secure",
         "securityOrigin": "https://maas-uat.futurework.com.sa",
         "url": "https://maas-uat.futurework.com.sa/login"
      }
   }
}
[1741347429.214][DEBUG]: DevTools WebSocket Command: Runtime.callFunctionOn (id=132) (session_id=43A1723E6C1E73374116C0A93953C6AC) F2976C62E4DCE76891DD6D12CE8213FE {
   "arguments": [ {
      "objectId": "5920981833020314707.1.28"
   } ],
   "awaitPromise": true,
   "functionDeclaration": "function(){ return (function() { // Copyright 2012 The Chromium Authors\n// Use of this source code is governed by a BSD-style license that can be\n// found in the LICENSE file.\n\n/**\n * Enum for WebD...",
   "generateWebDriverValue": true,
   "objectGroup": "bfd56854-858b-4b5a-91c1-6141e735b4ed",
   "uniqueContextId": "-6942648794307042400.-7805452207504835363"
}
[1741347429.220][DEBUG]: DevTools WebSocket Response: Runtime.callFunctionOn (id=132) (session_id=43A1723E6C1E73374116C0A93953C6AC) F2976C62E4DCE76891DD6D12CE8213FE {
   "result": {
      "className": "Array",
      "description": "Array(1)",
      "objectId": "5920981833020314707.1.29",
      "subtype": "array",
      "type": "object",
      "webDriverValue": {
         "type": "array",
         "value": [ {
            "type": "string",
            "value": "{\"status\":0,\"value\":true}"
         } ]
      }
   }
}
[1741347429.220][DEBUG]: DevTools WebSocket Command: Runtime.releaseObjectGroup (id=133) (session_id=43A1723E6C1E73374116C0A93953C6AC) F2976C62E4DCE76891DD6D12CE8213FE {
   "objectGroup": "bfd56854-858b-4b5a-91c1-6141e735b4ed"
}
[1741347429.220][DEBUG]: DevTools WebSocket Command: Page.getFrameTree (id=134) (session_id=43A1723E6C1E73374116C0A93953C6AC) F2976C62E4DCE76891DD6D12CE8213FE {
}
[1741347429.221][DEBUG]: DevTools WebSocket Response: Runtime.releaseObjectGroup (id=133) (session_id=43A1723E6C1E73374116C0A93953C6AC) F2976C62E4DCE76891DD6D12CE8213FE {
}
[1741347429.221][DEBUG]: DevTools WebSocket Response: Page.getFrameTree (id=134) (session_id=43A1723E6C1E73374116C0A93953C6AC) F2976C62E4DCE76891DD6D12CE8213FE {
   "frameTree": {
      "childFrames": [ {
         "frame": {
            "adFrameStatus": {
               "adFrameType": "none",
               "explanations": [  ]
            },
            "crossOriginIsolatedContextType": "NotIsolated",
            "domainAndRegistry": "",
            "gatedAPIFeatures": [  ],
            "id": "3890F6AD04D35CF5BE95C773ED57B9C5",
            "loaderId": "C25B6F66CDE8EE90110464A4620C0521",
            "mimeType": "text/html",
            "name": "",
            "parentId": "F2976C62E4DCE76891DD6D12CE8213FE",
            "secureContextType": "Secure",
            "securityOrigin": "://",
            "url": "about:blank"
         }
      }, {
         "frame": {
            "adFrameStatus": {
               "adFrameType": "none",
               "explanations": [  ]
            },
            "crossOriginIsolatedContextType": "NotIsolated",
            "domainAndRegistry": "",
            "gatedAPIFeatures": [  ],
            "id": "A4B93062EDE213F4A156D9C1B2BE2FF0",
            "loaderId": "247B497CF9EF70A43751A730016B6DF5",
            "mimeType": "text/html",
            "name": "_hjSafeContext_76188799",
            "parentId": "F2976C62E4DCE76891DD6D12CE8213FE",
            "secureContextType": "Secure",
            "securityOrigin": "://",
            "url": "about:blank"
         }
      } ],
      "frame": {
         "adFrameStatus": {
            "adFrameType": "none"
         },
         "crossOriginIsolatedContextType": "NotIsolated",
         "domainAndRegistry": "futurework.com.sa",
         "gatedAPIFeatures": [  ],
         "id": "F2976C62E4DCE76891DD6D12CE8213FE",
         "loaderId": "DC1A08DD8B41A591E3882FCE01EACE13",
         "mimeType": "text/html",
         "secureContextType": "Secure",
         "securityOrigin": "https://maas-uat.futurework.com.sa",
         "url": "https://maas-uat.futurework.com.sa/login"
      }
   }
}
[1741347429.221][DEBUG]: DevTools WebSocket Command: DOM.resolveNode (id=135) (session_id=43A1723E6C1E73374116C0A93953C6AC) F2976C62E4DCE76891DD6D12CE8213FE {
   "backendNodeId": 41,
   "objectGroup": "09d31609-e519-4559-9787-5d999614fc19"
}
[1741347429.222][DEBUG]: DevTools WebSocket Response: DOM.resolveNode (id=135) (session_id=43A1723E6C1E73374116C0A93953C6AC) F2976C62E4DCE76891DD6D12CE8213FE {
   "object": {
      "className": "HTMLInputElement",
      "description": "input.form-control.ng-untouched.ng-pristine.ng-invalid",
      "objectId": "5920981833020314707.1.30",
      "subtype": "node",
      "type": "object"
   }
}
[1741347429.222][DEBUG]: DevTools WebSocket Command: Page.getFrameTree (id=136) (session_id=43A1723E6C1E73374116C0A93953C6AC) F2976C62E4DCE76891DD6D12CE8213FE {
}
[1741347429.223][DEBUG]: DevTools WebSocket Response: Page.getFrameTree (id=136) (session_id=43A1723E6C1E73374116C0A93953C6AC) F2976C62E4DCE76891DD6D12CE8213FE {
   "frameTree": {
      "childFrames": [ {
         "frame": {
            "adFrameStatus": {
               "adFrameType": "none",
               "explanations": [  ]
            },
            "crossOriginIsolatedContextType": "NotIsolated",
            "domainAndRegistry": "",
            "gatedAPIFeatures": [  ],
            "id": "3890F6AD04D35CF5BE95C773ED57B9C5",
            "loaderId": "C25B6F66CDE8EE90110464A4620C0521",
            "mimeType": "text/html",
            "name": "",
            "parentId": "F2976C62E4DCE76891DD6D12CE8213FE",
            "secureContextType": "Secure",
            "securityOrigin": "://",
            "url": "about:blank"
         }
      }, {
         "frame": {
            "adFrameStatus": {
               "adFrameType": "none",
               "explanations": [  ]
            },
            "crossOriginIsolatedContextType": "NotIsolated",
            "domainAndRegistry": "",
            "gatedAPIFeatures": [  ],
            "id": "A4B93062EDE213F4A156D9C1B2BE2FF0",
            "loaderId": "247B497CF9EF70A43751A730016B6DF5",
            "mimeType": "text/html",
            "name": "_hjSafeContext_76188799",
            "parentId": "F2976C62E4DCE76891DD6D12CE8213FE",
            "secureContextType": "Secure",
            "securityOrigin": "://",
            "url": "about:blank"
         }
      } ],
      "frame": {
         "adFrameStatus": {
            "adFrameType": "none"
         },
         "crossOriginIsolatedContextType": "NotIsolated",
         "domainAndRegistry": "futurework.com.sa",
         "gatedAPIFeatures": [  ],
         "id": "F2976C62E4DCE76891DD6D12CE8213FE",
         "loaderId": "DC1A08DD8B41A591E3882FCE01EACE13",
         "mimeType": "text/html",
         "secureContextType": "Secure",
         "securityOrigin": "https://maas-uat.futurework.com.sa",
         "url": "https://maas-uat.futurework.com.sa/login"
      }
   }
}
[1741347429.224][DEBUG]: DevTools WebSocket Command: Runtime.callFunctionOn (id=137) (session_id=43A1723E6C1E73374116C0A93953C6AC) F2976C62E4DCE76891DD6D12CE8213FE {
   "arguments": [ {
      "objectId": "5920981833020314707.1.30"
   } ],
   "awaitPromise": true,
   "functionDeclaration": "function(){ return (function() { // Copyright 2012 The Chromium Authors\n// Use of this source code is governed by a BSD-style license that can be\n// found in the LICENSE file.\n\n/**\n * Enum for WebD...",
   "generateWebDriverValue": true,
   "objectGroup": "09d31609-e519-4559-9787-5d999614fc19",
   "uniqueContextId": "-6942648794307042400.-7805452207504835363"
}
[1741347429.230][DEBUG]: DevTools WebSocket Response: Runtime.callFunctionOn (id=137) (session_id=43A1723E6C1E73374116C0A93953C6AC) F2976C62E4DCE76891DD6D12CE8213FE {
   "result": {
      "className": "Array",
      "description": "Array(1)",
      "objectId": "5920981833020314707.1.31",
      "subtype": "array",
      "type": "object",
      "webDriverValue": {
         "type": "array",
         "value": [ {
            "type": "string",
            "value": "{\"status\":0,\"value\":true}"
         } ]
      }
   }
}
[1741347429.231][DEBUG]: DevTools WebSocket Command: Runtime.releaseObjectGroup (id=138) (session_id=43A1723E6C1E73374116C0A93953C6AC) F2976C62E4DCE76891DD6D12CE8213FE {
   "objectGroup": "09d31609-e519-4559-9787-5d999614fc19"
}
[1741347429.231][DEBUG]: DevTools WebSocket Command: Page.getFrameTree (id=139) (session_id=43A1723E6C1E73374116C0A93953C6AC) F2976C62E4DCE76891DD6D12CE8213FE {
}
[1741347429.231][DEBUG]: DevTools WebSocket Response: Runtime.releaseObjectGroup (id=138) (session_id=43A1723E6C1E73374116C0A93953C6AC) F2976C62E4DCE76891DD6D12CE8213FE {
}
[1741347429.232][DEBUG]: DevTools WebSocket Response: Page.getFrameTree (id=139) (session_id=43A1723E6C1E73374116C0A93953C6AC) F2976C62E4DCE76891DD6D12CE8213FE {
   "frameTree": {
      "childFrames": [ {
         "frame": {
            "adFrameStatus": {
               "adFrameType": "none",
               "explanations": [  ]
            },
            "crossOriginIsolatedContextType": "NotIsolated",
            "domainAndRegistry": "",
            "gatedAPIFeatures": [  ],
            "id": "3890F6AD04D35CF5BE95C773ED57B9C5",
            "loaderId": "C25B6F66CDE8EE90110464A4620C0521",
            "mimeType": "text/html",
            "name": "",
            "parentId": "F2976C62E4DCE76891DD6D12CE8213FE",
            "secureContextType": "Secure",
            "securityOrigin": "://",
            "url": "about:blank"
         }
      }, {
         "frame": {
            "adFrameStatus": {
               "adFrameType": "none",
               "explanations": [  ]
            },
            "crossOriginIsolatedContextType": "NotIsolated",
            "domainAndRegistry": "",
            "gatedAPIFeatures": [  ],
            "id": "A4B93062EDE213F4A156D9C1B2BE2FF0",
            "loaderId": "247B497CF9EF70A43751A730016B6DF5",
            "mimeType": "text/html",
            "name": "_hjSafeContext_76188799",
            "parentId": "F2976C62E4DCE76891DD6D12CE8213FE",
            "secureContextType": "Secure",
            "securityOrigin": "://",
            "url": "about:blank"
         }
      } ],
      "frame": {
         "adFrameStatus": {
            "adFrameType": "none"
         },
         "crossOriginIsolatedContextType": "NotIsolated",
         "domainAndRegistry": "futurework.com.sa",
         "gatedAPIFeatures": [  ],
         "id": "F2976C62E4DCE76891DD6D12CE8213FE",
         "loaderId": "DC1A08DD8B41A591E3882FCE01EACE13",
         "mimeType": "text/html",
         "secureContextType": "Secure",
         "securityOrigin": "https://maas-uat.futurework.com.sa",
         "url": "https://maas-uat.futurework.com.sa/login"
      }
   }
}
[1741347429.232][DEBUG]: DevTools WebSocket Command: DOM.resolveNode (id=140) (session_id=43A1723E6C1E73374116C0A93953C6AC) F2976C62E4DCE76891DD6D12CE8213FE {
   "backendNodeId": 41,
   "objectGroup": "f9d38704-3900-4ef9-826c-c775942ed029"
}
[1741347429.233][DEBUG]: DevTools WebSocket Response: DOM.resolveNode (id=140) (session_id=43A1723E6C1E73374116C0A93953C6AC) F2976C62E4DCE76891DD6D12CE8213FE {
   "object": {
      "className": "HTMLInputElement",
      "description": "input.form-control.ng-untouched.ng-pristine.ng-invalid",
      "objectId": "5920981833020314707.1.32",
      "subtype": "node",
      "type": "object"
   }
}
[1741347429.233][DEBUG]: DevTools WebSocket Command: Page.getFrameTree (id=141) (session_id=43A1723E6C1E73374116C0A93953C6AC) F2976C62E4DCE76891DD6D12CE8213FE {
}
[1741347429.233][DEBUG]: DevTools WebSocket Response: Page.getFrameTree (id=141) (session_id=43A1723E6C1E73374116C0A93953C6AC) F2976C62E4DCE76891DD6D12CE8213FE {
   "frameTree": {
      "childFrames": [ {
         "frame": {
            "adFrameStatus": {
               "adFrameType": "none",
               "explanations": [  ]
            },
            "crossOriginIsolatedContextType": "NotIsolated",
            "domainAndRegistry": "",
            "gatedAPIFeatures": [  ],
            "id": "3890F6AD04D35CF5BE95C773ED57B9C5",
            "loaderId": "C25B6F66CDE8EE90110464A4620C0521",
            "mimeType": "text/html",
            "name": "",
            "parentId": "F2976C62E4DCE76891DD6D12CE8213FE",
            "secureContextType": "Secure",
            "securityOrigin": "://",
            "url": "about:blank"
         }
      }, {
         "frame": {
            "adFrameStatus": {
               "adFrameType": "none",
               "explanations": [  ]
            },
            "crossOriginIsolatedContextType": "NotIsolated",
            "domainAndRegistry": "",
            "gatedAPIFeatures": [  ],
            "id": "A4B93062EDE213F4A156D9C1B2BE2FF0",
            "loaderId": "247B497CF9EF70A43751A730016B6DF5",
            "mimeType": "text/html",
            "name": "_hjSafeContext_76188799",
            "parentId": "F2976C62E4DCE76891DD6D12CE8213FE",
            "secureContextType": "Secure",
            "securityOrigin": "://",
            "url": "about:blank"
         }
      } ],
      "frame": {
         "adFrameStatus": {
            "adFrameType": "none"
         },
         "crossOriginIsolatedContextType": "NotIsolated",
         "domainAndRegistry": "futurework.com.sa",
         "gatedAPIFeatures": [  ],
         "id": "F2976C62E4DCE76891DD6D12CE8213FE",
         "loaderId": "DC1A08DD8B41A591E3882FCE01EACE13",
         "mimeType": "text/html",
         "secureContextType": "Secure",
         "securityOrigin": "https://maas-uat.futurework.com.sa",
         "url": "https://maas-uat.futurework.com.sa/login"
      }
   }
}
[1741347429.234][DEBUG]: DevTools WebSocket Command: Runtime.callFunctionOn (id=142) (session_id=43A1723E6C1E73374116C0A93953C6AC) F2976C62E4DCE76891DD6D12CE8213FE {
   "arguments": [ {
      "objectId": "5920981833020314707.1.32"
   } ],
   "awaitPromise": true,
   "functionDeclaration": "function(){ return (function() { // Copyright 2012 The Chromium Authors\n// Use of this source code is governed by a BSD-style license that can be\n// found in the LICENSE file.\n\n/**\n * Enum for WebD...",
   "generateWebDriverValue": true,
   "objectGroup": "f9d38704-3900-4ef9-826c-c775942ed029",
   "uniqueContextId": "-6942648794307042400.-7805452207504835363"
}
[1741347429.240][DEBUG]: DevTools WebSocket Response: Runtime.callFunctionOn (id=142) (session_id=43A1723E6C1E73374116C0A93953C6AC) F2976C62E4DCE76891DD6D12CE8213FE {
   "result": {
      "className": "Array",
      "description": "Array(1)",
      "objectId": "5920981833020314707.1.33",
      "subtype": "array",
      "type": "object",
      "webDriverValue": {
         "type": "array",
         "value": [ {
            "type": "string",
            "value": "{\"status\":0,\"value\":null}"
         } ]
      }
   }
}
[1741347429.265][DEBUG]: DevTools WebSocket Command: Runtime.releaseObjectGroup (id=143) (session_id=43A1723E6C1E73374116C0A93953C6AC) F2976C62E4DCE76891DD6D12CE8213FE {
   "objectGroup": "f9d38704-3900-4ef9-826c-c775942ed029"
}
[1741347429.266][DEBUG]: DevTools WebSocket Command: Input.dispatchKeyEvent (id=144) (session_id=43A1723E6C1E73374116C0A93953C6AC) F2976C62E4DCE76891DD6D12CE8213FE {
   "code": "KeyU",
   "key": "u",
   "modifiers": 0,
   "text": "u",
   "type": "rawKeyDown",
   "unmodifiedText": "u",
   "windowsVirtualKeyCode": 85
}
[1741347429.266][DEBUG]: DevTools WebSocket Command: Input.dispatchKeyEvent (id=145) (session_id=43A1723E6C1E73374116C0A93953C6AC) F2976C62E4DCE76891DD6D12CE8213FE {
   "code": "KeyU",
   "key": "u",
   "modifiers": 0,
   "text": "u",
   "type": "char",
   "unmodifiedText": "u",
   "windowsVirtualKeyCode": 85
}
[1741347429.266][DEBUG]: DevTools WebSocket Command: Input.dispatchKeyEvent (id=146) (session_id=43A1723E6C1E73374116C0A93953C6AC) F2976C62E4DCE76891DD6D12CE8213FE {
   "code": "KeyU",
   "key": "u",
   "modifiers": 0,
   "text": "u",
   "type": "keyUp",
   "unmodifiedText": "u",
   "windowsVirtualKeyCode": 85
}
[1741347429.266][DEBUG]: DevTools WebSocket Command: Input.dispatchKeyEvent (id=147) (session_id=43A1723E6C1E73374116C0A93953C6AC) F2976C62E4DCE76891DD6D12CE8213FE {
   "code": "KeyM",
   "key": "m",
   "modifiers": 0,
   "text": "m",
   "type": "rawKeyDown",
   "unmodifiedText": "m",
   "windowsVirtualKeyCode": 77
}
[1741347429.267][DEBUG]: DevTools WebSocket Command: Input.dispatchKeyEvent (id=148) (session_id=43A1723E6C1E73374116C0A93953C6AC) F2976C62E4DCE76891DD6D12CE8213FE {
   "code": "KeyM",
   "key": "m",
   "modifiers": 0,
   "text": "m",
   "type": "char",
   "unmodifiedText": "m",
   "windowsVirtualKeyCode": 77
}
[1741347429.267][DEBUG]: DevTools WebSocket Command: Input.dispatchKeyEvent (id=149) (session_id=43A1723E6C1E73374116C0A93953C6AC) F2976C62E4DCE76891DD6D12CE8213FE {
   "code": "KeyM",
   "key": "m",
   "modifiers": 0,
   "text": "m",
   "type": "keyUp",
   "unmodifiedText": "m",
   "windowsVirtualKeyCode": 77
}
[1741347429.267][DEBUG]: DevTools WebSocket Command: Input.dispatchKeyEvent (id=150) (session_id=43A1723E6C1E73374116C0A93953C6AC) F2976C62E4DCE76891DD6D12CE8213FE {
   "code": "KeyA",
   "key": "a",
   "modifiers": 0,
   "text": "a",
   "type": "rawKeyDown",
   "unmodifiedText": "a",
   "windowsVirtualKeyCode": 65
}
[1741347429.267][DEBUG]: DevTools WebSocket Command: Input.dispatchKeyEvent (id=151) (session_id=43A1723E6C1E73374116C0A93953C6AC) F2976C62E4DCE76891DD6D12CE8213FE {
   "code": "KeyA",
   "key": "a",
   "modifiers": 0,
   "text": "a",
   "type": "char",
   "unmodifiedText": "a",
   "windowsVirtualKeyCode": 65
}
[1741347429.267][DEBUG]: DevTools WebSocket Command: Input.dispatchKeyEvent (id=152) (session_id=43A1723E6C1E73374116C0A93953C6AC) F2976C62E4DCE76891DD6D12CE8213FE {
   "code": "KeyA",
   "key": "a",
   "modifiers": 0,
   "text": "a",
   "type": "keyUp",
   "unmodifiedText": "a",
   "windowsVirtualKeyCode": 65
}
[1741347429.269][DEBUG]: DevTools WebSocket Command: Input.dispatchKeyEvent (id=153) (session_id=43A1723E6C1E73374116C0A93953C6AC) F2976C62E4DCE76891DD6D12CE8213FE {
   "code": "KeyR",
   "key": "r",
   "modifiers": 0,
   "text": "r",
   "type": "rawKeyDown",
   "unmodifiedText": "r",
   "windowsVirtualKeyCode": 82
}
[1741347429.270][DEBUG]: DevTools WebSocket Command: Input.dispatchKeyEvent (id=154) (session_id=43A1723E6C1E73374116C0A93953C6AC) F2976C62E4DCE76891DD6D12CE8213FE {
   "code": "KeyR",
   "key": "r",
   "modifiers": 0,
   "text": "r",
   "type": "char",
   "unmodifiedText": "r",
   "windowsVirtualKeyCode": 82
}
[1741347429.270][DEBUG]: DevTools WebSocket Command: Input.dispatchKeyEvent (id=155) (session_id=43A1723E6C1E73374116C0A93953C6AC) F2976C62E4DCE76891DD6D12CE8213FE {
   "code": "KeyR",
   "key": "r",
   "modifiers": 0,
   "text": "r",
   "type": "keyUp",
   "unmodifiedText": "r",
   "windowsVirtualKeyCode": 82
}
[1741347429.271][DEBUG]: DevTools WebSocket Command: Input.dispatchKeyEvent (id=156) (session_id=43A1723E6C1E73374116C0A93953C6AC) F2976C62E4DCE76891DD6D12CE8213FE {
   "code": "KeyK",
   "key": "k",
   "modifiers": 0,
   "text": "k",
   "type": "rawKeyDown",
   "unmodifiedText": "k",
   "windowsVirtualKeyCode": 75
}
[1741347429.271][DEBUG]: DevTools WebSocket Command: Input.dispatchKeyEvent (id=157) (session_id=43A1723E6C1E73374116C0A93953C6AC) F2976C62E4DCE76891DD6D12CE8213FE {
   "code": "KeyK",
   "key": "k",
   "modifiers": 0,
   "text": "k",
   "type": "char",
   "unmodifiedText": "k",
   "windowsVirtualKeyCode": 75
}
[1741347429.271][DEBUG]: DevTools WebSocket Command: Input.dispatchKeyEvent (id=158) (session_id=43A1723E6C1E73374116C0A93953C6AC) F2976C62E4DCE76891DD6D12CE8213FE {
   "code": "KeyK",
   "key": "k",
   "modifiers": 0,
   "text": "k",
   "type": "keyUp",
   "unmodifiedText": "k",
   "windowsVirtualKeyCode": 75
}
[1741347429.272][DEBUG]: DevTools WebSocket Command: Input.dispatchKeyEvent (id=159) (session_id=43A1723E6C1E73374116C0A93953C6AC) F2976C62E4DCE76891DD6D12CE8213FE {
   "code": "KeyH",
   "key": "h",
   "modifiers": 0,
   "text": "h",
   "type": "rawKeyDown",
   "unmodifiedText": "h",
   "windowsVirtualKeyCode": 72
}
[1741347429.272][DEBUG]: DevTools WebSocket Command: Input.dispatchKeyEvent (id=160) (session_id=43A1723E6C1E73374116C0A93953C6AC) F2976C62E4DCE76891DD6D12CE8213FE {
   "code": "KeyH",
   "key": "h",
   "modifiers": 0,
   "text": "h",
   "type": "char",
   "unmodifiedText": "h",
   "windowsVirtualKeyCode": 72
}
[1741347429.273][DEBUG]: DevTools WebSocket Command: Input.dispatchKeyEvent (id=161) (session_id=43A1723E6C1E73374116C0A93953C6AC) F2976C62E4DCE76891DD6D12CE8213FE {
   "code": "KeyH",
   "key": "h",
   "modifiers": 0,
   "text": "h",
   "type": "keyUp",
   "unmodifiedText": "h",
   "windowsVirtualKeyCode": 72
}
[1741347429.274][DEBUG]: DevTools WebSocket Command: Input.dispatchKeyEvent (id=162) (session_id=43A1723E6C1E73374116C0A93953C6AC) F2976C62E4DCE76891DD6D12CE8213FE {
   "code": "KeyA",
   "key": "a",
   "modifiers": 0,
   "text": "a",
   "type": "rawKeyDown",
   "unmodifiedText": "a",
   "windowsVirtualKeyCode": 65
}
[1741347429.274][DEBUG]: DevTools WebSocket Command: Input.dispatchKeyEvent (id=163) (session_id=43A1723E6C1E73374116C0A93953C6AC) F2976C62E4DCE76891DD6D12CE8213FE {
   "code": "KeyA",
   "key": "a",
   "modifiers": 0,
   "text": "a",
   "type": "char",
   "unmodifiedText": "a",
   "windowsVirtualKeyCode": 65
}
[1741347429.274][DEBUG]: DevTools WebSocket Command: Input.dispatchKeyEvent (id=164) (session_id=43A1723E6C1E73374116C0A93953C6AC) F2976C62E4DCE76891DD6D12CE8213FE {
   "code": "KeyA",
   "key": "a",
   "modifiers": 0,
   "text": "a",
   "type": "keyUp",
   "unmodifiedText": "a",
   "windowsVirtualKeyCode": 65
}
[1741347429.274][DEBUG]: DevTools WebSocket Command: Input.dispatchKeyEvent (id=165) (session_id=43A1723E6C1E73374116C0A93953C6AC) F2976C62E4DCE76891DD6D12CE8213FE {
   "code": "KeyN",
   "key": "n",
   "modifiers": 0,
   "text": "n",
   "type": "rawKeyDown",
   "unmodifiedText": "n",
   "windowsVirtualKeyCode": 78
}
[1741347429.276][DEBUG]: DevTools WebSocket Command: Input.dispatchKeyEvent (id=166) (session_id=43A1723E6C1E73374116C0A93953C6AC) F2976C62E4DCE76891DD6D12CE8213FE {
   "code": "KeyN",
   "key": "n",
   "modifiers": 0,
   "text": "n",
   "type": "char",
   "unmodifiedText": "n",
   "windowsVirtualKeyCode": 78
}
[1741347429.276][DEBUG]: DevTools WebSocket Command: Input.dispatchKeyEvent (id=167) (session_id=43A1723E6C1E73374116C0A93953C6AC) F2976C62E4DCE76891DD6D12CE8213FE {
   "code": "KeyN",
   "key": "n",
   "modifiers": 0,
   "text": "n",
   "type": "keyUp",
   "unmodifiedText": "n",
   "windowsVirtualKeyCode": 78
}
[1741347429.276][DEBUG]: DevTools WebSocket Command: Input.dispatchKeyEvent (id=168) (session_id=43A1723E6C1E73374116C0A93953C6AC) F2976C62E4DCE76891DD6D12CE8213FE {
   "code": "KeyD",
   "key": "d",
   "modifiers": 0,
   "text": "d",
   "type": "rawKeyDown",
   "unmodifiedText": "d",
   "windowsVirtualKeyCode": 68
}
[1741347429.277][DEBUG]: DevTools WebSocket Command: Input.dispatchKeyEvent (id=169) (session_id=43A1723E6C1E73374116C0A93953C6AC) F2976C62E4DCE76891DD6D12CE8213FE {
   "code": "KeyD",
   "key": "d",
   "modifiers": 0,
   "text": "d",
   "type": "char",
   "unmodifiedText": "d",
   "windowsVirtualKeyCode": 68
}
[1741347429.278][DEBUG]: DevTools WebSocket Command: Input.dispatchKeyEvent (id=170) (session_id=43A1723E6C1E73374116C0A93953C6AC) F2976C62E4DCE76891DD6D12CE8213FE {
   "code": "KeyD",
   "key": "d",
   "modifiers": 0,
   "text": "d",
   "type": "keyUp",
   "unmodifiedText": "d",
   "windowsVirtualKeyCode": 68
}
[1741347429.278][DEBUG]: DevTools WebSocket Command: Input.dispatchKeyEvent (id=171) (session_id=43A1723E6C1E73374116C0A93953C6AC) F2976C62E4DCE76891DD6D12CE8213FE {
   "code": "KeyU",
   "key": "u",
   "modifiers": 0,
   "text": "u",
   "type": "rawKeyDown",
   "unmodifiedText": "u",
   "windowsVirtualKeyCode": 85
}
[1741347429.279][DEBUG]: DevTools WebSocket Command: Input.dispatchKeyEvent (id=172) (session_id=43A1723E6C1E73374116C0A93953C6AC) F2976C62E4DCE76891DD6D12CE8213FE {
   "code": "KeyU",
   "key": "u",
   "modifiers": 0,
   "text": "u",
   "type": "char",
   "unmodifiedText": "u",
   "windowsVirtualKeyCode": 85
}
[1741347429.279][DEBUG]: DevTools WebSocket Command: Input.dispatchKeyEvent (id=173) (session_id=43A1723E6C1E73374116C0A93953C6AC) F2976C62E4DCE76891DD6D12CE8213FE {
   "code": "KeyU",
   "key": "u",
   "modifiers": 0,
   "text": "u",
   "type": "keyUp",
   "unmodifiedText": "u",
   "windowsVirtualKeyCode": 85
}
[1741347429.279][DEBUG]: DevTools WebSocket Command: Input.dispatchKeyEvent (id=174) (session_id=43A1723E6C1E73374116C0A93953C6AC) F2976C62E4DCE76891DD6D12CE8213FE {
   "code": "KeyR",
   "key": "r",
   "modifiers": 0,
   "text": "r",
   "type": "rawKeyDown",
   "unmodifiedText": "r",
   "windowsVirtualKeyCode": 82
}
[1741347429.280][DEBUG]: DevTools WebSocket Command: Input.dispatchKeyEvent (id=175) (session_id=43A1723E6C1E73374116C0A93953C6AC) F2976C62E4DCE76891DD6D12CE8213FE {
   "code": "KeyR",
   "key": "r",
   "modifiers": 0,
   "text": "r",
   "type": "char",
   "unmodifiedText": "r",
   "windowsVirtualKeyCode": 82
}
[1741347429.281][DEBUG]: DevTools WebSocket Command: Input.dispatchKeyEvent (id=176) (session_id=43A1723E6C1E73374116C0A93953C6AC) F2976C62E4DCE76891DD6D12CE8213FE {
   "code": "KeyR",
   "key": "r",
   "modifiers": 0,
   "text": "r",
   "type": "keyUp",
   "unmodifiedText": "r",
   "windowsVirtualKeyCode": 82
}
[1741347429.281][DEBUG]: DevTools WebSocket Command: Input.dispatchKeyEvent (id=177) (session_id=43A1723E6C1E73374116C0A93953C6AC) F2976C62E4DCE76891DD6D12CE8213FE {
   "code": "KeyR",
   "key": "r",
   "modifiers": 0,
   "text": "r",
   "type": "rawKeyDown",
   "unmodifiedText": "r",
   "windowsVirtualKeyCode": 82
}
[1741347429.282][DEBUG]: DevTools WebSocket Command: Input.dispatchKeyEvent (id=178) (session_id=43A1723E6C1E73374116C0A93953C6AC) F2976C62E4DCE76891DD6D12CE8213FE {
   "code": "KeyR",
   "key": "r",
   "modifiers": 0,
   "text": "r",
   "type": "char",
   "unmodifiedText": "r",
   "windowsVirtualKeyCode": 82
}
[1741347429.282][DEBUG]: DevTools WebSocket Command: Input.dispatchKeyEvent (id=179) (session_id=43A1723E6C1E73374116C0A93953C6AC) F2976C62E4DCE76891DD6D12CE8213FE {
   "code": "KeyR",
   "key": "r",
   "modifiers": 0,
   "text": "r",
   "type": "keyUp",
   "unmodifiedText": "r",
   "windowsVirtualKeyCode": 82
}
[1741347429.282][DEBUG]: DevTools WebSocket Command: Input.dispatchKeyEvent (id=180) (session_id=43A1723E6C1E73374116C0A93953C6AC) F2976C62E4DCE76891DD6D12CE8213FE {
   "code": "KeyA",
   "key": "a",
   "modifiers": 0,
   "text": "a",
   "type": "rawKeyDown",
   "unmodifiedText": "a",
   "windowsVirtualKeyCode": 65
}
[1741347429.283][DEBUG]: DevTools WebSocket Command: Input.dispatchKeyEvent (id=181) (session_id=43A1723E6C1E73374116C0A93953C6AC) F2976C62E4DCE76891DD6D12CE8213FE {
   "code": "KeyA",
   "key": "a",
   "modifiers": 0,
   "text": "a",
   "type": "char",
   "unmodifiedText": "a",
   "windowsVirtualKeyCode": 65
}
[1741347429.283][DEBUG]: DevTools WebSocket Command: Input.dispatchKeyEvent (id=182) (session_id=43A1723E6C1E73374116C0A93953C6AC) F2976C62E4DCE76891DD6D12CE8213FE {
   "code": "KeyA",
   "key": "a",
   "modifiers": 0,
   "text": "a",
   "type": "keyUp",
   "unmodifiedText": "a",
   "windowsVirtualKeyCode": 65
}
[1741347429.284][DEBUG]: DevTools WebSocket Command: Input.dispatchKeyEvent (id=183) (session_id=43A1723E6C1E73374116C0A93953C6AC) F2976C62E4DCE76891DD6D12CE8213FE {
   "code": "KeyN",
   "key": "n",
   "modifiers": 0,
   "text": "n",
   "type": "rawKeyDown",
   "unmodifiedText": "n",
   "windowsVirtualKeyCode": 78
}
[1741347429.285][DEBUG]: DevTools WebSocket Command: Input.dispatchKeyEvent (id=184) (session_id=43A1723E6C1E73374116C0A93953C6AC) F2976C62E4DCE76891DD6D12CE8213FE {
   "code": "KeyN",
   "key": "n",
   "modifiers": 0,
   "text": "n",
   "type": "char",
   "unmodifiedText": "n",
   "windowsVirtualKeyCode": 78
}
[1741347429.285][DEBUG]: DevTools WebSocket Command: Input.dispatchKeyEvent (id=185) (session_id=43A1723E6C1E73374116C0A93953C6AC) F2976C62E4DCE76891DD6D12CE8213FE {
   "code": "KeyN",
   "key": "n",
   "modifiers": 0,
   "text": "n",
   "type": "keyUp",
   "unmodifiedText": "n",
   "windowsVirtualKeyCode": 78
}
[1741347429.285][DEBUG]: DevTools WebSocket Command: Input.dispatchKeyEvent (id=186) (session_id=43A1723E6C1E73374116C0A93953C6AC) F2976C62E4DCE76891DD6D12CE8213FE {
   "code": "KeyI",
   "key": "i",
   "modifiers": 0,
   "text": "i",
   "type": "rawKeyDown",
   "unmodifiedText": "i",
   "windowsVirtualKeyCode": 73
}
[1741347429.286][DEBUG]: DevTools WebSocket Command: Input.dispatchKeyEvent (id=187) (session_id=43A1723E6C1E73374116C0A93953C6AC) F2976C62E4DCE76891DD6D12CE8213FE {
   "code": "KeyI",
   "key": "i",
   "modifiers": 0,
   "text": "i",
   "type": "char",
   "unmodifiedText": "i",
   "windowsVirtualKeyCode": 73
}
[1741347429.288][DEBUG]: DevTools WebSocket Command: Input.dispatchKeyEvent (id=188) (session_id=43A1723E6C1E73374116C0A93953C6AC) F2976C62E4DCE76891DD6D12CE8213FE {
   "code": "KeyI",
   "key": "i",
   "modifiers": 0,
   "text": "i",
   "type": "keyUp",
   "unmodifiedText": "i",
   "windowsVirtualKeyCode": 73
}
[1741347429.288][DEBUG]: DevTools WebSocket Command: Input.dispatchKeyEvent (id=189) (session_id=43A1723E6C1E73374116C0A93953C6AC) F2976C62E4DCE76891DD6D12CE8213FE {
   "code": "ShiftLeft",
   "key": "Shift",
   "modifiers": 0,
   "text": "",
   "type": "rawKeyDown",
   "unmodifiedText": "",
   "windowsVirtualKeyCode": 16
}
[1741347429.289][DEBUG]: DevTools WebSocket Command: Input.dispatchKeyEvent (id=190) (session_id=43A1723E6C1E73374116C0A93953C6AC) F2976C62E4DCE76891DD6D12CE8213FE {
   "code": "Digit2",
   "key": "@",
   "modifiers": 8,
   "text": "@",
   "type": "rawKeyDown",
   "unmodifiedText": "2",
   "windowsVirtualKeyCode": 50
}
[1741347429.333][DEBUG]: DevTools WebSocket Command: Input.dispatchKeyEvent (id=191) (session_id=43A1723E6C1E73374116C0A93953C6AC) F2976C62E4DCE76891DD6D12CE8213FE {
   "code": "Digit2",
   "key": "@",
   "modifiers": 8,
   "text": "@",
   "type": "char",
   "unmodifiedText": "2",
   "windowsVirtualKeyCode": 50
}
[1741347429.333][DEBUG]: DevTools WebSocket Command: Input.dispatchKeyEvent (id=192) (session_id=43A1723E6C1E73374116C0A93953C6AC) F2976C62E4DCE76891DD6D12CE8213FE {
   "code": "Digit2",
   "key": "@",
   "modifiers": 8,
   "text": "@",
   "type": "keyUp",
   "unmodifiedText": "2",
   "windowsVirtualKeyCode": 50
}
[1741347429.334][DEBUG]: DevTools WebSocket Command: Input.dispatchKeyEvent (id=193) (session_id=43A1723E6C1E73374116C0A93953C6AC) F2976C62E4DCE76891DD6D12CE8213FE {
   "code": "ShiftLeft",
   "key": "Shift",
   "modifiers": 0,
   "text": "",
   "type": "keyUp",
   "unmodifiedText": "",
   "windowsVirtualKeyCode": 16
}
[1741347429.335][DEBUG]: DevTools WebSocket Command: Input.dispatchKeyEvent (id=194) (session_id=43A1723E6C1E73374116C0A93953C6AC) F2976C62E4DCE76891DD6D12CE8213FE {
   "code": "KeyG",
   "key": "g",
   "modifiers": 0,
   "text": "g",
   "type": "rawKeyDown",
   "unmodifiedText": "g",
   "windowsVirtualKeyCode": 71
}
[1741347429.335][DEBUG]: DevTools WebSocket Command: Input.dispatchKeyEvent (id=195) (session_id=43A1723E6C1E73374116C0A93953C6AC) F2976C62E4DCE76891DD6D12CE8213FE {
   "code": "KeyG",
   "key": "g",
   "modifiers": 0,
   "text": "g",
   "type": "char",
   "unmodifiedText": "g",
   "windowsVirtualKeyCode": 71
}
[1741347429.335][DEBUG]: DevTools WebSocket Command: Input.dispatchKeyEvent (id=196) (session_id=43A1723E6C1E73374116C0A93953C6AC) F2976C62E4DCE76891DD6D12CE8213FE {
   "code": "KeyG",
   "key": "g",
   "modifiers": 0,
   "text": "g",
   "type": "keyUp",
   "unmodifiedText": "g",
   "windowsVirtualKeyCode": 71
}
[1741347429.336][DEBUG]: DevTools WebSocket Command: Input.dispatchKeyEvent (id=197) (session_id=43A1723E6C1E73374116C0A93953C6AC) F2976C62E4DCE76891DD6D12CE8213FE {
   "code": "KeyM",
   "key": "m",
   "modifiers": 0,
   "text": "m",
   "type": "rawKeyDown",
   "unmodifiedText": "m",
   "windowsVirtualKeyCode": 77
}
[1741347429.337][DEBUG]: DevTools WebSocket Command: Input.dispatchKeyEvent (id=198) (session_id=43A1723E6C1E73374116C0A93953C6AC) F2976C62E4DCE76891DD6D12CE8213FE {
   "code": "KeyM",
   "key": "m",
   "modifiers": 0,
   "text": "m",
   "type": "char",
   "unmodifiedText": "m",
   "windowsVirtualKeyCode": 77
}
[1741347429.337][DEBUG]: DevTools WebSocket Command: Input.dispatchKeyEvent (id=199) (session_id=43A1723E6C1E73374116C0A93953C6AC) F2976C62E4DCE76891DD6D12CE8213FE {
   "code": "KeyM",
   "key": "m",
   "modifiers": 0,
   "text": "m",
   "type": "keyUp",
   "unmodifiedText": "m",
   "windowsVirtualKeyCode": 77
}
[1741347429.339][DEBUG]: DevTools WebSocket Command: Input.dispatchKeyEvent (id=200) (session_id=43A1723E6C1E73374116C0A93953C6AC) F2976C62E4DCE76891DD6D12CE8213FE {
   "code": "KeyA",
   "key": "a",
   "modifiers": 0,
   "text": "a",
   "type": "rawKeyDown",
   "unmodifiedText": "a",
   "windowsVirtualKeyCode": 65
}
[1741347429.339][DEBUG]: DevTools WebSocket Command: Input.dispatchKeyEvent (id=201) (session_id=43A1723E6C1E73374116C0A93953C6AC) F2976C62E4DCE76891DD6D12CE8213FE {
   "code": "KeyA",
   "key": "a",
   "modifiers": 0,
   "text": "a",
   "type": "char",
   "unmodifiedText": "a",
   "windowsVirtualKeyCode": 65
}
[1741347429.339][DEBUG]: DevTools WebSocket Command: Input.dispatchKeyEvent (id=202) (session_id=43A1723E6C1E73374116C0A93953C6AC) F2976C62E4DCE76891DD6D12CE8213FE {
   "code": "KeyA",
   "key": "a",
   "modifiers": 0,
   "text": "a",
   "type": "keyUp",
   "unmodifiedText": "a",
   "windowsVirtualKeyCode": 65
}
[1741347429.339][DEBUG]: DevTools WebSocket Command: Input.dispatchKeyEvent (id=203) (session_id=43A1723E6C1E73374116C0A93953C6AC) F2976C62E4DCE76891DD6D12CE8213FE {
   "code": "KeyI",
   "key": "i",
   "modifiers": 0,
   "text": "i",
   "type": "rawKeyDown",
   "unmodifiedText": "i",
   "windowsVirtualKeyCode": 73
}
[1741347429.340][DEBUG]: DevTools WebSocket Command: Input.dispatchKeyEvent (id=204) (session_id=43A1723E6C1E73374116C0A93953C6AC) F2976C62E4DCE76891DD6D12CE8213FE {
   "code": "KeyI",
   "key": "i",
   "modifiers": 0,
   "text": "i",
   "type": "char",
   "unmodifiedText": "i",
   "windowsVirtualKeyCode": 73
}
[1741347429.340][DEBUG]: DevTools WebSocket Command: Input.dispatchKeyEvent (id=205) (session_id=43A1723E6C1E73374116C0A93953C6AC) F2976C62E4DCE76891DD6D12CE8213FE {
   "code": "KeyI",
   "key": "i",
   "modifiers": 0,
   "text": "i",
   "type": "keyUp",
   "unmodifiedText": "i",
   "windowsVirtualKeyCode": 73
}
[1741347429.344][DEBUG]: DevTools WebSocket Command: Input.dispatchKeyEvent (id=206) (session_id=43A1723E6C1E73374116C0A93953C6AC) F2976C62E4DCE76891DD6D12CE8213FE {
   "code": "KeyL",
   "key": "l",
   "modifiers": 0,
   "text": "l",
   "type": "rawKeyDown",
   "unmodifiedText": "l",
   "windowsVirtualKeyCode": 76
}
[1741347429.345][DEBUG]: DevTools WebSocket Command: Input.dispatchKeyEvent (id=207) (session_id=43A1723E6C1E73374116C0A93953C6AC) F2976C62E4DCE76891DD6D12CE8213FE {
   "code": "KeyL",
   "key": "l",
   "modifiers": 0,
   "text": "l",
   "type": "char",
   "unmodifiedText": "l",
   "windowsVirtualKeyCode": 76
}
[1741347429.345][DEBUG]: DevTools WebSocket Command: Input.dispatchKeyEvent (id=208) (session_id=43A1723E6C1E73374116C0A93953C6AC) F2976C62E4DCE76891DD6D12CE8213FE {
   "code": "KeyL",
   "key": "l",
   "modifiers": 0,
   "text": "l",
   "type": "keyUp",
   "unmodifiedText": "l",
   "windowsVirtualKeyCode": 76
}
[1741347429.346][DEBUG]: DevTools WebSocket Command: Input.dispatchKeyEvent (id=209) (session_id=43A1723E6C1E73374116C0A93953C6AC) F2976C62E4DCE76891DD6D12CE8213FE {
   "code": "Period",
   "key": ".",
   "modifiers": 0,
   "text": ".",
   "type": "rawKeyDown",
   "unmodifiedText": ".",
   "windowsVirtualKeyCode": 190
}
[1741347429.346][DEBUG]: DevTools WebSocket Command: Input.dispatchKeyEvent (id=210) (session_id=43A1723E6C1E73374116C0A93953C6AC) F2976C62E4DCE76891DD6D12CE8213FE {
   "code": "Period",
   "key": ".",
   "modifiers": 0,
   "text": ".",
   "type": "char",
   "unmodifiedText": ".",
   "windowsVirtualKeyCode": 190
}
[1741347429.346][DEBUG]: DevTools WebSocket Command: Input.dispatchKeyEvent (id=211) (session_id=43A1723E6C1E73374116C0A93953C6AC) F2976C62E4DCE76891DD6D12CE8213FE {
   "code": "Period",
   "key": ".",
   "modifiers": 0,
   "text": ".",
   "type": "keyUp",
   "unmodifiedText": ".",
   "windowsVirtualKeyCode": 190
}
[1741347429.347][DEBUG]: DevTools WebSocket Command: Input.dispatchKeyEvent (id=212) (session_id=43A1723E6C1E73374116C0A93953C6AC) F2976C62E4DCE76891DD6D12CE8213FE {
   "code": "KeyC",
   "key": "c",
   "modifiers": 0,
   "text": "c",
   "type": "rawKeyDown",
   "unmodifiedText": "c",
   "windowsVirtualKeyCode": 67
}
[1741347429.347][DEBUG]: DevTools WebSocket Command: Input.dispatchKeyEvent (id=213) (session_id=43A1723E6C1E73374116C0A93953C6AC) F2976C62E4DCE76891DD6D12CE8213FE {
   "code": "KeyC",
   "key": "c",
   "modifiers": 0,
   "text": "c",
   "type": "char",
   "unmodifiedText": "c",
   "windowsVirtualKeyCode": 67
}
[1741347429.347][DEBUG]: DevTools WebSocket Command: Input.dispatchKeyEvent (id=214) (session_id=43A1723E6C1E73374116C0A93953C6AC) F2976C62E4DCE76891DD6D12CE8213FE {
   "code": "KeyC",
   "key": "c",
   "modifiers": 0,
   "text": "c",
   "type": "keyUp",
   "unmodifiedText": "c",
   "windowsVirtualKeyCode": 67
}
[1741347429.348][DEBUG]: DevTools WebSocket Command: Input.dispatchKeyEvent (id=215) (session_id=43A1723E6C1E73374116C0A93953C6AC) F2976C62E4DCE76891DD6D12CE8213FE {
   "code": "KeyO",
   "key": "o",
   "modifiers": 0,
   "text": "o",
   "type": "rawKeyDown",
   "unmodifiedText": "o",
   "windowsVirtualKeyCode": 79
}
[1741347429.348][DEBUG]: DevTools WebSocket Command: Input.dispatchKeyEvent (id=216) (session_id=43A1723E6C1E73374116C0A93953C6AC) F2976C62E4DCE76891DD6D12CE8213FE {
   "code": "KeyO",
   "key": "o",
   "modifiers": 0,
   "text": "o",
   "type": "char",
   "unmodifiedText": "o",
   "windowsVirtualKeyCode": 79
}
[1741347429.349][DEBUG]: DevTools WebSocket Command: Input.dispatchKeyEvent (id=217) (session_id=43A1723E6C1E73374116C0A93953C6AC) F2976C62E4DCE76891DD6D12CE8213FE {
   "code": "KeyO",
   "key": "o",
   "modifiers": 0,
   "text": "o",
   "type": "keyUp",
   "unmodifiedText": "o",
   "windowsVirtualKeyCode": 79
}
[1741347429.349][DEBUG]: DevTools WebSocket Command: Input.dispatchKeyEvent (id=218) (session_id=43A1723E6C1E73374116C0A93953C6AC) F2976C62E4DCE76891DD6D12CE8213FE {
   "code": "KeyM",
   "key": "m",
   "modifiers": 0,
   "text": "m",
   "type": "rawKeyDown",
   "unmodifiedText": "m",
   "windowsVirtualKeyCode": 77
}
[1741347429.351][DEBUG]: DevTools WebSocket Command: Input.dispatchKeyEvent (id=219) (session_id=43A1723E6C1E73374116C0A93953C6AC) F2976C62E4DCE76891DD6D12CE8213FE {
   "code": "KeyM",
   "key": "m",
   "modifiers": 0,
   "text": "m",
   "type": "char",
   "unmodifiedText": "m",
   "windowsVirtualKeyCode": 77
}
[1741347429.351][DEBUG]: DevTools WebSocket Command: Input.dispatchKeyEvent (id=220) (session_id=43A1723E6C1E73374116C0A93953C6AC) F2976C62E4DCE76891DD6D12CE8213FE {
   "code": "KeyM",
   "key": "m",
   "modifiers": 0,
   "text": "m",
   "type": "keyUp",
   "unmodifiedText": "m",
   "windowsVirtualKeyCode": 77
}
[1741347429.351][DEBUG]: DevTools WebSocket Response: Runtime.releaseObjectGroup (id=143) (session_id=43A1723E6C1E73374116C0A93953C6AC) F2976C62E4DCE76891DD6D12CE8213FE {
}
[1741347429.351][DEBUG]: DevTools WebSocket Response: Input.dispatchKeyEvent (id=144) (session_id=43A1723E6C1E73374116C0A93953C6AC) F2976C62E4DCE76891DD6D12CE8213FE {
}
[1741347429.352][DEBUG]: DevTools WebSocket Response: Input.dispatchKeyEvent (id=145) (session_id=43A1723E6C1E73374116C0A93953C6AC) F2976C62E4DCE76891DD6D12CE8213FE {
}
[1741347429.352][DEBUG]: DevTools WebSocket Response: Input.dispatchKeyEvent (id=146) (session_id=43A1723E6C1E73374116C0A93953C6AC) F2976C62E4DCE76891DD6D12CE8213FE {
}
[1741347429.352][DEBUG]: DevTools WebSocket Response: Input.dispatchKeyEvent (id=147) (session_id=43A1723E6C1E73374116C0A93953C6AC) F2976C62E4DCE76891DD6D12CE8213FE {
}
[1741347429.352][DEBUG]: DevTools WebSocket Response: Input.dispatchKeyEvent (id=148) (session_id=43A1723E6C1E73374116C0A93953C6AC) F2976C62E4DCE76891DD6D12CE8213FE {
}
[1741347429.352][DEBUG]: DevTools WebSocket Response: Input.dispatchKeyEvent (id=149) (session_id=43A1723E6C1E73374116C0A93953C6AC) F2976C62E4DCE76891DD6D12CE8213FE {
}
[1741347429.352][DEBUG]: DevTools WebSocket Response: Input.dispatchKeyEvent (id=150) (session_id=43A1723E6C1E73374116C0A93953C6AC) F2976C62E4DCE76891DD6D12CE8213FE {
}
[1741347429.353][DEBUG]: DevTools WebSocket Response: Input.dispatchKeyEvent (id=151) (session_id=43A1723E6C1E73374116C0A93953C6AC) F2976C62E4DCE76891DD6D12CE8213FE {
}
[1741347429.353][DEBUG]: DevTools WebSocket Response: Input.dispatchKeyEvent (id=152) (session_id=43A1723E6C1E73374116C0A93953C6AC) F2976C62E4DCE76891DD6D12CE8213FE {
}
[1741347429.353][DEBUG]: DevTools WebSocket Response: Input.dispatchKeyEvent (id=153) (session_id=43A1723E6C1E73374116C0A93953C6AC) F2976C62E4DCE76891DD6D12CE8213FE {
}
[1741347429.353][DEBUG]: DevTools WebSocket Response: Input.dispatchKeyEvent (id=154) (session_id=43A1723E6C1E73374116C0A93953C6AC) F2976C62E4DCE76891DD6D12CE8213FE {
}
[1741347429.353][DEBUG]: DevTools WebSocket Response: Input.dispatchKeyEvent (id=155) (session_id=43A1723E6C1E73374116C0A93953C6AC) F2976C62E4DCE76891DD6D12CE8213FE {
}
[1741347429.354][DEBUG]: DevTools WebSocket Response: Input.dispatchKeyEvent (id=156) (session_id=43A1723E6C1E73374116C0A93953C6AC) F2976C62E4DCE76891DD6D12CE8213FE {
}
[1741347429.355][DEBUG]: DevTools WebSocket Response: Input.dispatchKeyEvent (id=157) (session_id=43A1723E6C1E73374116C0A93953C6AC) F2976C62E4DCE76891DD6D12CE8213FE {
}
[1741347429.355][DEBUG]: DevTools WebSocket Response: Input.dispatchKeyEvent (id=158) (session_id=43A1723E6C1E73374116C0A93953C6AC) F2976C62E4DCE76891DD6D12CE8213FE {
}
[1741347429.355][DEBUG]: DevTools WebSocket Response: Input.dispatchKeyEvent (id=159) (session_id=43A1723E6C1E73374116C0A93953C6AC) F2976C62E4DCE76891DD6D12CE8213FE {
}
[1741347429.355][DEBUG]: DevTools WebSocket Response: Input.dispatchKeyEvent (id=160) (session_id=43A1723E6C1E73374116C0A93953C6AC) F2976C62E4DCE76891DD6D12CE8213FE {
}
[1741347429.355][DEBUG]: DevTools WebSocket Response: Input.dispatchKeyEvent (id=161) (session_id=43A1723E6C1E73374116C0A93953C6AC) F2976C62E4DCE76891DD6D12CE8213FE {
}
[1741347429.355][DEBUG]: DevTools WebSocket Response: Input.dispatchKeyEvent (id=162) (session_id=43A1723E6C1E73374116C0A93953C6AC) F2976C62E4DCE76891DD6D12CE8213FE {
}
[1741347429.395][DEBUG]: DevTools WebSocket Response: Input.dispatchKeyEvent (id=163) (session_id=43A1723E6C1E73374116C0A93953C6AC) F2976C62E4DCE76891DD6D12CE8213FE {
}
[1741347429.395][DEBUG]: DevTools WebSocket Response: Input.dispatchKeyEvent (id=164) (session_id=43A1723E6C1E73374116C0A93953C6AC) F2976C62E4DCE76891DD6D12CE8213FE {
}
[1741347429.395][DEBUG]: DevTools WebSocket Response: Input.dispatchKeyEvent (id=165) (session_id=43A1723E6C1E73374116C0A93953C6AC) F2976C62E4DCE76891DD6D12CE8213FE {
}
[1741347429.395][DEBUG]: DevTools WebSocket Response: Input.dispatchKeyEvent (id=166) (session_id=43A1723E6C1E73374116C0A93953C6AC) F2976C62E4DCE76891DD6D12CE8213FE {
}
[1741347429.395][DEBUG]: DevTools WebSocket Response: Input.dispatchKeyEvent (id=167) (session_id=43A1723E6C1E73374116C0A93953C6AC) F2976C62E4DCE76891DD6D12CE8213FE {
}
[1741347429.395][DEBUG]: DevTools WebSocket Response: Input.dispatchKeyEvent (id=168) (session_id=43A1723E6C1E73374116C0A93953C6AC) F2976C62E4DCE76891DD6D12CE8213FE {
}
[1741347429.396][DEBUG]: DevTools WebSocket Response: Input.dispatchKeyEvent (id=169) (session_id=43A1723E6C1E73374116C0A93953C6AC) F2976C62E4DCE76891DD6D12CE8213FE {
}
[1741347429.396][DEBUG]: DevTools WebSocket Response: Input.dispatchKeyEvent (id=170) (session_id=43A1723E6C1E73374116C0A93953C6AC) F2976C62E4DCE76891DD6D12CE8213FE {
}
[1741347429.396][DEBUG]: DevTools WebSocket Response: Input.dispatchKeyEvent (id=171) (session_id=43A1723E6C1E73374116C0A93953C6AC) F2976C62E4DCE76891DD6D12CE8213FE {
}
[1741347429.396][DEBUG]: DevTools WebSocket Response: Input.dispatchKeyEvent (id=172) (session_id=43A1723E6C1E73374116C0A93953C6AC) F2976C62E4DCE76891DD6D12CE8213FE {
}
[1741347429.396][DEBUG]: DevTools WebSocket Response: Input.dispatchKeyEvent (id=173) (session_id=43A1723E6C1E73374116C0A93953C6AC) F2976C62E4DCE76891DD6D12CE8213FE {
}
[1741347429.396][DEBUG]: DevTools WebSocket Response: Input.dispatchKeyEvent (id=174) (session_id=43A1723E6C1E73374116C0A93953C6AC) F2976C62E4DCE76891DD6D12CE8213FE {
}
[1741347429.397][DEBUG]: DevTools WebSocket Response: Input.dispatchKeyEvent (id=175) (session_id=43A1723E6C1E73374116C0A93953C6AC) F2976C62E4DCE76891DD6D12CE8213FE {
}
[1741347429.397][DEBUG]: DevTools WebSocket Response: Input.dispatchKeyEvent (id=176) (session_id=43A1723E6C1E73374116C0A93953C6AC) F2976C62E4DCE76891DD6D12CE8213FE {
}
[1741347429.397][DEBUG]: DevTools WebSocket Response: Input.dispatchKeyEvent (id=177) (session_id=43A1723E6C1E73374116C0A93953C6AC) F2976C62E4DCE76891DD6D12CE8213FE {
}
[1741347429.397][DEBUG]: DevTools WebSocket Response: Input.dispatchKeyEvent (id=178) (session_id=43A1723E6C1E73374116C0A93953C6AC) F2976C62E4DCE76891DD6D12CE8213FE {
}
[1741347429.397][DEBUG]: DevTools WebSocket Response: Input.dispatchKeyEvent (id=179) (session_id=43A1723E6C1E73374116C0A93953C6AC) F2976C62E4DCE76891DD6D12CE8213FE {
}
[1741347429.397][DEBUG]: DevTools WebSocket Response: Input.dispatchKeyEvent (id=180) (session_id=43A1723E6C1E73374116C0A93953C6AC) F2976C62E4DCE76891DD6D12CE8213FE {
}
[1741347429.398][DEBUG]: DevTools WebSocket Response: Input.dispatchKeyEvent (id=181) (session_id=43A1723E6C1E73374116C0A93953C6AC) F2976C62E4DCE76891DD6D12CE8213FE {
}
[1741347429.398][DEBUG]: DevTools WebSocket Response: Input.dispatchKeyEvent (id=182) (session_id=43A1723E6C1E73374116C0A93953C6AC) F2976C62E4DCE76891DD6D12CE8213FE {
}
[1741347429.398][DEBUG]: DevTools WebSocket Response: Input.dispatchKeyEvent (id=183) (session_id=43A1723E6C1E73374116C0A93953C6AC) F2976C62E4DCE76891DD6D12CE8213FE {
}
[1741347429.398][DEBUG]: DevTools WebSocket Response: Input.dispatchKeyEvent (id=184) (session_id=43A1723E6C1E73374116C0A93953C6AC) F2976C62E4DCE76891DD6D12CE8213FE {
}
[1741347429.398][DEBUG]: DevTools WebSocket Response: Input.dispatchKeyEvent (id=185) (session_id=43A1723E6C1E73374116C0A93953C6AC) F2976C62E4DCE76891DD6D12CE8213FE {
}
[1741347429.398][DEBUG]: DevTools WebSocket Response: Input.dispatchKeyEvent (id=186) (session_id=43A1723E6C1E73374116C0A93953C6AC) F2976C62E4DCE76891DD6D12CE8213FE {
}
[1741347429.398][DEBUG]: DevTools WebSocket Response: Input.dispatchKeyEvent (id=187) (session_id=43A1723E6C1E73374116C0A93953C6AC) F2976C62E4DCE76891DD6D12CE8213FE {
}
[1741347429.398][DEBUG]: DevTools WebSocket Response: Input.dispatchKeyEvent (id=188) (session_id=43A1723E6C1E73374116C0A93953C6AC) F2976C62E4DCE76891DD6D12CE8213FE {
}
[1741347429.398][DEBUG]: DevTools WebSocket Response: Input.dispatchKeyEvent (id=189) (session_id=43A1723E6C1E73374116C0A93953C6AC) F2976C62E4DCE76891DD6D12CE8213FE {
}
[1741347429.398][DEBUG]: DevTools WebSocket Response: Input.dispatchKeyEvent (id=190) (session_id=43A1723E6C1E73374116C0A93953C6AC) F2976C62E4DCE76891DD6D12CE8213FE {
}
[1741347429.398][DEBUG]: DevTools WebSocket Response: Input.dispatchKeyEvent (id=191) (session_id=43A1723E6C1E73374116C0A93953C6AC) F2976C62E4DCE76891DD6D12CE8213FE {
}
[1741347429.398][DEBUG]: DevTools WebSocket Response: Input.dispatchKeyEvent (id=192) (session_id=43A1723E6C1E73374116C0A93953C6AC) F2976C62E4DCE76891DD6D12CE8213FE {
}
[1741347429.399][DEBUG]: DevTools WebSocket Response: Input.dispatchKeyEvent (id=193) (session_id=43A1723E6C1E73374116C0A93953C6AC) F2976C62E4DCE76891DD6D12CE8213FE {
}
[1741347429.399][DEBUG]: DevTools WebSocket Response: Input.dispatchKeyEvent (id=194) (session_id=43A1723E6C1E73374116C0A93953C6AC) F2976C62E4DCE76891DD6D12CE8213FE {
}
[1741347429.399][DEBUG]: DevTools WebSocket Response: Input.dispatchKeyEvent (id=195) (session_id=43A1723E6C1E73374116C0A93953C6AC) F2976C62E4DCE76891DD6D12CE8213FE {
}
[1741347429.399][DEBUG]: DevTools WebSocket Response: Input.dispatchKeyEvent (id=196) (session_id=43A1723E6C1E73374116C0A93953C6AC) F2976C62E4DCE76891DD6D12CE8213FE {
}
[1741347429.399][DEBUG]: DevTools WebSocket Response: Input.dispatchKeyEvent (id=197) (session_id=43A1723E6C1E73374116C0A93953C6AC) F2976C62E4DCE76891DD6D12CE8213FE {
}
[1741347429.399][DEBUG]: DevTools WebSocket Response: Input.dispatchKeyEvent (id=198) (session_id=43A1723E6C1E73374116C0A93953C6AC) F2976C62E4DCE76891DD6D12CE8213FE {
}
[1741347429.400][DEBUG]: DevTools WebSocket Response: Input.dispatchKeyEvent (id=199) (session_id=43A1723E6C1E73374116C0A93953C6AC) F2976C62E4DCE76891DD6D12CE8213FE {
}
[1741347429.400][DEBUG]: DevTools WebSocket Response: Input.dispatchKeyEvent (id=200) (session_id=43A1723E6C1E73374116C0A93953C6AC) F2976C62E4DCE76891DD6D12CE8213FE {
}
[1741347429.400][DEBUG]: DevTools WebSocket Response: Input.dispatchKeyEvent (id=201) (session_id=43A1723E6C1E73374116C0A93953C6AC) F2976C62E4DCE76891DD6D12CE8213FE {
}
[1741347429.400][DEBUG]: DevTools WebSocket Response: Input.dispatchKeyEvent (id=202) (session_id=43A1723E6C1E73374116C0A93953C6AC) F2976C62E4DCE76891DD6D12CE8213FE {
}
[1741347429.400][DEBUG]: DevTools WebSocket Response: Input.dispatchKeyEvent (id=203) (session_id=43A1723E6C1E73374116C0A93953C6AC) F2976C62E4DCE76891DD6D12CE8213FE {
}
[1741347429.400][DEBUG]: DevTools WebSocket Response: Input.dispatchKeyEvent (id=204) (session_id=43A1723E6C1E73374116C0A93953C6AC) F2976C62E4DCE76891DD6D12CE8213FE {
}
[1741347429.401][DEBUG]: DevTools WebSocket Response: Input.dispatchKeyEvent (id=205) (session_id=43A1723E6C1E73374116C0A93953C6AC) F2976C62E4DCE76891DD6D12CE8213FE {
}
[1741347429.401][DEBUG]: DevTools WebSocket Response: Input.dispatchKeyEvent (id=206) (session_id=43A1723E6C1E73374116C0A93953C6AC) F2976C62E4DCE76891DD6D12CE8213FE {
}
[1741347429.401][DEBUG]: DevTools WebSocket Response: Input.dispatchKeyEvent (id=207) (session_id=43A1723E6C1E73374116C0A93953C6AC) F2976C62E4DCE76891DD6D12CE8213FE {
}
[1741347429.401][DEBUG]: DevTools WebSocket Response: Input.dispatchKeyEvent (id=208) (session_id=43A1723E6C1E73374116C0A93953C6AC) F2976C62E4DCE76891DD6D12CE8213FE {
}
[1741347429.401][DEBUG]: DevTools WebSocket Response: Input.dispatchKeyEvent (id=209) (session_id=43A1723E6C1E73374116C0A93953C6AC) F2976C62E4DCE76891DD6D12CE8213FE {
}
[1741347429.401][DEBUG]: DevTools WebSocket Response: Input.dispatchKeyEvent (id=210) (session_id=43A1723E6C1E73374116C0A93953C6AC) F2976C62E4DCE76891DD6D12CE8213FE {
}
[1741347429.401][DEBUG]: DevTools WebSocket Response: Input.dispatchKeyEvent (id=211) (session_id=43A1723E6C1E73374116C0A93953C6AC) F2976C62E4DCE76891DD6D12CE8213FE {
}
[1741347429.401][DEBUG]: DevTools WebSocket Response: Input.dispatchKeyEvent (id=212) (session_id=43A1723E6C1E73374116C0A93953C6AC) F2976C62E4DCE76891DD6D12CE8213FE {
}
[1741347429.401][DEBUG]: DevTools WebSocket Response: Input.dispatchKeyEvent (id=213) (session_id=43A1723E6C1E73374116C0A93953C6AC) F2976C62E4DCE76891DD6D12CE8213FE {
}
[1741347429.401][DEBUG]: DevTools WebSocket Response: Input.dispatchKeyEvent (id=214) (session_id=43A1723E6C1E73374116C0A93953C6AC) F2976C62E4DCE76891DD6D12CE8213FE {
}
[1741347429.401][DEBUG]: DevTools WebSocket Response: Input.dispatchKeyEvent (id=215) (session_id=43A1723E6C1E73374116C0A93953C6AC) F2976C62E4DCE76891DD6D12CE8213FE {
}
[1741347429.401][DEBUG]: DevTools WebSocket Response: Input.dispatchKeyEvent (id=216) (session_id=43A1723E6C1E73374116C0A93953C6AC) F2976C62E4DCE76891DD6D12CE8213FE {
}
[1741347429.402][DEBUG]: DevTools WebSocket Response: Input.dispatchKeyEvent (id=217) (session_id=43A1723E6C1E73374116C0A93953C6AC) F2976C62E4DCE76891DD6D12CE8213FE {
}
[1741347429.402][DEBUG]: DevTools WebSocket Response: Input.dispatchKeyEvent (id=218) (session_id=43A1723E6C1E73374116C0A93953C6AC) F2976C62E4DCE76891DD6D12CE8213FE {
}
[1741347429.402][DEBUG]: DevTools WebSocket Response: Input.dispatchKeyEvent (id=219) (session_id=43A1723E6C1E73374116C0A93953C6AC) F2976C62E4DCE76891DD6D12CE8213FE {
}
[1741347429.402][DEBUG]: DevTools WebSocket Response: Input.dispatchKeyEvent (id=220) (session_id=43A1723E6C1E73374116C0A93953C6AC) F2976C62E4DCE76891DD6D12CE8213FE {
}
[1741347429.402][INFO]: Waiting for pending navigations...
[1741347429.402][DEBUG]: DevTools WebSocket Command: Runtime.evaluate (id=221) (session_id=43A1723E6C1E73374116C0A93953C6AC) F2976C62E4DCE76891DD6D12CE8213FE {
   "expression": "1"
}
[1741347429.403][DEBUG]: DevTools WebSocket Response: Runtime.evaluate (id=221) (session_id=43A1723E6C1E73374116C0A93953C6AC) F2976C62E4DCE76891DD6D12CE8213FE {
   "result": {
      "description": "1",
      "type": "number",
      "value": 1
   }
}
[1741347429.403][INFO]: Done waiting for pending navigations. Status: ok
[1741347429.403][INFO]: [c370eba2140c99957d9312d8f3895bcc] RESPONSE TypeElement
[1741347429.407][INFO]: [c370eba2140c99957d9312d8f3895bcc] COMMAND FindElement {
   "using": "xpath",
   "value": "//input[@placeholder='Password *']"
}
[1741347429.407][INFO]: Waiting for pending navigations...
[1741347429.407][DEBUG]: DevTools WebSocket Command: Runtime.evaluate (id=222) (session_id=43A1723E6C1E73374116C0A93953C6AC) F2976C62E4DCE76891DD6D12CE8213FE {
   "expression": "1"
}
[1741347429.408][DEBUG]: DevTools WebSocket Response: Runtime.evaluate (id=222) (session_id=43A1723E6C1E73374116C0A93953C6AC) F2976C62E4DCE76891DD6D12CE8213FE {
   "result": {
      "description": "1",
      "type": "number",
      "value": 1
   }
}
[1741347429.408][INFO]: Done waiting for pending navigations. Status: ok
[1741347429.408][DEBUG]: DevTools WebSocket Command: Page.getFrameTree (id=223) (session_id=43A1723E6C1E73374116C0A93953C6AC) F2976C62E4DCE76891DD6D12CE8213FE {
}
[1741347429.410][DEBUG]: DevTools WebSocket Response: Page.getFrameTree (id=223) (session_id=43A1723E6C1E73374116C0A93953C6AC) F2976C62E4DCE76891DD6D12CE8213FE {
   "frameTree": {
      "childFrames": [ {
         "frame": {
            "adFrameStatus": {
               "adFrameType": "none",
               "explanations": [  ]
            },
            "crossOriginIsolatedContextType": "NotIsolated",
            "domainAndRegistry": "",
            "gatedAPIFeatures": [  ],
            "id": "3890F6AD04D35CF5BE95C773ED57B9C5",
            "loaderId": "C25B6F66CDE8EE90110464A4620C0521",
            "mimeType": "text/html",
            "name": "",
            "parentId": "F2976C62E4DCE76891DD6D12CE8213FE",
            "secureContextType": "Secure",
            "securityOrigin": "://",
            "url": "about:blank"
         }
      }, {
         "frame": {
            "adFrameStatus": {
               "adFrameType": "none",
               "explanations": [  ]
            },
            "crossOriginIsolatedContextType": "NotIsolated",
            "domainAndRegistry": "",
            "gatedAPIFeatures": [  ],
            "id": "A4B93062EDE213F4A156D9C1B2BE2FF0",
            "loaderId": "247B497CF9EF70A43751A730016B6DF5",
            "mimeType": "text/html",
            "name": "_hjSafeContext_76188799",
            "parentId": "F2976C62E4DCE76891DD6D12CE8213FE",
            "secureContextType": "Secure",
            "securityOrigin": "://",
            "url": "about:blank"
         }
      } ],
      "frame": {
         "adFrameStatus": {
            "adFrameType": "none"
         },
         "crossOriginIsolatedContextType": "NotIsolated",
         "domainAndRegistry": "futurework.com.sa",
         "gatedAPIFeatures": [  ],
         "id": "F2976C62E4DCE76891DD6D12CE8213FE",
         "loaderId": "DC1A08DD8B41A591E3882FCE01EACE13",
         "mimeType": "text/html",
         "secureContextType": "Secure",
         "securityOrigin": "https://maas-uat.futurework.com.sa",
         "url": "https://maas-uat.futurework.com.sa/login"
      }
   }
}
[1741347429.410][DEBUG]: DevTools WebSocket Command: Page.getFrameTree (id=224) (session_id=43A1723E6C1E73374116C0A93953C6AC) F2976C62E4DCE76891DD6D12CE8213FE {
}
[1741347429.411][DEBUG]: DevTools WebSocket Response: Page.getFrameTree (id=224) (session_id=43A1723E6C1E73374116C0A93953C6AC) F2976C62E4DCE76891DD6D12CE8213FE {
   "frameTree": {
      "childFrames": [ {
         "frame": {
            "adFrameStatus": {
               "adFrameType": "none",
               "explanations": [  ]
            },
            "crossOriginIsolatedContextType": "NotIsolated",
            "domainAndRegistry": "",
            "gatedAPIFeatures": [  ],
            "id": "3890F6AD04D35CF5BE95C773ED57B9C5",
            "loaderId": "C25B6F66CDE8EE90110464A4620C0521",
            "mimeType": "text/html",
            "name": "",
            "parentId": "F2976C62E4DCE76891DD6D12CE8213FE",
            "secureContextType": "Secure",
            "securityOrigin": "://",
            "url": "about:blank"
         }
      }, {
         "frame": {
            "adFrameStatus": {
               "adFrameType": "none",
               "explanations": [  ]
            },
            "crossOriginIsolatedContextType": "NotIsolated",
            "domainAndRegistry": "",
            "gatedAPIFeatures": [  ],
            "id": "A4B93062EDE213F4A156D9C1B2BE2FF0",
            "loaderId": "247B497CF9EF70A43751A730016B6DF5",
            "mimeType": "text/html",
            "name": "_hjSafeContext_76188799",
            "parentId": "F2976C62E4DCE76891DD6D12CE8213FE",
            "secureContextType": "Secure",
            "securityOrigin": "://",
            "url": "about:blank"
         }
      } ],
      "frame": {
         "adFrameStatus": {
            "adFrameType": "none"
         },
         "crossOriginIsolatedContextType": "NotIsolated",
         "domainAndRegistry": "futurework.com.sa",
         "gatedAPIFeatures": [  ],
         "id": "F2976C62E4DCE76891DD6D12CE8213FE",
         "loaderId": "DC1A08DD8B41A591E3882FCE01EACE13",
         "mimeType": "text/html",
         "secureContextType": "Secure",
         "securityOrigin": "https://maas-uat.futurework.com.sa",
         "url": "https://maas-uat.futurework.com.sa/login"
      }
   }
}
[1741347429.439][DEBUG]: DevTools WebSocket Command: Runtime.callFunctionOn (id=225) (session_id=43A1723E6C1E73374116C0A93953C6AC) F2976C62E4DCE76891DD6D12CE8213FE {
   "arguments": [  ],
   "awaitPromise": true,
   "functionDeclaration": "function(){ return (function() { // Copyright 2012 The Chromium Authors\n// Use of this source code is governed by a BSD-style license that can be\n// found in the LICENSE file.\n\n/**\n * Enum for WebD...",
   "generateWebDriverValue": true,
   "objectGroup": "27a756de-6f74-4f6a-861d-043e90dfde22",
   "uniqueContextId": "-6942648794307042400.-7805452207504835363"
}
[1741347429.451][DEBUG]: DevTools WebSocket Response: Runtime.callFunctionOn (id=225) (session_id=43A1723E6C1E73374116C0A93953C6AC) F2976C62E4DCE76891DD6D12CE8213FE {
   "result": {
      "className": "Array",
      "description": "Array(2)",
      "objectId": "5920981833020314707.1.34",
      "subtype": "array",
      "type": "object",
      "webDriverValue": {
         "type": "array",
         "value": [ {
            "type": "string",
            "value": "{\"status\":0,\"value\":{\"element-6066-11e4-a52e-4f735466cecf\":0}}"
         }, {
            "type": "node",
            "value": {
               "attributes": {
                  "_ngcontent-ng-c1308541415": "",
                  "class": "form-control border-0 ng-untouched ng-pristine ng-invalid",
                  "formcontrolname": "mobile",
                  "placeholder": "Password *",
                  "type": "password"
               },
               "backendNodeId": 24,
               "childNodeCount": 0,
               "localName": "input",
               "namespaceURI": "http://www.w3.org/1999/xhtml",
               "nodeType": 1
            }
         } ]
      }
   }
}
[1741347429.452][DEBUG]: DevTools WebSocket Command: Runtime.releaseObjectGroup (id=226) (session_id=43A1723E6C1E73374116C0A93953C6AC) F2976C62E4DCE76891DD6D12CE8213FE {
   "objectGroup": "27a756de-6f74-4f6a-861d-043e90dfde22"
}
[1741347429.452][INFO]: Waiting for pending navigations...
[1741347429.452][DEBUG]: DevTools WebSocket Command: Runtime.evaluate (id=227) (session_id=43A1723E6C1E73374116C0A93953C6AC) F2976C62E4DCE76891DD6D12CE8213FE {
   "expression": "1"
}
[1741347429.452][DEBUG]: DevTools WebSocket Response: Runtime.releaseObjectGroup (id=226) (session_id=43A1723E6C1E73374116C0A93953C6AC) F2976C62E4DCE76891DD6D12CE8213FE {
}
[1741347429.452][DEBUG]: DevTools WebSocket Response: Runtime.evaluate (id=227) (session_id=43A1723E6C1E73374116C0A93953C6AC) F2976C62E4DCE76891DD6D12CE8213FE {
   "result": {
      "description": "1",
      "type": "number",
      "value": 1
   }
}
[1741347429.452][INFO]: Done waiting for pending navigations. Status: ok
[1741347429.453][INFO]: [c370eba2140c99957d9312d8f3895bcc] RESPONSE FindElement {
   "element-6066-11e4-a52e-4f735466cecf": "DC1A08DD8B41A591E3882FCE01EACE13_element_24"
}
[1741347429.456][INFO]: [c370eba2140c99957d9312d8f3895bcc] COMMAND TypeElement {
   "id": "DC1A08DD8B41A591E3882FCE01EACE13_element_24",
   "text": "Saudia@1",
   "value": [ "S", "a", "u", "d", "i", "a", "@", "1" ]
}
[1741347429.456][INFO]: Waiting for pending navigations...
[1741347429.456][DEBUG]: DevTools WebSocket Command: Runtime.evaluate (id=228) (session_id=43A1723E6C1E73374116C0A93953C6AC) F2976C62E4DCE76891DD6D12CE8213FE {
   "expression": "1"
}
[1741347429.457][DEBUG]: DevTools WebSocket Response: Runtime.evaluate (id=228) (session_id=43A1723E6C1E73374116C0A93953C6AC) F2976C62E4DCE76891DD6D12CE8213FE {
   "result": {
      "description": "1",
      "type": "number",
      "value": 1
   }
}
[1741347429.457][INFO]: Done waiting for pending navigations. Status: ok
[1741347429.457][DEBUG]: DevTools WebSocket Command: Page.getFrameTree (id=229) (session_id=43A1723E6C1E73374116C0A93953C6AC) F2976C62E4DCE76891DD6D12CE8213FE {
}
[1741347429.459][DEBUG]: DevTools WebSocket Response: Page.getFrameTree (id=229) (session_id=43A1723E6C1E73374116C0A93953C6AC) F2976C62E4DCE76891DD6D12CE8213FE {
   "frameTree": {
      "childFrames": [ {
         "frame": {
            "adFrameStatus": {
               "adFrameType": "none",
               "explanations": [  ]
            },
            "crossOriginIsolatedContextType": "NotIsolated",
            "domainAndRegistry": "",
            "gatedAPIFeatures": [  ],
            "id": "3890F6AD04D35CF5BE95C773ED57B9C5",
            "loaderId": "C25B6F66CDE8EE90110464A4620C0521",
            "mimeType": "text/html",
            "name": "",
            "parentId": "F2976C62E4DCE76891DD6D12CE8213FE",
            "secureContextType": "Secure",
            "securityOrigin": "://",
            "url": "about:blank"
         }
      }, {
         "frame": {
            "adFrameStatus": {
               "adFrameType": "none",
               "explanations": [  ]
            },
            "crossOriginIsolatedContextType": "NotIsolated",
            "domainAndRegistry": "",
            "gatedAPIFeatures": [  ],
            "id": "A4B93062EDE213F4A156D9C1B2BE2FF0",
            "loaderId": "247B497CF9EF70A43751A730016B6DF5",
            "mimeType": "text/html",
            "name": "_hjSafeContext_76188799",
            "parentId": "F2976C62E4DCE76891DD6D12CE8213FE",
            "secureContextType": "Secure",
            "securityOrigin": "://",
            "url": "about:blank"
         }
      } ],
      "frame": {
         "adFrameStatus": {
            "adFrameType": "none"
         },
         "crossOriginIsolatedContextType": "NotIsolated",
         "domainAndRegistry": "futurework.com.sa",
         "gatedAPIFeatures": [  ],
         "id": "F2976C62E4DCE76891DD6D12CE8213FE",
         "loaderId": "DC1A08DD8B41A591E3882FCE01EACE13",
         "mimeType": "text/html",
         "secureContextType": "Secure",
         "securityOrigin": "https://maas-uat.futurework.com.sa",
         "url": "https://maas-uat.futurework.com.sa/login"
      }
   }
}
[1741347429.459][DEBUG]: DevTools WebSocket Command: DOM.resolveNode (id=230) (session_id=43A1723E6C1E73374116C0A93953C6AC) F2976C62E4DCE76891DD6D12CE8213FE {
   "backendNodeId": 24,
   "objectGroup": "990e581c-089b-47b5-a024-3c3a91b687b0"
}
[1741347429.459][DEBUG]: DevTools WebSocket Response: DOM.resolveNode (id=230) (session_id=43A1723E6C1E73374116C0A93953C6AC) F2976C62E4DCE76891DD6D12CE8213FE {
   "object": {
      "className": "HTMLInputElement",
      "description": "input.form-control.border-0.ng-untouched.ng-pristine.ng-invalid",
      "objectId": "5920981833020314707.1.35",
      "subtype": "node",
      "type": "object"
   }
}
[1741347429.460][DEBUG]: DevTools WebSocket Command: Page.getFrameTree (id=231) (session_id=43A1723E6C1E73374116C0A93953C6AC) F2976C62E4DCE76891DD6D12CE8213FE {
}
[1741347429.460][DEBUG]: DevTools WebSocket Response: Page.getFrameTree (id=231) (session_id=43A1723E6C1E73374116C0A93953C6AC) F2976C62E4DCE76891DD6D12CE8213FE {
   "frameTree": {
      "childFrames": [ {
         "frame": {
            "adFrameStatus": {
               "adFrameType": "none",
               "explanations": [  ]
            },
            "crossOriginIsolatedContextType": "NotIsolated",
            "domainAndRegistry": "",
            "gatedAPIFeatures": [  ],
            "id": "3890F6AD04D35CF5BE95C773ED57B9C5",
            "loaderId": "C25B6F66CDE8EE90110464A4620C0521",
            "mimeType": "text/html",
            "name": "",
            "parentId": "F2976C62E4DCE76891DD6D12CE8213FE",
            "secureContextType": "Secure",
            "securityOrigin": "://",
            "url": "about:blank"
         }
      }, {
         "frame": {
            "adFrameStatus": {
               "adFrameType": "none",
               "explanations": [  ]
            },
            "crossOriginIsolatedContextType": "NotIsolated",
            "domainAndRegistry": "",
            "gatedAPIFeatures": [  ],
            "id": "A4B93062EDE213F4A156D9C1B2BE2FF0",
            "loaderId": "247B497CF9EF70A43751A730016B6DF5",
            "mimeType": "text/html",
            "name": "_hjSafeContext_76188799",
            "parentId": "F2976C62E4DCE76891DD6D12CE8213FE",
            "secureContextType": "Secure",
            "securityOrigin": "://",
            "url": "about:blank"
         }
      } ],
      "frame": {
         "adFrameStatus": {
            "adFrameType": "none"
         },
         "crossOriginIsolatedContextType": "NotIsolated",
         "domainAndRegistry": "futurework.com.sa",
         "gatedAPIFeatures": [  ],
         "id": "F2976C62E4DCE76891DD6D12CE8213FE",
         "loaderId": "DC1A08DD8B41A591E3882FCE01EACE13",
         "mimeType": "text/html",
         "secureContextType": "Secure",
         "securityOrigin": "https://maas-uat.futurework.com.sa",
         "url": "https://maas-uat.futurework.com.sa/login"
      }
   }
}
[1741347429.462][DEBUG]: DevTools WebSocket Command: Runtime.callFunctionOn (id=232) (session_id=43A1723E6C1E73374116C0A93953C6AC) F2976C62E4DCE76891DD6D12CE8213FE {
   "arguments": [ {
      "objectId": "5920981833020314707.1.35"
   } ],
   "awaitPromise": true,
   "functionDeclaration": "function(){ return (function() { // Copyright 2012 The Chromium Authors\n// Use of this source code is governed by a BSD-style license that can be\n// found in the LICENSE file.\n\n/**\n * Enum for WebD...",
   "generateWebDriverValue": true,
   "objectGroup": "990e581c-089b-47b5-a024-3c3a91b687b0",
   "uniqueContextId": "-6942648794307042400.-7805452207504835363"
}
[1741347429.466][DEBUG]: DevTools WebSocket Response: Runtime.callFunctionOn (id=232) (session_id=43A1723E6C1E73374116C0A93953C6AC) F2976C62E4DCE76891DD6D12CE8213FE {
   "result": {
      "className": "Array",
      "description": "Array(1)",
      "objectId": "5920981833020314707.1.36",
      "subtype": "array",
      "type": "object",
      "webDriverValue": {
         "type": "array",
         "value": [ {
            "type": "string",
            "value": "{\"status\":0,\"value\":\"INPUT\"}"
         } ]
      }
   }
}
[1741347429.466][DEBUG]: DevTools WebSocket Command: Runtime.releaseObjectGroup (id=233) (session_id=43A1723E6C1E73374116C0A93953C6AC) F2976C62E4DCE76891DD6D12CE8213FE {
   "objectGroup": "990e581c-089b-47b5-a024-3c3a91b687b0"
}
[1741347429.466][DEBUG]: DevTools WebSocket Command: Page.getFrameTree (id=234) (session_id=43A1723E6C1E73374116C0A93953C6AC) F2976C62E4DCE76891DD6D12CE8213FE {
}
[1741347429.467][DEBUG]: DevTools WebSocket Response: Runtime.releaseObjectGroup (id=233) (session_id=43A1723E6C1E73374116C0A93953C6AC) F2976C62E4DCE76891DD6D12CE8213FE {
}
[1741347429.467][DEBUG]: DevTools WebSocket Response: Page.getFrameTree (id=234) (session_id=43A1723E6C1E73374116C0A93953C6AC) F2976C62E4DCE76891DD6D12CE8213FE {
   "frameTree": {
      "childFrames": [ {
         "frame": {
            "adFrameStatus": {
               "adFrameType": "none",
               "explanations": [  ]
            },
            "crossOriginIsolatedContextType": "NotIsolated",
            "domainAndRegistry": "",
            "gatedAPIFeatures": [  ],
            "id": "3890F6AD04D35CF5BE95C773ED57B9C5",
            "loaderId": "C25B6F66CDE8EE90110464A4620C0521",
            "mimeType": "text/html",
            "name": "",
            "parentId": "F2976C62E4DCE76891DD6D12CE8213FE",
            "secureContextType": "Secure",
            "securityOrigin": "://",
            "url": "about:blank"
         }
      }, {
         "frame": {
            "adFrameStatus": {
               "adFrameType": "none",
               "explanations": [  ]
            },
            "crossOriginIsolatedContextType": "NotIsolated",
            "domainAndRegistry": "",
            "gatedAPIFeatures": [  ],
            "id": "A4B93062EDE213F4A156D9C1B2BE2FF0",
            "loaderId": "247B497CF9EF70A43751A730016B6DF5",
            "mimeType": "text/html",
            "name": "_hjSafeContext_76188799",
            "parentId": "F2976C62E4DCE76891DD6D12CE8213FE",
            "secureContextType": "Secure",
            "securityOrigin": "://",
            "url": "about:blank"
         }
      } ],
      "frame": {
         "adFrameStatus": {
            "adFrameType": "none"
         },
         "crossOriginIsolatedContextType": "NotIsolated",
         "domainAndRegistry": "futurework.com.sa",
         "gatedAPIFeatures": [  ],
         "id": "F2976C62E4DCE76891DD6D12CE8213FE",
         "loaderId": "DC1A08DD8B41A591E3882FCE01EACE13",
         "mimeType": "text/html",
         "secureContextType": "Secure",
         "securityOrigin": "https://maas-uat.futurework.com.sa",
         "url": "https://maas-uat.futurework.com.sa/login"
      }
   }
}
[1741347429.467][DEBUG]: DevTools WebSocket Command: DOM.resolveNode (id=235) (session_id=43A1723E6C1E73374116C0A93953C6AC) F2976C62E4DCE76891DD6D12CE8213FE {
   "backendNodeId": 24,
   "objectGroup": "0782317b-6eab-4e88-b160-883d0c2d8576"
}
[1741347429.468][DEBUG]: DevTools WebSocket Response: DOM.resolveNode (id=235) (session_id=43A1723E6C1E73374116C0A93953C6AC) F2976C62E4DCE76891DD6D12CE8213FE {
   "object": {
      "className": "HTMLInputElement",
      "description": "input.form-control.border-0.ng-untouched.ng-pristine.ng-invalid",
      "objectId": "5920981833020314707.1.37",
      "subtype": "node",
      "type": "object"
   }
}
[1741347429.468][DEBUG]: DevTools WebSocket Command: Page.getFrameTree (id=236) (session_id=43A1723E6C1E73374116C0A93953C6AC) F2976C62E4DCE76891DD6D12CE8213FE {
}
[1741347429.469][DEBUG]: DevTools WebSocket Response: Page.getFrameTree (id=236) (session_id=43A1723E6C1E73374116C0A93953C6AC) F2976C62E4DCE76891DD6D12CE8213FE {
   "frameTree": {
      "childFrames": [ {
         "frame": {
            "adFrameStatus": {
               "adFrameType": "none",
               "explanations": [  ]
            },
            "crossOriginIsolatedContextType": "NotIsolated",
            "domainAndRegistry": "",
            "gatedAPIFeatures": [  ],
            "id": "3890F6AD04D35CF5BE95C773ED57B9C5",
            "loaderId": "C25B6F66CDE8EE90110464A4620C0521",
            "mimeType": "text/html",
            "name": "",
            "parentId": "F2976C62E4DCE76891DD6D12CE8213FE",
            "secureContextType": "Secure",
            "securityOrigin": "://",
            "url": "about:blank"
         }
      }, {
         "frame": {
            "adFrameStatus": {
               "adFrameType": "none",
               "explanations": [  ]
            },
            "crossOriginIsolatedContextType": "NotIsolated",
            "domainAndRegistry": "",
            "gatedAPIFeatures": [  ],
            "id": "A4B93062EDE213F4A156D9C1B2BE2FF0",
            "loaderId": "247B497CF9EF70A43751A730016B6DF5",
            "mimeType": "text/html",
            "name": "_hjSafeContext_76188799",
            "parentId": "F2976C62E4DCE76891DD6D12CE8213FE",
            "secureContextType": "Secure",
            "securityOrigin": "://",
            "url": "about:blank"
         }
      } ],
      "frame": {
         "adFrameStatus": {
            "adFrameType": "none"
         },
         "crossOriginIsolatedContextType": "NotIsolated",
         "domainAndRegistry": "futurework.com.sa",
         "gatedAPIFeatures": [  ],
         "id": "F2976C62E4DCE76891DD6D12CE8213FE",
         "loaderId": "DC1A08DD8B41A591E3882FCE01EACE13",
         "mimeType": "text/html",
         "secureContextType": "Secure",
         "securityOrigin": "https://maas-uat.futurework.com.sa",
         "url": "https://maas-uat.futurework.com.sa/login"
      }
   }
}
[1741347429.471][DEBUG]: DevTools WebSocket Command: Runtime.callFunctionOn (id=237) (session_id=43A1723E6C1E73374116C0A93953C6AC) F2976C62E4DCE76891DD6D12CE8213FE {
   "arguments": [ {
      "objectId": "5920981833020314707.1.37"
   } ],
   "awaitPromise": true,
   "functionDeclaration": "function(){ return (function() { // Copyright 2012 The Chromium Authors\n// Use of this source code is governed by a BSD-style license that can be\n// found in the LICENSE file.\n\n/**\n * Enum for WebD...",
   "generateWebDriverValue": true,
   "objectGroup": "0782317b-6eab-4e88-b160-883d0c2d8576",
   "uniqueContextId": "-6942648794307042400.-7805452207504835363"
}
[1741347429.473][DEBUG]: DevTools WebSocket Response: Runtime.callFunctionOn (id=237) (session_id=43A1723E6C1E73374116C0A93953C6AC) F2976C62E4DCE76891DD6D12CE8213FE {
   "result": {
      "className": "Array",
      "description": "Array(1)",
      "objectId": "5920981833020314707.1.38",
      "subtype": "array",
      "type": "object",
      "webDriverValue": {
         "type": "array",
         "value": [ {
            "type": "string",
            "value": "{\"status\":0,\"value\":\"password\"}"
         } ]
      }
   }
}
[1741347429.473][DEBUG]: DevTools WebSocket Command: Runtime.releaseObjectGroup (id=238) (session_id=43A1723E6C1E73374116C0A93953C6AC) F2976C62E4DCE76891DD6D12CE8213FE {
   "objectGroup": "0782317b-6eab-4e88-b160-883d0c2d8576"
}
[1741347429.473][DEBUG]: DevTools WebSocket Command: Page.getFrameTree (id=239) (session_id=43A1723E6C1E73374116C0A93953C6AC) F2976C62E4DCE76891DD6D12CE8213FE {
}
[1741347429.474][DEBUG]: DevTools WebSocket Response: Runtime.releaseObjectGroup (id=238) (session_id=43A1723E6C1E73374116C0A93953C6AC) F2976C62E4DCE76891DD6D12CE8213FE {
}
[1741347429.474][DEBUG]: DevTools WebSocket Response: Page.getFrameTree (id=239) (session_id=43A1723E6C1E73374116C0A93953C6AC) F2976C62E4DCE76891DD6D12CE8213FE {
   "frameTree": {
      "childFrames": [ {
         "frame": {
            "adFrameStatus": {
               "adFrameType": "none",
               "explanations": [  ]
            },
            "crossOriginIsolatedContextType": "NotIsolated",
            "domainAndRegistry": "",
            "gatedAPIFeatures": [  ],
            "id": "3890F6AD04D35CF5BE95C773ED57B9C5",
            "loaderId": "C25B6F66CDE8EE90110464A4620C0521",
            "mimeType": "text/html",
            "name": "",
            "parentId": "F2976C62E4DCE76891DD6D12CE8213FE",
            "secureContextType": "Secure",
            "securityOrigin": "://",
            "url": "about:blank"
         }
      }, {
         "frame": {
            "adFrameStatus": {
               "adFrameType": "none",
               "explanations": [  ]
            },
            "crossOriginIsolatedContextType": "NotIsolated",
            "domainAndRegistry": "",
            "gatedAPIFeatures": [  ],
            "id": "A4B93062EDE213F4A156D9C1B2BE2FF0",
            "loaderId": "247B497CF9EF70A43751A730016B6DF5",
            "mimeType": "text/html",
            "name": "_hjSafeContext_76188799",
            "parentId": "F2976C62E4DCE76891DD6D12CE8213FE",
            "secureContextType": "Secure",
            "securityOrigin": "://",
            "url": "about:blank"
         }
      } ],
      "frame": {
         "adFrameStatus": {
            "adFrameType": "none"
         },
         "crossOriginIsolatedContextType": "NotIsolated",
         "domainAndRegistry": "futurework.com.sa",
         "gatedAPIFeatures": [  ],
         "id": "F2976C62E4DCE76891DD6D12CE8213FE",
         "loaderId": "DC1A08DD8B41A591E3882FCE01EACE13",
         "mimeType": "text/html",
         "secureContextType": "Secure",
         "securityOrigin": "https://maas-uat.futurework.com.sa",
         "url": "https://maas-uat.futurework.com.sa/login"
      }
   }
}
[1741347429.474][DEBUG]: DevTools WebSocket Command: DOM.resolveNode (id=240) (session_id=43A1723E6C1E73374116C0A93953C6AC) F2976C62E4DCE76891DD6D12CE8213FE {
   "backendNodeId": 24,
   "objectGroup": "4fda8b4b-9985-4161-b0ef-c4c519f31f3d"
}
[1741347429.475][DEBUG]: DevTools WebSocket Response: DOM.resolveNode (id=240) (session_id=43A1723E6C1E73374116C0A93953C6AC) F2976C62E4DCE76891DD6D12CE8213FE {
   "object": {
      "className": "HTMLInputElement",
      "description": "input.form-control.border-0.ng-untouched.ng-pristine.ng-invalid",
      "objectId": "5920981833020314707.1.39",
      "subtype": "node",
      "type": "object"
   }
}
[1741347429.475][DEBUG]: DevTools WebSocket Command: Page.getFrameTree (id=241) (session_id=43A1723E6C1E73374116C0A93953C6AC) F2976C62E4DCE76891DD6D12CE8213FE {
}
[1741347429.476][DEBUG]: DevTools WebSocket Response: Page.getFrameTree (id=241) (session_id=43A1723E6C1E73374116C0A93953C6AC) F2976C62E4DCE76891DD6D12CE8213FE {
   "frameTree": {
      "childFrames": [ {
         "frame": {
            "adFrameStatus": {
               "adFrameType": "none",
               "explanations": [  ]
            },
            "crossOriginIsolatedContextType": "NotIsolated",
            "domainAndRegistry": "",
            "gatedAPIFeatures": [  ],
            "id": "3890F6AD04D35CF5BE95C773ED57B9C5",
            "loaderId": "C25B6F66CDE8EE90110464A4620C0521",
            "mimeType": "text/html",
            "name": "",
            "parentId": "F2976C62E4DCE76891DD6D12CE8213FE",
            "secureContextType": "Secure",
            "securityOrigin": "://",
            "url": "about:blank"
         }
      }, {
         "frame": {
            "adFrameStatus": {
               "adFrameType": "none",
               "explanations": [  ]
            },
            "crossOriginIsolatedContextType": "NotIsolated",
            "domainAndRegistry": "",
            "gatedAPIFeatures": [  ],
            "id": "A4B93062EDE213F4A156D9C1B2BE2FF0",
            "loaderId": "247B497CF9EF70A43751A730016B6DF5",
            "mimeType": "text/html",
            "name": "_hjSafeContext_76188799",
            "parentId": "F2976C62E4DCE76891DD6D12CE8213FE",
            "secureContextType": "Secure",
            "securityOrigin": "://",
            "url": "about:blank"
         }
      } ],
      "frame": {
         "adFrameStatus": {
            "adFrameType": "none"
         },
         "crossOriginIsolatedContextType": "NotIsolated",
         "domainAndRegistry": "futurework.com.sa",
         "gatedAPIFeatures": [  ],
         "id": "F2976C62E4DCE76891DD6D12CE8213FE",
         "loaderId": "DC1A08DD8B41A591E3882FCE01EACE13",
         "mimeType": "text/html",
         "secureContextType": "Secure",
         "securityOrigin": "https://maas-uat.futurework.com.sa",
         "url": "https://maas-uat.futurework.com.sa/login"
      }
   }
}
[1741347429.501][DEBUG]: DevTools WebSocket Command: Runtime.callFunctionOn (id=242) (session_id=43A1723E6C1E73374116C0A93953C6AC) F2976C62E4DCE76891DD6D12CE8213FE {
   "arguments": [ {
      "objectId": "5920981833020314707.1.39"
   } ],
   "awaitPromise": true,
   "functionDeclaration": "function(){ return (function() { // Copyright 2012 The Chromium Authors\n// Use of this source code is governed by a BSD-style license that can be\n// found in the LICENSE file.\n\n/**\n * Enum for WebD...",
   "generateWebDriverValue": true,
   "objectGroup": "4fda8b4b-9985-4161-b0ef-c4c519f31f3d",
   "uniqueContextId": "-6942648794307042400.-7805452207504835363"
}
[1741347429.503][DEBUG]: DevTools WebSocket Response: Runtime.callFunctionOn (id=242) (session_id=43A1723E6C1E73374116C0A93953C6AC) F2976C62E4DCE76891DD6D12CE8213FE {
   "result": {
      "className": "Array",
      "description": "Array(1)",
      "objectId": "5920981833020314707.1.40",
      "subtype": "array",
      "type": "object",
      "webDriverValue": {
         "type": "array",
         "value": [ {
            "type": "string",
            "value": "{\"status\":0,\"value\":false}"
         } ]
      }
   }
}
[1741347429.503][DEBUG]: DevTools WebSocket Command: Runtime.releaseObjectGroup (id=243) (session_id=43A1723E6C1E73374116C0A93953C6AC) F2976C62E4DCE76891DD6D12CE8213FE {
   "objectGroup": "4fda8b4b-9985-4161-b0ef-c4c519f31f3d"
}
[1741347429.504][DEBUG]: DevTools WebSocket Command: Page.getFrameTree (id=244) (session_id=43A1723E6C1E73374116C0A93953C6AC) F2976C62E4DCE76891DD6D12CE8213FE {
}
[1741347429.504][DEBUG]: DevTools WebSocket Response: Runtime.releaseObjectGroup (id=243) (session_id=43A1723E6C1E73374116C0A93953C6AC) F2976C62E4DCE76891DD6D12CE8213FE {
}
[1741347429.505][DEBUG]: DevTools WebSocket Response: Page.getFrameTree (id=244) (session_id=43A1723E6C1E73374116C0A93953C6AC) F2976C62E4DCE76891DD6D12CE8213FE {
   "frameTree": {
      "childFrames": [ {
         "frame": {
            "adFrameStatus": {
               "adFrameType": "none",
               "explanations": [  ]
            },
            "crossOriginIsolatedContextType": "NotIsolated",
            "domainAndRegistry": "",
            "gatedAPIFeatures": [  ],
            "id": "3890F6AD04D35CF5BE95C773ED57B9C5",
            "loaderId": "C25B6F66CDE8EE90110464A4620C0521",
            "mimeType": "text/html",
            "name": "",
            "parentId": "F2976C62E4DCE76891DD6D12CE8213FE",
            "secureContextType": "Secure",
            "securityOrigin": "://",
            "url": "about:blank"
         }
      }, {
         "frame": {
            "adFrameStatus": {
               "adFrameType": "none",
               "explanations": [  ]
            },
            "crossOriginIsolatedContextType": "NotIsolated",
            "domainAndRegistry": "",
            "gatedAPIFeatures": [  ],
            "id": "A4B93062EDE213F4A156D9C1B2BE2FF0",
            "loaderId": "247B497CF9EF70A43751A730016B6DF5",
            "mimeType": "text/html",
            "name": "_hjSafeContext_76188799",
            "parentId": "F2976C62E4DCE76891DD6D12CE8213FE",
            "secureContextType": "Secure",
            "securityOrigin": "://",
            "url": "about:blank"
         }
      } ],
      "frame": {
         "adFrameStatus": {
            "adFrameType": "none"
         },
         "crossOriginIsolatedContextType": "NotIsolated",
         "domainAndRegistry": "futurework.com.sa",
         "gatedAPIFeatures": [  ],
         "id": "F2976C62E4DCE76891DD6D12CE8213FE",
         "loaderId": "DC1A08DD8B41A591E3882FCE01EACE13",
         "mimeType": "text/html",
         "secureContextType": "Secure",
         "securityOrigin": "https://maas-uat.futurework.com.sa",
         "url": "https://maas-uat.futurework.com.sa/login"
      }
   }
}
[1741347429.505][DEBUG]: DevTools WebSocket Command: DOM.resolveNode (id=245) (session_id=43A1723E6C1E73374116C0A93953C6AC) F2976C62E4DCE76891DD6D12CE8213FE {
   "backendNodeId": 24,
   "objectGroup": "69e95562-a0fb-45f4-92f3-24afb4d6d664"
}
[1741347429.506][DEBUG]: DevTools WebSocket Response: DOM.resolveNode (id=245) (session_id=43A1723E6C1E73374116C0A93953C6AC) F2976C62E4DCE76891DD6D12CE8213FE {
   "object": {
      "className": "HTMLInputElement",
      "description": "input.form-control.border-0.ng-untouched.ng-pristine.ng-invalid",
      "objectId": "5920981833020314707.1.41",
      "subtype": "node",
      "type": "object"
   }
}
[1741347429.506][DEBUG]: DevTools WebSocket Command: Page.getFrameTree (id=246) (session_id=43A1723E6C1E73374116C0A93953C6AC) F2976C62E4DCE76891DD6D12CE8213FE {
}
[1741347429.511][DEBUG]: DevTools WebSocket Response: Page.getFrameTree (id=246) (session_id=43A1723E6C1E73374116C0A93953C6AC) F2976C62E4DCE76891DD6D12CE8213FE {
   "frameTree": {
      "childFrames": [ {
         "frame": {
            "adFrameStatus": {
               "adFrameType": "none",
               "explanations": [  ]
            },
            "crossOriginIsolatedContextType": "NotIsolated",
            "domainAndRegistry": "",
            "gatedAPIFeatures": [  ],
            "id": "3890F6AD04D35CF5BE95C773ED57B9C5",
            "loaderId": "C25B6F66CDE8EE90110464A4620C0521",
            "mimeType": "text/html",
            "name": "",
            "parentId": "F2976C62E4DCE76891DD6D12CE8213FE",
            "secureContextType": "Secure",
            "securityOrigin": "://",
            "url": "about:blank"
         }
      }, {
         "frame": {
            "adFrameStatus": {
               "adFrameType": "none",
               "explanations": [  ]
            },
            "crossOriginIsolatedContextType": "NotIsolated",
            "domainAndRegistry": "",
            "gatedAPIFeatures": [  ],
            "id": "A4B93062EDE213F4A156D9C1B2BE2FF0",
            "loaderId": "247B497CF9EF70A43751A730016B6DF5",
            "mimeType": "text/html",
            "name": "_hjSafeContext_76188799",
            "parentId": "F2976C62E4DCE76891DD6D12CE8213FE",
            "secureContextType": "Secure",
            "securityOrigin": "://",
            "url": "about:blank"
         }
      } ],
      "frame": {
         "adFrameStatus": {
            "adFrameType": "none"
         },
         "crossOriginIsolatedContextType": "NotIsolated",
         "domainAndRegistry": "futurework.com.sa",
         "gatedAPIFeatures": [  ],
         "id": "F2976C62E4DCE76891DD6D12CE8213FE",
         "loaderId": "DC1A08DD8B41A591E3882FCE01EACE13",
         "mimeType": "text/html",
         "secureContextType": "Secure",
         "securityOrigin": "https://maas-uat.futurework.com.sa",
         "url": "https://maas-uat.futurework.com.sa/login"
      }
   }
}
[1741347429.513][DEBUG]: DevTools WebSocket Command: Runtime.callFunctionOn (id=247) (session_id=43A1723E6C1E73374116C0A93953C6AC) F2976C62E4DCE76891DD6D12CE8213FE {
   "arguments": [ {
      "objectId": "5920981833020314707.1.41"
   } ],
   "awaitPromise": true,
   "functionDeclaration": "function(){ return (function() { // Copyright 2012 The Chromium Authors\n// Use of this source code is governed by a BSD-style license that can be\n// found in the LICENSE file.\n\n/**\n * Enum for WebD...",
   "generateWebDriverValue": true,
   "objectGroup": "69e95562-a0fb-45f4-92f3-24afb4d6d664",
   "uniqueContextId": "-6942648794307042400.-7805452207504835363"
}
[1741347429.517][DEBUG]: DevTools WebSocket Response: Runtime.callFunctionOn (id=247) (session_id=43A1723E6C1E73374116C0A93953C6AC) F2976C62E4DCE76891DD6D12CE8213FE {
   "result": {
      "className": "Array",
      "description": "Array(1)",
      "objectId": "5920981833020314707.1.42",
      "subtype": "array",
      "type": "object",
      "webDriverValue": {
         "type": "array",
         "value": [ {
            "type": "string",
            "value": "{\"status\":0,\"value\":\"INPUT\"}"
         } ]
      }
   }
}
[1741347429.517][DEBUG]: DevTools WebSocket Command: Runtime.releaseObjectGroup (id=248) (session_id=43A1723E6C1E73374116C0A93953C6AC) F2976C62E4DCE76891DD6D12CE8213FE {
   "objectGroup": "69e95562-a0fb-45f4-92f3-24afb4d6d664"
}
[1741347429.517][DEBUG]: DevTools WebSocket Command: Runtime.evaluate (id=249) (session_id=43A1723E6C1E73374116C0A93953C6AC) F2976C62E4DCE76891DD6D12CE8213FE {
   "awaitPromise": false,
   "expression": "document.hasFocus()",
   "returnByValue": true
}
[1741347429.518][DEBUG]: DevTools WebSocket Response: Runtime.releaseObjectGroup (id=248) (session_id=43A1723E6C1E73374116C0A93953C6AC) F2976C62E4DCE76891DD6D12CE8213FE {
}
[1741347429.518][DEBUG]: DevTools WebSocket Response: Runtime.evaluate (id=249) (session_id=43A1723E6C1E73374116C0A93953C6AC) F2976C62E4DCE76891DD6D12CE8213FE {
   "result": {
      "type": "boolean",
      "value": true
   }
}
[1741347429.518][DEBUG]: DevTools WebSocket Command: Page.getFrameTree (id=250) (session_id=43A1723E6C1E73374116C0A93953C6AC) F2976C62E4DCE76891DD6D12CE8213FE {
}
[1741347429.519][DEBUG]: DevTools WebSocket Response: Page.getFrameTree (id=250) (session_id=43A1723E6C1E73374116C0A93953C6AC) F2976C62E4DCE76891DD6D12CE8213FE {
   "frameTree": {
      "childFrames": [ {
         "frame": {
            "adFrameStatus": {
               "adFrameType": "none",
               "explanations": [  ]
            },
            "crossOriginIsolatedContextType": "NotIsolated",
            "domainAndRegistry": "",
            "gatedAPIFeatures": [  ],
            "id": "3890F6AD04D35CF5BE95C773ED57B9C5",
            "loaderId": "C25B6F66CDE8EE90110464A4620C0521",
            "mimeType": "text/html",
            "name": "",
            "parentId": "F2976C62E4DCE76891DD6D12CE8213FE",
            "secureContextType": "Secure",
            "securityOrigin": "://",
            "url": "about:blank"
         }
      }, {
         "frame": {
            "adFrameStatus": {
               "adFrameType": "none",
               "explanations": [  ]
            },
            "crossOriginIsolatedContextType": "NotIsolated",
            "domainAndRegistry": "",
            "gatedAPIFeatures": [  ],
            "id": "A4B93062EDE213F4A156D9C1B2BE2FF0",
            "loaderId": "247B497CF9EF70A43751A730016B6DF5",
            "mimeType": "text/html",
            "name": "_hjSafeContext_76188799",
            "parentId": "F2976C62E4DCE76891DD6D12CE8213FE",
            "secureContextType": "Secure",
            "securityOrigin": "://",
            "url": "about:blank"
         }
      } ],
      "frame": {
         "adFrameStatus": {
            "adFrameType": "none"
         },
         "crossOriginIsolatedContextType": "NotIsolated",
         "domainAndRegistry": "futurework.com.sa",
         "gatedAPIFeatures": [  ],
         "id": "F2976C62E4DCE76891DD6D12CE8213FE",
         "loaderId": "DC1A08DD8B41A591E3882FCE01EACE13",
         "mimeType": "text/html",
         "secureContextType": "Secure",
         "securityOrigin": "https://maas-uat.futurework.com.sa",
         "url": "https://maas-uat.futurework.com.sa/login"
      }
   }
}
[1741347429.519][DEBUG]: DevTools WebSocket Command: Page.getFrameTree (id=251) (session_id=43A1723E6C1E73374116C0A93953C6AC) F2976C62E4DCE76891DD6D12CE8213FE {
}
[1741347429.520][DEBUG]: DevTools WebSocket Response: Page.getFrameTree (id=251) (session_id=43A1723E6C1E73374116C0A93953C6AC) F2976C62E4DCE76891DD6D12CE8213FE {
   "frameTree": {
      "childFrames": [ {
         "frame": {
            "adFrameStatus": {
               "adFrameType": "none",
               "explanations": [  ]
            },
            "crossOriginIsolatedContextType": "NotIsolated",
            "domainAndRegistry": "",
            "gatedAPIFeatures": [  ],
            "id": "3890F6AD04D35CF5BE95C773ED57B9C5",
            "loaderId": "C25B6F66CDE8EE90110464A4620C0521",
            "mimeType": "text/html",
            "name": "",
            "parentId": "F2976C62E4DCE76891DD6D12CE8213FE",
            "secureContextType": "Secure",
            "securityOrigin": "://",
            "url": "about:blank"
         }
      }, {
         "frame": {
            "adFrameStatus": {
               "adFrameType": "none",
               "explanations": [  ]
            },
            "crossOriginIsolatedContextType": "NotIsolated",
            "domainAndRegistry": "",
            "gatedAPIFeatures": [  ],
            "id": "A4B93062EDE213F4A156D9C1B2BE2FF0",
            "loaderId": "247B497CF9EF70A43751A730016B6DF5",
            "mimeType": "text/html",
            "name": "_hjSafeContext_76188799",
            "parentId": "F2976C62E4DCE76891DD6D12CE8213FE",
            "secureContextType": "Secure",
            "securityOrigin": "://",
            "url": "about:blank"
         }
      } ],
      "frame": {
         "adFrameStatus": {
            "adFrameType": "none"
         },
         "crossOriginIsolatedContextType": "NotIsolated",
         "domainAndRegistry": "futurework.com.sa",
         "gatedAPIFeatures": [  ],
         "id": "F2976C62E4DCE76891DD6D12CE8213FE",
         "loaderId": "DC1A08DD8B41A591E3882FCE01EACE13",
         "mimeType": "text/html",
         "secureContextType": "Secure",
         "securityOrigin": "https://maas-uat.futurework.com.sa",
         "url": "https://maas-uat.futurework.com.sa/login"
      }
   }
}
[1741347429.545][DEBUG]: DevTools WebSocket Command: Runtime.callFunctionOn (id=252) (session_id=43A1723E6C1E73374116C0A93953C6AC) F2976C62E4DCE76891DD6D12CE8213FE {
   "arguments": [  ],
   "awaitPromise": true,
   "functionDeclaration": "function(){ return (function() { // Copyright 2012 The Chromium Authors\n// Use of this source code is governed by a BSD-style license that can be\n// found in the LICENSE file.\n\n/**\n * Enum for WebD...",
   "generateWebDriverValue": true,
   "objectGroup": "f4183dfe-5d9d-4ae2-9811-804c1138e476",
   "uniqueContextId": "-6942648794307042400.-7805452207504835363"
}
[1741347429.547][DEBUG]: DevTools WebSocket Response: Runtime.callFunctionOn (id=252) (session_id=43A1723E6C1E73374116C0A93953C6AC) F2976C62E4DCE76891DD6D12CE8213FE {
   "result": {
      "className": "Array",
      "description": "Array(2)",
      "objectId": "5920981833020314707.1.43",
      "subtype": "array",
      "type": "object",
      "webDriverValue": {
         "type": "array",
         "value": [ {
            "type": "string",
            "value": "{\"status\":0,\"value\":{\"element-6066-11e4-a52e-4f735466cecf\":0}}"
         }, {
            "type": "node",
            "value": {
               "attributes": {
                  "_ngcontent-ng-c1308541415": "",
                  "class": "form-control ng-untouched ng-dirty ng-valid",
                  "formcontrolname": "userName",
                  "placeholder": "Email *",
                  "type": "email"
               },
               "backendNodeId": 41,
               "childNodeCount": 0,
               "localName": "input",
               "namespaceURI": "http://www.w3.org/1999/xhtml",
               "nodeType": 1
            }
         } ]
      }
   }
}
[1741347429.548][DEBUG]: DevTools WebSocket Command: Runtime.releaseObjectGroup (id=253) (session_id=43A1723E6C1E73374116C0A93953C6AC) F2976C62E4DCE76891DD6D12CE8213FE {
   "objectGroup": "f4183dfe-5d9d-4ae2-9811-804c1138e476"
}
[1741347429.548][DEBUG]: DevTools WebSocket Command: Page.getFrameTree (id=254) (session_id=43A1723E6C1E73374116C0A93953C6AC) F2976C62E4DCE76891DD6D12CE8213FE {
}
[1741347429.548][DEBUG]: DevTools WebSocket Response: Runtime.releaseObjectGroup (id=253) (session_id=43A1723E6C1E73374116C0A93953C6AC) F2976C62E4DCE76891DD6D12CE8213FE {
}
[1741347429.549][DEBUG]: DevTools WebSocket Response: Page.getFrameTree (id=254) (session_id=43A1723E6C1E73374116C0A93953C6AC) F2976C62E4DCE76891DD6D12CE8213FE {
   "frameTree": {
      "childFrames": [ {
         "frame": {
            "adFrameStatus": {
               "adFrameType": "none",
               "explanations": [  ]
            },
            "crossOriginIsolatedContextType": "NotIsolated",
            "domainAndRegistry": "",
            "gatedAPIFeatures": [  ],
            "id": "3890F6AD04D35CF5BE95C773ED57B9C5",
            "loaderId": "C25B6F66CDE8EE90110464A4620C0521",
            "mimeType": "text/html",
            "name": "",
            "parentId": "F2976C62E4DCE76891DD6D12CE8213FE",
            "secureContextType": "Secure",
            "securityOrigin": "://",
            "url": "about:blank"
         }
      }, {
         "frame": {
            "adFrameStatus": {
               "adFrameType": "none",
               "explanations": [  ]
            },
            "crossOriginIsolatedContextType": "NotIsolated",
            "domainAndRegistry": "",
            "gatedAPIFeatures": [  ],
            "id": "A4B93062EDE213F4A156D9C1B2BE2FF0",
            "loaderId": "247B497CF9EF70A43751A730016B6DF5",
            "mimeType": "text/html",
            "name": "_hjSafeContext_76188799",
            "parentId": "F2976C62E4DCE76891DD6D12CE8213FE",
            "secureContextType": "Secure",
            "securityOrigin": "://",
            "url": "about:blank"
         }
      } ],
      "frame": {
         "adFrameStatus": {
            "adFrameType": "none"
         },
         "crossOriginIsolatedContextType": "NotIsolated",
         "domainAndRegistry": "futurework.com.sa",
         "gatedAPIFeatures": [  ],
         "id": "F2976C62E4DCE76891DD6D12CE8213FE",
         "loaderId": "DC1A08DD8B41A591E3882FCE01EACE13",
         "mimeType": "text/html",
         "secureContextType": "Secure",
         "securityOrigin": "https://maas-uat.futurework.com.sa",
         "url": "https://maas-uat.futurework.com.sa/login"
      }
   }
}
[1741347429.551][DEBUG]: DevTools WebSocket Command: DOM.resolveNode (id=255) (session_id=43A1723E6C1E73374116C0A93953C6AC) F2976C62E4DCE76891DD6D12CE8213FE {
   "backendNodeId": 24,
   "objectGroup": "2326cf3f-381c-4ce1-9b72-6db955913181"
}
[1741347429.552][DEBUG]: DevTools WebSocket Response: DOM.resolveNode (id=255) (session_id=43A1723E6C1E73374116C0A93953C6AC) F2976C62E4DCE76891DD6D12CE8213FE {
   "object": {
      "className": "HTMLInputElement",
      "description": "input.form-control.border-0.ng-untouched.ng-pristine.ng-invalid",
      "objectId": "5920981833020314707.1.44",
      "subtype": "node",
      "type": "object"
   }
}
[1741347429.552][DEBUG]: DevTools WebSocket Command: Page.getFrameTree (id=256) (session_id=43A1723E6C1E73374116C0A93953C6AC) F2976C62E4DCE76891DD6D12CE8213FE {
}
[1741347429.553][DEBUG]: DevTools WebSocket Response: Page.getFrameTree (id=256) (session_id=43A1723E6C1E73374116C0A93953C6AC) F2976C62E4DCE76891DD6D12CE8213FE {
   "frameTree": {
      "childFrames": [ {
         "frame": {
            "adFrameStatus": {
               "adFrameType": "none",
               "explanations": [  ]
            },
            "crossOriginIsolatedContextType": "NotIsolated",
            "domainAndRegistry": "",
            "gatedAPIFeatures": [  ],
            "id": "3890F6AD04D35CF5BE95C773ED57B9C5",
            "loaderId": "C25B6F66CDE8EE90110464A4620C0521",
            "mimeType": "text/html",
            "name": "",
            "parentId": "F2976C62E4DCE76891DD6D12CE8213FE",
            "secureContextType": "Secure",
            "securityOrigin": "://",
            "url": "about:blank"
         }
      }, {
         "frame": {
            "adFrameStatus": {
               "adFrameType": "none",
               "explanations": [  ]
            },
            "crossOriginIsolatedContextType": "NotIsolated",
            "domainAndRegistry": "",
            "gatedAPIFeatures": [  ],
            "id": "A4B93062EDE213F4A156D9C1B2BE2FF0",
            "loaderId": "247B497CF9EF70A43751A730016B6DF5",
            "mimeType": "text/html",
            "name": "_hjSafeContext_76188799",
            "parentId": "F2976C62E4DCE76891DD6D12CE8213FE",
            "secureContextType": "Secure",
            "securityOrigin": "://",
            "url": "about:blank"
         }
      } ],
      "frame": {
         "adFrameStatus": {
            "adFrameType": "none"
         },
         "crossOriginIsolatedContextType": "NotIsolated",
         "domainAndRegistry": "futurework.com.sa",
         "gatedAPIFeatures": [  ],
         "id": "F2976C62E4DCE76891DD6D12CE8213FE",
         "loaderId": "DC1A08DD8B41A591E3882FCE01EACE13",
         "mimeType": "text/html",
         "secureContextType": "Secure",
         "securityOrigin": "https://maas-uat.futurework.com.sa",
         "url": "https://maas-uat.futurework.com.sa/login"
      }
   }
}
[1741347429.556][DEBUG]: DevTools WebSocket Command: Runtime.callFunctionOn (id=257) (session_id=43A1723E6C1E73374116C0A93953C6AC) F2976C62E4DCE76891DD6D12CE8213FE {
   "arguments": [ {
      "objectId": "5920981833020314707.1.44"
   } ],
   "awaitPromise": true,
   "functionDeclaration": "function(){ return (function() { // Copyright 2012 The Chromium Authors\n// Use of this source code is governed by a BSD-style license that can be\n// found in the LICENSE file.\n\n/**\n * Enum for WebD...",
   "generateWebDriverValue": true,
   "objectGroup": "2326cf3f-381c-4ce1-9b72-6db955913181",
   "uniqueContextId": "-6942648794307042400.-7805452207504835363"
}
[1741347429.561][DEBUG]: DevTools WebSocket Response: Runtime.callFunctionOn (id=257) (session_id=43A1723E6C1E73374116C0A93953C6AC) F2976C62E4DCE76891DD6D12CE8213FE {
   "result": {
      "className": "Array",
      "description": "Array(1)",
      "objectId": "5920981833020314707.1.45",
      "subtype": "array",
      "type": "object",
      "webDriverValue": {
         "type": "array",
         "value": [ {
            "type": "string",
            "value": "{\"status\":0,\"value\":true}"
         } ]
      }
   }
}
[1741347429.561][DEBUG]: DevTools WebSocket Command: Runtime.releaseObjectGroup (id=258) (session_id=43A1723E6C1E73374116C0A93953C6AC) F2976C62E4DCE76891DD6D12CE8213FE {
   "objectGroup": "2326cf3f-381c-4ce1-9b72-6db955913181"
}
[1741347429.562][DEBUG]: DevTools WebSocket Command: Page.getFrameTree (id=259) (session_id=43A1723E6C1E73374116C0A93953C6AC) F2976C62E4DCE76891DD6D12CE8213FE {
}
[1741347429.562][DEBUG]: DevTools WebSocket Response: Runtime.releaseObjectGroup (id=258) (session_id=43A1723E6C1E73374116C0A93953C6AC) F2976C62E4DCE76891DD6D12CE8213FE {
}
[1741347429.563][DEBUG]: DevTools WebSocket Response: Page.getFrameTree (id=259) (session_id=43A1723E6C1E73374116C0A93953C6AC) F2976C62E4DCE76891DD6D12CE8213FE {
   "frameTree": {
      "childFrames": [ {
         "frame": {
            "adFrameStatus": {
               "adFrameType": "none",
               "explanations": [  ]
            },
            "crossOriginIsolatedContextType": "NotIsolated",
            "domainAndRegistry": "",
            "gatedAPIFeatures": [  ],
            "id": "3890F6AD04D35CF5BE95C773ED57B9C5",
            "loaderId": "C25B6F66CDE8EE90110464A4620C0521",
            "mimeType": "text/html",
            "name": "",
            "parentId": "F2976C62E4DCE76891DD6D12CE8213FE",
            "secureContextType": "Secure",
            "securityOrigin": "://",
            "url": "about:blank"
         }
      }, {
         "frame": {
            "adFrameStatus": {
               "adFrameType": "none",
               "explanations": [  ]
            },
            "crossOriginIsolatedContextType": "NotIsolated",
            "domainAndRegistry": "",
            "gatedAPIFeatures": [  ],
            "id": "A4B93062EDE213F4A156D9C1B2BE2FF0",
            "loaderId": "247B497CF9EF70A43751A730016B6DF5",
            "mimeType": "text/html",
            "name": "_hjSafeContext_76188799",
            "parentId": "F2976C62E4DCE76891DD6D12CE8213FE",
            "secureContextType": "Secure",
            "securityOrigin": "://",
            "url": "about:blank"
         }
      } ],
      "frame": {
         "adFrameStatus": {
            "adFrameType": "none"
         },
         "crossOriginIsolatedContextType": "NotIsolated",
         "domainAndRegistry": "futurework.com.sa",
         "gatedAPIFeatures": [  ],
         "id": "F2976C62E4DCE76891DD6D12CE8213FE",
         "loaderId": "DC1A08DD8B41A591E3882FCE01EACE13",
         "mimeType": "text/html",
         "secureContextType": "Secure",
         "securityOrigin": "https://maas-uat.futurework.com.sa",
         "url": "https://maas-uat.futurework.com.sa/login"
      }
   }
}
[1741347429.563][DEBUG]: DevTools WebSocket Command: DOM.resolveNode (id=260) (session_id=43A1723E6C1E73374116C0A93953C6AC) F2976C62E4DCE76891DD6D12CE8213FE {
   "backendNodeId": 24,
   "objectGroup": "f1414899-050d-4b00-9c84-97241b72cf5f"
}
[1741347429.564][DEBUG]: DevTools WebSocket Response: DOM.resolveNode (id=260) (session_id=43A1723E6C1E73374116C0A93953C6AC) F2976C62E4DCE76891DD6D12CE8213FE {
   "object": {
      "className": "HTMLInputElement",
      "description": "input.form-control.border-0.ng-untouched.ng-pristine.ng-invalid",
      "objectId": "5920981833020314707.1.46",
      "subtype": "node",
      "type": "object"
   }
}
[1741347429.564][DEBUG]: DevTools WebSocket Command: Page.getFrameTree (id=261) (session_id=43A1723E6C1E73374116C0A93953C6AC) F2976C62E4DCE76891DD6D12CE8213FE {
}
[1741347429.564][DEBUG]: DevTools WebSocket Response: Page.getFrameTree (id=261) (session_id=43A1723E6C1E73374116C0A93953C6AC) F2976C62E4DCE76891DD6D12CE8213FE {
   "frameTree": {
      "childFrames": [ {
         "frame": {
            "adFrameStatus": {
               "adFrameType": "none",
               "explanations": [  ]
            },
            "crossOriginIsolatedContextType": "NotIsolated",
            "domainAndRegistry": "",
            "gatedAPIFeatures": [  ],
            "id": "3890F6AD04D35CF5BE95C773ED57B9C5",
            "loaderId": "C25B6F66CDE8EE90110464A4620C0521",
            "mimeType": "text/html",
            "name": "",
            "parentId": "F2976C62E4DCE76891DD6D12CE8213FE",
            "secureContextType": "Secure",
            "securityOrigin": "://",
            "url": "about:blank"
         }
      }, {
         "frame": {
            "adFrameStatus": {
               "adFrameType": "none",
               "explanations": [  ]
            },
            "crossOriginIsolatedContextType": "NotIsolated",
            "domainAndRegistry": "",
            "gatedAPIFeatures": [  ],
            "id": "A4B93062EDE213F4A156D9C1B2BE2FF0",
            "loaderId": "247B497CF9EF70A43751A730016B6DF5",
            "mimeType": "text/html",
            "name": "_hjSafeContext_76188799",
            "parentId": "F2976C62E4DCE76891DD6D12CE8213FE",
            "secureContextType": "Secure",
            "securityOrigin": "://",
            "url": "about:blank"
         }
      } ],
      "frame": {
         "adFrameStatus": {
            "adFrameType": "none"
         },
         "crossOriginIsolatedContextType": "NotIsolated",
         "domainAndRegistry": "futurework.com.sa",
         "gatedAPIFeatures": [  ],
         "id": "F2976C62E4DCE76891DD6D12CE8213FE",
         "loaderId": "DC1A08DD8B41A591E3882FCE01EACE13",
         "mimeType": "text/html",
         "secureContextType": "Secure",
         "securityOrigin": "https://maas-uat.futurework.com.sa",
         "url": "https://maas-uat.futurework.com.sa/login"
      }
   }
}
[1741347429.565][DEBUG]: DevTools WebSocket Command: Runtime.callFunctionOn (id=262) (session_id=43A1723E6C1E73374116C0A93953C6AC) F2976C62E4DCE76891DD6D12CE8213FE {
   "arguments": [ {
      "objectId": "5920981833020314707.1.46"
   } ],
   "awaitPromise": true,
   "functionDeclaration": "function(){ return (function() { // Copyright 2012 The Chromium Authors\n// Use of this source code is governed by a BSD-style license that can be\n// found in the LICENSE file.\n\n/**\n * Enum for WebD...",
   "generateWebDriverValue": true,
   "objectGroup": "f1414899-050d-4b00-9c84-97241b72cf5f",
   "uniqueContextId": "-6942648794307042400.-7805452207504835363"
}
[1741347429.569][DEBUG]: DevTools WebSocket Response: Runtime.callFunctionOn (id=262) (session_id=43A1723E6C1E73374116C0A93953C6AC) F2976C62E4DCE76891DD6D12CE8213FE {
   "result": {
      "className": "Array",
      "description": "Array(1)",
      "objectId": "5920981833020314707.1.47",
      "subtype": "array",
      "type": "object",
      "webDriverValue": {
         "type": "array",
         "value": [ {
            "type": "string",
            "value": "{\"status\":0,\"value\":true}"
         } ]
      }
   }
}
[1741347429.591][DEBUG]: DevTools WebSocket Command: Runtime.releaseObjectGroup (id=263) (session_id=43A1723E6C1E73374116C0A93953C6AC) F2976C62E4DCE76891DD6D12CE8213FE {
   "objectGroup": "f1414899-050d-4b00-9c84-97241b72cf5f"
}
[1741347429.592][DEBUG]: DevTools WebSocket Command: Page.getFrameTree (id=264) (session_id=43A1723E6C1E73374116C0A93953C6AC) F2976C62E4DCE76891DD6D12CE8213FE {
}
[1741347429.593][DEBUG]: DevTools WebSocket Response: Runtime.releaseObjectGroup (id=263) (session_id=43A1723E6C1E73374116C0A93953C6AC) F2976C62E4DCE76891DD6D12CE8213FE {
}
[1741347429.593][DEBUG]: DevTools WebSocket Response: Page.getFrameTree (id=264) (session_id=43A1723E6C1E73374116C0A93953C6AC) F2976C62E4DCE76891DD6D12CE8213FE {
   "frameTree": {
      "childFrames": [ {
         "frame": {
            "adFrameStatus": {
               "adFrameType": "none",
               "explanations": [  ]
            },
            "crossOriginIsolatedContextType": "NotIsolated",
            "domainAndRegistry": "",
            "gatedAPIFeatures": [  ],
            "id": "3890F6AD04D35CF5BE95C773ED57B9C5",
            "loaderId": "C25B6F66CDE8EE90110464A4620C0521",
            "mimeType": "text/html",
            "name": "",
            "parentId": "F2976C62E4DCE76891DD6D12CE8213FE",
            "secureContextType": "Secure",
            "securityOrigin": "://",
            "url": "about:blank"
         }
      }, {
         "frame": {
            "adFrameStatus": {
               "adFrameType": "none",
               "explanations": [  ]
            },
            "crossOriginIsolatedContextType": "NotIsolated",
            "domainAndRegistry": "",
            "gatedAPIFeatures": [  ],
            "id": "A4B93062EDE213F4A156D9C1B2BE2FF0",
            "loaderId": "247B497CF9EF70A43751A730016B6DF5",
            "mimeType": "text/html",
            "name": "_hjSafeContext_76188799",
            "parentId": "F2976C62E4DCE76891DD6D12CE8213FE",
            "secureContextType": "Secure",
            "securityOrigin": "://",
            "url": "about:blank"
         }
      } ],
      "frame": {
         "adFrameStatus": {
            "adFrameType": "none"
         },
         "crossOriginIsolatedContextType": "NotIsolated",
         "domainAndRegistry": "futurework.com.sa",
         "gatedAPIFeatures": [  ],
         "id": "F2976C62E4DCE76891DD6D12CE8213FE",
         "loaderId": "DC1A08DD8B41A591E3882FCE01EACE13",
         "mimeType": "text/html",
         "secureContextType": "Secure",
         "securityOrigin": "https://maas-uat.futurework.com.sa",
         "url": "https://maas-uat.futurework.com.sa/login"
      }
   }
}
[1741347429.594][DEBUG]: DevTools WebSocket Command: DOM.resolveNode (id=265) (session_id=43A1723E6C1E73374116C0A93953C6AC) F2976C62E4DCE76891DD6D12CE8213FE {
   "backendNodeId": 24,
   "objectGroup": "e785e954-b7c4-4398-8a17-c2a7e4c64ce9"
}
[1741347429.596][DEBUG]: DevTools WebSocket Response: DOM.resolveNode (id=265) (session_id=43A1723E6C1E73374116C0A93953C6AC) F2976C62E4DCE76891DD6D12CE8213FE {
   "object": {
      "className": "HTMLInputElement",
      "description": "input.form-control.border-0.ng-untouched.ng-pristine.ng-invalid",
      "objectId": "5920981833020314707.1.48",
      "subtype": "node",
      "type": "object"
   }
}
[1741347429.596][DEBUG]: DevTools WebSocket Command: Page.getFrameTree (id=266) (session_id=43A1723E6C1E73374116C0A93953C6AC) F2976C62E4DCE76891DD6D12CE8213FE {
}
[1741347429.597][DEBUG]: DevTools WebSocket Response: Page.getFrameTree (id=266) (session_id=43A1723E6C1E73374116C0A93953C6AC) F2976C62E4DCE76891DD6D12CE8213FE {
   "frameTree": {
      "childFrames": [ {
         "frame": {
            "adFrameStatus": {
               "adFrameType": "none",
               "explanations": [  ]
            },
            "crossOriginIsolatedContextType": "NotIsolated",
            "domainAndRegistry": "",
            "gatedAPIFeatures": [  ],
            "id": "3890F6AD04D35CF5BE95C773ED57B9C5",
            "loaderId": "C25B6F66CDE8EE90110464A4620C0521",
            "mimeType": "text/html",
            "name": "",
            "parentId": "F2976C62E4DCE76891DD6D12CE8213FE",
            "secureContextType": "Secure",
            "securityOrigin": "://",
            "url": "about:blank"
         }
      }, {
         "frame": {
            "adFrameStatus": {
               "adFrameType": "none",
               "explanations": [  ]
            },
            "crossOriginIsolatedContextType": "NotIsolated",
            "domainAndRegistry": "",
            "gatedAPIFeatures": [  ],
            "id": "A4B93062EDE213F4A156D9C1B2BE2FF0",
            "loaderId": "247B497CF9EF70A43751A730016B6DF5",
            "mimeType": "text/html",
            "name": "_hjSafeContext_76188799",
            "parentId": "F2976C62E4DCE76891DD6D12CE8213FE",
            "secureContextType": "Secure",
            "securityOrigin": "://",
            "url": "about:blank"
         }
      } ],
      "frame": {
         "adFrameStatus": {
            "adFrameType": "none"
         },
         "crossOriginIsolatedContextType": "NotIsolated",
         "domainAndRegistry": "futurework.com.sa",
         "gatedAPIFeatures": [  ],
         "id": "F2976C62E4DCE76891DD6D12CE8213FE",
         "loaderId": "DC1A08DD8B41A591E3882FCE01EACE13",
         "mimeType": "text/html",
         "secureContextType": "Secure",
         "securityOrigin": "https://maas-uat.futurework.com.sa",
         "url": "https://maas-uat.futurework.com.sa/login"
      }
   }
}
[1741347429.598][DEBUG]: DevTools WebSocket Command: Runtime.callFunctionOn (id=267) (session_id=43A1723E6C1E73374116C0A93953C6AC) F2976C62E4DCE76891DD6D12CE8213FE {
   "arguments": [ {
      "objectId": "5920981833020314707.1.48"
   } ],
   "awaitPromise": true,
   "functionDeclaration": "function(){ return (function() { // Copyright 2012 The Chromium Authors\n// Use of this source code is governed by a BSD-style license that can be\n// found in the LICENSE file.\n\n/**\n * Enum for WebD...",
   "generateWebDriverValue": true,
   "objectGroup": "e785e954-b7c4-4398-8a17-c2a7e4c64ce9",
   "uniqueContextId": "-6942648794307042400.-7805452207504835363"
}
[1741347429.608][DEBUG]: DevTools WebSocket Response: Runtime.callFunctionOn (id=267) (session_id=43A1723E6C1E73374116C0A93953C6AC) F2976C62E4DCE76891DD6D12CE8213FE {
   "result": {
      "className": "Array",
      "description": "Array(1)",
      "objectId": "5920981833020314707.1.49",
      "subtype": "array",
      "type": "object",
      "webDriverValue": {
         "type": "array",
         "value": [ {
            "type": "string",
            "value": "{\"status\":0,\"value\":null}"
         } ]
      }
   }
}
[1741347429.608][DEBUG]: DevTools WebSocket Command: Runtime.releaseObjectGroup (id=268) (session_id=43A1723E6C1E73374116C0A93953C6AC) F2976C62E4DCE76891DD6D12CE8213FE {
   "objectGroup": "e785e954-b7c4-4398-8a17-c2a7e4c64ce9"
}
[1741347429.608][DEBUG]: DevTools WebSocket Command: Page.getFrameTree (id=269) (session_id=43A1723E6C1E73374116C0A93953C6AC) F2976C62E4DCE76891DD6D12CE8213FE {
}
[1741347429.661][DEBUG]: DevTools WebSocket Response: Runtime.releaseObjectGroup (id=268) (session_id=43A1723E6C1E73374116C0A93953C6AC) F2976C62E4DCE76891DD6D12CE8213FE {
}
[1741347429.661][DEBUG]: DevTools WebSocket Response: Page.getFrameTree (id=269) (session_id=43A1723E6C1E73374116C0A93953C6AC) F2976C62E4DCE76891DD6D12CE8213FE {
   "frameTree": {
      "childFrames": [ {
         "frame": {
            "adFrameStatus": {
               "adFrameType": "none",
               "explanations": [  ]
            },
            "crossOriginIsolatedContextType": "NotIsolated",
            "domainAndRegistry": "",
            "gatedAPIFeatures": [  ],
            "id": "3890F6AD04D35CF5BE95C773ED57B9C5",
            "loaderId": "C25B6F66CDE8EE90110464A4620C0521",
            "mimeType": "text/html",
            "name": "",
            "parentId": "F2976C62E4DCE76891DD6D12CE8213FE",
            "secureContextType": "Secure",
            "securityOrigin": "://",
            "url": "about:blank"
         }
      }, {
         "frame": {
            "adFrameStatus": {
               "adFrameType": "none",
               "explanations": [  ]
            },
            "crossOriginIsolatedContextType": "NotIsolated",
            "domainAndRegistry": "",
            "gatedAPIFeatures": [  ],
            "id": "A4B93062EDE213F4A156D9C1B2BE2FF0",
            "loaderId": "247B497CF9EF70A43751A730016B6DF5",
            "mimeType": "text/html",
            "name": "_hjSafeContext_76188799",
            "parentId": "F2976C62E4DCE76891DD6D12CE8213FE",
            "secureContextType": "Secure",
            "securityOrigin": "://",
            "url": "about:blank"
         }
      } ],
      "frame": {
         "adFrameStatus": {
            "adFrameType": "none"
         },
         "crossOriginIsolatedContextType": "NotIsolated",
         "domainAndRegistry": "futurework.com.sa",
         "gatedAPIFeatures": [  ],
         "id": "F2976C62E4DCE76891DD6D12CE8213FE",
         "loaderId": "DC1A08DD8B41A591E3882FCE01EACE13",
         "mimeType": "text/html",
         "secureContextType": "Secure",
         "securityOrigin": "https://maas-uat.futurework.com.sa",
         "url": "https://maas-uat.futurework.com.sa/login"
      }
   }
}
[1741347429.661][DEBUG]: DevTools WebSocket Command: DOM.resolveNode (id=270) (session_id=43A1723E6C1E73374116C0A93953C6AC) F2976C62E4DCE76891DD6D12CE8213FE {
   "backendNodeId": 24,
   "objectGroup": "6e662912-1be5-4a5c-81d2-c3bfa1373bb5"
}
[1741347429.663][DEBUG]: DevTools WebSocket Response: DOM.resolveNode (id=270) (session_id=43A1723E6C1E73374116C0A93953C6AC) F2976C62E4DCE76891DD6D12CE8213FE {
   "object": {
      "className": "HTMLInputElement",
      "description": "input.form-control.border-0.ng-untouched.ng-pristine.ng-invalid",
      "objectId": "5920981833020314707.1.50",
      "subtype": "node",
      "type": "object"
   }
}
[1741347429.663][DEBUG]: DevTools WebSocket Command: Page.getFrameTree (id=271) (session_id=43A1723E6C1E73374116C0A93953C6AC) F2976C62E4DCE76891DD6D12CE8213FE {
}
[1741347429.664][DEBUG]: DevTools WebSocket Response: Page.getFrameTree (id=271) (session_id=43A1723E6C1E73374116C0A93953C6AC) F2976C62E4DCE76891DD6D12CE8213FE {
   "frameTree": {
      "childFrames": [ {
         "frame": {
            "adFrameStatus": {
               "adFrameType": "none",
               "explanations": [  ]
            },
            "crossOriginIsolatedContextType": "NotIsolated",
            "domainAndRegistry": "",
            "gatedAPIFeatures": [  ],
            "id": "3890F6AD04D35CF5BE95C773ED57B9C5",
            "loaderId": "C25B6F66CDE8EE90110464A4620C0521",
            "mimeType": "text/html",
            "name": "",
            "parentId": "F2976C62E4DCE76891DD6D12CE8213FE",
            "secureContextType": "Secure",
            "securityOrigin": "://",
            "url": "about:blank"
         }
      }, {
         "frame": {
            "adFrameStatus": {
               "adFrameType": "none",
               "explanations": [  ]
            },
            "crossOriginIsolatedContextType": "NotIsolated",
            "domainAndRegistry": "",
            "gatedAPIFeatures": [  ],
            "id": "A4B93062EDE213F4A156D9C1B2BE2FF0",
            "loaderId": "247B497CF9EF70A43751A730016B6DF5",
            "mimeType": "text/html",
            "name": "_hjSafeContext_76188799",
            "parentId": "F2976C62E4DCE76891DD6D12CE8213FE",
            "secureContextType": "Secure",
            "securityOrigin": "://",
            "url": "about:blank"
         }
      } ],
      "frame": {
         "adFrameStatus": {
            "adFrameType": "none"
         },
         "crossOriginIsolatedContextType": "NotIsolated",
         "domainAndRegistry": "futurework.com.sa",
         "gatedAPIFeatures": [  ],
         "id": "F2976C62E4DCE76891DD6D12CE8213FE",
         "loaderId": "DC1A08DD8B41A591E3882FCE01EACE13",
         "mimeType": "text/html",
         "secureContextType": "Secure",
         "securityOrigin": "https://maas-uat.futurework.com.sa",
         "url": "https://maas-uat.futurework.com.sa/login"
      }
   }
}
[1741347429.665][DEBUG]: DevTools WebSocket Command: Runtime.callFunctionOn (id=272) (session_id=43A1723E6C1E73374116C0A93953C6AC) F2976C62E4DCE76891DD6D12CE8213FE {
   "arguments": [ {
      "objectId": "5920981833020314707.1.50"
   } ],
   "awaitPromise": true,
   "functionDeclaration": "function(){ return (function() { // Copyright 2012 The Chromium Authors\n// Use of this source code is governed by a BSD-style license that can be\n// found in the LICENSE file.\n\n/**\n * Enum for WebD...",
   "generateWebDriverValue": true,
   "objectGroup": "6e662912-1be5-4a5c-81d2-c3bfa1373bb5",
   "uniqueContextId": "-6942648794307042400.-7805452207504835363"
}
[1741347429.668][DEBUG]: DevTools WebSocket Response: Runtime.callFunctionOn (id=272) (session_id=43A1723E6C1E73374116C0A93953C6AC) F2976C62E4DCE76891DD6D12CE8213FE {
   "result": {
      "className": "Array",
      "description": "Array(1)",
      "objectId": "5920981833020314707.1.51",
      "subtype": "array",
      "type": "object",
      "webDriverValue": {
         "type": "array",
         "value": [ {
            "type": "string",
            "value": "{\"status\":0,\"value\":null}"
         } ]
      }
   }
}
[1741347429.668][DEBUG]: DevTools WebSocket Command: Runtime.releaseObjectGroup (id=273) (session_id=43A1723E6C1E73374116C0A93953C6AC) F2976C62E4DCE76891DD6D12CE8213FE {
   "objectGroup": "6e662912-1be5-4a5c-81d2-c3bfa1373bb5"
}
[1741347429.669][DEBUG]: DevTools WebSocket Command: Input.dispatchKeyEvent (id=274) (session_id=43A1723E6C1E73374116C0A93953C6AC) F2976C62E4DCE76891DD6D12CE8213FE {
   "code": "ShiftLeft",
   "key": "Shift",
   "modifiers": 0,
   "text": "",
   "type": "rawKeyDown",
   "unmodifiedText": "",
   "windowsVirtualKeyCode": 16
}
[1741347429.669][DEBUG]: DevTools WebSocket Command: Input.dispatchKeyEvent (id=275) (session_id=43A1723E6C1E73374116C0A93953C6AC) F2976C62E4DCE76891DD6D12CE8213FE {
   "code": "KeyS",
   "key": "S",
   "modifiers": 8,
   "text": "S",
   "type": "rawKeyDown",
   "unmodifiedText": "s",
   "windowsVirtualKeyCode": 83
}
[1741347429.670][DEBUG]: DevTools WebSocket Command: Input.dispatchKeyEvent (id=276) (session_id=43A1723E6C1E73374116C0A93953C6AC) F2976C62E4DCE76891DD6D12CE8213FE {
   "code": "KeyS",
   "key": "S",
   "modifiers": 8,
   "text": "S",
   "type": "char",
   "unmodifiedText": "s",
   "windowsVirtualKeyCode": 83
}
[1741347429.670][DEBUG]: DevTools WebSocket Command: Input.dispatchKeyEvent (id=277) (session_id=43A1723E6C1E73374116C0A93953C6AC) F2976C62E4DCE76891DD6D12CE8213FE {
   "code": "KeyS",
   "key": "S",
   "modifiers": 8,
   "text": "S",
   "type": "keyUp",
   "unmodifiedText": "s",
   "windowsVirtualKeyCode": 83
}
[1741347429.670][DEBUG]: DevTools WebSocket Command: Input.dispatchKeyEvent (id=278) (session_id=43A1723E6C1E73374116C0A93953C6AC) F2976C62E4DCE76891DD6D12CE8213FE {
   "code": "ShiftLeft",
   "key": "Shift",
   "modifiers": 0,
   "text": "",
   "type": "keyUp",
   "unmodifiedText": "",
   "windowsVirtualKeyCode": 16
}
[1741347429.671][DEBUG]: DevTools WebSocket Command: Input.dispatchKeyEvent (id=279) (session_id=43A1723E6C1E73374116C0A93953C6AC) F2976C62E4DCE76891DD6D12CE8213FE {
   "code": "KeyA",
   "key": "a",
   "modifiers": 0,
   "text": "a",
   "type": "rawKeyDown",
   "unmodifiedText": "a",
   "windowsVirtualKeyCode": 65
}
[1741347429.671][DEBUG]: DevTools WebSocket Command: Input.dispatchKeyEvent (id=280) (session_id=43A1723E6C1E73374116C0A93953C6AC) F2976C62E4DCE76891DD6D12CE8213FE {
   "code": "KeyA",
   "key": "a",
   "modifiers": 0,
   "text": "a",
   "type": "char",
   "unmodifiedText": "a",
   "windowsVirtualKeyCode": 65
}
[1741347429.671][DEBUG]: DevTools WebSocket Command: Input.dispatchKeyEvent (id=281) (session_id=43A1723E6C1E73374116C0A93953C6AC) F2976C62E4DCE76891DD6D12CE8213FE {
   "code": "KeyA",
   "key": "a",
   "modifiers": 0,
   "text": "a",
   "type": "keyUp",
   "unmodifiedText": "a",
   "windowsVirtualKeyCode": 65
}
[1741347429.672][DEBUG]: DevTools WebSocket Command: Input.dispatchKeyEvent (id=282) (session_id=43A1723E6C1E73374116C0A93953C6AC) F2976C62E4DCE76891DD6D12CE8213FE {
   "code": "KeyU",
   "key": "u",
   "modifiers": 0,
   "text": "u",
   "type": "rawKeyDown",
   "unmodifiedText": "u",
   "windowsVirtualKeyCode": 85
}
[1741347429.672][DEBUG]: DevTools WebSocket Command: Input.dispatchKeyEvent (id=283) (session_id=43A1723E6C1E73374116C0A93953C6AC) F2976C62E4DCE76891DD6D12CE8213FE {
   "code": "KeyU",
   "key": "u",
   "modifiers": 0,
   "text": "u",
   "type": "char",
   "unmodifiedText": "u",
   "windowsVirtualKeyCode": 85
}
[1741347429.672][DEBUG]: DevTools WebSocket Command: Input.dispatchKeyEvent (id=284) (session_id=43A1723E6C1E73374116C0A93953C6AC) F2976C62E4DCE76891DD6D12CE8213FE {
   "code": "KeyU",
   "key": "u",
   "modifiers": 0,
   "text": "u",
   "type": "keyUp",
   "unmodifiedText": "u",
   "windowsVirtualKeyCode": 85
}
[1741347429.672][DEBUG]: DevTools WebSocket Command: Input.dispatchKeyEvent (id=285) (session_id=43A1723E6C1E73374116C0A93953C6AC) F2976C62E4DCE76891DD6D12CE8213FE {
   "code": "KeyD",
   "key": "d",
   "modifiers": 0,
   "text": "d",
   "type": "rawKeyDown",
   "unmodifiedText": "d",
   "windowsVirtualKeyCode": 68
}
[1741347429.674][DEBUG]: DevTools WebSocket Command: Input.dispatchKeyEvent (id=286) (session_id=43A1723E6C1E73374116C0A93953C6AC) F2976C62E4DCE76891DD6D12CE8213FE {
   "code": "KeyD",
   "key": "d",
   "modifiers": 0,
   "text": "d",
   "type": "char",
   "unmodifiedText": "d",
   "windowsVirtualKeyCode": 68
}
[1741347429.675][DEBUG]: DevTools WebSocket Command: Input.dispatchKeyEvent (id=287) (session_id=43A1723E6C1E73374116C0A93953C6AC) F2976C62E4DCE76891DD6D12CE8213FE {
   "code": "KeyD",
   "key": "d",
   "modifiers": 0,
   "text": "d",
   "type": "keyUp",
   "unmodifiedText": "d",
   "windowsVirtualKeyCode": 68
}
[1741347429.677][DEBUG]: DevTools WebSocket Command: Input.dispatchKeyEvent (id=288) (session_id=43A1723E6C1E73374116C0A93953C6AC) F2976C62E4DCE76891DD6D12CE8213FE {
   "code": "KeyI",
   "key": "i",
   "modifiers": 0,
   "text": "i",
   "type": "rawKeyDown",
   "unmodifiedText": "i",
   "windowsVirtualKeyCode": 73
}
[1741347429.678][DEBUG]: DevTools WebSocket Command: Input.dispatchKeyEvent (id=289) (session_id=43A1723E6C1E73374116C0A93953C6AC) F2976C62E4DCE76891DD6D12CE8213FE {
   "code": "KeyI",
   "key": "i",
   "modifiers": 0,
   "text": "i",
   "type": "char",
   "unmodifiedText": "i",
   "windowsVirtualKeyCode": 73
}
[1741347429.678][DEBUG]: DevTools WebSocket Command: Input.dispatchKeyEvent (id=290) (session_id=43A1723E6C1E73374116C0A93953C6AC) F2976C62E4DCE76891DD6D12CE8213FE {
   "code": "KeyI",
   "key": "i",
   "modifiers": 0,
   "text": "i",
   "type": "keyUp",
   "unmodifiedText": "i",
   "windowsVirtualKeyCode": 73
}
[1741347429.678][DEBUG]: DevTools WebSocket Command: Input.dispatchKeyEvent (id=291) (session_id=43A1723E6C1E73374116C0A93953C6AC) F2976C62E4DCE76891DD6D12CE8213FE {
   "code": "KeyA",
   "key": "a",
   "modifiers": 0,
   "text": "a",
   "type": "rawKeyDown",
   "unmodifiedText": "a",
   "windowsVirtualKeyCode": 65
}
[1741347429.680][DEBUG]: DevTools WebSocket Command: Input.dispatchKeyEvent (id=292) (session_id=43A1723E6C1E73374116C0A93953C6AC) F2976C62E4DCE76891DD6D12CE8213FE {
   "code": "KeyA",
   "key": "a",
   "modifiers": 0,
   "text": "a",
   "type": "char",
   "unmodifiedText": "a",
   "windowsVirtualKeyCode": 65
}
[1741347429.683][DEBUG]: DevTools WebSocket Command: Input.dispatchKeyEvent (id=293) (session_id=43A1723E6C1E73374116C0A93953C6AC) F2976C62E4DCE76891DD6D12CE8213FE {
   "code": "KeyA",
   "key": "a",
   "modifiers": 0,
   "text": "a",
   "type": "keyUp",
   "unmodifiedText": "a",
   "windowsVirtualKeyCode": 65
}
[1741347429.685][DEBUG]: DevTools WebSocket Command: Input.dispatchKeyEvent (id=294) (session_id=43A1723E6C1E73374116C0A93953C6AC) F2976C62E4DCE76891DD6D12CE8213FE {
   "code": "ShiftLeft",
   "key": "Shift",
   "modifiers": 0,
   "text": "",
   "type": "rawKeyDown",
   "unmodifiedText": "",
   "windowsVirtualKeyCode": 16
}
[1741347429.685][DEBUG]: DevTools WebSocket Command: Input.dispatchKeyEvent (id=295) (session_id=43A1723E6C1E73374116C0A93953C6AC) F2976C62E4DCE76891DD6D12CE8213FE {
   "code": "Digit2",
   "key": "@",
   "modifiers": 8,
   "text": "@",
   "type": "rawKeyDown",
   "unmodifiedText": "2",
   "windowsVirtualKeyCode": 50
}
[1741347429.685][DEBUG]: DevTools WebSocket Command: Input.dispatchKeyEvent (id=296) (session_id=43A1723E6C1E73374116C0A93953C6AC) F2976C62E4DCE76891DD6D12CE8213FE {
   "code": "Digit2",
   "key": "@",
   "modifiers": 8,
   "text": "@",
   "type": "char",
   "unmodifiedText": "2",
   "windowsVirtualKeyCode": 50
}
[1741347429.685][DEBUG]: DevTools WebSocket Command: Input.dispatchKeyEvent (id=297) (session_id=43A1723E6C1E73374116C0A93953C6AC) F2976C62E4DCE76891DD6D12CE8213FE {
   "code": "Digit2",
   "key": "@",
   "modifiers": 8,
   "text": "@",
   "type": "keyUp",
   "unmodifiedText": "2",
   "windowsVirtualKeyCode": 50
}
[1741347429.686][DEBUG]: DevTools WebSocket Command: Input.dispatchKeyEvent (id=298) (session_id=43A1723E6C1E73374116C0A93953C6AC) F2976C62E4DCE76891DD6D12CE8213FE {
   "code": "ShiftLeft",
   "key": "Shift",
   "modifiers": 0,
   "text": "",
   "type": "keyUp",
   "unmodifiedText": "",
   "windowsVirtualKeyCode": 16
}
[1741347429.686][DEBUG]: DevTools WebSocket Command: Input.dispatchKeyEvent (id=299) (session_id=43A1723E6C1E73374116C0A93953C6AC) F2976C62E4DCE76891DD6D12CE8213FE {
   "code": "Digit1",
   "key": "1",
   "modifiers": 0,
   "text": "1",
   "type": "rawKeyDown",
   "unmodifiedText": "1",
   "windowsVirtualKeyCode": 49
}
[1741347429.686][DEBUG]: DevTools WebSocket Command: Input.dispatchKeyEvent (id=300) (session_id=43A1723E6C1E73374116C0A93953C6AC) F2976C62E4DCE76891DD6D12CE8213FE {
   "code": "Digit1",
   "key": "1",
   "modifiers": 0,
   "text": "1",
   "type": "char",
   "unmodifiedText": "1",
   "windowsVirtualKeyCode": 49
}
[1741347429.687][DEBUG]: DevTools WebSocket Command: Input.dispatchKeyEvent (id=301) (session_id=43A1723E6C1E73374116C0A93953C6AC) F2976C62E4DCE76891DD6D12CE8213FE {
   "code": "Digit1",
   "key": "1",
   "modifiers": 0,
   "text": "1",
   "type": "keyUp",
   "unmodifiedText": "1",
   "windowsVirtualKeyCode": 49
}
[1741347429.687][DEBUG]: DevTools WebSocket Response: Runtime.releaseObjectGroup (id=273) (session_id=43A1723E6C1E73374116C0A93953C6AC) F2976C62E4DCE76891DD6D12CE8213FE {
}
[1741347429.687][DEBUG]: DevTools WebSocket Response: Input.dispatchKeyEvent (id=274) (session_id=43A1723E6C1E73374116C0A93953C6AC) F2976C62E4DCE76891DD6D12CE8213FE {
}
[1741347429.687][DEBUG]: DevTools WebSocket Response: Input.dispatchKeyEvent (id=275) (session_id=43A1723E6C1E73374116C0A93953C6AC) F2976C62E4DCE76891DD6D12CE8213FE {
}
[1741347429.687][DEBUG]: DevTools WebSocket Response: Input.dispatchKeyEvent (id=276) (session_id=43A1723E6C1E73374116C0A93953C6AC) F2976C62E4DCE76891DD6D12CE8213FE {
}
[1741347429.687][DEBUG]: DevTools WebSocket Response: Input.dispatchKeyEvent (id=277) (session_id=43A1723E6C1E73374116C0A93953C6AC) F2976C62E4DCE76891DD6D12CE8213FE {
}
[1741347429.688][DEBUG]: DevTools WebSocket Response: Input.dispatchKeyEvent (id=278) (session_id=43A1723E6C1E73374116C0A93953C6AC) F2976C62E4DCE76891DD6D12CE8213FE {
}
[1741347429.688][DEBUG]: DevTools WebSocket Response: Input.dispatchKeyEvent (id=279) (session_id=43A1723E6C1E73374116C0A93953C6AC) F2976C62E4DCE76891DD6D12CE8213FE {
}
[1741347429.688][DEBUG]: DevTools WebSocket Response: Input.dispatchKeyEvent (id=280) (session_id=43A1723E6C1E73374116C0A93953C6AC) F2976C62E4DCE76891DD6D12CE8213FE {
}
[1741347429.688][DEBUG]: DevTools WebSocket Response: Input.dispatchKeyEvent (id=281) (session_id=43A1723E6C1E73374116C0A93953C6AC) F2976C62E4DCE76891DD6D12CE8213FE {
}
[1741347429.688][DEBUG]: DevTools WebSocket Response: Input.dispatchKeyEvent (id=282) (session_id=43A1723E6C1E73374116C0A93953C6AC) F2976C62E4DCE76891DD6D12CE8213FE {
}
[1741347429.688][DEBUG]: DevTools WebSocket Response: Input.dispatchKeyEvent (id=283) (session_id=43A1723E6C1E73374116C0A93953C6AC) F2976C62E4DCE76891DD6D12CE8213FE {
}
[1741347429.688][DEBUG]: DevTools WebSocket Response: Input.dispatchKeyEvent (id=284) (session_id=43A1723E6C1E73374116C0A93953C6AC) F2976C62E4DCE76891DD6D12CE8213FE {
}
[1741347429.688][DEBUG]: DevTools WebSocket Response: Input.dispatchKeyEvent (id=285) (session_id=43A1723E6C1E73374116C0A93953C6AC) F2976C62E4DCE76891DD6D12CE8213FE {
}
[1741347429.691][DEBUG]: DevTools WebSocket Response: Input.dispatchKeyEvent (id=286) (session_id=43A1723E6C1E73374116C0A93953C6AC) F2976C62E4DCE76891DD6D12CE8213FE {
}
[1741347429.692][DEBUG]: DevTools WebSocket Response: Input.dispatchKeyEvent (id=287) (session_id=43A1723E6C1E73374116C0A93953C6AC) F2976C62E4DCE76891DD6D12CE8213FE {
}
[1741347429.692][DEBUG]: DevTools WebSocket Response: Input.dispatchKeyEvent (id=288) (session_id=43A1723E6C1E73374116C0A93953C6AC) F2976C62E4DCE76891DD6D12CE8213FE {
}
[1741347429.695][DEBUG]: DevTools WebSocket Response: Input.dispatchKeyEvent (id=289) (session_id=43A1723E6C1E73374116C0A93953C6AC) F2976C62E4DCE76891DD6D12CE8213FE {
}
[1741347429.695][DEBUG]: DevTools WebSocket Response: Input.dispatchKeyEvent (id=290) (session_id=43A1723E6C1E73374116C0A93953C6AC) F2976C62E4DCE76891DD6D12CE8213FE {
}
[1741347429.695][DEBUG]: DevTools WebSocket Response: Input.dispatchKeyEvent (id=291) (session_id=43A1723E6C1E73374116C0A93953C6AC) F2976C62E4DCE76891DD6D12CE8213FE {
}
[1741347429.697][DEBUG]: DevTools WebSocket Response: Input.dispatchKeyEvent (id=292) (session_id=43A1723E6C1E73374116C0A93953C6AC) F2976C62E4DCE76891DD6D12CE8213FE {
}
[1741347429.697][DEBUG]: DevTools WebSocket Response: Input.dispatchKeyEvent (id=293) (session_id=43A1723E6C1E73374116C0A93953C6AC) F2976C62E4DCE76891DD6D12CE8213FE {
}
[1741347429.697][DEBUG]: DevTools WebSocket Response: Input.dispatchKeyEvent (id=294) (session_id=43A1723E6C1E73374116C0A93953C6AC) F2976C62E4DCE76891DD6D12CE8213FE {
}
[1741347429.697][DEBUG]: DevTools WebSocket Response: Input.dispatchKeyEvent (id=295) (session_id=43A1723E6C1E73374116C0A93953C6AC) F2976C62E4DCE76891DD6D12CE8213FE {
}
[1741347429.705][DEBUG]: DevTools WebSocket Response: Input.dispatchKeyEvent (id=296) (session_id=43A1723E6C1E73374116C0A93953C6AC) F2976C62E4DCE76891DD6D12CE8213FE {
}
[1741347429.705][DEBUG]: DevTools WebSocket Response: Input.dispatchKeyEvent (id=297) (session_id=43A1723E6C1E73374116C0A93953C6AC) F2976C62E4DCE76891DD6D12CE8213FE {
}
[1741347429.732][DEBUG]: DevTools WebSocket Response: Input.dispatchKeyEvent (id=298) (session_id=43A1723E6C1E73374116C0A93953C6AC) F2976C62E4DCE76891DD6D12CE8213FE {
}
[1741347429.732][DEBUG]: DevTools WebSocket Response: Input.dispatchKeyEvent (id=299) (session_id=43A1723E6C1E73374116C0A93953C6AC) F2976C62E4DCE76891DD6D12CE8213FE {
}
[1741347429.732][DEBUG]: DevTools WebSocket Response: Input.dispatchKeyEvent (id=300) (session_id=43A1723E6C1E73374116C0A93953C6AC) F2976C62E4DCE76891DD6D12CE8213FE {
}
[1741347429.732][DEBUG]: DevTools WebSocket Response: Input.dispatchKeyEvent (id=301) (session_id=43A1723E6C1E73374116C0A93953C6AC) F2976C62E4DCE76891DD6D12CE8213FE {
}
[1741347429.732][INFO]: Waiting for pending navigations...
[1741347429.732][DEBUG]: DevTools WebSocket Command: Runtime.evaluate (id=302) (session_id=43A1723E6C1E73374116C0A93953C6AC) F2976C62E4DCE76891DD6D12CE8213FE {
   "expression": "1"
}
[1741347429.734][DEBUG]: DevTools WebSocket Response: Runtime.evaluate (id=302) (session_id=43A1723E6C1E73374116C0A93953C6AC) F2976C62E4DCE76891DD6D12CE8213FE {
   "result": {
      "description": "1",
      "type": "number",
      "value": 1
   }
}
[1741347429.734][INFO]: Done waiting for pending navigations. Status: ok
[1741347429.734][INFO]: [c370eba2140c99957d9312d8f3895bcc] RESPONSE TypeElement
[1741347429.737][INFO]: [c370eba2140c99957d9312d8f3895bcc] COMMAND FindElement {
   "using": "xpath",
   "value": "//button[contains(@class, 'login--button')]"
}
[1741347429.737][INFO]: Waiting for pending navigations...
[1741347429.737][DEBUG]: DevTools WebSocket Command: Runtime.evaluate (id=303) (session_id=43A1723E6C1E73374116C0A93953C6AC) F2976C62E4DCE76891DD6D12CE8213FE {
   "expression": "1"
}
[1741347429.738][DEBUG]: DevTools WebSocket Response: Runtime.evaluate (id=303) (session_id=43A1723E6C1E73374116C0A93953C6AC) F2976C62E4DCE76891DD6D12CE8213FE {
   "result": {
      "description": "1",
      "type": "number",
      "value": 1
   }
}
[1741347429.738][INFO]: Done waiting for pending navigations. Status: ok
[1741347429.738][DEBUG]: DevTools WebSocket Command: Page.getFrameTree (id=304) (session_id=43A1723E6C1E73374116C0A93953C6AC) F2976C62E4DCE76891DD6D12CE8213FE {
}
[1741347429.739][DEBUG]: DevTools WebSocket Response: Page.getFrameTree (id=304) (session_id=43A1723E6C1E73374116C0A93953C6AC) F2976C62E4DCE76891DD6D12CE8213FE {
   "frameTree": {
      "childFrames": [ {
         "frame": {
            "adFrameStatus": {
               "adFrameType": "none",
               "explanations": [  ]
            },
            "crossOriginIsolatedContextType": "NotIsolated",
            "domainAndRegistry": "",
            "gatedAPIFeatures": [  ],
            "id": "3890F6AD04D35CF5BE95C773ED57B9C5",
            "loaderId": "C25B6F66CDE8EE90110464A4620C0521",
            "mimeType": "text/html",
            "name": "",
            "parentId": "F2976C62E4DCE76891DD6D12CE8213FE",
            "secureContextType": "Secure",
            "securityOrigin": "://",
            "url": "about:blank"
         }
      }, {
         "frame": {
            "adFrameStatus": {
               "adFrameType": "none",
               "explanations": [  ]
            },
            "crossOriginIsolatedContextType": "NotIsolated",
            "domainAndRegistry": "",
            "gatedAPIFeatures": [  ],
            "id": "A4B93062EDE213F4A156D9C1B2BE2FF0",
            "loaderId": "247B497CF9EF70A43751A730016B6DF5",
            "mimeType": "text/html",
            "name": "_hjSafeContext_76188799",
            "parentId": "F2976C62E4DCE76891DD6D12CE8213FE",
            "secureContextType": "Secure",
            "securityOrigin": "://",
            "url": "about:blank"
         }
      } ],
      "frame": {
         "adFrameStatus": {
            "adFrameType": "none"
         },
         "crossOriginIsolatedContextType": "NotIsolated",
         "domainAndRegistry": "futurework.com.sa",
         "gatedAPIFeatures": [  ],
         "id": "F2976C62E4DCE76891DD6D12CE8213FE",
         "loaderId": "DC1A08DD8B41A591E3882FCE01EACE13",
         "mimeType": "text/html",
         "secureContextType": "Secure",
         "securityOrigin": "https://maas-uat.futurework.com.sa",
         "url": "https://maas-uat.futurework.com.sa/login"
      }
   }
}
[1741347429.739][DEBUG]: DevTools WebSocket Command: Page.getFrameTree (id=305) (session_id=43A1723E6C1E73374116C0A93953C6AC) F2976C62E4DCE76891DD6D12CE8213FE {
}
[1741347429.740][DEBUG]: DevTools WebSocket Response: Page.getFrameTree (id=305) (session_id=43A1723E6C1E73374116C0A93953C6AC) F2976C62E4DCE76891DD6D12CE8213FE {
   "frameTree": {
      "childFrames": [ {
         "frame": {
            "adFrameStatus": {
               "adFrameType": "none",
               "explanations": [  ]
            },
            "crossOriginIsolatedContextType": "NotIsolated",
            "domainAndRegistry": "",
            "gatedAPIFeatures": [  ],
            "id": "3890F6AD04D35CF5BE95C773ED57B9C5",
            "loaderId": "C25B6F66CDE8EE90110464A4620C0521",
            "mimeType": "text/html",
            "name": "",
            "parentId": "F2976C62E4DCE76891DD6D12CE8213FE",
            "secureContextType": "Secure",
            "securityOrigin": "://",
            "url": "about:blank"
         }
      }, {
         "frame": {
            "adFrameStatus": {
               "adFrameType": "none",
               "explanations": [  ]
            },
            "crossOriginIsolatedContextType": "NotIsolated",
            "domainAndRegistry": "",
            "gatedAPIFeatures": [  ],
            "id": "A4B93062EDE213F4A156D9C1B2BE2FF0",
            "loaderId": "247B497CF9EF70A43751A730016B6DF5",
            "mimeType": "text/html",
            "name": "_hjSafeContext_76188799",
            "parentId": "F2976C62E4DCE76891DD6D12CE8213FE",
            "secureContextType": "Secure",
            "securityOrigin": "://",
            "url": "about:blank"
         }
      } ],
      "frame": {
         "adFrameStatus": {
            "adFrameType": "none"
         },
         "crossOriginIsolatedContextType": "NotIsolated",
         "domainAndRegistry": "futurework.com.sa",
         "gatedAPIFeatures": [  ],
         "id": "F2976C62E4DCE76891DD6D12CE8213FE",
         "loaderId": "DC1A08DD8B41A591E3882FCE01EACE13",
         "mimeType": "text/html",
         "secureContextType": "Secure",
         "securityOrigin": "https://maas-uat.futurework.com.sa",
         "url": "https://maas-uat.futurework.com.sa/login"
      }
   }
}
[1741347429.742][DEBUG]: DevTools WebSocket Command: Runtime.callFunctionOn (id=306) (session_id=43A1723E6C1E73374116C0A93953C6AC) F2976C62E4DCE76891DD6D12CE8213FE {
   "arguments": [  ],
   "awaitPromise": true,
   "functionDeclaration": "function(){ return (function() { // Copyright 2012 The Chromium Authors\n// Use of this source code is governed by a BSD-style license that can be\n// found in the LICENSE file.\n\n/**\n * Enum for WebD...",
   "generateWebDriverValue": true,
   "objectGroup": "4a81c85e-0cf8-431f-8541-29e92c028e86",
   "uniqueContextId": "-6942648794307042400.-7805452207504835363"
}
[1741347429.754][DEBUG]: DevTools WebSocket Response: Runtime.callFunctionOn (id=306) (session_id=43A1723E6C1E73374116C0A93953C6AC) F2976C62E4DCE76891DD6D12CE8213FE {
   "result": {
      "className": "Array",
      "description": "Array(2)",
      "objectId": "5920981833020314707.1.52",
      "subtype": "array",
      "type": "object",
      "webDriverValue": {
         "type": "array",
         "value": [ {
            "type": "string",
            "value": "{\"status\":0,\"value\":{\"element-6066-11e4-a52e-4f735466cecf\":0}}"
         }, {
            "type": "node",
            "value": {
               "attributes": {
                  "_ngcontent-ng-c1308541415": "",
                  "class": "login--button mattgreen-color-bg p-2 btn-round btn-block btn"
               },
               "backendNodeId": 42,
               "childNodeCount": 1,
               "localName": "button",
               "namespaceURI": "http://www.w3.org/1999/xhtml",
               "nodeType": 1
            }
         } ]
      }
   }
}
[1741347429.755][DEBUG]: DevTools WebSocket Command: Runtime.releaseObjectGroup (id=307) (session_id=43A1723E6C1E73374116C0A93953C6AC) F2976C62E4DCE76891DD6D12CE8213FE {
   "objectGroup": "4a81c85e-0cf8-431f-8541-29e92c028e86"
}
[1741347429.755][INFO]: Waiting for pending navigations...
[1741347429.755][DEBUG]: DevTools WebSocket Command: Runtime.evaluate (id=308) (session_id=43A1723E6C1E73374116C0A93953C6AC) F2976C62E4DCE76891DD6D12CE8213FE {
   "expression": "1"
}
[1741347429.755][DEBUG]: DevTools WebSocket Response: Runtime.releaseObjectGroup (id=307) (session_id=43A1723E6C1E73374116C0A93953C6AC) F2976C62E4DCE76891DD6D12CE8213FE {
}
[1741347429.755][DEBUG]: DevTools WebSocket Response: Runtime.evaluate (id=308) (session_id=43A1723E6C1E73374116C0A93953C6AC) F2976C62E4DCE76891DD6D12CE8213FE {
   "result": {
      "description": "1",
      "type": "number",
      "value": 1
   }
}
[1741347429.755][INFO]: Done waiting for pending navigations. Status: ok
[1741347429.755][INFO]: [c370eba2140c99957d9312d8f3895bcc] RESPONSE FindElement {
   "element-6066-11e4-a52e-4f735466cecf": "DC1A08DD8B41A591E3882FCE01EACE13_element_42"
}
[1741347429.760][INFO]: [c370eba2140c99957d9312d8f3895bcc] COMMAND ClickElement {
   "id": "DC1A08DD8B41A591E3882FCE01EACE13_element_42"
}
[1741347429.760][INFO]: Waiting for pending navigations...
[1741347429.760][DEBUG]: DevTools WebSocket Command: Runtime.evaluate (id=309) (session_id=43A1723E6C1E73374116C0A93953C6AC) F2976C62E4DCE76891DD6D12CE8213FE {
   "expression": "1"
}
[1741347429.761][DEBUG]: DevTools WebSocket Response: Runtime.evaluate (id=309) (session_id=43A1723E6C1E73374116C0A93953C6AC) F2976C62E4DCE76891DD6D12CE8213FE {
   "result": {
      "description": "1",
      "type": "number",
      "value": 1
   }
}
[1741347429.761][INFO]: Done waiting for pending navigations. Status: ok
[1741347429.761][DEBUG]: DevTools WebSocket Command: Page.getFrameTree (id=310) (session_id=43A1723E6C1E73374116C0A93953C6AC) F2976C62E4DCE76891DD6D12CE8213FE {
}
[1741347429.762][DEBUG]: DevTools WebSocket Response: Page.getFrameTree (id=310) (session_id=43A1723E6C1E73374116C0A93953C6AC) F2976C62E4DCE76891DD6D12CE8213FE {
   "frameTree": {
      "childFrames": [ {
         "frame": {
            "adFrameStatus": {
               "adFrameType": "none",
               "explanations": [  ]
            },
            "crossOriginIsolatedContextType": "NotIsolated",
            "domainAndRegistry": "",
            "gatedAPIFeatures": [  ],
            "id": "3890F6AD04D35CF5BE95C773ED57B9C5",
            "loaderId": "C25B6F66CDE8EE90110464A4620C0521",
            "mimeType": "text/html",
            "name": "",
            "parentId": "F2976C62E4DCE76891DD6D12CE8213FE",
            "secureContextType": "Secure",
            "securityOrigin": "://",
            "url": "about:blank"
         }
      }, {
         "frame": {
            "adFrameStatus": {
               "adFrameType": "none",
               "explanations": [  ]
            },
            "crossOriginIsolatedContextType": "NotIsolated",
            "domainAndRegistry": "",
            "gatedAPIFeatures": [  ],
            "id": "A4B93062EDE213F4A156D9C1B2BE2FF0",
            "loaderId": "247B497CF9EF70A43751A730016B6DF5",
            "mimeType": "text/html",
            "name": "_hjSafeContext_76188799",
            "parentId": "F2976C62E4DCE76891DD6D12CE8213FE",
            "secureContextType": "Secure",
            "securityOrigin": "://",
            "url": "about:blank"
         }
      } ],
      "frame": {
         "adFrameStatus": {
            "adFrameType": "none"
         },
         "crossOriginIsolatedContextType": "NotIsolated",
         "domainAndRegistry": "futurework.com.sa",
         "gatedAPIFeatures": [  ],
         "id": "F2976C62E4DCE76891DD6D12CE8213FE",
         "loaderId": "DC1A08DD8B41A591E3882FCE01EACE13",
         "mimeType": "text/html",
         "secureContextType": "Secure",
         "securityOrigin": "https://maas-uat.futurework.com.sa",
         "url": "https://maas-uat.futurework.com.sa/login"
      }
   }
}
[1741347429.762][DEBUG]: DevTools WebSocket Command: DOM.resolveNode (id=311) (session_id=43A1723E6C1E73374116C0A93953C6AC) F2976C62E4DCE76891DD6D12CE8213FE {
   "backendNodeId": 42,
   "objectGroup": "4be00105-5104-4c05-b402-8e32a4b90754"
}
[1741347429.763][DEBUG]: DevTools WebSocket Response: DOM.resolveNode (id=311) (session_id=43A1723E6C1E73374116C0A93953C6AC) F2976C62E4DCE76891DD6D12CE8213FE {
   "object": {
      "className": "HTMLButtonElement",
      "description": "button.login--button.mattgreen-color-bg.p-2.btn-round.btn-block.btn",
      "objectId": "5920981833020314707.1.53",
      "subtype": "node",
      "type": "object"
   }
}
[1741347429.763][DEBUG]: DevTools WebSocket Command: Page.getFrameTree (id=312) (session_id=43A1723E6C1E73374116C0A93953C6AC) F2976C62E4DCE76891DD6D12CE8213FE {
}
[1741347429.764][DEBUG]: DevTools WebSocket Response: Page.getFrameTree (id=312) (session_id=43A1723E6C1E73374116C0A93953C6AC) F2976C62E4DCE76891DD6D12CE8213FE {
   "frameTree": {
      "childFrames": [ {
         "frame": {
            "adFrameStatus": {
               "adFrameType": "none",
               "explanations": [  ]
            },
            "crossOriginIsolatedContextType": "NotIsolated",
            "domainAndRegistry": "",
            "gatedAPIFeatures": [  ],
            "id": "3890F6AD04D35CF5BE95C773ED57B9C5",
            "loaderId": "C25B6F66CDE8EE90110464A4620C0521",
            "mimeType": "text/html",
            "name": "",
            "parentId": "F2976C62E4DCE76891DD6D12CE8213FE",
            "secureContextType": "Secure",
            "securityOrigin": "://",
            "url": "about:blank"
         }
      }, {
         "frame": {
            "adFrameStatus": {
               "adFrameType": "none",
               "explanations": [  ]
            },
            "crossOriginIsolatedContextType": "NotIsolated",
            "domainAndRegistry": "",
            "gatedAPIFeatures": [  ],
            "id": "A4B93062EDE213F4A156D9C1B2BE2FF0",
            "loaderId": "247B497CF9EF70A43751A730016B6DF5",
            "mimeType": "text/html",
            "name": "_hjSafeContext_76188799",
            "parentId": "F2976C62E4DCE76891DD6D12CE8213FE",
            "secureContextType": "Secure",
            "securityOrigin": "://",
            "url": "about:blank"
         }
      } ],
      "frame": {
         "adFrameStatus": {
            "adFrameType": "none"
         },
         "crossOriginIsolatedContextType": "NotIsolated",
         "domainAndRegistry": "futurework.com.sa",
         "gatedAPIFeatures": [  ],
         "id": "F2976C62E4DCE76891DD6D12CE8213FE",
         "loaderId": "DC1A08DD8B41A591E3882FCE01EACE13",
         "mimeType": "text/html",
         "secureContextType": "Secure",
         "securityOrigin": "https://maas-uat.futurework.com.sa",
         "url": "https://maas-uat.futurework.com.sa/login"
      }
   }
}
[1741347429.764][DEBUG]: DevTools WebSocket Command: Runtime.callFunctionOn (id=313) (session_id=43A1723E6C1E73374116C0A93953C6AC) F2976C62E4DCE76891DD6D12CE8213FE {
   "arguments": [ {
      "objectId": "5920981833020314707.1.53"
   } ],
   "awaitPromise": true,
   "functionDeclaration": "function(){ return (function() { // Copyright 2012 The Chromium Authors\n// Use of this source code is governed by a BSD-style license that can be\n// found in the LICENSE file.\n\n/**\n * Enum for WebD...",
   "generateWebDriverValue": true,
   "objectGroup": "4be00105-5104-4c05-b402-8e32a4b90754",
   "uniqueContextId": "-6942648794307042400.-7805452207504835363"
}
[1741347429.766][DEBUG]: DevTools WebSocket Response: Runtime.callFunctionOn (id=313) (session_id=43A1723E6C1E73374116C0A93953C6AC) F2976C62E4DCE76891DD6D12CE8213FE {
   "result": {
      "className": "Array",
      "description": "Array(1)",
      "objectId": "5920981833020314707.1.54",
      "subtype": "array",
      "type": "object",
      "webDriverValue": {
         "type": "array",
         "value": [ {
            "type": "string",
            "value": "{\"status\":0,\"value\":\"button\"}"
         } ]
      }
   }
}
[1741347429.766][DEBUG]: DevTools WebSocket Command: Runtime.releaseObjectGroup (id=314) (session_id=43A1723E6C1E73374116C0A93953C6AC) F2976C62E4DCE76891DD6D12CE8213FE {
   "objectGroup": "4be00105-5104-4c05-b402-8e32a4b90754"
}
[1741347429.766][DEBUG]: DevTools WebSocket Command: Page.getFrameTree (id=315) (session_id=43A1723E6C1E73374116C0A93953C6AC) F2976C62E4DCE76891DD6D12CE8213FE {
}
[1741347429.767][DEBUG]: DevTools WebSocket Response: Runtime.releaseObjectGroup (id=314) (session_id=43A1723E6C1E73374116C0A93953C6AC) F2976C62E4DCE76891DD6D12CE8213FE {
}
[1741347429.768][DEBUG]: DevTools WebSocket Response: Page.getFrameTree (id=315) (session_id=43A1723E6C1E73374116C0A93953C6AC) F2976C62E4DCE76891DD6D12CE8213FE {
   "frameTree": {
      "childFrames": [ {
         "frame": {
            "adFrameStatus": {
               "adFrameType": "none",
               "explanations": [  ]
            },
            "crossOriginIsolatedContextType": "NotIsolated",
            "domainAndRegistry": "",
            "gatedAPIFeatures": [  ],
            "id": "3890F6AD04D35CF5BE95C773ED57B9C5",
            "loaderId": "C25B6F66CDE8EE90110464A4620C0521",
            "mimeType": "text/html",
            "name": "",
            "parentId": "F2976C62E4DCE76891DD6D12CE8213FE",
            "secureContextType": "Secure",
            "securityOrigin": "://",
            "url": "about:blank"
         }
      }, {
         "frame": {
            "adFrameStatus": {
               "adFrameType": "none",
               "explanations": [  ]
            },
            "crossOriginIsolatedContextType": "NotIsolated",
            "domainAndRegistry": "",
            "gatedAPIFeatures": [  ],
            "id": "A4B93062EDE213F4A156D9C1B2BE2FF0",
            "loaderId": "247B497CF9EF70A43751A730016B6DF5",
            "mimeType": "text/html",
            "name": "_hjSafeContext_76188799",
            "parentId": "F2976C62E4DCE76891DD6D12CE8213FE",
            "secureContextType": "Secure",
            "securityOrigin": "://",
            "url": "about:blank"
         }
      } ],
      "frame": {
         "adFrameStatus": {
            "adFrameType": "none"
         },
         "crossOriginIsolatedContextType": "NotIsolated",
         "domainAndRegistry": "futurework.com.sa",
         "gatedAPIFeatures": [  ],
         "id": "F2976C62E4DCE76891DD6D12CE8213FE",
         "loaderId": "DC1A08DD8B41A591E3882FCE01EACE13",
         "mimeType": "text/html",
         "secureContextType": "Secure",
         "securityOrigin": "https://maas-uat.futurework.com.sa",
         "url": "https://maas-uat.futurework.com.sa/login"
      }
   }
}
[1741347429.768][DEBUG]: DevTools WebSocket Command: DOM.resolveNode (id=316) (session_id=43A1723E6C1E73374116C0A93953C6AC) F2976C62E4DCE76891DD6D12CE8213FE {
   "backendNodeId": 42,
   "objectGroup": "2627d5ba-acde-4b26-899d-5fd3b08fe7c9"
}
[1741347429.768][DEBUG]: DevTools WebSocket Response: DOM.resolveNode (id=316) (session_id=43A1723E6C1E73374116C0A93953C6AC) F2976C62E4DCE76891DD6D12CE8213FE {
   "object": {
      "className": "HTMLButtonElement",
      "description": "button.login--button.mattgreen-color-bg.p-2.btn-round.btn-block.btn",
      "objectId": "5920981833020314707.1.55",
      "subtype": "node",
      "type": "object"
   }
}
[1741347429.768][DEBUG]: DevTools WebSocket Command: Page.getFrameTree (id=317) (session_id=43A1723E6C1E73374116C0A93953C6AC) F2976C62E4DCE76891DD6D12CE8213FE {
}
[1741347429.769][DEBUG]: DevTools WebSocket Response: Page.getFrameTree (id=317) (session_id=43A1723E6C1E73374116C0A93953C6AC) F2976C62E4DCE76891DD6D12CE8213FE {
   "frameTree": {
      "childFrames": [ {
         "frame": {
            "adFrameStatus": {
               "adFrameType": "none",
               "explanations": [  ]
            },
            "crossOriginIsolatedContextType": "NotIsolated",
            "domainAndRegistry": "",
            "gatedAPIFeatures": [  ],
            "id": "3890F6AD04D35CF5BE95C773ED57B9C5",
            "loaderId": "C25B6F66CDE8EE90110464A4620C0521",
            "mimeType": "text/html",
            "name": "",
            "parentId": "F2976C62E4DCE76891DD6D12CE8213FE",
            "secureContextType": "Secure",
            "securityOrigin": "://",
            "url": "about:blank"
         }
      }, {
         "frame": {
            "adFrameStatus": {
               "adFrameType": "none",
               "explanations": [  ]
            },
            "crossOriginIsolatedContextType": "NotIsolated",
            "domainAndRegistry": "",
            "gatedAPIFeatures": [  ],
            "id": "A4B93062EDE213F4A156D9C1B2BE2FF0",
            "loaderId": "247B497CF9EF70A43751A730016B6DF5",
            "mimeType": "text/html",
            "name": "_hjSafeContext_76188799",
            "parentId": "F2976C62E4DCE76891DD6D12CE8213FE",
            "secureContextType": "Secure",
            "securityOrigin": "://",
            "url": "about:blank"
         }
      } ],
      "frame": {
         "adFrameStatus": {
            "adFrameType": "none"
         },
         "crossOriginIsolatedContextType": "NotIsolated",
         "domainAndRegistry": "futurework.com.sa",
         "gatedAPIFeatures": [  ],
         "id": "F2976C62E4DCE76891DD6D12CE8213FE",
         "loaderId": "DC1A08DD8B41A591E3882FCE01EACE13",
         "mimeType": "text/html",
         "secureContextType": "Secure",
         "securityOrigin": "https://maas-uat.futurework.com.sa",
         "url": "https://maas-uat.futurework.com.sa/login"
      }
   }
}
[1741347429.801][DEBUG]: DevTools WebSocket Command: Runtime.callFunctionOn (id=318) (session_id=43A1723E6C1E73374116C0A93953C6AC) F2976C62E4DCE76891DD6D12CE8213FE {
   "arguments": [ {
      "objectId": "5920981833020314707.1.55"
   } ],
   "awaitPromise": true,
   "functionDeclaration": "function(){ return (function() { // Copyright 2012 The Chromium Authors\n// Use of this source code is governed by a BSD-style license that can be\n// found in the LICENSE file.\n\n/**\n * Enum for WebD...",
   "generateWebDriverValue": true,
   "objectGroup": "2627d5ba-acde-4b26-899d-5fd3b08fe7c9",
   "uniqueContextId": "-6942648794307042400.-7805452207504835363"
}
[1741347429.805][DEBUG]: DevTools WebSocket Response: Runtime.callFunctionOn (id=318) (session_id=43A1723E6C1E73374116C0A93953C6AC) F2976C62E4DCE76891DD6D12CE8213FE {
   "result": {
      "className": "Array",
      "description": "Array(1)",
      "objectId": "5920981833020314707.1.56",
      "subtype": "array",
      "type": "object",
      "webDriverValue": {
         "type": "array",
         "value": [ {
            "type": "string",
            "value": "{\"status\":0,\"value\":\"button\"}"
         } ]
      }
   }
}
[1741347429.805][DEBUG]: DevTools WebSocket Command: Runtime.releaseObjectGroup (id=319) (session_id=43A1723E6C1E73374116C0A93953C6AC) F2976C62E4DCE76891DD6D12CE8213FE {
   "objectGroup": "2627d5ba-acde-4b26-899d-5fd3b08fe7c9"
}
[1741347429.806][DEBUG]: DevTools WebSocket Command: Page.getFrameTree (id=320) (session_id=43A1723E6C1E73374116C0A93953C6AC) F2976C62E4DCE76891DD6D12CE8213FE {
}
[1741347429.807][DEBUG]: DevTools WebSocket Response: Runtime.releaseObjectGroup (id=319) (session_id=43A1723E6C1E73374116C0A93953C6AC) F2976C62E4DCE76891DD6D12CE8213FE {
}
[1741347429.810][DEBUG]: DevTools WebSocket Response: Page.getFrameTree (id=320) (session_id=43A1723E6C1E73374116C0A93953C6AC) F2976C62E4DCE76891DD6D12CE8213FE {
   "frameTree": {
      "childFrames": [ {
         "frame": {
            "adFrameStatus": {
               "adFrameType": "none",
               "explanations": [  ]
            },
            "crossOriginIsolatedContextType": "NotIsolated",
            "domainAndRegistry": "",
            "gatedAPIFeatures": [  ],
            "id": "3890F6AD04D35CF5BE95C773ED57B9C5",
            "loaderId": "C25B6F66CDE8EE90110464A4620C0521",
            "mimeType": "text/html",
            "name": "",
            "parentId": "F2976C62E4DCE76891DD6D12CE8213FE",
            "secureContextType": "Secure",
            "securityOrigin": "://",
            "url": "about:blank"
         }
      }, {
         "frame": {
            "adFrameStatus": {
               "adFrameType": "none",
               "explanations": [  ]
            },
            "crossOriginIsolatedContextType": "NotIsolated",
            "domainAndRegistry": "",
            "gatedAPIFeatures": [  ],
            "id": "A4B93062EDE213F4A156D9C1B2BE2FF0",
            "loaderId": "247B497CF9EF70A43751A730016B6DF5",
            "mimeType": "text/html",
            "name": "_hjSafeContext_76188799",
            "parentId": "F2976C62E4DCE76891DD6D12CE8213FE",
            "secureContextType": "Secure",
            "securityOrigin": "://",
            "url": "about:blank"
         }
      } ],
      "frame": {
         "adFrameStatus": {
            "adFrameType": "none"
         },
         "crossOriginIsolatedContextType": "NotIsolated",
         "domainAndRegistry": "futurework.com.sa",
         "gatedAPIFeatures": [  ],
         "id": "F2976C62E4DCE76891DD6D12CE8213FE",
         "loaderId": "DC1A08DD8B41A591E3882FCE01EACE13",
         "mimeType": "text/html",
         "secureContextType": "Secure",
         "securityOrigin": "https://maas-uat.futurework.com.sa",
         "url": "https://maas-uat.futurework.com.sa/login"
      }
   }
}
[1741347429.810][DEBUG]: DevTools WebSocket Command: DOM.resolveNode (id=321) (session_id=43A1723E6C1E73374116C0A93953C6AC) F2976C62E4DCE76891DD6D12CE8213FE {
   "backendNodeId": 42,
   "objectGroup": "a8fe0440-3346-4c88-840a-0ddb98df1f5b"
}
[1741347429.812][DEBUG]: DevTools WebSocket Response: DOM.resolveNode (id=321) (session_id=43A1723E6C1E73374116C0A93953C6AC) F2976C62E4DCE76891DD6D12CE8213FE {
   "object": {
      "className": "HTMLButtonElement",
      "description": "button.login--button.mattgreen-color-bg.p-2.btn-round.btn-block.btn",
      "objectId": "5920981833020314707.1.57",
      "subtype": "node",
      "type": "object"
   }
}
[1741347429.812][DEBUG]: DevTools WebSocket Command: Page.getFrameTree (id=322) (session_id=43A1723E6C1E73374116C0A93953C6AC) F2976C62E4DCE76891DD6D12CE8213FE {
}
[1741347429.814][DEBUG]: DevTools WebSocket Response: Page.getFrameTree (id=322) (session_id=43A1723E6C1E73374116C0A93953C6AC) F2976C62E4DCE76891DD6D12CE8213FE {
   "frameTree": {
      "childFrames": [ {
         "frame": {
            "adFrameStatus": {
               "adFrameType": "none",
               "explanations": [  ]
            },
            "crossOriginIsolatedContextType": "NotIsolated",
            "domainAndRegistry": "",
            "gatedAPIFeatures": [  ],
            "id": "3890F6AD04D35CF5BE95C773ED57B9C5",
            "loaderId": "C25B6F66CDE8EE90110464A4620C0521",
            "mimeType": "text/html",
            "name": "",
            "parentId": "F2976C62E4DCE76891DD6D12CE8213FE",
            "secureContextType": "Secure",
            "securityOrigin": "://",
            "url": "about:blank"
         }
      }, {
         "frame": {
            "adFrameStatus": {
               "adFrameType": "none",
               "explanations": [  ]
            },
            "crossOriginIsolatedContextType": "NotIsolated",
            "domainAndRegistry": "",
            "gatedAPIFeatures": [  ],
            "id": "A4B93062EDE213F4A156D9C1B2BE2FF0",
            "loaderId": "247B497CF9EF70A43751A730016B6DF5",
            "mimeType": "text/html",
            "name": "_hjSafeContext_76188799",
            "parentId": "F2976C62E4DCE76891DD6D12CE8213FE",
            "secureContextType": "Secure",
            "securityOrigin": "://",
            "url": "about:blank"
         }
      } ],
      "frame": {
         "adFrameStatus": {
            "adFrameType": "none"
         },
         "crossOriginIsolatedContextType": "NotIsolated",
         "domainAndRegistry": "futurework.com.sa",
         "gatedAPIFeatures": [  ],
         "id": "F2976C62E4DCE76891DD6D12CE8213FE",
         "loaderId": "DC1A08DD8B41A591E3882FCE01EACE13",
         "mimeType": "text/html",
         "secureContextType": "Secure",
         "securityOrigin": "https://maas-uat.futurework.com.sa",
         "url": "https://maas-uat.futurework.com.sa/login"
      }
   }
}
[1741347429.816][DEBUG]: DevTools WebSocket Command: Runtime.callFunctionOn (id=323) (session_id=43A1723E6C1E73374116C0A93953C6AC) F2976C62E4DCE76891DD6D12CE8213FE {
   "arguments": [ {
      "objectId": "5920981833020314707.1.57"
   } ],
   "awaitPromise": true,
   "functionDeclaration": "function(){ return (function() { // Copyright 2012 The Chromium Authors\n// Use of this source code is governed by a BSD-style license that can be\n// found in the LICENSE file.\n\n/**\n * Enum for WebD...",
   "generateWebDriverValue": true,
   "objectGroup": "a8fe0440-3346-4c88-840a-0ddb98df1f5b",
   "uniqueContextId": "-6942648794307042400.-7805452207504835363"
}
[1741347429.829][DEBUG]: DevTools WebSocket Response: Runtime.callFunctionOn (id=323) (session_id=43A1723E6C1E73374116C0A93953C6AC) F2976C62E4DCE76891DD6D12CE8213FE {
   "result": {
      "className": "Array",
      "description": "Array(1)",
      "objectId": "5920981833020314707.1.58",
      "subtype": "array",
      "type": "object",
      "webDriverValue": {
         "type": "array",
         "value": [ {
            "type": "string",
            "value": "{\"status\":0,\"value\":true}"
         } ]
      }
   }
}
[1741347429.829][DEBUG]: DevTools WebSocket Command: Runtime.releaseObjectGroup (id=324) (session_id=43A1723E6C1E73374116C0A93953C6AC) F2976C62E4DCE76891DD6D12CE8213FE {
   "objectGroup": "a8fe0440-3346-4c88-840a-0ddb98df1f5b"
}
[1741347429.831][DEBUG]: DevTools WebSocket Command: Page.getFrameTree (id=325) (session_id=43A1723E6C1E73374116C0A93953C6AC) F2976C62E4DCE76891DD6D12CE8213FE {
}
[1741347429.831][DEBUG]: DevTools WebSocket Response: Runtime.releaseObjectGroup (id=324) (session_id=43A1723E6C1E73374116C0A93953C6AC) F2976C62E4DCE76891DD6D12CE8213FE {
}
[1741347429.832][DEBUG]: DevTools WebSocket Response: Page.getFrameTree (id=325) (session_id=43A1723E6C1E73374116C0A93953C6AC) F2976C62E4DCE76891DD6D12CE8213FE {
   "frameTree": {
      "childFrames": [ {
         "frame": {
            "adFrameStatus": {
               "adFrameType": "none",
               "explanations": [  ]
            },
            "crossOriginIsolatedContextType": "NotIsolated",
            "domainAndRegistry": "",
            "gatedAPIFeatures": [  ],
            "id": "3890F6AD04D35CF5BE95C773ED57B9C5",
            "loaderId": "C25B6F66CDE8EE90110464A4620C0521",
            "mimeType": "text/html",
            "name": "",
            "parentId": "F2976C62E4DCE76891DD6D12CE8213FE",
            "secureContextType": "Secure",
            "securityOrigin": "://",
            "url": "about:blank"
         }
      }, {
         "frame": {
            "adFrameStatus": {
               "adFrameType": "none",
               "explanations": [  ]
            },
            "crossOriginIsolatedContextType": "NotIsolated",
            "domainAndRegistry": "",
            "gatedAPIFeatures": [  ],
            "id": "A4B93062EDE213F4A156D9C1B2BE2FF0",
            "loaderId": "247B497CF9EF70A43751A730016B6DF5",
            "mimeType": "text/html",
            "name": "_hjSafeContext_76188799",
            "parentId": "F2976C62E4DCE76891DD6D12CE8213FE",
            "secureContextType": "Secure",
            "securityOrigin": "://",
            "url": "about:blank"
         }
      } ],
      "frame": {
         "adFrameStatus": {
            "adFrameType": "none"
         },
         "crossOriginIsolatedContextType": "NotIsolated",
         "domainAndRegistry": "futurework.com.sa",
         "gatedAPIFeatures": [  ],
         "id": "F2976C62E4DCE76891DD6D12CE8213FE",
         "loaderId": "DC1A08DD8B41A591E3882FCE01EACE13",
         "mimeType": "text/html",
         "secureContextType": "Secure",
         "securityOrigin": "https://maas-uat.futurework.com.sa",
         "url": "https://maas-uat.futurework.com.sa/login"
      }
   }
}
[1741347429.832][DEBUG]: DevTools WebSocket Command: DOM.resolveNode (id=326) (session_id=43A1723E6C1E73374116C0A93953C6AC) F2976C62E4DCE76891DD6D12CE8213FE {
   "backendNodeId": 42,
   "objectGroup": "6528e499-1907-455f-890f-fc870ce7332c"
}
[1741347429.833][DEBUG]: DevTools WebSocket Response: DOM.resolveNode (id=326) (session_id=43A1723E6C1E73374116C0A93953C6AC) F2976C62E4DCE76891DD6D12CE8213FE {
   "object": {
      "className": "HTMLButtonElement",
      "description": "button.login--button.mattgreen-color-bg.p-2.btn-round.btn-block.btn",
      "objectId": "5920981833020314707.1.59",
      "subtype": "node",
      "type": "object"
   }
}
[1741347429.833][DEBUG]: DevTools WebSocket Command: Page.getFrameTree (id=327) (session_id=43A1723E6C1E73374116C0A93953C6AC) F2976C62E4DCE76891DD6D12CE8213FE {
}
[1741347429.834][DEBUG]: DevTools WebSocket Response: Page.getFrameTree (id=327) (session_id=43A1723E6C1E73374116C0A93953C6AC) F2976C62E4DCE76891DD6D12CE8213FE {
   "frameTree": {
      "childFrames": [ {
         "frame": {
            "adFrameStatus": {
               "adFrameType": "none",
               "explanations": [  ]
            },
            "crossOriginIsolatedContextType": "NotIsolated",
            "domainAndRegistry": "",
            "gatedAPIFeatures": [  ],
            "id": "3890F6AD04D35CF5BE95C773ED57B9C5",
            "loaderId": "C25B6F66CDE8EE90110464A4620C0521",
            "mimeType": "text/html",
            "name": "",
            "parentId": "F2976C62E4DCE76891DD6D12CE8213FE",
            "secureContextType": "Secure",
            "securityOrigin": "://",
            "url": "about:blank"
         }
      }, {
         "frame": {
            "adFrameStatus": {
               "adFrameType": "none",
               "explanations": [  ]
            },
            "crossOriginIsolatedContextType": "NotIsolated",
            "domainAndRegistry": "",
            "gatedAPIFeatures": [  ],
            "id": "A4B93062EDE213F4A156D9C1B2BE2FF0",
            "loaderId": "247B497CF9EF70A43751A730016B6DF5",
            "mimeType": "text/html",
            "name": "_hjSafeContext_76188799",
            "parentId": "F2976C62E4DCE76891DD6D12CE8213FE",
            "secureContextType": "Secure",
            "securityOrigin": "://",
            "url": "about:blank"
         }
      } ],
      "frame": {
         "adFrameStatus": {
            "adFrameType": "none"
         },
         "crossOriginIsolatedContextType": "NotIsolated",
         "domainAndRegistry": "futurework.com.sa",
         "gatedAPIFeatures": [  ],
         "id": "F2976C62E4DCE76891DD6D12CE8213FE",
         "loaderId": "DC1A08DD8B41A591E3882FCE01EACE13",
         "mimeType": "text/html",
         "secureContextType": "Secure",
         "securityOrigin": "https://maas-uat.futurework.com.sa",
         "url": "https://maas-uat.futurework.com.sa/login"
      }
   }
}
[1741347429.835][DEBUG]: DevTools WebSocket Command: Runtime.callFunctionOn (id=328) (session_id=43A1723E6C1E73374116C0A93953C6AC) F2976C62E4DCE76891DD6D12CE8213FE {
   "arguments": [ {
      "objectId": "5920981833020314707.1.59"
   } ],
   "awaitPromise": true,
   "functionDeclaration": "function(){ return (function() { // Copyright 2012 The Chromium Authors\n// Use of this source code is governed by a BSD-style license that can be\n// found in the LICENSE file.\n\n/**\n * Enum for WebD...",
   "generateWebDriverValue": true,
   "objectGroup": "6528e499-1907-455f-890f-fc870ce7332c",
   "uniqueContextId": "-6942648794307042400.-7805452207504835363"
}
[1741347429.838][DEBUG]: DevTools WebSocket Response: Runtime.callFunctionOn (id=328) (session_id=43A1723E6C1E73374116C0A93953C6AC) F2976C62E4DCE76891DD6D12CE8213FE {
   "result": {
      "className": "Array",
      "description": "Array(1)",
      "objectId": "5920981833020314707.1.60",
      "subtype": "array",
      "type": "object",
      "webDriverValue": {
         "type": "array",
         "value": [ {
            "type": "string",
            "value": "{\"status\":0,\"value\":{\"left\":0,\"top\":0,\"height\":50,\"width\":350}}"
         } ]
      }
   }
}
[1741347429.838][DEBUG]: DevTools WebSocket Command: Runtime.releaseObjectGroup (id=329) (session_id=43A1723E6C1E73374116C0A93953C6AC) F2976C62E4DCE76891DD6D12CE8213FE {
   "objectGroup": "6528e499-1907-455f-890f-fc870ce7332c"
}
[1741347429.838][DEBUG]: DevTools WebSocket Command: Page.getFrameTree (id=330) (session_id=43A1723E6C1E73374116C0A93953C6AC) F2976C62E4DCE76891DD6D12CE8213FE {
}
[1741347429.839][DEBUG]: DevTools WebSocket Response: Runtime.releaseObjectGroup (id=329) (session_id=43A1723E6C1E73374116C0A93953C6AC) F2976C62E4DCE76891DD6D12CE8213FE {
}
[1741347429.841][DEBUG]: DevTools WebSocket Response: Page.getFrameTree (id=330) (session_id=43A1723E6C1E73374116C0A93953C6AC) F2976C62E4DCE76891DD6D12CE8213FE {
   "frameTree": {
      "childFrames": [ {
         "frame": {
            "adFrameStatus": {
               "adFrameType": "none",
               "explanations": [  ]
            },
            "crossOriginIsolatedContextType": "NotIsolated",
            "domainAndRegistry": "",
            "gatedAPIFeatures": [  ],
            "id": "3890F6AD04D35CF5BE95C773ED57B9C5",
            "loaderId": "C25B6F66CDE8EE90110464A4620C0521",
            "mimeType": "text/html",
            "name": "",
            "parentId": "F2976C62E4DCE76891DD6D12CE8213FE",
            "secureContextType": "Secure",
            "securityOrigin": "://",
            "url": "about:blank"
         }
      }, {
         "frame": {
            "adFrameStatus": {
               "adFrameType": "none",
               "explanations": [  ]
            },
            "crossOriginIsolatedContextType": "NotIsolated",
            "domainAndRegistry": "",
            "gatedAPIFeatures": [  ],
            "id": "A4B93062EDE213F4A156D9C1B2BE2FF0",
            "loaderId": "247B497CF9EF70A43751A730016B6DF5",
            "mimeType": "text/html",
            "name": "_hjSafeContext_76188799",
            "parentId": "F2976C62E4DCE76891DD6D12CE8213FE",
            "secureContextType": "Secure",
            "securityOrigin": "://",
            "url": "about:blank"
         }
      } ],
      "frame": {
         "adFrameStatus": {
            "adFrameType": "none"
         },
         "crossOriginIsolatedContextType": "NotIsolated",
         "domainAndRegistry": "futurework.com.sa",
         "gatedAPIFeatures": [  ],
         "id": "F2976C62E4DCE76891DD6D12CE8213FE",
         "loaderId": "DC1A08DD8B41A591E3882FCE01EACE13",
         "mimeType": "text/html",
         "secureContextType": "Secure",
         "securityOrigin": "https://maas-uat.futurework.com.sa",
         "url": "https://maas-uat.futurework.com.sa/login"
      }
   }
}
[1741347429.886][DEBUG]: DevTools WebSocket Command: DOM.resolveNode (id=331) (session_id=43A1723E6C1E73374116C0A93953C6AC) F2976C62E4DCE76891DD6D12CE8213FE {
   "backendNodeId": 42,
   "objectGroup": "034f1ada-564b-4c99-b944-25f2778501f6"
}
[1741347429.899][DEBUG]: DevTools WebSocket Response: DOM.resolveNode (id=331) (session_id=43A1723E6C1E73374116C0A93953C6AC) F2976C62E4DCE76891DD6D12CE8213FE {
   "object": {
      "className": "HTMLButtonElement",
      "description": "button.login--button.mattgreen-color-bg.p-2.btn-round.btn-block.btn",
      "objectId": "5920981833020314707.1.61",
      "subtype": "node",
      "type": "object"
   }
}
[1741347429.900][DEBUG]: DevTools WebSocket Command: Page.getFrameTree (id=332) (session_id=43A1723E6C1E73374116C0A93953C6AC) F2976C62E4DCE76891DD6D12CE8213FE {
}
[1741347429.905][DEBUG]: DevTools WebSocket Response: Page.getFrameTree (id=332) (session_id=43A1723E6C1E73374116C0A93953C6AC) F2976C62E4DCE76891DD6D12CE8213FE {
   "frameTree": {
      "childFrames": [ {
         "frame": {
            "adFrameStatus": {
               "adFrameType": "none",
               "explanations": [  ]
            },
            "crossOriginIsolatedContextType": "NotIsolated",
            "domainAndRegistry": "",
            "gatedAPIFeatures": [  ],
            "id": "3890F6AD04D35CF5BE95C773ED57B9C5",
            "loaderId": "C25B6F66CDE8EE90110464A4620C0521",
            "mimeType": "text/html",
            "name": "",
            "parentId": "F2976C62E4DCE76891DD6D12CE8213FE",
            "secureContextType": "Secure",
            "securityOrigin": "://",
            "url": "about:blank"
         }
      }, {
         "frame": {
            "adFrameStatus": {
               "adFrameType": "none",
               "explanations": [  ]
            },
            "crossOriginIsolatedContextType": "NotIsolated",
            "domainAndRegistry": "",
            "gatedAPIFeatures": [  ],
            "id": "A4B93062EDE213F4A156D9C1B2BE2FF0",
            "loaderId": "247B497CF9EF70A43751A730016B6DF5",
            "mimeType": "text/html",
            "name": "_hjSafeContext_76188799",
            "parentId": "F2976C62E4DCE76891DD6D12CE8213FE",
            "secureContextType": "Secure",
            "securityOrigin": "://",
            "url": "about:blank"
         }
      } ],
      "frame": {
         "adFrameStatus": {
            "adFrameType": "none"
         },
         "crossOriginIsolatedContextType": "NotIsolated",
         "domainAndRegistry": "futurework.com.sa",
         "gatedAPIFeatures": [  ],
         "id": "F2976C62E4DCE76891DD6D12CE8213FE",
         "loaderId": "DC1A08DD8B41A591E3882FCE01EACE13",
         "mimeType": "text/html",
         "secureContextType": "Secure",
         "securityOrigin": "https://maas-uat.futurework.com.sa",
         "url": "https://maas-uat.futurework.com.sa/login"
      }
   }
}
[1741347429.907][DEBUG]: DevTools WebSocket Command: Runtime.callFunctionOn (id=333) (session_id=43A1723E6C1E73374116C0A93953C6AC) F2976C62E4DCE76891DD6D12CE8213FE {
   "arguments": [ {
      "objectId": "5920981833020314707.1.61"
   } ],
   "awaitPromise": true,
   "functionDeclaration": "function(){ return (function() { // Copyright 2012 The Chromium Authors\n// Use of this source code is governed by a BSD-style license that can be\n// found in the LICENSE file.\n\n/**\n * Enum for WebD...",
   "generateWebDriverValue": true,
   "objectGroup": "034f1ada-564b-4c99-b944-25f2778501f6",
   "uniqueContextId": "-6942648794307042400.-7805452207504835363"
}
[1741347429.920][DEBUG]: DevTools WebSocket Response: Runtime.callFunctionOn (id=333) (session_id=43A1723E6C1E73374116C0A93953C6AC) F2976C62E4DCE76891DD6D12CE8213FE {
   "result": {
      "className": "Array",
      "description": "Array(1)",
      "objectId": "5920981833020314707.1.62",
      "subtype": "array",
      "type": "object",
      "webDriverValue": {
         "type": "array",
         "value": [ {
            "type": "string",
            "value": "{\"status\":0,\"value\":{\"x\":584.5875244140625,\"y\":596.6000366210938,\"clone\":{},\"ceil\":{},\"floor\":{},\"round\":{},\"translate\":{},\"scale\":{}}}"
         } ]
      }
   }
}
[1741347429.920][DEBUG]: DevTools WebSocket Command: Runtime.releaseObjectGroup (id=334) (session_id=43A1723E6C1E73374116C0A93953C6AC) F2976C62E4DCE76891DD6D12CE8213FE {
   "objectGroup": "034f1ada-564b-4c99-b944-25f2778501f6"
}
[1741347429.921][DEBUG]: DevTools WebSocket Command: Page.getFrameTree (id=335) (session_id=43A1723E6C1E73374116C0A93953C6AC) F2976C62E4DCE76891DD6D12CE8213FE {
}
[1741347429.921][DEBUG]: DevTools WebSocket Response: Runtime.releaseObjectGroup (id=334) (session_id=43A1723E6C1E73374116C0A93953C6AC) F2976C62E4DCE76891DD6D12CE8213FE {
}
[1741347429.931][DEBUG]: DevTools WebSocket Response: Page.getFrameTree (id=335) (session_id=43A1723E6C1E73374116C0A93953C6AC) F2976C62E4DCE76891DD6D12CE8213FE {
   "frameTree": {
      "childFrames": [ {
         "frame": {
            "adFrameStatus": {
               "adFrameType": "none",
               "explanations": [  ]
            },
            "crossOriginIsolatedContextType": "NotIsolated",
            "domainAndRegistry": "",
            "gatedAPIFeatures": [  ],
            "id": "3890F6AD04D35CF5BE95C773ED57B9C5",
            "loaderId": "C25B6F66CDE8EE90110464A4620C0521",
            "mimeType": "text/html",
            "name": "",
            "parentId": "F2976C62E4DCE76891DD6D12CE8213FE",
            "secureContextType": "Secure",
            "securityOrigin": "://",
            "url": "about:blank"
         }
      }, {
         "frame": {
            "adFrameStatus": {
               "adFrameType": "none",
               "explanations": [  ]
            },
            "crossOriginIsolatedContextType": "NotIsolated",
            "domainAndRegistry": "",
            "gatedAPIFeatures": [  ],
            "id": "A4B93062EDE213F4A156D9C1B2BE2FF0",
            "loaderId": "247B497CF9EF70A43751A730016B6DF5",
            "mimeType": "text/html",
            "name": "_hjSafeContext_76188799",
            "parentId": "F2976C62E4DCE76891DD6D12CE8213FE",
            "secureContextType": "Secure",
            "securityOrigin": "://",
            "url": "about:blank"
         }
      } ],
      "frame": {
         "adFrameStatus": {
            "adFrameType": "none"
         },
         "crossOriginIsolatedContextType": "NotIsolated",
         "domainAndRegistry": "futurework.com.sa",
         "gatedAPIFeatures": [  ],
         "id": "F2976C62E4DCE76891DD6D12CE8213FE",
         "loaderId": "DC1A08DD8B41A591E3882FCE01EACE13",
         "mimeType": "text/html",
         "secureContextType": "Secure",
         "securityOrigin": "https://maas-uat.futurework.com.sa",
         "url": "https://maas-uat.futurework.com.sa/login"
      }
   }
}
[1741347429.931][DEBUG]: DevTools WebSocket Command: DOM.resolveNode (id=336) (session_id=43A1723E6C1E73374116C0A93953C6AC) F2976C62E4DCE76891DD6D12CE8213FE {
   "backendNodeId": 42,
   "objectGroup": "9debc280-3743-4f6b-b1cc-14b80ea43f74"
}
[1741347429.938][DEBUG]: DevTools WebSocket Response: DOM.resolveNode (id=336) (session_id=43A1723E6C1E73374116C0A93953C6AC) F2976C62E4DCE76891DD6D12CE8213FE {
   "object": {
      "className": "HTMLButtonElement",
      "description": "button.login--button.mattgreen-color-bg.p-2.btn-round.btn-block.btn",
      "objectId": "5920981833020314707.1.63",
      "subtype": "node",
      "type": "object"
   }
}
[1741347429.938][DEBUG]: DevTools WebSocket Command: Page.getFrameTree (id=337) (session_id=43A1723E6C1E73374116C0A93953C6AC) F2976C62E4DCE76891DD6D12CE8213FE {
}
[1741347429.939][DEBUG]: DevTools WebSocket Response: Page.getFrameTree (id=337) (session_id=43A1723E6C1E73374116C0A93953C6AC) F2976C62E4DCE76891DD6D12CE8213FE {
   "frameTree": {
      "childFrames": [ {
         "frame": {
            "adFrameStatus": {
               "adFrameType": "none",
               "explanations": [  ]
            },
            "crossOriginIsolatedContextType": "NotIsolated",
            "domainAndRegistry": "",
            "gatedAPIFeatures": [  ],
            "id": "3890F6AD04D35CF5BE95C773ED57B9C5",
            "loaderId": "C25B6F66CDE8EE90110464A4620C0521",
            "mimeType": "text/html",
            "name": "",
            "parentId": "F2976C62E4DCE76891DD6D12CE8213FE",
            "secureContextType": "Secure",
            "securityOrigin": "://",
            "url": "about:blank"
         }
      }, {
         "frame": {
            "adFrameStatus": {
               "adFrameType": "none",
               "explanations": [  ]
            },
            "crossOriginIsolatedContextType": "NotIsolated",
            "domainAndRegistry": "",
            "gatedAPIFeatures": [  ],
            "id": "A4B93062EDE213F4A156D9C1B2BE2FF0",
            "loaderId": "247B497CF9EF70A43751A730016B6DF5",
            "mimeType": "text/html",
            "name": "_hjSafeContext_76188799",
            "parentId": "F2976C62E4DCE76891DD6D12CE8213FE",
            "secureContextType": "Secure",
            "securityOrigin": "://",
            "url": "about:blank"
         }
      } ],
      "frame": {
         "adFrameStatus": {
            "adFrameType": "none"
         },
         "crossOriginIsolatedContextType": "NotIsolated",
         "domainAndRegistry": "futurework.com.sa",
         "gatedAPIFeatures": [  ],
         "id": "F2976C62E4DCE76891DD6D12CE8213FE",
         "loaderId": "DC1A08DD8B41A591E3882FCE01EACE13",
         "mimeType": "text/html",
         "secureContextType": "Secure",
         "securityOrigin": "https://maas-uat.futurework.com.sa",
         "url": "https://maas-uat.futurework.com.sa/login"
      }
   }
}
[1741347429.940][DEBUG]: DevTools WebSocket Command: Runtime.callFunctionOn (id=338) (session_id=43A1723E6C1E73374116C0A93953C6AC) F2976C62E4DCE76891DD6D12CE8213FE {
   "arguments": [ {
      "objectId": "5920981833020314707.1.63"
   } ],
   "awaitPromise": true,
   "functionDeclaration": "function(){ return (function() { // Copyright 2012 The Chromium Authors\n// Use of this source code is governed by a BSD-style license that can be\n// found in the LICENSE file.\n\n/**\n * Enum for WebD...",
   "generateWebDriverValue": true,
   "objectGroup": "9debc280-3743-4f6b-b1cc-14b80ea43f74",
   "uniqueContextId": "-6942648794307042400.-7805452207504835363"
}
[1741347429.952][DEBUG]: DevTools WebSocket Response: Runtime.callFunctionOn (id=338) (session_id=43A1723E6C1E73374116C0A93953C6AC) F2976C62E4DCE76891DD6D12CE8213FE {
   "result": {
      "className": "Array",
      "description": "Array(1)",
      "objectId": "5920981833020314707.1.64",
      "subtype": "array",
      "type": "object",
      "webDriverValue": {
         "type": "array",
         "value": [ {
            "type": "string",
            "value": "{\"status\":0,\"value\":{\"clickable\":true}}"
         } ]
      }
   }
}
[1741347429.953][DEBUG]: DevTools WebSocket Command: Runtime.releaseObjectGroup (id=339) (session_id=43A1723E6C1E73374116C0A93953C6AC) F2976C62E4DCE76891DD6D12CE8213FE {
   "objectGroup": "9debc280-3743-4f6b-b1cc-14b80ea43f74"
}
[1741347429.954][DEBUG]: DevTools WebSocket Command: Input.dispatchMouseEvent (id=340) (session_id=43A1723E6C1E73374116C0A93953C6AC) F2976C62E4DCE76891DD6D12CE8213FE {
   "button": "none",
   "buttons": 0,
   "clickCount": 0,
   "force": 0.0,
   "modifiers": 0,
   "pointerType": "mouse",
   "tangentialPressure": 0.0,
   "tiltX": 0,
   "tiltY": 0,
   "twist": 0,
   "type": "mouseMoved",
   "x": 759,
   "y": 621
}
[1741347429.955][DEBUG]: DevTools WebSocket Command: Input.dispatchMouseEvent (id=341) (session_id=43A1723E6C1E73374116C0A93953C6AC) F2976C62E4DCE76891DD6D12CE8213FE {
   "button": "left",
   "buttons": 0,
   "clickCount": 1,
   "force": 0.0,
   "modifiers": 0,
   "pointerType": "mouse",
   "tangentialPressure": 0.0,
   "tiltX": 0,
   "tiltY": 0,
   "twist": 0,
   "type": "mousePressed",
   "x": 759,
   "y": 621
}
[1741347429.956][DEBUG]: DevTools WebSocket Command: Input.dispatchMouseEvent (id=342) (session_id=43A1723E6C1E73374116C0A93953C6AC) F2976C62E4DCE76891DD6D12CE8213FE {
   "button": "left",
   "buttons": 1,
   "clickCount": 1,
   "force": 0.0,
   "modifiers": 0,
   "pointerType": "mouse",
   "tangentialPressure": 0.0,
   "tiltX": 0,
   "tiltY": 0,
   "twist": 0,
   "type": "mouseReleased",
   "x": 759,
   "y": 621
}
[1741347429.964][DEBUG]: DevTools WebSocket Response: Runtime.releaseObjectGroup (id=339) (session_id=43A1723E6C1E73374116C0A93953C6AC) F2976C62E4DCE76891DD6D12CE8213FE {
}
[1741347429.964][DEBUG]: DevTools WebSocket Response: Input.dispatchMouseEvent (id=340) (session_id=43A1723E6C1E73374116C0A93953C6AC) F2976C62E4DCE76891DD6D12CE8213FE {
}
[1741347429.970][DEBUG]: DevTools WebSocket Response: Input.dispatchMouseEvent (id=341) (session_id=43A1723E6C1E73374116C0A93953C6AC) F2976C62E4DCE76891DD6D12CE8213FE {
}
[1741347429.994][DEBUG]: DevTools WebSocket Response: Input.dispatchMouseEvent (id=342) (session_id=43A1723E6C1E73374116C0A93953C6AC) F2976C62E4DCE76891DD6D12CE8213FE {
}
[1741347429.994][INFO]: Waiting for pending navigations...
[1741347429.994][DEBUG]: DevTools WebSocket Command: Runtime.evaluate (id=343) (session_id=43A1723E6C1E73374116C0A93953C6AC) F2976C62E4DCE76891DD6D12CE8213FE {
   "expression": "1"
}
[1741347430.001][DEBUG]: DevTools WebSocket Response: Runtime.evaluate (id=343) (session_id=43A1723E6C1E73374116C0A93953C6AC) F2976C62E4DCE76891DD6D12CE8213FE {
   "result": {
      "description": "1",
      "type": "number",
      "value": 1
   }
}
[1741347430.001][INFO]: Done waiting for pending navigations. Status: ok
[1741347430.001][INFO]: [c370eba2140c99957d9312d8f3895bcc] RESPONSE ClickElement
]]></system-err>
  </testcase>
</testsuite>