<?xml version="1.0" encoding="UTF-8"?>
<!-- Generated by org.testng.reporters.JUnitReportReporter -->
<testsuite hostname="DESKTOP-UELT5HV" failures="0" tests="1" name="TestCases.FillRegistrationTestClass" time="35.445" errors="0" timestamp="2020-10-29T20:20:28 PKT" skipped="0">
  <testcase classname="TestCases.FillRegistrationTestClass" name="testWebRegistrationSurvey" time="35.445"/>
  <system-out>
Vendor Created Successfully! Test Case 8 Passed Successfully.  </system-out>
</testsuite> <!-- TestCases.FillRegistrationTestClass -->
