<?xml version="1.0" encoding="UTF-8"?>
<!-- Generated by org.testng.reporters.JUnitReportReporter -->
<testsuite hostname="DESKTOP-UELT5HV" failures="0" tests="7" name="TestCases.FirstTest" time="113.912" errors="0" timestamp="2020-10-18T16:37:28 PKT" skipped="0">
  <testcase classname="TestCases.FirstTest" name="createProgramAndPhase" time="36.839"/>
  <system-out>
Program Created Successfully! Phase Created Successfully! Test Case 1 Passed Successfully.  </system-out>
  <testcase classname="TestCases.FirstTest" name="createRegistrationStep" time="11.497"/>
  <system-out>
Registration Step Created Successfully with all its configuration settings! Test Case 2 Passed Successfully.  </system-out>
  <testcase classname="TestCases.FirstTest" name="ReviewRegistration" time="13.640"/>
  <system-out>
Review Registration Step Created Successfully with all relevant configurations! Test Case 3 Passed Successfully.  </system-out>
  <testcase classname="TestCases.FirstTest" name="GuidingStep" time="16.510"/>
  <system-out>
Guiding Step Created Successfully with all its configuration settings! Test Case 4 Passed Successfully.  </system-out>
  <testcase classname="TestCases.FirstTest" name="ReviewGuiding" time="11.121"/>
  <system-out/>
  <testcase classname="TestCases.FirstTest" name="CAPStep" time="13.578"/>
  <system-out/>
  <testcase classname="TestCases.FirstTest" name="ReviewCAP" time="10.727"/>
  <system-out/>
</testsuite> <!-- TestCases.FirstTest -->
