<?xml version="1.0" encoding="UTF-8"?>
<!-- Generated by org.testng.reporters.JUnitReportReporter -->
<testsuite hostname="DESKTOP-UELT5HV" failures="0" tests="7" name="TestCases.ProgramTestClass" time="116.962" errors="0" timestamp="2020-10-29T20:20:28 PKT" skipped="0">
  <testcase classname="TestCases.ProgramTestClass" name="createProgramAndPhase" time="40.303"/>
  <system-out>
Program Created Successfully! Phase Created Successfully! Test Case 1 Passed Successfully.  </system-out>
  <testcase classname="TestCases.ProgramTestClass" name="createRegistrationStep" time="11.799"/>
  <system-out>
Registration Step Created Successfully with all its configuration settings! Test Case 2 Passed Successfully.  </system-out>
  <testcase classname="TestCases.ProgramTestClass" name="ReviewRegistration" time="13.856"/>
  <system-out>
Review Registration Step Created Successfully with all relevant configurations! Test Case 3 Passed Successfully.  </system-out>
  <testcase classname="TestCases.ProgramTestClass" name="GuidingStep" time="16.582"/>
  <system-out>
Guiding Step Created Successfully with all its configuration settings! Test Case 4 Passed Successfully.  </system-out>
  <testcase classname="TestCases.ProgramTestClass" name="ReviewGuiding" time="10.662"/>
  <system-out/>
  <testcase classname="TestCases.ProgramTestClass" name="CAPStep" time="13.578"/>
  <system-out/>
  <testcase classname="TestCases.ProgramTestClass" name="ReviewCAP" time="10.182"/>
  <system-out/>
</testsuite> <!-- TestCases.ProgramTestClass -->
