<?xml version="1.0" encoding="UTF-8"?>
<!-- Generated by org.testng.reporters.JUnitReportReporter -->
<testsuite hostname="DESKTOP-UELT5HV" failures="0" tests="1" name="TestCases.VerifyReviewRegistrationTestClass" time="93.809" errors="0" timestamp="2020-10-29T20:20:28 PKT" skipped="0">
  <testcase classname="TestCases.VerifyReviewRegistrationTestClass" name="verifyAcceptVendorRegistrationApplication" time="93.809"/>
  <system-out>
Vendor Registered in this Program Successfully! Test Case 9 Passed Successfully.  </system-out>
</testsuite> <!-- TestCases.VerifyReviewRegistrationTestClass -->
