<?xml version="1.0" encoding="UTF-8"?>
<!-- Generated by org.testng.reporters.JUnitReportReporter -->
<testsuite hostname="DSL-UmarK" failures="0" tests="1" name="tests.RegistrationTestOasis" time="73.824" errors="0" timestamp="2025-04-22T01:33:44 PKT" skipped="0">
  <testcase classname="tests.RegistrationTestOasis" name="testUserRegistration" time="73.824"/>
  <system-out/>
</testsuite> <!-- tests.RegistrationTestOasis -->
