<?xml version="1.0" encoding="UTF-8"?>
<!-- Generated by org.testng.reporters.JUnitReportReporter -->
<testsuite hostname="DSL-UmarK" failures="0" tests="1" name="tests.RegistrationTestMosquito" time="40.256" errors="0" timestamp="2025-04-22T01:33:44 PKT" skipped="0">
  <testcase classname="tests.RegistrationTestMosquito" name="testUserRegistration" time="40.256"/>
  <system-out/>
</testsuite> <!-- tests.RegistrationTestMosquito -->
