<?xml version="1.0" encoding="UTF-8"?>
<!-- Generated by org.testng.reporters.JUnitReportReporter -->
<testsuite hostname="DSL-UmarK" failures="0" tests="1" name="tests.RegistrationTestTermitecontrolpc" time="32.003" errors="0" timestamp="2025-04-22T01:33:44 PKT" skipped="0">
  <testcase classname="tests.RegistrationTestTermitecontrolpc" name="testUserRegistration" time="32.003"/>
  <system-out/>
</testsuite> <!-- tests.RegistrationTestTermitecontrolpc -->
