<?xml version="1.0" encoding="UTF-8"?>
<!-- Generated by org.testng.reporters.JUnitReportReporter -->
<testsuite hostname="UmarDurrani" failures="0" tests="2" name="tests.RegistrationTest" time="49.072" errors="0" timestamp="2025-04-25T17:08:04 PKT" skipped="0">
  <testcase classname="tests.RegistrationTest" name="testEnterZipOnLandingPage" time="28.899"/>
  <system-out/>
  <testcase classname="tests.RegistrationTest" name="testFillPropertyDetails" time="20.173"/>
  <system-out/>
</testsuite> <!-- tests.RegistrationTest -->
