<?xml version="1.0" encoding="UTF-8"?>
<!-- Generated by org.testng.reporters.JUnitReportReporter -->
<testsuite hostname="DSL-UmarK" failures="0" tests="1" name="tests.RegistrationTest" time="33.150" errors="0" timestamp="2025-04-22T02:39:23 PKT" skipped="0">
  <testcase classname="tests.RegistrationTest" name="testUserRegistration" time="33.150"/>
  <system-out/>
</testsuite> <!-- tests.RegistrationTest -->
